Copyright 1986-2018 Xilinx, Inc. All Rights Reserved.
--------------------------------------------------------------------------------------
| Tool Version : Vivado v.2018.2.2 (win64) Build 2348494 Mon Oct  1 18:25:44 MDT 2018
| Date         : Wed Mar 18 00:08:06 2020
| Host         : LAPTOP-OEOHUQ1P running 64-bit major release  (build 9200)
| Command      : upgrade_ip
| Device       : xc7z020clg400-1
--------------------------------------------------------------------------------------

Upgrade Log for IP 'system_ip_accel_app_0_0'

1. Summary
----------

SUCCESS in the upgrade of system_ip_accel_app_0_0 (xilinx.com:hls:ip_accel_app:1.0) from (Rev. 2003172133) to (Rev. 2003172351)






Copyright 1986-2018 Xilinx, Inc. All Rights Reserved.
--------------------------------------------------------------------------------------
| Tool Version : Vivado v.2018.2.2 (win64) Build 2348494 Mon Oct  1 18:25:44 MDT 2018
| Date         : Tue Mar 17 21:52:39 2020
| Host         : LAPTOP-OEOHUQ1P running 64-bit major release  (build 9200)
| Command      : upgrade_ip
| Device       : xc7z020clg400-1
--------------------------------------------------------------------------------------

Upgrade Log for IP 'system_ip_accel_app_0_0'

1. Summary
----------

SUCCESS in the upgrade of system_ip_accel_app_0_0 (xilinx.com:hls:ip_accel_app:1.0) from (Rev. 2003172011) to (Rev. 2003172133)

