

================================================================
== Vivado HLS Report for 'AXIvideo2xfMat'
================================================================
* Date:           Wed Mar 18 11:33:16 2020

* Version:        2019.2.1 (Build 2724168 on Thu Dec 05 05:19:09 MST 2019)
* Project:        WeedD
* Solution:       solution1
* Product family: zynq
* Target device:  xc7z020-clg400-1


================================================================
== Performance Estimates
================================================================
+ Timing: 
    * Summary: 
    +--------+----------+----------+------------+
    |  Clock |  Target  | Estimated| Uncertainty|
    +--------+----------+----------+------------+
    |ap_clk  | 50.00 ns | 3.634 ns |   6.25 ns  |
    +--------+----------+----------+------------+

+ Latency: 
    * Summary: 
    +---------+---------+-----------+-----------+--------+--------+---------+
    |  Latency (cycles) |   Latency (absolute)  |     Interval    | Pipeline|
    |   min   |   max   |    min    |    max    |   min  |   max  |   Type  |
    +---------+---------+-----------+-----------+--------+--------+---------+
    |   925203|   925203| 46.260 ms | 46.260 ms |  925203|  925203|   none  |
    +---------+---------+-----------+-----------+--------+--------+---------+

    + Detail: 
        * Instance: 
        N/A

        * Loop: 
        +-----------------------+---------+---------+----------+-----------+-----------+------+----------+
        |                       |  Latency (cycles) | Iteration|  Initiation Interval  | Trip |          |
        |       Loop Name       |   min   |   max   |  Latency |  achieved |   target  | Count| Pipelined|
        +-----------------------+---------+---------+----------+-----------+-----------+------+----------+
        |- loop_wait_for_start  |        0|        0|         1|          1|          1|     0|    yes   |
        |- loop_height          |   925200|   925200|      1285|          -|          -|   720|    no    |
        | + loop_width          |     1280|     1280|         2|          1|          1|  1280|    yes   |
        | + loop_wait_for_eol   |        0|        0|         1|          1|          1|     0|    yes   |
        +-----------------------+---------+---------+----------+-----------+-----------+------+----------+

============================================================
+ Verbose Summary: Synthesis Manager
============================================================
InlineROM: 1
ExposeGlobal: 0
============================================================
+ Verbose Summary: CDFG Model
============================================================
IsTopModel: 0
ResetActiveHigh: 1
IsCombinational: 2
IsDatapathOnly: 0
HasWiredReturn: 1
HasMFsm: 0
HasVarLatency: 1
IsPipeline: 0
IsRtlPipelined: 0
IsInstanceOverlapped: 0
IsDontTouch: 0
HasImplIP: 0
IsGatedGlobalClock: 0

+ Individual pipeline summary: 
  * Pipeline-0: initiation interval (II) = 1, depth = 1
  * Pipeline-1: initiation interval (II) = 1, depth = 2
  * Pipeline-2: initiation interval (II) = 1, depth = 1


============================================================
+ Verbose Summary: Schedule
============================================================
* Number of FSM states : 9
* Pipeline : 3
  Pipeline-0 : II = 1, D = 1, States = { 2 }
  Pipeline-1 : II = 1, D = 2, States = { 5 6 }
  Pipeline-2 : II = 1, D = 1, States = { 8 }
* Dataflow Pipeline: 0

* FSM state transitions: 
1 --> 2 
2 --> 3 2 
3 --> 4 
4 --> 5 
5 --> 7 6 
6 --> 5 
7 --> 8 
8 --> 9 8 
9 --> 4 

* FSM state operations: 

State 1 <SV = 0> <Delay = 0.00>
ST_1 : Operation 10 [1/1] (0.00ns)   --->   "call void (...)* @_ssdm_op_SpecInterface(i24* %img_data_V, [8 x i8]* @ap_fifo_str, i32 0, i32 0, [1 x i8]* @p_str, i32 0, i32 0, [1 x i8]* @p_str, [1 x i8]* @p_str, [1 x i8]* @p_str, i32 2, i32 2, i32 16, i32 16, [1 x i8]* @p_str, [1 x i8]* @p_str)"   --->   Operation 10 'specinterface' <Predicate = true> <Delay = 0.00>
ST_1 : Operation 11 [1/1] (0.00ns)   --->   "call void (...)* @_ssdm_op_SpecInterface(i32* %AXI_video_strm_V_data_V, i4* %AXI_video_strm_V_keep_V, i4* %AXI_video_strm_V_strb_V, i1* %AXI_video_strm_V_user_V, i1* %AXI_video_strm_V_last_V, i1* %AXI_video_strm_V_id_V, i1* %AXI_video_strm_V_dest_V, [5 x i8]* @p_str42, i32 1, i32 1, [5 x i8]* @p_str43, i32 0, i32 0, [1 x i8]* @p_str, [1 x i8]* @p_str, [1 x i8]* @p_str, i32 0, i32 0, i32 0, i32 0, [1 x i8]* @p_str, [1 x i8]* @p_str) nounwind"   --->   Operation 11 'specinterface' <Predicate = true> <Delay = 0.00>
ST_1 : Operation 12 [1/1] (0.00ns)   --->   "br label %loop_wait_for_start" [D:/Xilinx/xfopencv-master/include\common/xf_infra.h:119]   --->   Operation 12 'br' <Predicate = true> <Delay = 0.00>

State 2 <SV = 1> <Delay = 0.00>
ST_2 : Operation 13 [1/1] (0.00ns)   --->   "call void (...)* @_ssdm_op_SpecLoopName([20 x i8]* @p_str53) nounwind" [D:/Xilinx/xfopencv-master/include\common/xf_infra.h:121]   --->   Operation 13 'specloopname' <Predicate = true> <Delay = 0.00>
ST_2 : Operation 14 [1/1] (0.00ns)   --->   "%tmp = call i32 (...)* @_ssdm_op_SpecRegionBegin([20 x i8]* @p_str53)" [D:/Xilinx/xfopencv-master/include\common/xf_infra.h:121]   --->   Operation 14 'specregionbegin' 'tmp' <Predicate = true> <Delay = 0.00>
ST_2 : Operation 15 [1/1] (0.00ns)   --->   "call void (...)* @_ssdm_op_SpecPipeline(i32 1, i32 1, i32 1, i32 0, [1 x i8]* @p_str) nounwind" [D:/Xilinx/xfopencv-master/include\common/xf_infra.h:122]   --->   Operation 15 'specpipeline' <Predicate = true> <Delay = 0.00>
ST_2 : Operation 16 [1/1] (0.00ns)   --->   "call void (...)* @_ssdm_op_SpecLoopTripCount(i32 0, i32 0, i32 0, [1 x i8]* @p_str) nounwind" [D:/Xilinx/xfopencv-master/include\common/xf_infra.h:123]   --->   Operation 16 'speclooptripcount' <Predicate = true> <Delay = 0.00>
ST_2 : Operation 17 [1/1] (0.00ns)   --->   "%empty = call { i32, i4, i4, i1, i1, i1, i1 } @_ssdm_op_Read.axis.volatile.i32P.i4P.i4P.i1P.i1P.i1P.i1P(i32* %AXI_video_strm_V_data_V, i4* %AXI_video_strm_V_keep_V, i4* %AXI_video_strm_V_strb_V, i1* %AXI_video_strm_V_user_V, i1* %AXI_video_strm_V_last_V, i1* %AXI_video_strm_V_id_V, i1* %AXI_video_strm_V_dest_V)" [D:/Xilinx/xfopencv-master/include\common/xf_infra.h:124]   --->   Operation 17 'read' 'empty' <Predicate = true> <Delay = 0.00> <Core = "AXI4Stream">   --->   Core 5 'AXI4Stream' <Latency = 0> <II = 1> <Delay = 1.00> <Adapter> <Opcode : >
ST_2 : Operation 18 [1/1] (0.00ns)   --->   "%tmp_data_V = extractvalue { i32, i4, i4, i1, i1, i1, i1 } %empty, 0" [D:/Xilinx/xfopencv-master/include\common/xf_infra.h:124]   --->   Operation 18 'extractvalue' 'tmp_data_V' <Predicate = true> <Delay = 0.00>
ST_2 : Operation 19 [1/1] (0.00ns)   --->   "%tmp_user_V = extractvalue { i32, i4, i4, i1, i1, i1, i1 } %empty, 3" [D:/Xilinx/xfopencv-master/include\common/xf_infra.h:124]   --->   Operation 19 'extractvalue' 'tmp_user_V' <Predicate = true> <Delay = 0.00>
ST_2 : Operation 20 [1/1] (0.00ns)   --->   "%tmp_last_V = extractvalue { i32, i4, i4, i1, i1, i1, i1 } %empty, 4" [D:/Xilinx/xfopencv-master/include\common/xf_infra.h:124]   --->   Operation 20 'extractvalue' 'tmp_last_V' <Predicate = true> <Delay = 0.00>
ST_2 : Operation 21 [1/1] (0.00ns)   --->   "%empty_493 = call i32 (...)* @_ssdm_op_SpecRegionEnd([20 x i8]* @p_str53, i32 %tmp)" [D:/Xilinx/xfopencv-master/include\common/xf_infra.h:126]   --->   Operation 21 'specregionend' 'empty_493' <Predicate = true> <Delay = 0.00>
ST_2 : Operation 22 [1/1] (0.00ns)   --->   "br i1 %tmp_user_V, label %.preheader1.preheader, label %loop_wait_for_start" [D:/Xilinx/xfopencv-master/include\common/xf_infra.h:121]   --->   Operation 22 'br' <Predicate = true> <Delay = 0.00>

State 3 <SV = 2> <Delay = 1.76>
ST_3 : Operation 23 [1/1] (0.00ns)   --->   "%sof_1 = alloca i1"   --->   Operation 23 'alloca' 'sof_1' <Predicate = true> <Delay = 0.00>
ST_3 : Operation 24 [1/1] (1.76ns)   --->   "store i1 true, i1* %sof_1" [D:/Xilinx/xfopencv-master/include\common/xf_infra.h:127]   --->   Operation 24 'store' <Predicate = true> <Delay = 1.76>
ST_3 : Operation 25 [1/1] (1.76ns)   --->   "br label %.preheader1" [D:/Xilinx/xfopencv-master/include\common/xf_infra.h:127]   --->   Operation 25 'br' <Predicate = true> <Delay = 1.76>

State 4 <SV = 3> <Delay = 2.74>
ST_4 : Operation 26 [1/1] (0.00ns)   --->   "%axi_last_V_0 = phi i1 [ %axi_last_V_3, %loop_height_end ], [ %tmp_last_V, %.preheader1.preheader ]"   --->   Operation 26 'phi' 'axi_last_V_0' <Predicate = true> <Delay = 0.00>
ST_4 : Operation 27 [1/1] (0.00ns)   --->   "%axi_data_V_0 = phi i32 [ %axi_data_V_3, %loop_height_end ], [ %tmp_data_V, %.preheader1.preheader ]"   --->   Operation 27 'phi' 'axi_data_V_0' <Predicate = true> <Delay = 0.00>
ST_4 : Operation 28 [1/1] (0.00ns)   --->   "%i_0 = phi i10 [ %i, %loop_height_end ], [ 0, %.preheader1.preheader ]"   --->   Operation 28 'phi' 'i_0' <Predicate = true> <Delay = 0.00>
ST_4 : Operation 29 [1/1] (1.77ns)   --->   "%icmp_ln127 = icmp ult i10 %i_0, -304" [D:/Xilinx/xfopencv-master/include\common/xf_infra.h:127]   --->   Operation 29 'icmp' 'icmp_ln127' <Predicate = true> <Delay = 1.77> <Core = "Cmp">   --->   Core 25 'Cmp' <Latency = 0> <II = 1> <Delay = 1.77> <FuncUnit> <Opcode : 'icmp'> <InPorts = 2> <OutPorts = 1>
ST_4 : Operation 30 [1/1] (1.73ns)   --->   "%i = add i10 %i_0, 1" [D:/Xilinx/xfopencv-master/include\common/xf_infra.h:127]   --->   Operation 30 'add' 'i' <Predicate = true> <Delay = 1.73> <Core = "AddSub">   --->   Core 14 'AddSub' <Latency = 0> <II = 1> <Delay = 1.73> <FuncUnit> <Opcode : 'add' 'sub'> <InPorts = 2> <OutPorts = 1>
ST_4 : Operation 31 [1/1] (0.00ns)   --->   "call void (...)* @_ssdm_op_SpecLoopTripCount(i64 720, i64 720, i64 720)"   --->   Operation 31 'speclooptripcount' <Predicate = true> <Delay = 0.00>
ST_4 : Operation 32 [1/1] (0.00ns)   --->   "br i1 %icmp_ln127, label %loop_height_begin, label %2" [D:/Xilinx/xfopencv-master/include\common/xf_infra.h:127]   --->   Operation 32 'br' <Predicate = true> <Delay = 0.00>
ST_4 : Operation 33 [1/1] (0.00ns)   --->   "call void (...)* @_ssdm_op_SpecLoopName([12 x i8]* @p_str48) nounwind" [D:/Xilinx/xfopencv-master/include\common/xf_infra.h:127]   --->   Operation 33 'specloopname' <Predicate = (icmp_ln127)> <Delay = 0.00>
ST_4 : Operation 34 [1/1] (0.00ns)   --->   "%tmp_s = call i32 (...)* @_ssdm_op_SpecRegionBegin([12 x i8]* @p_str48)" [D:/Xilinx/xfopencv-master/include\common/xf_infra.h:127]   --->   Operation 34 'specregionbegin' 'tmp_s' <Predicate = (icmp_ln127)> <Delay = 0.00>
ST_4 : Operation 35 [1/1] (1.76ns)   --->   "br label %0" [D:/Xilinx/xfopencv-master/include\common/xf_infra.h:129]   --->   Operation 35 'br' <Predicate = (icmp_ln127)> <Delay = 1.76>
ST_4 : Operation 36 [1/1] (0.00ns)   --->   "ret void"   --->   Operation 36 'ret' <Predicate = (!icmp_ln127)> <Delay = 0.00>

State 5 <SV = 4> <Delay = 2.74>
ST_5 : Operation 37 [1/1] (0.00ns)   --->   "%eol = phi i1 [ %axi_last_V_0, %loop_height_begin ], [ %axi_last_V_2, %loop_width_end ]" [D:/Xilinx/xfopencv-master/include\common/xf_infra.h:157]   --->   Operation 37 'phi' 'eol' <Predicate = true> <Delay = 0.00>
ST_5 : Operation 38 [1/1] (0.00ns)   --->   "%axi_data_V_1 = phi i32 [ %axi_data_V_0, %loop_height_begin ], [ %p_Val2_s, %loop_width_end ]"   --->   Operation 38 'phi' 'axi_data_V_1' <Predicate = true> <Delay = 0.00>
ST_5 : Operation 39 [1/1] (0.00ns)   --->   "%eol_0 = phi i1 [ false, %loop_height_begin ], [ %axi_last_V_2, %loop_width_end ]" [D:/Xilinx/xfopencv-master/include\common/xf_infra.h:137]   --->   Operation 39 'phi' 'eol_0' <Predicate = true> <Delay = 0.00>
ST_5 : Operation 40 [1/1] (0.00ns)   --->   "%j_0 = phi i11 [ 0, %loop_height_begin ], [ %j, %loop_width_end ]"   --->   Operation 40 'phi' 'j_0' <Predicate = true> <Delay = 0.00>
ST_5 : Operation 41 [1/1] (1.88ns)   --->   "%icmp_ln129 = icmp ult i11 %j_0, -768" [D:/Xilinx/xfopencv-master/include\common/xf_infra.h:129]   --->   Operation 41 'icmp' 'icmp_ln129' <Predicate = true> <Delay = 1.88> <Core = "Cmp">   --->   Core 25 'Cmp' <Latency = 0> <II = 1> <Delay = 1.77> <FuncUnit> <Opcode : 'icmp'> <InPorts = 2> <OutPorts = 1>
ST_5 : Operation 42 [1/1] (1.63ns)   --->   "%j = add i11 %j_0, 1" [D:/Xilinx/xfopencv-master/include\common/xf_infra.h:129]   --->   Operation 42 'add' 'j' <Predicate = true> <Delay = 1.63> <Core = "AddSub">   --->   Core 14 'AddSub' <Latency = 0> <II = 1> <Delay = 1.73> <FuncUnit> <Opcode : 'add' 'sub'> <InPorts = 2> <OutPorts = 1>
ST_5 : Operation 43 [1/1] (0.00ns)   --->   "call void (...)* @_ssdm_op_SpecLoopTripCount(i64 1280, i64 1280, i64 1280)"   --->   Operation 43 'speclooptripcount' <Predicate = true> <Delay = 0.00>
ST_5 : Operation 44 [1/1] (0.00ns)   --->   "br i1 %icmp_ln129, label %loop_width_begin, label %.preheader.preheader" [D:/Xilinx/xfopencv-master/include\common/xf_infra.h:129]   --->   Operation 44 'br' <Predicate = true> <Delay = 0.00>
ST_5 : Operation 45 [1/1] (0.00ns)   --->   "%sof_1_load = load i1* %sof_1" [D:/Xilinx/xfopencv-master/include\common/xf_infra.h:132]   --->   Operation 45 'load' 'sof_1_load' <Predicate = (icmp_ln129)> <Delay = 0.00>
ST_5 : Operation 46 [1/1] (0.97ns)   --->   "%or_ln132 = or i1 %sof_1_load, %eol_0" [D:/Xilinx/xfopencv-master/include\common/xf_infra.h:132]   --->   Operation 46 'or' 'or_ln132' <Predicate = (icmp_ln129)> <Delay = 0.97> <Core = "LogicGate">   --->   Core 27 'LogicGate' <Latency = 0> <II = 1> <Delay = 0.97> <FuncUnit> <Opcode : 'and' 'or' 'xor'> <InPorts = 2> <OutPorts = 1>
ST_5 : Operation 47 [1/1] (1.76ns)   --->   "br i1 %or_ln132, label %loop_width_end, label %1" [D:/Xilinx/xfopencv-master/include\common/xf_infra.h:132]   --->   Operation 47 'br' <Predicate = (icmp_ln129)> <Delay = 1.76>
ST_5 : Operation 48 [1/1] (0.00ns)   --->   "%empty_494 = call { i32, i4, i4, i1, i1, i1, i1 } @_ssdm_op_Read.axis.volatile.i32P.i4P.i4P.i1P.i1P.i1P.i1P(i32* %AXI_video_strm_V_data_V, i4* %AXI_video_strm_V_keep_V, i4* %AXI_video_strm_V_strb_V, i1* %AXI_video_strm_V_user_V, i1* %AXI_video_strm_V_last_V, i1* %AXI_video_strm_V_id_V, i1* %AXI_video_strm_V_dest_V)" [D:/Xilinx/xfopencv-master/include\common/xf_infra.h:137]   --->   Operation 48 'read' 'empty_494' <Predicate = (icmp_ln129 & !or_ln132)> <Delay = 0.00> <Core = "AXI4Stream">   --->   Core 5 'AXI4Stream' <Latency = 0> <II = 1> <Delay = 1.00> <Adapter> <Opcode : >
ST_5 : Operation 49 [1/1] (0.00ns)   --->   "%tmp_data_V_1 = extractvalue { i32, i4, i4, i1, i1, i1, i1 } %empty_494, 0" [D:/Xilinx/xfopencv-master/include\common/xf_infra.h:137]   --->   Operation 49 'extractvalue' 'tmp_data_V_1' <Predicate = (icmp_ln129 & !or_ln132)> <Delay = 0.00>
ST_5 : Operation 50 [1/1] (0.00ns)   --->   "%tmp_last_V_1 = extractvalue { i32, i4, i4, i1, i1, i1, i1 } %empty_494, 4" [D:/Xilinx/xfopencv-master/include\common/xf_infra.h:137]   --->   Operation 50 'extractvalue' 'tmp_last_V_1' <Predicate = (icmp_ln129 & !or_ln132)> <Delay = 0.00>
ST_5 : Operation 51 [1/1] (1.76ns)   --->   "br label %loop_width_end"   --->   Operation 51 'br' <Predicate = (icmp_ln129 & !or_ln132)> <Delay = 1.76>
ST_5 : Operation 52 [1/1] (0.00ns)   --->   "%axi_last_V_2 = phi i1 [ %tmp_last_V_1, %1 ], [ %eol, %loop_width_begin ]"   --->   Operation 52 'phi' 'axi_last_V_2' <Predicate = (icmp_ln129)> <Delay = 0.00>
ST_5 : Operation 53 [1/1] (0.00ns)   --->   "%p_Val2_s = phi i32 [ %tmp_data_V_1, %1 ], [ %axi_data_V_1, %loop_width_begin ]"   --->   Operation 53 'phi' 'p_Val2_s' <Predicate = (icmp_ln129)> <Delay = 0.00>
ST_5 : Operation 54 [1/1] (0.00ns)   --->   "%trunc_ln647 = trunc i32 %p_Val2_s to i24" [D:/Xilinx/xfopencv-master/include\common/xf_axi_io.h:42->D:/Xilinx/xfopencv-master/include\common/xf_axi_io.h:64->D:/Xilinx/xfopencv-master/include\common/xf_infra.h:148]   --->   Operation 54 'trunc' 'trunc_ln647' <Predicate = (icmp_ln129)> <Delay = 0.00>
ST_5 : Operation 55 [1/1] (1.76ns)   --->   "store i1 false, i1* %sof_1" [D:/Xilinx/xfopencv-master/include\common/xf_infra.h:129]   --->   Operation 55 'store' <Predicate = (icmp_ln129)> <Delay = 1.76>

State 6 <SV = 5> <Delay = 3.63>
ST_6 : Operation 56 [1/1] (0.00ns)   --->   "call void (...)* @_ssdm_op_SpecLoopName([11 x i8]* @p_str49) nounwind" [D:/Xilinx/xfopencv-master/include\common/xf_infra.h:129]   --->   Operation 56 'specloopname' <Predicate = (icmp_ln129)> <Delay = 0.00>
ST_6 : Operation 57 [1/1] (0.00ns)   --->   "%tmp_9 = call i32 (...)* @_ssdm_op_SpecRegionBegin([11 x i8]* @p_str49)" [D:/Xilinx/xfopencv-master/include\common/xf_infra.h:129]   --->   Operation 57 'specregionbegin' 'tmp_9' <Predicate = (icmp_ln129)> <Delay = 0.00>
ST_6 : Operation 58 [1/1] (0.00ns)   --->   "call void (...)* @_ssdm_op_SpecPipeline(i32 1, i32 1, i32 1, i32 0, [1 x i8]* @p_str) nounwind" [D:/Xilinx/xfopencv-master/include\common/xf_infra.h:131]   --->   Operation 58 'specpipeline' <Predicate = (icmp_ln129)> <Delay = 0.00>
ST_6 : Operation 59 [1/1] (3.63ns)   --->   "call void @_ssdm_op_Write.ap_fifo.volatile.i24P(i24* %img_data_V, i24 %trunc_ln647)" [D:/Xilinx/xfopencv-master/include\common/xf_structs.h:651->D:/Xilinx/xfopencv-master/include\common/xf_infra.h:51->D:/Xilinx/xfopencv-master/include\common/xf_infra.h:61->D:/Xilinx/xfopencv-master/include\common/xf_infra.h:150]   --->   Operation 59 'write' <Predicate = (icmp_ln129)> <Delay = 3.63> <Core = "FIFO">   --->   Core 32 'FIFO' <Latency = 0> <II = 1> <Delay = 3.63> <Storage> <Opcode : 'read' 'write' 'nbread' 'nbwrite'> <Ports = 0> <Width = 24> <Depth = 1> <FIFO>
ST_6 : Operation 60 [1/1] (0.00ns)   --->   "%empty_495 = call i32 (...)* @_ssdm_op_SpecRegionEnd([11 x i8]* @p_str49, i32 %tmp_9)" [D:/Xilinx/xfopencv-master/include\common/xf_infra.h:152]   --->   Operation 60 'specregionend' 'empty_495' <Predicate = (icmp_ln129)> <Delay = 0.00>
ST_6 : Operation 61 [1/1] (0.00ns)   --->   "br label %0" [D:/Xilinx/xfopencv-master/include\common/xf_infra.h:129]   --->   Operation 61 'br' <Predicate = (icmp_ln129)> <Delay = 0.00>

State 7 <SV = 5> <Delay = 1.76>
ST_7 : Operation 62 [1/1] (1.76ns)   --->   "br label %.preheader" [D:/Xilinx/xfopencv-master/include\common/xf_infra.h:153]   --->   Operation 62 'br' <Predicate = true> <Delay = 1.76>

State 8 <SV = 6> <Delay = 0.00>
ST_8 : Operation 63 [1/1] (0.00ns)   --->   "%axi_last_V_3 = phi i1 [ %tmp_last_V_2, %loop_wait_for_eol ], [ %eol, %.preheader.preheader ]"   --->   Operation 63 'phi' 'axi_last_V_3' <Predicate = true> <Delay = 0.00>
ST_8 : Operation 64 [1/1] (0.00ns)   --->   "%axi_data_V_3 = phi i32 [ %tmp_data_V_2, %loop_wait_for_eol ], [ %axi_data_V_1, %.preheader.preheader ]"   --->   Operation 64 'phi' 'axi_data_V_3' <Predicate = true> <Delay = 0.00>
ST_8 : Operation 65 [1/1] (0.00ns)   --->   "%eol_2 = phi i1 [ %tmp_last_V_2, %loop_wait_for_eol ], [ %eol_0, %.preheader.preheader ]"   --->   Operation 65 'phi' 'eol_2' <Predicate = true> <Delay = 0.00>
ST_8 : Operation 66 [1/1] (0.00ns)   --->   "br i1 %eol_2, label %loop_height_end, label %loop_wait_for_eol" [D:/Xilinx/xfopencv-master/include\common/xf_infra.h:153]   --->   Operation 66 'br' <Predicate = true> <Delay = 0.00>
ST_8 : Operation 67 [1/1] (0.00ns)   --->   "call void (...)* @_ssdm_op_SpecLoopName([18 x i8]* @p_str54) nounwind" [D:/Xilinx/xfopencv-master/include\common/xf_infra.h:153]   --->   Operation 67 'specloopname' <Predicate = (!eol_2)> <Delay = 0.00>
ST_8 : Operation 68 [1/1] (0.00ns)   --->   "%tmp_1 = call i32 (...)* @_ssdm_op_SpecRegionBegin([18 x i8]* @p_str54)" [D:/Xilinx/xfopencv-master/include\common/xf_infra.h:153]   --->   Operation 68 'specregionbegin' 'tmp_1' <Predicate = (!eol_2)> <Delay = 0.00>
ST_8 : Operation 69 [1/1] (0.00ns)   --->   "call void (...)* @_ssdm_op_SpecPipeline(i32 1, i32 1, i32 1, i32 0, [1 x i8]* @p_str) nounwind" [D:/Xilinx/xfopencv-master/include\common/xf_infra.h:154]   --->   Operation 69 'specpipeline' <Predicate = (!eol_2)> <Delay = 0.00>
ST_8 : Operation 70 [1/1] (0.00ns)   --->   "call void (...)* @_ssdm_op_SpecLoopTripCount(i32 0, i32 0, i32 0, [1 x i8]* @p_str) nounwind" [D:/Xilinx/xfopencv-master/include\common/xf_infra.h:155]   --->   Operation 70 'speclooptripcount' <Predicate = (!eol_2)> <Delay = 0.00>
ST_8 : Operation 71 [1/1] (0.00ns)   --->   "%empty_496 = call { i32, i4, i4, i1, i1, i1, i1 } @_ssdm_op_Read.axis.volatile.i32P.i4P.i4P.i1P.i1P.i1P.i1P(i32* %AXI_video_strm_V_data_V, i4* %AXI_video_strm_V_keep_V, i4* %AXI_video_strm_V_strb_V, i1* %AXI_video_strm_V_user_V, i1* %AXI_video_strm_V_last_V, i1* %AXI_video_strm_V_id_V, i1* %AXI_video_strm_V_dest_V)" [D:/Xilinx/xfopencv-master/include\common/xf_infra.h:157]   --->   Operation 71 'read' 'empty_496' <Predicate = (!eol_2)> <Delay = 0.00> <Core = "AXI4Stream">   --->   Core 5 'AXI4Stream' <Latency = 0> <II = 1> <Delay = 1.00> <Adapter> <Opcode : >
ST_8 : Operation 72 [1/1] (0.00ns)   --->   "%tmp_data_V_2 = extractvalue { i32, i4, i4, i1, i1, i1, i1 } %empty_496, 0" [D:/Xilinx/xfopencv-master/include\common/xf_infra.h:157]   --->   Operation 72 'extractvalue' 'tmp_data_V_2' <Predicate = (!eol_2)> <Delay = 0.00>
ST_8 : Operation 73 [1/1] (0.00ns)   --->   "%tmp_last_V_2 = extractvalue { i32, i4, i4, i1, i1, i1, i1 } %empty_496, 4" [D:/Xilinx/xfopencv-master/include\common/xf_infra.h:157]   --->   Operation 73 'extractvalue' 'tmp_last_V_2' <Predicate = (!eol_2)> <Delay = 0.00>
ST_8 : Operation 74 [1/1] (0.00ns)   --->   "%empty_497 = call i32 (...)* @_ssdm_op_SpecRegionEnd([18 x i8]* @p_str54, i32 %tmp_1)" [D:/Xilinx/xfopencv-master/include\common/xf_infra.h:160]   --->   Operation 74 'specregionend' 'empty_497' <Predicate = (!eol_2)> <Delay = 0.00>
ST_8 : Operation 75 [1/1] (0.00ns)   --->   "br label %.preheader" [D:/Xilinx/xfopencv-master/include\common/xf_infra.h:160]   --->   Operation 75 'br' <Predicate = (!eol_2)> <Delay = 0.00>

State 9 <SV = 7> <Delay = 0.00>
ST_9 : Operation 76 [1/1] (0.00ns)   --->   "%empty_498 = call i32 (...)* @_ssdm_op_SpecRegionEnd([12 x i8]* @p_str48, i32 %tmp_s)" [D:/Xilinx/xfopencv-master/include\common/xf_infra.h:161]   --->   Operation 76 'specregionend' 'empty_498' <Predicate = true> <Delay = 0.00>
ST_9 : Operation 77 [1/1] (0.00ns)   --->   "br label %.preheader1" [D:/Xilinx/xfopencv-master/include\common/xf_infra.h:127]   --->   Operation 77 'br' <Predicate = true> <Delay = 0.00>


============================================================
+ Verbose Summary: Timing violations
============================================================
Target clock period: 50ns, clock uncertainty: 6.25ns.

 <State 1>: 0ns
The critical path consists of the following:

 <State 2>: 0ns
The critical path consists of the following:

 <State 3>: 1.77ns
The critical path consists of the following:
	'alloca' operation ('sof_1') [24]  (0 ns)
	'store' operation ('store_ln127', D:/Xilinx/xfopencv-master/include\common/xf_infra.h:127) of constant 1 on local variable 'sof_1' [25]  (1.77 ns)

 <State 4>: 2.75ns
The critical path consists of the following:
	'icmp' operation ('icmp_ln127', D:/Xilinx/xfopencv-master/include\common/xf_infra.h:127) [31]  (1.77 ns)
	blocking operation 0.978 ns on control path)

 <State 5>: 2.75ns
The critical path consists of the following:
	'phi' operation ('eol_0', D:/Xilinx/xfopencv-master/include\common/xf_infra.h:137) with incoming values : ('tmp.last.V', D:/Xilinx/xfopencv-master/include\common/xf_infra.h:124) ('tmp.last.V', D:/Xilinx/xfopencv-master/include\common/xf_infra.h:137) ('tmp.last.V', D:/Xilinx/xfopencv-master/include\common/xf_infra.h:157) [42]  (0 ns)
	'or' operation ('or_ln132', D:/Xilinx/xfopencv-master/include\common/xf_infra.h:132) [53]  (0.978 ns)
	multiplexor before 'phi' operation ('axi.last.V') with incoming values : ('tmp.last.V', D:/Xilinx/xfopencv-master/include\common/xf_infra.h:124) ('tmp.last.V', D:/Xilinx/xfopencv-master/include\common/xf_infra.h:137) ('tmp.last.V', D:/Xilinx/xfopencv-master/include\common/xf_infra.h:157) [61]  (1.77 ns)
	'phi' operation ('axi.last.V') with incoming values : ('tmp.last.V', D:/Xilinx/xfopencv-master/include\common/xf_infra.h:124) ('tmp.last.V', D:/Xilinx/xfopencv-master/include\common/xf_infra.h:137) ('tmp.last.V', D:/Xilinx/xfopencv-master/include\common/xf_infra.h:157) [61]  (0 ns)

 <State 6>: 3.63ns
The critical path consists of the following:
	fifo write on port 'img_data_V' (D:/Xilinx/xfopencv-master/include\common/xf_structs.h:651->D:/Xilinx/xfopencv-master/include\common/xf_infra.h:51->D:/Xilinx/xfopencv-master/include\common/xf_infra.h:61->D:/Xilinx/xfopencv-master/include\common/xf_infra.h:150) [64]  (3.63 ns)

 <State 7>: 1.77ns
The critical path consists of the following:
	multiplexor before 'phi' operation ('axi.last.V') with incoming values : ('tmp.last.V', D:/Xilinx/xfopencv-master/include\common/xf_infra.h:124) ('tmp.last.V', D:/Xilinx/xfopencv-master/include\common/xf_infra.h:137) ('tmp.last.V', D:/Xilinx/xfopencv-master/include\common/xf_infra.h:157) [71]  (1.77 ns)

 <State 8>: 0ns
The critical path consists of the following:

 <State 9>: 0ns
The critical path consists of the following:


============================================================
+ Verbose Summary: Binding
============================================================
N/A
* FSMD analyzer results:
  - Output states:
 - Input state : 
  - Chain level:
	State 1
	State 2
	State 3
	State 4
	State 5
	State 6
	State 7
	State 8
	State 9


============================================================
+ Verbose Summary: Datapath Resource usage 
============================================================
N/A
