

================================================================
== Vivado HLS Report for 'duplicateMat_Loop_2_1'
================================================================
* Date:           Wed Mar 18 11:33:36 2020

* Version:        2019.2.1 (Build 2724168 on Thu Dec 05 05:19:09 MST 2019)
* Project:        WeedD
* Solution:       solution1
* Product family: zynq
* Target device:  xc7z020-clg400-1


================================================================
== Performance Estimates
================================================================
+ Timing: 
    * Summary: 
    +--------+----------+----------+------------+
    |  Clock |  Target  | Estimated| Uncertainty|
    +--------+----------+----------+------------+
    |ap_clk  | 50.00 ns | 7.268 ns |   6.25 ns  |
    +--------+----------+----------+------------+

+ Latency: 
    * Summary: 
    +---------+---------+----------+----------+-------+-------+---------+
    |  Latency (cycles) |  Latency (absolute) |    Interval   | Pipeline|
    |   min   |   max   |    min   |    max   |  min  |  max  |   Type  |
    +---------+---------+----------+----------+-------+-------+---------+
    |    58141|    58141| 2.907 ms | 2.907 ms |  58141|  58141|   none  |
    +---------+---------+----------+----------+-------+-------+---------+

    + Detail: 
        * Instance: 
        N/A

        * Loop: 
        +-------------+---------+---------+----------+-----------+-----------+------+----------+
        |             |  Latency (cycles) | Iteration|  Initiation Interval  | Trip |          |
        |  Loop Name  |   min   |   max   |  Latency |  achieved |   target  | Count| Pipelined|
        +-------------+---------+---------+----------+-----------+-----------+------+----------+
        |- Loop 1     |    58140|    58140|       323|          -|          -|   180|    no    |
        | + Loop 1.1  |      320|      320|         2|          1|          1|   320|    yes   |
        +-------------+---------+---------+----------+-----------+-----------+------+----------+

============================================================
+ Verbose Summary: Synthesis Manager
============================================================
InlineROM: 1
ExposeGlobal: 0
============================================================
+ Verbose Summary: CDFG Model
============================================================
IsTopModel: 0
ResetActiveHigh: 1
IsCombinational: 2
IsDatapathOnly: 0
HasWiredReturn: 1
HasMFsm: 0
HasVarLatency: 1
IsPipeline: 0
IsRtlPipelined: 0
IsInstanceOverlapped: 0
IsDontTouch: 0
HasImplIP: 0
IsGatedGlobalClock: 0

+ Individual pipeline summary: 
  * Pipeline-0: initiation interval (II) = 1, depth = 2


============================================================
+ Verbose Summary: Schedule
============================================================
* Number of FSM states : 5
* Pipeline : 1
  Pipeline-0 : II = 1, D = 2, States = { 3 4 }
* Dataflow Pipeline: 0

* FSM state transitions: 
1 --> 2 
2 --> 3 
3 --> 5 4 
4 --> 3 
5 --> 2 

* FSM state operations: 

State 1 <SV = 0> <Delay = 1.76>
ST_1 : Operation 6 [1/1] (0.00ns)   --->   "call void (...)* @_ssdm_op_SpecInterface(i24* %dst1_V_V, [8 x i8]* @ap_fifo_str, i32 0, i32 0, [1 x i8]* @p_str, i32 0, i32 0, [1 x i8]* @p_str, [1 x i8]* @p_str, [1 x i8]* @p_str, i32 2, i32 2, i32 16, i32 16, [1 x i8]* @p_str, [1 x i8]* @p_str)"   --->   Operation 6 'specinterface' <Predicate = true> <Delay = 0.00>
ST_1 : Operation 7 [1/1] (0.00ns)   --->   "call void (...)* @_ssdm_op_SpecInterface(i24* %dst_V_V, [8 x i8]* @ap_fifo_str, i32 0, i32 0, [1 x i8]* @p_str, i32 0, i32 0, [1 x i8]* @p_str, [1 x i8]* @p_str, [1 x i8]* @p_str, i32 2, i32 2, i32 16, i32 16, [1 x i8]* @p_str, [1 x i8]* @p_str)"   --->   Operation 7 'specinterface' <Predicate = true> <Delay = 0.00>
ST_1 : Operation 8 [1/1] (0.00ns)   --->   "call void (...)* @_ssdm_op_SpecInterface(i24* %p_dst1_data_V, [8 x i8]* @ap_fifo_str, i32 0, i32 0, [1 x i8]* @p_str, i32 0, i32 0, [1 x i8]* @p_str, [1 x i8]* @p_str, [1 x i8]* @p_str, i32 2, i32 2, i32 16, i32 16, [1 x i8]* @p_str, [1 x i8]* @p_str)"   --->   Operation 8 'specinterface' <Predicate = true> <Delay = 0.00>
ST_1 : Operation 9 [1/1] (0.00ns)   --->   "call void (...)* @_ssdm_op_SpecInterface(i24* %p_dst2_data_V, [8 x i8]* @ap_fifo_str, i32 0, i32 0, [1 x i8]* @p_str, i32 0, i32 0, [1 x i8]* @p_str, [1 x i8]* @p_str, [1 x i8]* @p_str, i32 2, i32 2, i32 16, i32 16, [1 x i8]* @p_str, [1 x i8]* @p_str)"   --->   Operation 9 'specinterface' <Predicate = true> <Delay = 0.00>
ST_1 : Operation 10 [1/1] (1.76ns)   --->   "br label %0" [D:/Xilinx/xfopencv-master/include\imgproc/xf_duplicateimage.hpp:106]   --->   Operation 10 'br' <Predicate = true> <Delay = 1.76>

State 2 <SV = 1> <Delay = 2.52>
ST_2 : Operation 11 [1/1] (0.00ns)   --->   "%i1_0 = phi i8 [ 0, %newFuncRoot ], [ %i, %hls_label_21_end ]"   --->   Operation 11 'phi' 'i1_0' <Predicate = true> <Delay = 0.00>
ST_2 : Operation 12 [1/1] (1.55ns)   --->   "%icmp_ln106 = icmp ult i8 %i1_0, -76" [D:/Xilinx/xfopencv-master/include\imgproc/xf_duplicateimage.hpp:106]   --->   Operation 12 'icmp' 'icmp_ln106' <Predicate = true> <Delay = 1.55> <Core = "Cmp">   --->   Core 25 'Cmp' <Latency = 0> <II = 1> <Delay = 1.55> <FuncUnit> <Opcode : 'icmp'> <InPorts = 2> <OutPorts = 1>
ST_2 : Operation 13 [1/1] (1.91ns)   --->   "%i = add i8 %i1_0, 1" [D:/Xilinx/xfopencv-master/include\imgproc/xf_duplicateimage.hpp:106]   --->   Operation 13 'add' 'i' <Predicate = true> <Delay = 1.91> <Core = "AddSub">   --->   Core 14 'AddSub' <Latency = 0> <II = 1> <Delay = 1.91> <FuncUnit> <Opcode : 'add' 'sub'> <InPorts = 2> <OutPorts = 1>
ST_2 : Operation 14 [1/1] (0.00ns)   --->   "call void (...)* @_ssdm_op_SpecLoopTripCount(i64 180, i64 180, i64 180)"   --->   Operation 14 'speclooptripcount' <Predicate = true> <Delay = 0.00>
ST_2 : Operation 15 [1/1] (0.00ns)   --->   "br i1 %icmp_ln106, label %hls_label_21_begin, label %.exitStub" [D:/Xilinx/xfopencv-master/include\imgproc/xf_duplicateimage.hpp:106]   --->   Operation 15 'br' <Predicate = true> <Delay = 0.00>
ST_2 : Operation 16 [1/1] (0.00ns)   --->   "%tmp_s = call i32 (...)* @_ssdm_op_SpecRegionBegin([13 x i8]* @p_str171)" [D:/Xilinx/xfopencv-master/include\imgproc/xf_duplicateimage.hpp:107]   --->   Operation 16 'specregionbegin' 'tmp_s' <Predicate = (icmp_ln106)> <Delay = 0.00>
ST_2 : Operation 17 [1/1] (1.76ns)   --->   "br label %1" [D:/Xilinx/xfopencv-master/include\imgproc/xf_duplicateimage.hpp:109]   --->   Operation 17 'br' <Predicate = (icmp_ln106)> <Delay = 1.76>
ST_2 : Operation 18 [1/1] (0.00ns)   --->   "ret void"   --->   Operation 18 'ret' <Predicate = (!icmp_ln106)> <Delay = 0.00>

State 3 <SV = 2> <Delay = 1.82>
ST_3 : Operation 19 [1/1] (0.00ns)   --->   "%j2_0 = phi i9 [ 0, %hls_label_21_begin ], [ %j, %hls_label_22 ]"   --->   Operation 19 'phi' 'j2_0' <Predicate = true> <Delay = 0.00>
ST_3 : Operation 20 [1/1] (1.66ns)   --->   "%icmp_ln109 = icmp ult i9 %j2_0, -192" [D:/Xilinx/xfopencv-master/include\imgproc/xf_duplicateimage.hpp:109]   --->   Operation 20 'icmp' 'icmp_ln109' <Predicate = true> <Delay = 1.66> <Core = "Cmp">   --->   Core 25 'Cmp' <Latency = 0> <II = 1> <Delay = 1.55> <FuncUnit> <Opcode : 'icmp'> <InPorts = 2> <OutPorts = 1>
ST_3 : Operation 21 [1/1] (1.82ns)   --->   "%j = add i9 %j2_0, 1" [D:/Xilinx/xfopencv-master/include\imgproc/xf_duplicateimage.hpp:109]   --->   Operation 21 'add' 'j' <Predicate = true> <Delay = 1.82> <Core = "AddSub">   --->   Core 14 'AddSub' <Latency = 0> <II = 1> <Delay = 1.91> <FuncUnit> <Opcode : 'add' 'sub'> <InPorts = 2> <OutPorts = 1>
ST_3 : Operation 22 [1/1] (0.00ns)   --->   "call void (...)* @_ssdm_op_SpecLoopTripCount(i64 320, i64 320, i64 320)"   --->   Operation 22 'speclooptripcount' <Predicate = true> <Delay = 0.00>
ST_3 : Operation 23 [1/1] (0.00ns)   --->   "br i1 %icmp_ln109, label %hls_label_22, label %hls_label_21_end" [D:/Xilinx/xfopencv-master/include\imgproc/xf_duplicateimage.hpp:109]   --->   Operation 23 'br' <Predicate = true> <Delay = 0.00>

State 4 <SV = 3> <Delay = 7.26>
ST_4 : Operation 24 [1/1] (0.00ns)   --->   "%tmp_7 = call i32 (...)* @_ssdm_op_SpecRegionBegin([13 x i8]* @p_str172)" [D:/Xilinx/xfopencv-master/include\imgproc/xf_duplicateimage.hpp:110]   --->   Operation 24 'specregionbegin' 'tmp_7' <Predicate = (icmp_ln109)> <Delay = 0.00>
ST_4 : Operation 25 [1/1] (0.00ns)   --->   "call void (...)* @_ssdm_op_SpecPipeline(i32 -1, i32 1, i32 1, i32 0, [1 x i8]* @p_str) nounwind" [D:/Xilinx/xfopencv-master/include\imgproc/xf_duplicateimage.hpp:112]   --->   Operation 25 'specpipeline' <Predicate = (icmp_ln109)> <Delay = 0.00>
ST_4 : Operation 26 [1/1] (3.63ns)   --->   "%tmp_V = call i24 @_ssdm_op_Read.ap_fifo.volatile.i24P(i24* %dst_V_V)" [D:/Xilinx/xfopencv-master/include\imgproc/xf_duplicateimage.hpp:114]   --->   Operation 26 'read' 'tmp_V' <Predicate = (icmp_ln109)> <Delay = 3.63> <Core = "FIFO">   --->   Core 32 'FIFO' <Latency = 0> <II = 1> <Delay = 3.63> <Storage> <Opcode : 'read' 'write' 'nbread' 'nbwrite'> <Ports = 0> <Width = 24> <Depth = 1> <FIFO>
ST_4 : Operation 27 [1/1] (3.63ns)   --->   "call fastcc void @write.1(i24 %tmp_V, i24* %p_dst1_data_V)" [D:/Xilinx/xfopencv-master/include\imgproc/xf_duplicateimage.hpp:114]   --->   Operation 27 'call' <Predicate = (icmp_ln109)> <Delay = 3.63> <CoreType = "Generic">   --->   Core 0 '' <Latency = 0> <II = 1> <Delay = 1.00> <Generic> <Opcode : >
ST_4 : Operation 28 [1/1] (3.63ns)   --->   "%tmp_V_13 = call i24 @_ssdm_op_Read.ap_fifo.volatile.i24P(i24* %dst1_V_V)" [D:/Xilinx/xfopencv-master/include\imgproc/xf_duplicateimage.hpp:115]   --->   Operation 28 'read' 'tmp_V_13' <Predicate = (icmp_ln109)> <Delay = 3.63> <Core = "FIFO">   --->   Core 32 'FIFO' <Latency = 0> <II = 1> <Delay = 3.63> <Storage> <Opcode : 'read' 'write' 'nbread' 'nbwrite'> <Ports = 0> <Width = 24> <Depth = 1> <FIFO>
ST_4 : Operation 29 [1/1] (3.63ns)   --->   "call fastcc void @write.1(i24 %tmp_V_13, i24* %p_dst2_data_V)" [D:/Xilinx/xfopencv-master/include\imgproc/xf_duplicateimage.hpp:115]   --->   Operation 29 'call' <Predicate = (icmp_ln109)> <Delay = 3.63> <CoreType = "Generic">   --->   Core 0 '' <Latency = 0> <II = 1> <Delay = 1.00> <Generic> <Opcode : >
ST_4 : Operation 30 [1/1] (0.00ns)   --->   "%empty_177 = call i32 (...)* @_ssdm_op_SpecRegionEnd([13 x i8]* @p_str172, i32 %tmp_7)" [D:/Xilinx/xfopencv-master/include\imgproc/xf_duplicateimage.hpp:117]   --->   Operation 30 'specregionend' 'empty_177' <Predicate = (icmp_ln109)> <Delay = 0.00>
ST_4 : Operation 31 [1/1] (0.00ns)   --->   "br label %1" [D:/Xilinx/xfopencv-master/include\imgproc/xf_duplicateimage.hpp:109]   --->   Operation 31 'br' <Predicate = (icmp_ln109)> <Delay = 0.00>

State 5 <SV = 3> <Delay = 0.00>
ST_5 : Operation 32 [1/1] (0.00ns)   --->   "%empty = call i32 (...)* @_ssdm_op_SpecRegionEnd([13 x i8]* @p_str171, i32 %tmp_s)" [D:/Xilinx/xfopencv-master/include\imgproc/xf_duplicateimage.hpp:118]   --->   Operation 32 'specregionend' 'empty' <Predicate = true> <Delay = 0.00>
ST_5 : Operation 33 [1/1] (0.00ns)   --->   "br label %0" [D:/Xilinx/xfopencv-master/include\imgproc/xf_duplicateimage.hpp:106]   --->   Operation 33 'br' <Predicate = true> <Delay = 0.00>


============================================================
+ Verbose Summary: Timing violations
============================================================
Target clock period: 50ns, clock uncertainty: 6.25ns.

 <State 1>: 1.77ns
The critical path consists of the following:
	multiplexor before 'phi' operation ('i') with incoming values : ('i', D:/Xilinx/xfopencv-master/include\imgproc/xf_duplicateimage.hpp:106) [11]  (1.77 ns)

 <State 2>: 2.53ns
The critical path consists of the following:
	'icmp' operation ('icmp_ln106', D:/Xilinx/xfopencv-master/include\imgproc/xf_duplicateimage.hpp:106) [12]  (1.55 ns)
	blocking operation 0.978 ns on control path)

 <State 3>: 1.82ns
The critical path consists of the following:
	'phi' operation ('j') with incoming values : ('j', D:/Xilinx/xfopencv-master/include\imgproc/xf_duplicateimage.hpp:109) [20]  (0 ns)
	'add' operation ('j', D:/Xilinx/xfopencv-master/include\imgproc/xf_duplicateimage.hpp:109) [22]  (1.82 ns)

 <State 4>: 7.27ns
The critical path consists of the following:
	fifo read on port 'dst_V_V' (D:/Xilinx/xfopencv-master/include\imgproc/xf_duplicateimage.hpp:114) [28]  (3.63 ns)
	'call' operation ('call_ln114', D:/Xilinx/xfopencv-master/include\imgproc/xf_duplicateimage.hpp:114) to 'write.1' [29]  (3.63 ns)

 <State 5>: 0ns
The critical path consists of the following:


============================================================
+ Verbose Summary: Binding
============================================================
N/A
* FSMD analyzer results:
  - Output states:
 - Input state : 
  - Chain level:
	State 1
	State 2
	State 3
	State 4
	State 5


============================================================
+ Verbose Summary: Datapath Resource usage 
============================================================
N/A
