

================================================================
== Vivado HLS Report for 'duplicateMat635769'
================================================================
* Date:           Wed Mar 18 11:33:32 2020

* Version:        2019.2.1 (Build 2724168 on Thu Dec 05 05:19:09 MST 2019)
* Project:        WeedD
* Solution:       solution1
* Product family: zynq
* Target device:  xc7z020-clg400-1


================================================================
== Performance Estimates
================================================================
+ Timing: 
    * Summary: 
    +--------+----------+----------+------------+
    |  Clock |  Target  | Estimated| Uncertainty|
    +--------+----------+----------+------------+
    |ap_clk  | 50.00 ns | 7.268 ns |   6.25 ns  |
    +--------+----------+----------+------------+

+ Latency: 
    * Summary: 
    +---------+---------+----------+----------+-------+-------+----------+
    |  Latency (cycles) |  Latency (absolute) |    Interval   | Pipeline |
    |   min   |   max   |    min   |    max   |  min  |  max  |   Type   |
    +---------+---------+----------+----------+-------+-------+----------+
    |    43743|    58383| 2.187 ms | 2.919 ms |  43742|  58142| dataflow |
    +---------+---------+----------+----------+-------+-------+----------+

    + Detail: 
        * Instance: 
        N/A

        * Loop: 
        N/A

============================================================
+ Verbose Summary: Synthesis Manager
============================================================
InlineROM: 1
ExposeGlobal: 0
============================================================
+ Verbose Summary: CDFG Model
============================================================
IsTopModel: 0
ResetActiveHigh: 1
IsCombinational: 2
IsDatapathOnly: 0
HasWiredReturn: 1
HasMFsm: 0
HasVarLatency: 1
IsPipeline: 0
IsRtlPipelined: 0
IsInstanceOverlapped: 0
IsDontTouch: 0
HasImplIP: 0
IsGatedGlobalClock: 0


============================================================
+ Verbose Summary: Schedule
============================================================
* Number of FSM states : 7
* Pipeline : 0
* Dataflow Pipeline: 1
  DF-Pipeline-0: Size = 7, States = { 1 2 3 4 5 6 7 }

* FSM state transitions: 
1 --> 2 
2 --> 3 
3 --> 4 
4 --> 5 
5 --> 6 
6 --> 7 
7 --> 

* FSM state operations: 

State 1 <SV = 0> <Delay = 3.63>
ST_1 : Operation 8 [1/1] (0.00ns)   --->   "%p_dst1_cols_c_i = alloca i10, align 2" [D:/Xilinx/xfopencv-master/include\imgproc/xf_duplicateimage.hpp:79->./wd_stage_1.h:65]   --->   Operation 8 'alloca' 'p_dst1_cols_c_i' <Predicate = true> <Delay = 0.00> <Core = "FIFO">   --->   Core 32 'FIFO' <Latency = 0> <II = 1> <Delay = 3.63> <Storage> <Opcode : 'read' 'write' 'nbread' 'nbwrite'> <Ports = 0> <Width = 10> <Depth = 1> <FIFO>
ST_1 : Operation 9 [1/1] (0.00ns)   --->   "%p_dst1_rows_c_i = alloca i9, align 2" [D:/Xilinx/xfopencv-master/include\imgproc/xf_duplicateimage.hpp:79->./wd_stage_1.h:65]   --->   Operation 9 'alloca' 'p_dst1_rows_c_i' <Predicate = true> <Delay = 0.00> <Core = "FIFO">   --->   Core 32 'FIFO' <Latency = 0> <II = 1> <Delay = 3.63> <Storage> <Opcode : 'read' 'write' 'nbread' 'nbwrite'> <Ports = 0> <Width = 10> <Depth = 1> <FIFO>
ST_1 : Operation 10 [1/1] (0.00ns)   --->   "%p_src_cols_load10_loc = alloca i10, align 2"   --->   Operation 10 'alloca' 'p_src_cols_load10_loc' <Predicate = true> <Delay = 0.00> <Core = "FIFO">   --->   Core 32 'FIFO' <Latency = 0> <II = 1> <Delay = 3.63> <Storage> <Opcode : 'read' 'write' 'nbread' 'nbwrite'> <Ports = 0> <Width = 10> <Depth = 1> <FIFO>
ST_1 : Operation 11 [1/1] (0.00ns)   --->   "%p_src_cols_load10_loc_5 = alloca i10, align 2"   --->   Operation 11 'alloca' 'p_src_cols_load10_loc_5' <Predicate = true> <Delay = 0.00> <Core = "FIFO">   --->   Core 32 'FIFO' <Latency = 0> <II = 1> <Delay = 3.63> <Storage> <Opcode : 'read' 'write' 'nbread' 'nbwrite'> <Ports = 0> <Width = 10> <Depth = 1> <FIFO>
ST_1 : Operation 12 [1/1] (0.00ns)   --->   "%src_V_V = alloca i24, align 4" [D:/Xilinx/xfopencv-master/include\imgproc/xf_duplicateimage.hpp:85->./wd_stage_1.h:65]   --->   Operation 12 'alloca' 'src_V_V' <Predicate = true> <Delay = 0.00> <Core = "FIFO">   --->   Core 32 'FIFO' <Latency = 0> <II = 1> <Delay = 3.63> <Storage> <Opcode : 'read' 'write' 'nbread' 'nbwrite'> <Ports = 0> <Width = 10> <Depth = 1> <FIFO>
ST_1 : Operation 13 [1/1] (0.00ns)   --->   "%dst_V_V = alloca i24, align 4" [D:/Xilinx/xfopencv-master/include\imgproc/xf_duplicateimage.hpp:86->./wd_stage_1.h:65]   --->   Operation 13 'alloca' 'dst_V_V' <Predicate = true> <Delay = 0.00> <Core = "FIFO">   --->   Core 32 'FIFO' <Latency = 0> <II = 1> <Delay = 3.63> <Storage> <Opcode : 'read' 'write' 'nbread' 'nbwrite'> <Ports = 0> <Width = 10> <Depth = 1> <FIFO>
ST_1 : Operation 14 [1/1] (0.00ns)   --->   "%dst1_V_V = alloca i24, align 4" [D:/Xilinx/xfopencv-master/include\imgproc/xf_duplicateimage.hpp:87->./wd_stage_1.h:65]   --->   Operation 14 'alloca' 'dst1_V_V' <Predicate = true> <Delay = 0.00> <Core = "FIFO">   --->   Core 32 'FIFO' <Latency = 0> <II = 1> <Delay = 3.63> <Storage> <Opcode : 'read' 'write' 'nbread' 'nbwrite'> <Ports = 0> <Width = 10> <Depth = 1> <FIFO>
ST_1 : Operation 15 [1/1] (3.63ns)   --->   "call fastcc void @duplicateMat_Block__(i10* nocapture %p_src_cols, i10* %p_src_cols_load10_loc_5, i9* %p_dst1_rows, i10* %p_dst1_cols, i9* %p_dst1_rows_c_i, i10* %p_dst1_cols_c_i) noinline" [D:/Xilinx/xfopencv-master/include\imgproc/xf_duplicateimage.hpp:79->./wd_stage_1.h:65]   --->   Operation 15 'call' <Predicate = true> <Delay = 3.63> <CoreType = "Generic">   --->   Core 0 '' <Latency = 0> <II = 1> <Delay = 1.00> <Generic> <Opcode : >

State 2 <SV = 1> <Delay = 0.00>
ST_2 : Operation 16 [2/2] (0.00ns)   --->   "call fastcc void @duplicateMat_Loop_Re(i10* %p_src_cols_load10_loc_5, i24* %p_src_data_V, i24* %src_V_V, i10* %p_src_cols_load10_loc)"   --->   Operation 16 'call' <Predicate = true> <Delay = 0.00> <CoreType = "Generic">   --->   Core 0 '' <Latency = 0> <II = 1> <Delay = 1.00> <Generic> <Opcode : >

State 3 <SV = 2> <Delay = 0.00>
ST_3 : Operation 17 [1/2] (0.00ns)   --->   "call fastcc void @duplicateMat_Loop_Re(i10* %p_src_cols_load10_loc_5, i24* %p_src_data_V, i24* %src_V_V, i10* %p_src_cols_load10_loc)"   --->   Operation 17 'call' <Predicate = true> <Delay = 0.00> <CoreType = "Generic">   --->   Core 0 '' <Latency = 0> <II = 1> <Delay = 1.00> <Generic> <Opcode : >

State 4 <SV = 3> <Delay = 0.00>
ST_4 : Operation 18 [2/2] (0.00ns)   --->   "call fastcc void @xFDuplicate645(i24* %src_V_V, i24* %dst_V_V, i24* %dst1_V_V, i10* %p_src_cols_load10_loc)" [D:/Xilinx/xfopencv-master/include\imgproc/xf_duplicateimage.hpp:104->./wd_stage_1.h:65]   --->   Operation 18 'call' <Predicate = true> <Delay = 0.00> <CoreType = "Generic">   --->   Core 0 '' <Latency = 0> <II = 1> <Delay = 1.00> <Generic> <Opcode : >

State 5 <SV = 4> <Delay = 0.00>
ST_5 : Operation 19 [1/2] (0.00ns)   --->   "call fastcc void @xFDuplicate645(i24* %src_V_V, i24* %dst_V_V, i24* %dst1_V_V, i10* %p_src_cols_load10_loc)" [D:/Xilinx/xfopencv-master/include\imgproc/xf_duplicateimage.hpp:104->./wd_stage_1.h:65]   --->   Operation 19 'call' <Predicate = true> <Delay = 0.00> <CoreType = "Generic">   --->   Core 0 '' <Latency = 0> <II = 1> <Delay = 1.00> <Generic> <Opcode : >

State 6 <SV = 5> <Delay = 0.00>
ST_6 : Operation 20 [2/2] (0.00ns)   --->   "call fastcc void @duplicateMat_Loop_2_(i9* nocapture %p_dst1_rows_c_i, i10* nocapture %p_dst1_cols_c_i, i24* %dst_V_V, i24* %p_dst1_data_V, i24* %dst1_V_V, i24* %p_dst2_data_V)" [D:/Xilinx/xfopencv-master/include\imgproc/xf_duplicateimage.hpp:79->./wd_stage_1.h:65]   --->   Operation 20 'call' <Predicate = true> <Delay = 0.00> <CoreType = "Generic">   --->   Core 0 '' <Latency = 0> <II = 1> <Delay = 1.00> <Generic> <Opcode : >

State 7 <SV = 6> <Delay = 0.00>
ST_7 : Operation 21 [1/1] (0.00ns)   --->   "call void (...)* @_ssdm_op_SpecInterface(i24* %p_src_data_V, [8 x i8]* @ap_fifo_str, i32 0, i32 0, [1 x i8]* @p_str, i32 0, i32 0, [1 x i8]* @p_str, [1 x i8]* @p_str, [1 x i8]* @p_str, i32 2, i32 2, i32 16, i32 16, [1 x i8]* @p_str, [1 x i8]* @p_str)"   --->   Operation 21 'specinterface' <Predicate = true> <Delay = 0.00>
ST_7 : Operation 22 [1/1] (0.00ns)   --->   "call void (...)* @_ssdm_op_SpecInterface(i24* %p_dst1_data_V, [8 x i8]* @ap_fifo_str, i32 0, i32 0, [1 x i8]* @p_str, i32 0, i32 0, [1 x i8]* @p_str, [1 x i8]* @p_str, [1 x i8]* @p_str, i32 2, i32 2, i32 16, i32 16, [1 x i8]* @p_str, [1 x i8]* @p_str)"   --->   Operation 22 'specinterface' <Predicate = true> <Delay = 0.00>
ST_7 : Operation 23 [1/1] (0.00ns)   --->   "call void (...)* @_ssdm_op_SpecInterface(i24* %p_dst2_data_V, [8 x i8]* @ap_fifo_str, i32 0, i32 0, [1 x i8]* @p_str, i32 0, i32 0, [1 x i8]* @p_str, [1 x i8]* @p_str, [1 x i8]* @p_str, i32 2, i32 2, i32 16, i32 16, [1 x i8]* @p_str, [1 x i8]* @p_str)"   --->   Operation 23 'specinterface' <Predicate = true> <Delay = 0.00>
ST_7 : Operation 24 [1/1] (0.00ns)   --->   "call void (...)* @_ssdm_op_SpecInterface(i10* %p_src_cols, [8 x i8]* @ap_fifo_str, i32 0, i32 0, [1 x i8]* @p_str, i32 0, i32 0, [1 x i8]* @p_str, [1 x i8]* @p_str, [1 x i8]* @p_str, i32 2, i32 2, i32 16, i32 16, [1 x i8]* @p_str, [11 x i8]* @ScalarProp_str)"   --->   Operation 24 'specinterface' <Predicate = true> <Delay = 0.00>
ST_7 : Operation 25 [1/1] (0.00ns)   --->   "call void (...)* @_ssdm_op_SpecInterface(i24* %p_dst2_data_V, [8 x i8]* @ap_fifo_str, i32 0, i32 0, [1 x i8]* @p_str, i32 0, i32 0, [1 x i8]* @p_str, [1 x i8]* @p_str, [1 x i8]* @p_str, i32 2, i32 2, i32 16, i32 16, [1 x i8]* @p_str, [1 x i8]* @p_str)"   --->   Operation 25 'specinterface' <Predicate = true> <Delay = 0.00>
ST_7 : Operation 26 [1/1] (0.00ns)   --->   "call void (...)* @_ssdm_op_SpecInterface(i24* %p_dst1_data_V, [8 x i8]* @ap_fifo_str, i32 0, i32 0, [1 x i8]* @p_str, i32 0, i32 0, [1 x i8]* @p_str, [1 x i8]* @p_str, [1 x i8]* @p_str, i32 2, i32 2, i32 16, i32 16, [1 x i8]* @p_str, [1 x i8]* @p_str)"   --->   Operation 26 'specinterface' <Predicate = true> <Delay = 0.00>
ST_7 : Operation 27 [1/1] (0.00ns)   --->   "call void (...)* @_ssdm_op_SpecInterface(i24* %p_src_data_V, [8 x i8]* @ap_fifo_str, i32 0, i32 0, [1 x i8]* @p_str, i32 0, i32 0, [1 x i8]* @p_str, [1 x i8]* @p_str, [1 x i8]* @p_str, i32 2, i32 2, i32 16, i32 16, [1 x i8]* @p_str, [1 x i8]* @p_str)"   --->   Operation 27 'specinterface' <Predicate = true> <Delay = 0.00>
ST_7 : Operation 28 [1/1] (0.00ns)   --->   "call void (...)* @_ssdm_op_SpecDataflowPipeline(i32 -1, i32 0, [1 x i8]* @p_str) nounwind" [D:/Xilinx/xfopencv-master/include\imgproc/xf_duplicateimage.hpp:83->./wd_stage_1.h:65]   --->   Operation 28 'specdataflowpipeline' <Predicate = true> <Delay = 0.00>
ST_7 : Operation 29 [1/1] (0.00ns)   --->   "%empty = call i32 (...)* @_ssdm_op_SpecChannel([8 x i8]* @src_OC_V_OC_V_str, i32 1, [1 x i8]* @p_str, [1 x i8]* @p_str, i32 2, i32 2, i24* %src_V_V, i24* %src_V_V)"   --->   Operation 29 'specchannel' 'empty' <Predicate = true> <Delay = 0.00>
ST_7 : Operation 30 [1/1] (0.00ns)   --->   "call void (...)* @_ssdm_op_SpecInterface(i24* %src_V_V, [8 x i8]* @ap_fifo_str, i32 0, i32 0, [1 x i8]* @p_str, i32 0, i32 0, [1 x i8]* @p_str, [1 x i8]* @p_str, [1 x i8]* @p_str, i32 2, i32 2, i32 16, i32 16, [1 x i8]* @p_str, [1 x i8]* @p_str)"   --->   Operation 30 'specinterface' <Predicate = true> <Delay = 0.00>
ST_7 : Operation 31 [1/1] (0.00ns)   --->   "%empty_186 = call i32 (...)* @_ssdm_op_SpecChannel([8 x i8]* @dst_OC_V_OC_V_str, i32 1, [1 x i8]* @p_str, [1 x i8]* @p_str, i32 2, i32 2, i24* %dst_V_V, i24* %dst_V_V)"   --->   Operation 31 'specchannel' 'empty_186' <Predicate = true> <Delay = 0.00>
ST_7 : Operation 32 [1/1] (0.00ns)   --->   "call void (...)* @_ssdm_op_SpecInterface(i24* %dst_V_V, [8 x i8]* @ap_fifo_str, i32 0, i32 0, [1 x i8]* @p_str, i32 0, i32 0, [1 x i8]* @p_str, [1 x i8]* @p_str, [1 x i8]* @p_str, i32 2, i32 2, i32 16, i32 16, [1 x i8]* @p_str, [1 x i8]* @p_str)"   --->   Operation 32 'specinterface' <Predicate = true> <Delay = 0.00>
ST_7 : Operation 33 [1/1] (0.00ns)   --->   "%empty_187 = call i32 (...)* @_ssdm_op_SpecChannel([9 x i8]* @dst1_OC_V_OC_V_str, i32 1, [1 x i8]* @p_str, [1 x i8]* @p_str, i32 2, i32 2, i24* %dst1_V_V, i24* %dst1_V_V)"   --->   Operation 33 'specchannel' 'empty_187' <Predicate = true> <Delay = 0.00>
ST_7 : Operation 34 [1/1] (0.00ns)   --->   "call void (...)* @_ssdm_op_SpecInterface(i24* %dst1_V_V, [8 x i8]* @ap_fifo_str, i32 0, i32 0, [1 x i8]* @p_str, i32 0, i32 0, [1 x i8]* @p_str, [1 x i8]* @p_str, [1 x i8]* @p_str, i32 2, i32 2, i32 16, i32 16, [1 x i8]* @p_str, [1 x i8]* @p_str)"   --->   Operation 34 'specinterface' <Predicate = true> <Delay = 0.00>
ST_7 : Operation 35 [1/1] (0.00ns)   --->   "%empty_188 = call i32 (...)* @_ssdm_op_SpecChannel([23 x i8]* @p_src_OC_cols_OC_load_6, i32 1, [1 x i8]* @p_str, [1 x i8]* @p_str, i32 2, i32 0, i10* %p_src_cols_load10_loc_5, i10* %p_src_cols_load10_loc_5)"   --->   Operation 35 'specchannel' 'empty_188' <Predicate = true> <Delay = 0.00>
ST_7 : Operation 36 [1/1] (0.00ns)   --->   "call void (...)* @_ssdm_op_SpecInterface(i10* %p_src_cols_load10_loc_5, [8 x i8]* @ap_fifo_str, i32 0, i32 0, [1 x i8]* @p_str, i32 0, i32 0, [1 x i8]* @p_str, [1 x i8]* @p_str, [1 x i8]* @p_str, i32 2, i32 2, i32 16, i32 16, [1 x i8]* @p_str, [1 x i8]* @p_str)"   --->   Operation 36 'specinterface' <Predicate = true> <Delay = 0.00>
ST_7 : Operation 37 [1/1] (0.00ns)   --->   "%empty_189 = call i32 (...)* @_ssdm_op_SpecChannel([13 x i8]* @p_dst1_OC_rows_c_str, i32 1, [1 x i8]* @p_str, [1 x i8]* @p_str, i32 4, i32 0, i9* %p_dst1_rows_c_i, i9* %p_dst1_rows_c_i)" [D:/Xilinx/xfopencv-master/include\imgproc/xf_duplicateimage.hpp:79->./wd_stage_1.h:65]   --->   Operation 37 'specchannel' 'empty_189' <Predicate = true> <Delay = 0.00>
ST_7 : Operation 38 [1/1] (0.00ns)   --->   "call void (...)* @_ssdm_op_SpecInterface(i9* %p_dst1_rows_c_i, [8 x i8]* @ap_fifo_str, i32 0, i32 0, [1 x i8]* @p_str, i32 0, i32 0, [1 x i8]* @p_str, [1 x i8]* @p_str, [1 x i8]* @p_str, i32 2, i32 2, i32 16, i32 16, [1 x i8]* @p_str, [1 x i8]* @p_str)" [D:/Xilinx/xfopencv-master/include\imgproc/xf_duplicateimage.hpp:79->./wd_stage_1.h:65]   --->   Operation 38 'specinterface' <Predicate = true> <Delay = 0.00>
ST_7 : Operation 39 [1/1] (0.00ns)   --->   "%empty_190 = call i32 (...)* @_ssdm_op_SpecChannel([13 x i8]* @p_dst1_OC_cols_c_str, i32 1, [1 x i8]* @p_str, [1 x i8]* @p_str, i32 4, i32 0, i10* %p_dst1_cols_c_i, i10* %p_dst1_cols_c_i)" [D:/Xilinx/xfopencv-master/include\imgproc/xf_duplicateimage.hpp:79->./wd_stage_1.h:65]   --->   Operation 39 'specchannel' 'empty_190' <Predicate = true> <Delay = 0.00>
ST_7 : Operation 40 [1/1] (0.00ns)   --->   "call void (...)* @_ssdm_op_SpecInterface(i10* %p_dst1_cols_c_i, [8 x i8]* @ap_fifo_str, i32 0, i32 0, [1 x i8]* @p_str, i32 0, i32 0, [1 x i8]* @p_str, [1 x i8]* @p_str, [1 x i8]* @p_str, i32 2, i32 2, i32 16, i32 16, [1 x i8]* @p_str, [1 x i8]* @p_str)" [D:/Xilinx/xfopencv-master/include\imgproc/xf_duplicateimage.hpp:79->./wd_stage_1.h:65]   --->   Operation 40 'specinterface' <Predicate = true> <Delay = 0.00>
ST_7 : Operation 41 [1/1] (0.00ns)   --->   "%empty_191 = call i32 (...)* @_ssdm_op_SpecChannel([24 x i8]* @p_src_OC_cols_OC_load_5, i32 1, [1 x i8]* @p_str, [1 x i8]* @p_str, i32 2, i32 0, i10* %p_src_cols_load10_loc, i10* %p_src_cols_load10_loc)"   --->   Operation 41 'specchannel' 'empty_191' <Predicate = true> <Delay = 0.00>
ST_7 : Operation 42 [1/1] (0.00ns)   --->   "call void (...)* @_ssdm_op_SpecInterface(i10* %p_src_cols_load10_loc, [8 x i8]* @ap_fifo_str, i32 0, i32 0, [1 x i8]* @p_str, i32 0, i32 0, [1 x i8]* @p_str, [1 x i8]* @p_str, [1 x i8]* @p_str, i32 2, i32 2, i32 16, i32 16, [1 x i8]* @p_str, [1 x i8]* @p_str)"   --->   Operation 42 'specinterface' <Predicate = true> <Delay = 0.00>
ST_7 : Operation 43 [1/2] (0.00ns)   --->   "call fastcc void @duplicateMat_Loop_2_(i9* nocapture %p_dst1_rows_c_i, i10* nocapture %p_dst1_cols_c_i, i24* %dst_V_V, i24* %p_dst1_data_V, i24* %dst1_V_V, i24* %p_dst2_data_V)" [D:/Xilinx/xfopencv-master/include\imgproc/xf_duplicateimage.hpp:79->./wd_stage_1.h:65]   --->   Operation 43 'call' <Predicate = true> <Delay = 0.00> <CoreType = "Generic">   --->   Core 0 '' <Latency = 0> <II = 1> <Delay = 1.00> <Generic> <Opcode : >
ST_7 : Operation 44 [1/1] (0.00ns)   --->   "ret void" [./wd_stage_1.h:65]   --->   Operation 44 'ret' <Predicate = true> <Delay = 0.00>


============================================================
+ Verbose Summary: Timing violations
============================================================
Target clock period: 50ns, clock uncertainty: 6.25ns.

 <State 1>: 3.63ns
The critical path consists of the following:
	'alloca' operation ('p_dst1_cols_c_i', D:/Xilinx/xfopencv-master/include\imgproc/xf_duplicateimage.hpp:79->./wd_stage_1.h:65) [7]  (0 ns)
	'call' operation ('call_ln79', D:/Xilinx/xfopencv-master/include\imgproc/xf_duplicateimage.hpp:79->./wd_stage_1.h:65) to 'duplicateMat_Block__' [34]  (3.63 ns)

 <State 2>: 0ns
The critical path consists of the following:

 <State 3>: 0ns
The critical path consists of the following:

 <State 4>: 0ns
The critical path consists of the following:

 <State 5>: 0ns
The critical path consists of the following:

 <State 6>: 0ns
The critical path consists of the following:

 <State 7>: 0ns
The critical path consists of the following:


============================================================
+ Verbose Summary: Binding
============================================================
N/A
* FSMD analyzer results:
  - Output states:
 - Input state : 
  - Chain level:
	State 1
	State 2
	State 3
	State 4
	State 5
	State 6
	State 7


============================================================
+ Verbose Summary: Datapath Resource usage 
============================================================
N/A
