

================================================================
== Vivado HLS Report for 'get_12th_segment_Loo'
================================================================
* Date:           Wed Mar 18 11:36:06 2020

* Version:        2019.2.1 (Build 2724168 on Thu Dec 05 05:19:09 MST 2019)
* Project:        WeedD
* Solution:       solution1
* Product family: zynq
* Target device:  xc7z020-clg400-1


================================================================
== Performance Estimates
================================================================
+ Timing: 
    * Summary: 
    +--------+----------+----------+------------+
    |  Clock |  Target  | Estimated| Uncertainty|
    +--------+----------+----------+------------+
    |ap_clk  | 50.00 ns | 7.268 ns |   6.25 ns  |
    +--------+----------+----------+------------+

+ Latency: 
    * Summary: 
    +---------+---------+----------+----------+------+------+---------+
    |  Latency (cycles) |  Latency (absolute) |   Interval  | Pipeline|
    |   min   |   max   |    min   |    max   |  min |  max |   Type  |
    +---------+---------+----------+----------+------+------+---------+
    |     7362|     7362| 0.368 ms | 0.368 ms |  7362|  7362|   none  |
    +---------+---------+----------+----------+------+------+---------+

    + Detail: 
        * Instance: 
        N/A

        * Loop: 
        +---------------------------+---------+---------+----------+-----------+-----------+------+----------+
        |                           |  Latency (cycles) | Iteration|  Initiation Interval  | Trip |          |
        |         Loop Name         |   min   |   max   |  Latency |  achieved |   target  | Count| Pipelined|
        +---------------------------+---------+---------+----------+-----------+-----------+------+----------+
        |- get_12th_segment_label2  |     7360|     7360|         2|          1|          1|  7360|    yes   |
        +---------------------------+---------+---------+----------+-----------+-----------+------+----------+



================================================================
== Utilization Estimates
================================================================
* Summary: 
+-----------------+---------+-------+--------+-------+-----+
|       Name      | BRAM_18K| DSP48E|   FF   |  LUT  | URAM|
+-----------------+---------+-------+--------+-------+-----+
|DSP              |        -|      -|       -|      -|    -|
|Expression       |        -|      -|       0|     40|    -|
|FIFO             |        -|      -|       -|      -|    -|
|Instance         |        -|      -|       -|      -|    -|
|Memory           |        -|      -|       -|      -|    -|
|Multiplexer      |        -|      -|       -|     72|    -|
|Register         |        -|      -|      20|      -|    -|
+-----------------+---------+-------+--------+-------+-----+
|Total            |        0|      0|      20|    112|    0|
+-----------------+---------+-------+--------+-------+-----+
|Available        |      280|    220|  106400|  53200|    0|
+-----------------+---------+-------+--------+-------+-----+
|Utilization (%)  |        0|      0|   ~0   |   ~0  |    0|
+-----------------+---------+-------+--------+-------+-----+

+ Detail: 
    * Instance: 
    N/A

    * DSP48E: 
    N/A

    * Memory: 
    N/A

    * FIFO: 
    N/A

    * Expression: 
    +----------------------------------+----------+-------+---+----+------------+------------+
    |           Variable Name          | Operation| DSP48E| FF| LUT| Bitwidth P0| Bitwidth P1|
    +----------------------------------+----------+-------+---+----+------------+------------+
    |i_fu_75_p2                        |     +    |      0|  0|  17|          13|           1|
    |ap_block_pp0_stage0_01001         |    and   |      0|  0|   2|           1|           1|
    |icmp_ln11_fu_69_p2                |   icmp   |      0|  0|  13|          13|          11|
    |ap_block_state1                   |    or    |      0|  0|   2|           1|           1|
    |ap_block_state3_pp0_stage0_iter1  |    or    |      0|  0|   2|           1|           1|
    |ap_enable_pp0                     |    xor   |      0|  0|   2|           1|           2|
    |ap_enable_reg_pp0_iter1           |    xor   |      0|  0|   2|           2|           1|
    +----------------------------------+----------+-------+---+----+------------+------------+
    |Total                             |          |      0|  0|  40|          32|          18|
    +----------------------------------+----------+-------+---+----+------------+------------+

    * Multiplexer: 
    +-------------------------+----+-----------+-----+-----------+
    |           Name          | LUT| Input Size| Bits| Total Bits|
    +-------------------------+----+-----------+-----+-----------+
    |ap_NS_fsm                |  21|          4|    1|          4|
    |ap_done                  |   9|          2|    1|          2|
    |ap_enable_reg_pp0_iter1  |  15|          3|    1|          3|
    |bottom_data_V_blk_n      |   9|          2|    1|          2|
    |eroded_data_V_blk_n      |   9|          2|    1|          2|
    |i_0_i_i_reg_58           |   9|          2|   13|         26|
    +-------------------------+----+-----------+-----+-----------+
    |Total                    |  72|         15|   18|         39|
    +-------------------------+----+-----------+-----+-----------+

    * Register: 
    +-------------------------+----+----+-----+-----------+
    |           Name          | FF | LUT| Bits| Const Bits|
    +-------------------------+----+----+-----+-----------+
    |ap_CS_fsm                |   3|   0|    3|          0|
    |ap_done_reg              |   1|   0|    1|          0|
    |ap_enable_reg_pp0_iter0  |   1|   0|    1|          0|
    |ap_enable_reg_pp0_iter1  |   1|   0|    1|          0|
    |i_0_i_i_reg_58           |  13|   0|   13|          0|
    |icmp_ln11_reg_81         |   1|   0|    1|          0|
    +-------------------------+----+----+-----+-----------+
    |Total                    |  20|   0|   20|          0|
    +-------------------------+----+----+-----+-----------+



================================================================
== Interface
================================================================
* Summary: 
+-----------------------+-----+-----+------------+----------------------+--------------+
|       RTL Ports       | Dir | Bits|  Protocol  |     Source Object    |    C Type    |
+-----------------------+-----+-----+------------+----------------------+--------------+
|ap_clk                 |  in |    1| ap_ctrl_hs | get_12th_segment_Loo | return value |
|ap_rst                 |  in |    1| ap_ctrl_hs | get_12th_segment_Loo | return value |
|ap_start               |  in |    1| ap_ctrl_hs | get_12th_segment_Loo | return value |
|ap_done                | out |    1| ap_ctrl_hs | get_12th_segment_Loo | return value |
|ap_continue            |  in |    1| ap_ctrl_hs | get_12th_segment_Loo | return value |
|ap_idle                | out |    1| ap_ctrl_hs | get_12th_segment_Loo | return value |
|ap_ready               | out |    1| ap_ctrl_hs | get_12th_segment_Loo | return value |
|eroded_data_V_dout     |  in |    8|   ap_fifo  |     eroded_data_V    |    pointer   |
|eroded_data_V_empty_n  |  in |    1|   ap_fifo  |     eroded_data_V    |    pointer   |
|eroded_data_V_read     | out |    1|   ap_fifo  |     eroded_data_V    |    pointer   |
|bottom_data_V_din      | out |    8|   ap_fifo  |     bottom_data_V    |    pointer   |
|bottom_data_V_full_n   |  in |    1|   ap_fifo  |     bottom_data_V    |    pointer   |
|bottom_data_V_write    | out |    1|   ap_fifo  |     bottom_data_V    |    pointer   |
+-----------------------+-----+-----+------------+----------------------+--------------+

============================================================
+ Verbose Summary: Synthesis Manager
============================================================
InlineROM: 1
ExposeGlobal: 0
============================================================
+ Verbose Summary: CDFG Model
============================================================
IsTopModel: 0
ResetActiveHigh: 1
IsCombinational: 2
IsDatapathOnly: 0
HasWiredReturn: 1
HasMFsm: 0
HasVarLatency: 1
IsPipeline: 0
IsRtlPipelined: 0
IsInstanceOverlapped: 0
IsDontTouch: 0
HasImplIP: 0
IsGatedGlobalClock: 0

+ Individual pipeline summary: 
  * Pipeline-0: initiation interval (II) = 1, depth = 2


============================================================
+ Verbose Summary: Schedule
============================================================
* Number of FSM states : 4
* Pipeline : 1
  Pipeline-0 : II = 1, D = 2, States = { 2 3 }
* Dataflow Pipeline: 0

* FSM state transitions: 
1 --> 2 
2 --> 4 3 
3 --> 2 
4 --> 

* FSM state operations: 

State 1 <SV = 0> <Delay = 1.76>
ST_1 : Operation 5 [1/1] (0.00ns)   --->   "call void (...)* @_ssdm_op_SpecInterface(i8* %eroded_data_V, [8 x i8]* @ap_fifo_str, i32 0, i32 0, [1 x i8]* @p_str, i32 0, i32 0, [1 x i8]* @p_str, [1 x i8]* @p_str, [1 x i8]* @p_str, i32 2, i32 2, i32 16, i32 16, [1 x i8]* @p_str, [1 x i8]* @p_str)"   --->   Operation 5 'specinterface' <Predicate = true> <Delay = 0.00>
ST_1 : Operation 6 [1/1] (0.00ns)   --->   "call void (...)* @_ssdm_op_SpecInterface(i8* %bottom_data_V, [8 x i8]* @ap_fifo_str, i32 0, i32 0, [1 x i8]* @p_str, i32 0, i32 0, [1 x i8]* @p_str, [1 x i8]* @p_str, [1 x i8]* @p_str, i32 2, i32 2, i32 16, i32 16, [1 x i8]* @p_str, [1 x i8]* @p_str)"   --->   Operation 6 'specinterface' <Predicate = true> <Delay = 0.00>
ST_1 : Operation 7 [1/1] (1.76ns)   --->   "br label %0"   --->   Operation 7 'br' <Predicate = true> <Delay = 1.76>

State 2 <SV = 1> <Delay = 2.09>
ST_2 : Operation 8 [1/1] (0.00ns)   --->   "%i_0_i_i = phi i13 [ 0, %newFuncRoot ], [ %i, %get_12th_segment_label2 ]"   --->   Operation 8 'phi' 'i_0_i_i' <Predicate = true> <Delay = 0.00>
ST_2 : Operation 9 [1/1] (2.09ns)   --->   "%icmp_ln11 = icmp eq i13 %i_0_i_i, -832" [./wd_stage_2.h:11]   --->   Operation 9 'icmp' 'icmp_ln11' <Predicate = true> <Delay = 2.09> <Core = "Cmp">   --->   Core 25 'Cmp' <Latency = 0> <II = 1> <Delay = 2.09> <FuncUnit> <Opcode : 'icmp'> <InPorts = 2> <OutPorts = 1>
ST_2 : Operation 10 [1/1] (0.00ns)   --->   "call void (...)* @_ssdm_op_SpecLoopTripCount(i64 7360, i64 7360, i64 7360)"   --->   Operation 10 'speclooptripcount' <Predicate = true> <Delay = 0.00>
ST_2 : Operation 11 [1/1] (1.67ns)   --->   "%i = add i13 %i_0_i_i, 1" [./wd_stage_2.h:11]   --->   Operation 11 'add' 'i' <Predicate = true> <Delay = 1.67> <Core = "AddSub">   --->   Core 14 'AddSub' <Latency = 0> <II = 1> <Delay = 1.67> <FuncUnit> <Opcode : 'add' 'sub'> <InPorts = 2> <OutPorts = 1>
ST_2 : Operation 12 [1/1] (0.00ns)   --->   "br i1 %icmp_ln11, label %get_12th_segment_.exit2.exitStub, label %get_12th_segment_label2" [./wd_stage_2.h:11]   --->   Operation 12 'br' <Predicate = true> <Delay = 0.00>

State 3 <SV = 2> <Delay = 7.26>
ST_3 : Operation 13 [1/1] (0.00ns)   --->   "call void (...)* @_ssdm_op_SpecLoopName([24 x i8]* @p_str9) nounwind" [./wd_stage_2.h:12]   --->   Operation 13 'specloopname' <Predicate = (!icmp_ln11)> <Delay = 0.00>
ST_3 : Operation 14 [1/1] (0.00ns)   --->   "%tmp = call i32 (...)* @_ssdm_op_SpecRegionBegin([24 x i8]* @p_str9)" [./wd_stage_2.h:12]   --->   Operation 14 'specregionbegin' 'tmp' <Predicate = (!icmp_ln11)> <Delay = 0.00>
ST_3 : Operation 15 [1/1] (0.00ns)   --->   "call void (...)* @_ssdm_op_SpecPipeline(i32 -1, i32 1, i32 1, i32 0, [1 x i8]* @p_str) nounwind" [./wd_stage_2.h:12]   --->   Operation 15 'specpipeline' <Predicate = (!icmp_ln11)> <Delay = 0.00>
ST_3 : Operation 16 [1/1] (3.63ns)   --->   "%eroded_data_V_read = call i8 @_ssdm_op_Read.ap_fifo.volatile.i8P(i8* %eroded_data_V)" [./wd_stage_2.h:12]   --->   Operation 16 'read' 'eroded_data_V_read' <Predicate = (!icmp_ln11)> <Delay = 3.63> <Core = "FIFO">   --->   Core 32 'FIFO' <Latency = 0> <II = 1> <Delay = 3.63> <Storage> <Opcode : 'read' 'write' 'nbread' 'nbwrite'> <Ports = 0> <Width = 8> <Depth = 2> <FIFO>
ST_3 : Operation 17 [1/1] (3.63ns)   --->   "call void @_ssdm_op_Write.ap_fifo.volatile.i8P(i8* %bottom_data_V, i8 %eroded_data_V_read)" [./wd_stage_2.h:12]   --->   Operation 17 'write' <Predicate = (!icmp_ln11)> <Delay = 3.63> <Core = "FIFO">   --->   Core 32 'FIFO' <Latency = 0> <II = 1> <Delay = 3.63> <Storage> <Opcode : 'read' 'write' 'nbread' 'nbwrite'> <Ports = 0> <Width = 8> <Depth = 2> <FIFO>
ST_3 : Operation 18 [1/1] (0.00ns)   --->   "%empty = call i32 (...)* @_ssdm_op_SpecRegionEnd([24 x i8]* @p_str9, i32 %tmp)" [./wd_stage_2.h:12]   --->   Operation 18 'specregionend' 'empty' <Predicate = (!icmp_ln11)> <Delay = 0.00>
ST_3 : Operation 19 [1/1] (0.00ns)   --->   "br label %0" [./wd_stage_2.h:11]   --->   Operation 19 'br' <Predicate = (!icmp_ln11)> <Delay = 0.00>

State 4 <SV = 2> <Delay = 0.00>
ST_4 : Operation 20 [1/1] (0.00ns)   --->   "ret void"   --->   Operation 20 'ret' <Predicate = true> <Delay = 0.00>


============================================================
+ Verbose Summary: Binding
============================================================
STG Binding: 
---------------- STG Properties BEGIN ----------------
- Is combinational: 0
- Is one-state seq: 0
- Is datapath-only: 0
- Is pipelined: 0
- Is top level: 0
Port [ Return ] is wired: 1; IO mode=ap_ctrl_hs:ce=0
Port [ eroded_data_V]:  wired=1; compound=1; hidden=0; nouse=0; global=0; static=0; extern=0; dir=0; type=3; pingpong=0; private_global=0; IO mode=ap_fifo:ce=0
Port [ bottom_data_V]:  wired=1; compound=1; hidden=0; nouse=0; global=0; static=0; extern=0; dir=1; type=3; pingpong=0; private_global=0; IO mode=ap_fifo:ce=0
---------------- STG Properties END ------------------

---------------- Datapath Model BEGIN ----------------

<LifeTime>
<method=bitvector/>
specinterface_ln0     (specinterface    ) [ 00000]
specinterface_ln0     (specinterface    ) [ 00000]
br_ln0                (br               ) [ 01110]
i_0_i_i               (phi              ) [ 00100]
icmp_ln11             (icmp             ) [ 00110]
speclooptripcount_ln0 (speclooptripcount) [ 00000]
i                     (add              ) [ 01110]
br_ln11               (br               ) [ 00000]
specloopname_ln12     (specloopname     ) [ 00000]
tmp                   (specregionbegin  ) [ 00000]
specpipeline_ln12     (specpipeline     ) [ 00000]
eroded_data_V_read    (read             ) [ 00000]
write_ln12            (write            ) [ 00000]
empty                 (specregionend    ) [ 00000]
br_ln11               (br               ) [ 01110]
ret_ln0               (ret              ) [ 00000]
</LifeTime>

<model>

<comp_list>
<comp id="0" class="1000" name="eroded_data_V">
<pin_list>
<pin id="1" dir="1" index="0" bw="1" slack="0"/>
</pin_list>
<bind>
<StgValue><ssdm name="eroded_data_V"/></StgValue>
</bind>
</comp>

<comp id="2" class="1000" name="bottom_data_V">
<pin_list>
<pin id="3" dir="1" index="0" bw="1" slack="0"/>
</pin_list>
<bind>
<StgValue><ssdm name="bottom_data_V"/></StgValue>
</bind>
</comp>

<comp id="4" class="1001" name="const_4">
<pin_list>
<pin id="5" dir="1" index="0" bw="1" slack="2147483647"/>
</pin_list>
<bind>
<StgValue><ssdm name="_ssdm_op_SpecInterface"/></StgValue>
</bind>
</comp>

<comp id="6" class="1001" name="const_6">
<pin_list>
<pin id="7" dir="1" index="0" bw="1" slack="2147483647"/>
</pin_list>
<bind>
<StgValue><ssdm name="ap_fifo_str"/></StgValue>
</bind>
</comp>

<comp id="8" class="1001" name="const_8">
<pin_list>
<pin id="9" dir="1" index="0" bw="1" slack="2147483647"/>
</pin_list>
<bind>
<StgValue><ssdm name=""/></StgValue>
</bind>
</comp>

<comp id="10" class="1001" name="const_10">
<pin_list>
<pin id="11" dir="1" index="0" bw="1" slack="2147483647"/>
</pin_list>
<bind>
<StgValue><ssdm name="p_str"/></StgValue>
</bind>
</comp>

<comp id="12" class="1001" name="const_12">
<pin_list>
<pin id="13" dir="1" index="0" bw="1" slack="2147483647"/>
</pin_list>
<bind>
<StgValue><ssdm name=""/></StgValue>
</bind>
</comp>

<comp id="14" class="1001" name="const_14">
<pin_list>
<pin id="15" dir="1" index="0" bw="1" slack="2147483647"/>
</pin_list>
<bind>
<StgValue><ssdm name=""/></StgValue>
</bind>
</comp>

<comp id="16" class="1001" name="const_16">
<pin_list>
<pin id="17" dir="1" index="0" bw="1" slack="1"/>
</pin_list>
<bind>
<StgValue><ssdm name=""/></StgValue>
</bind>
</comp>

<comp id="18" class="1001" name="const_18">
<pin_list>
<pin id="19" dir="1" index="0" bw="1" slack="0"/>
</pin_list>
<bind>
<StgValue><ssdm name=""/></StgValue>
</bind>
</comp>

<comp id="20" class="1001" name="const_20">
<pin_list>
<pin id="21" dir="1" index="0" bw="1" slack="2147483647"/>
</pin_list>
<bind>
<StgValue><ssdm name="_ssdm_op_SpecLoopTripCount"/></StgValue>
</bind>
</comp>

<comp id="22" class="1001" name="const_22">
<pin_list>
<pin id="23" dir="1" index="0" bw="1" slack="2147483647"/>
</pin_list>
<bind>
<StgValue><ssdm name=""/></StgValue>
</bind>
</comp>

<comp id="24" class="1001" name="const_24">
<pin_list>
<pin id="25" dir="1" index="0" bw="1" slack="0"/>
</pin_list>
<bind>
<StgValue><ssdm name=""/></StgValue>
</bind>
</comp>

<comp id="26" class="1001" name="const_26">
<pin_list>
<pin id="27" dir="1" index="0" bw="1" slack="2147483647"/>
</pin_list>
<bind>
<StgValue><ssdm name="_ssdm_op_SpecLoopName"/></StgValue>
</bind>
</comp>

<comp id="28" class="1001" name="const_28">
<pin_list>
<pin id="29" dir="1" index="0" bw="1" slack="2147483647"/>
</pin_list>
<bind>
<StgValue><ssdm name="p_str9"/></StgValue>
</bind>
</comp>

<comp id="30" class="1001" name="const_30">
<pin_list>
<pin id="31" dir="1" index="0" bw="1" slack="2147483647"/>
</pin_list>
<bind>
<StgValue><ssdm name="_ssdm_op_SpecRegionBegin"/></StgValue>
</bind>
</comp>

<comp id="32" class="1001" name="const_32">
<pin_list>
<pin id="33" dir="1" index="0" bw="1" slack="2147483647"/>
</pin_list>
<bind>
<StgValue><ssdm name="_ssdm_op_SpecPipeline"/></StgValue>
</bind>
</comp>

<comp id="34" class="1001" name="const_34">
<pin_list>
<pin id="35" dir="1" index="0" bw="1" slack="2147483647"/>
</pin_list>
<bind>
<StgValue><ssdm name=""/></StgValue>
</bind>
</comp>

<comp id="36" class="1001" name="const_36">
<pin_list>
<pin id="37" dir="1" index="0" bw="1" slack="2147483647"/>
</pin_list>
<bind>
<StgValue><ssdm name=""/></StgValue>
</bind>
</comp>

<comp id="38" class="1001" name="const_38">
<pin_list>
<pin id="39" dir="1" index="0" bw="1" slack="0"/>
</pin_list>
<bind>
<StgValue><ssdm name="_ssdm_op_Read.ap_fifo.volatile.i8P"/></StgValue>
</bind>
</comp>

<comp id="40" class="1001" name="const_40">
<pin_list>
<pin id="41" dir="1" index="0" bw="1" slack="0"/>
</pin_list>
<bind>
<StgValue><ssdm name="_ssdm_op_Write.ap_fifo.volatile.i8P"/></StgValue>
</bind>
</comp>

<comp id="42" class="1001" name="const_42">
<pin_list>
<pin id="43" dir="1" index="0" bw="1" slack="2147483647"/>
</pin_list>
<bind>
<StgValue><ssdm name="_ssdm_op_SpecRegionEnd"/></StgValue>
</bind>
</comp>

<comp id="44" class="1004" name="eroded_data_V_read_read_fu_44">
<pin_list>
<pin id="45" dir="0" index="0" bw="8" slack="0"/>
<pin id="46" dir="0" index="1" bw="8" slack="0"/>
<pin id="47" dir="1" index="2" bw="8" slack="0"/>
</pin_list>
<bind>
<opcode="read(1150) " fcode="read"/>
<opset="eroded_data_V_read/3 "/>
</bind>
</comp>

<comp id="50" class="1004" name="write_ln12_write_fu_50">
<pin_list>
<pin id="51" dir="0" index="0" bw="0" slack="0"/>
<pin id="52" dir="0" index="1" bw="8" slack="0"/>
<pin id="53" dir="0" index="2" bw="8" slack="0"/>
<pin id="54" dir="1" index="3" bw="0" slack="2147483647"/>
</pin_list>
<bind>
<opcode="write(1151) " fcode="write"/>
<opset="write_ln12/3 "/>
</bind>
</comp>

<comp id="58" class="1005" name="i_0_i_i_reg_58">
<pin_list>
<pin id="59" dir="0" index="0" bw="13" slack="1"/>
<pin id="60" dir="1" index="1" bw="13" slack="1"/>
</pin_list>
<bind>
<opset="i_0_i_i (phireg) "/>
</bind>
</comp>

<comp id="62" class="1004" name="i_0_i_i_phi_fu_62">
<pin_list>
<pin id="63" dir="0" index="0" bw="1" slack="1"/>
<pin id="64" dir="0" index="1" bw="0" slack="2147483647"/>
<pin id="65" dir="0" index="2" bw="13" slack="0"/>
<pin id="66" dir="0" index="3" bw="0" slack="2147483647"/>
<pin id="67" dir="1" index="4" bw="13" slack="0"/>
</pin_list>
<bind>
<opcode="phi(47) " fcode="phi"/>
<opset="i_0_i_i/2 "/>
</bind>
</comp>

<comp id="69" class="1004" name="icmp_ln11_fu_69">
<pin_list>
<pin id="70" dir="0" index="0" bw="13" slack="0"/>
<pin id="71" dir="0" index="1" bw="13" slack="0"/>
<pin id="72" dir="1" index="2" bw="1" slack="1"/>
</pin_list>
<bind>
<opcode="icmp(45) " fcode="icmp"/>
<opset="icmp_ln11/2 "/>
</bind>
</comp>

<comp id="75" class="1004" name="i_fu_75">
<pin_list>
<pin id="76" dir="0" index="0" bw="13" slack="0"/>
<pin id="77" dir="0" index="1" bw="1" slack="0"/>
<pin id="78" dir="1" index="2" bw="13" slack="0"/>
</pin_list>
<bind>
<opcode="add(8) " fcode="add"/>
<opset="i/2 "/>
</bind>
</comp>

<comp id="81" class="1005" name="icmp_ln11_reg_81">
<pin_list>
<pin id="82" dir="0" index="0" bw="1" slack="1"/>
<pin id="83" dir="1" index="1" bw="1" slack="2147483647"/>
</pin_list>
<bind>
<opset="icmp_ln11 "/>
</bind>
</comp>

<comp id="85" class="1005" name="i_reg_85">
<pin_list>
<pin id="86" dir="0" index="0" bw="13" slack="0"/>
<pin id="87" dir="1" index="1" bw="13" slack="0"/>
</pin_list>
<bind>
<opset="i "/>
</bind>
</comp>

</comp_list>

<net_list>
<net id="48"><net_src comp="38" pin="0"/><net_sink comp="44" pin=0"/></net>

<net id="49"><net_src comp="0" pin="0"/><net_sink comp="44" pin=1"/></net>

<net id="55"><net_src comp="40" pin="0"/><net_sink comp="50" pin=0"/></net>

<net id="56"><net_src comp="2" pin="0"/><net_sink comp="50" pin=1"/></net>

<net id="57"><net_src comp="44" pin="2"/><net_sink comp="50" pin=2"/></net>

<net id="61"><net_src comp="16" pin="0"/><net_sink comp="58" pin=0"/></net>

<net id="68"><net_src comp="58" pin="1"/><net_sink comp="62" pin=0"/></net>

<net id="73"><net_src comp="62" pin="4"/><net_sink comp="69" pin=0"/></net>

<net id="74"><net_src comp="18" pin="0"/><net_sink comp="69" pin=1"/></net>

<net id="79"><net_src comp="62" pin="4"/><net_sink comp="75" pin=0"/></net>

<net id="80"><net_src comp="24" pin="0"/><net_sink comp="75" pin=1"/></net>

<net id="84"><net_src comp="69" pin="2"/><net_sink comp="81" pin=0"/></net>

<net id="88"><net_src comp="75" pin="2"/><net_sink comp="85" pin=0"/></net>

<net id="89"><net_src comp="85" pin="1"/><net_sink comp="62" pin=2"/></net>

</net_list>

</model> 
---------------- Datapath Model END ------------------

* FSMD analyzer results:
  - Output states:
	Port: eroded_data_V | {}
	Port: bottom_data_V | {3 }
 - Input state : 
	Port: get_12th_segment_Loo : eroded_data_V | {3 }
	Port: get_12th_segment_Loo : bottom_data_V | {}
  - Chain level:
	State 1
	State 2
		icmp_ln11 : 1
		i : 1
		br_ln11 : 2
	State 3
		empty : 1
	State 4


============================================================
+ Verbose Summary: Datapath Resource usage 
============================================================

* Functional unit list:
|----------|-------------------------------|---------|---------|
| Operation|        Functional Unit        |    FF   |   LUT   |
|----------|-------------------------------|---------|---------|
|    add   |            i_fu_75            |    0    |    17   |
|----------|-------------------------------|---------|---------|
|   icmp   |        icmp_ln11_fu_69        |    0    |    13   |
|----------|-------------------------------|---------|---------|
|   read   | eroded_data_V_read_read_fu_44 |    0    |    0    |
|----------|-------------------------------|---------|---------|
|   write  |     write_ln12_write_fu_50    |    0    |    0    |
|----------|-------------------------------|---------|---------|
|   Total  |                               |    0    |    30   |
|----------|-------------------------------|---------|---------|

Memories:
N/A

* Register list:
+----------------+--------+
|                |   FF   |
+----------------+--------+
| i_0_i_i_reg_58 |   13   |
|    i_reg_85    |   13   |
|icmp_ln11_reg_81|    1   |
+----------------+--------+
|      Total     |   27   |
+----------------+--------+

* Multiplexer (MUX) list: 
|--------|------|------|------|--------|
|  Comp  |  Pin | Size |  BW  | S x BW |
|--------|------|------|------|--------|
|  Total |      |      |      |    0   |
|--------|------|------|------|--------|



* Summary:
+-----------+--------+--------+
|           |   FF   |   LUT  |
+-----------+--------+--------+
|  Function |    0   |   30   |
|   Memory  |    -   |    -   |
|Multiplexer|    -   |    -   |
|  Register |   27   |    -   |
+-----------+--------+--------+
|   Total   |   27   |   30   |
+-----------+--------+--------+
