

================================================================
== Vivado HLS Report for 'get_centroid_sh_Bloc'
================================================================
* Date:           Wed Mar 18 11:34:36 2020

* Version:        2019.2.1 (Build 2724168 on Thu Dec 05 05:19:09 MST 2019)
* Project:        WeedD
* Solution:       solution1
* Product family: zynq
* Target device:  xc7z020-clg400-1


================================================================
== Performance Estimates
================================================================
+ Timing: 
    * Summary: 
    +--------+----------+----------+------------+
    |  Clock |  Target  | Estimated| Uncertainty|
    +--------+----------+----------+------------+
    |ap_clk  | 50.00 ns | 8.456 ns |   6.25 ns  |
    +--------+----------+----------+------------+

+ Latency: 
    * Summary: 
    +---------+---------+-----------+----------+-----+-----+---------+
    |  Latency (cycles) |  Latency (absolute)  |  Interval | Pipeline|
    |   min   |   max   |    min    |    max   | min | max |   Type  |
    +---------+---------+-----------+----------+-----+-----+---------+
    |        1|       35| 50.000 ns | 1.750 us |    1|   35|   none  |
    +---------+---------+-----------+----------+-----+-----+---------+

    + Detail: 
        * Instance: 
        N/A

        * Loop: 
        N/A

============================================================
+ Verbose Summary: Synthesis Manager
============================================================
InlineROM: 1
ExposeGlobal: 0
============================================================
+ Verbose Summary: CDFG Model
============================================================
IsTopModel: 0
ResetActiveHigh: 1
IsCombinational: 2
IsDatapathOnly: 0
HasWiredReturn: 1
HasMFsm: 0
HasVarLatency: 1
IsPipeline: 0
IsRtlPipelined: 0
IsInstanceOverlapped: 0
IsDontTouch: 0
HasImplIP: 0
IsGatedGlobalClock: 0


============================================================
+ Verbose Summary: Schedule
============================================================
* Number of FSM states : 36
* Pipeline : 0
* Dataflow Pipeline: 0

* FSM state transitions: 
1 --> 2 36 
2 --> 3 
3 --> 4 
4 --> 5 
5 --> 6 
6 --> 7 
7 --> 8 
8 --> 9 
9 --> 10 
10 --> 11 
11 --> 12 
12 --> 13 
13 --> 14 
14 --> 15 
15 --> 16 
16 --> 17 
17 --> 18 
18 --> 19 
19 --> 20 
20 --> 21 
21 --> 22 
22 --> 23 
23 --> 24 
24 --> 25 
25 --> 26 
26 --> 27 
27 --> 28 
28 --> 29 
29 --> 30 
30 --> 31 
31 --> 32 
32 --> 33 
33 --> 34 
34 --> 35 
35 --> 36 
36 --> 

* FSM state operations: 

State 1 <SV = 0> <Delay = 4.13>
ST_1 : Operation 37 [1/1] (0.00ns)   --->   "call void (...)* @_ssdm_op_SpecInterface(i32* %possible_c_y, [8 x i8]* @ap_fifo_str, i32 0, i32 0, [1 x i8]* @p_str, i32 0, i32 0, [1 x i8]* @p_str, [1 x i8]* @p_str, [1 x i8]* @p_str, i32 2, i32 2, i32 16, i32 16, [1 x i8]* @p_str, [11 x i8]* @ScalarProp_str)"   --->   Operation 37 'specinterface' <Predicate = true> <Delay = 0.00>
ST_1 : Operation 38 [1/1] (0.00ns)   --->   "call void (...)* @_ssdm_op_SpecInterface(i16* %h_offset, [8 x i8]* @ap_fifo_str, i32 0, i32 0, [1 x i8]* @p_str, i32 0, i32 0, [1 x i8]* @p_str, [1 x i8]* @p_str, [1 x i8]* @p_str, i32 2, i32 2, i32 16, i32 16, [1 x i8]* @p_str, [11 x i8]* @ScalarProp_str)"   --->   Operation 38 'specinterface' <Predicate = true> <Delay = 0.00>
ST_1 : Operation 39 [1/1] (0.00ns)   --->   "call void (...)* @_ssdm_op_SpecInterface(i8* %v_offset_read, [8 x i8]* @ap_fifo_str, i32 0, i32 0, [1 x i8]* @p_str, i32 0, i32 0, [1 x i8]* @p_str, [1 x i8]* @p_str, [1 x i8]* @p_str, i32 2, i32 2, i32 16, i32 16, [1 x i8]* @p_str, [11 x i8]* @ScalarProp_str)"   --->   Operation 39 'specinterface' <Predicate = true> <Delay = 0.00>
ST_1 : Operation 40 [1/1] (0.00ns)   --->   "call void (...)* @_ssdm_op_SpecInterface(i48* %c_read, [8 x i8]* @ap_fifo_str, i32 0, i32 0, [1 x i8]* @p_str, i32 0, i32 0, [1 x i8]* @p_str, [1 x i8]* @p_str, [1 x i8]* @p_str, i32 2, i32 2, i32 16, i32 16, [1 x i8]* @p_str, [11 x i8]* @ScalarProp_str)"   --->   Operation 40 'specinterface' <Predicate = true> <Delay = 0.00>
ST_1 : Operation 41 [1/1] (0.00ns)   --->   "call void (...)* @_ssdm_op_SpecInterface(i8* %possible_c_x, [8 x i8]* @ap_fifo_str, i32 0, i32 0, [1 x i8]* @p_str, i32 0, i32 0, [1 x i8]* @p_str, [1 x i8]* @p_str, [1 x i8]* @p_str, i32 2, i32 2, i32 16, i32 16, [1 x i8]* @p_str, [11 x i8]* @ScalarProp_str)"   --->   Operation 41 'specinterface' <Predicate = true> <Delay = 0.00>
ST_1 : Operation 42 [1/1] (0.00ns)   --->   "%p_read_4 = call i32 @_ssdm_op_Read.ap_auto.i32(i32 %p_read2)" [./wd_stage_2.h:120]   --->   Operation 42 'read' 'p_read_4' <Predicate = true> <Delay = 0.00>
ST_1 : Operation 43 [1/1] (0.00ns)   --->   "%p_read14 = call i32 @_ssdm_op_Read.ap_auto.i32(i32 %p_read1)" [./wd_stage_2.h:120]   --->   Operation 43 'read' 'p_read14' <Predicate = true> <Delay = 0.00>
ST_1 : Operation 44 [1/1] (0.00ns)   --->   "%p_read_5 = call i32 @_ssdm_op_Read.ap_auto.i32(i32 %p_read)" [./wd_stage_2.h:120]   --->   Operation 44 'read' 'p_read_5' <Predicate = true> <Delay = 0.00>
ST_1 : Operation 45 [1/1] (3.63ns)   --->   "%possible_c_x_read = call i8 @_ssdm_op_Read.ap_fifo.i8P(i8* %possible_c_x)" [./wd_stage_2.h:120]   --->   Operation 45 'read' 'possible_c_x_read' <Predicate = true> <Delay = 3.63> <Core = "FIFO">   --->   Core 32 'FIFO' <Latency = 0> <II = 1> <Delay = 3.63> <Storage> <Opcode : 'read' 'write' 'nbread' 'nbwrite'> <Ports = 0> <Width = 32> <Depth = 1> <FIFO>
ST_1 : Operation 46 [1/1] (3.63ns)   --->   "%c_read_2 = call i48 @_ssdm_op_Read.ap_fifo.i48P(i48* %c_read)" [./wd_stage_2.h:137]   --->   Operation 46 'read' 'c_read_2' <Predicate = true> <Delay = 3.63> <Core = "FIFO">   --->   Core 32 'FIFO' <Latency = 0> <II = 1> <Delay = 3.63> <Storage> <Opcode : 'read' 'write' 'nbread' 'nbwrite'> <Ports = 0> <Width = 32> <Depth = 1> <FIFO>
ST_1 : Operation 47 [1/1] (3.63ns)   --->   "%v_offset_read_2 = call i8 @_ssdm_op_Read.ap_fifo.i8P(i8* %v_offset_read)" [./wd_stage_2.h:134]   --->   Operation 47 'read' 'v_offset_read_2' <Predicate = true> <Delay = 3.63> <Core = "FIFO">   --->   Core 32 'FIFO' <Latency = 0> <II = 1> <Delay = 3.63> <Storage> <Opcode : 'read' 'write' 'nbread' 'nbwrite'> <Ports = 0> <Width = 32> <Depth = 1> <FIFO>
ST_1 : Operation 48 [1/1] (3.63ns)   --->   "%h_offset_read = call i16 @_ssdm_op_Read.ap_fifo.i16P(i16* %h_offset)" [./wd_stage_2.h:135]   --->   Operation 48 'read' 'h_offset_read' <Predicate = true> <Delay = 3.63> <Core = "FIFO">   --->   Core 32 'FIFO' <Latency = 0> <II = 1> <Delay = 3.63> <Storage> <Opcode : 'read' 'write' 'nbread' 'nbwrite'> <Ports = 0> <Width = 32> <Depth = 1> <FIFO>
ST_1 : Operation 49 [1/1] (3.63ns)   --->   "%possible_c_y_read = call i32 @_ssdm_op_Read.ap_fifo.i32P(i32* %possible_c_y)"   --->   Operation 49 'read' 'possible_c_y_read' <Predicate = true> <Delay = 3.63> <Core = "FIFO">   --->   Core 32 'FIFO' <Latency = 0> <II = 1> <Delay = 3.63> <Storage> <Opcode : 'read' 'write' 'nbread' 'nbwrite'> <Ports = 0> <Width = 32> <Depth = 1> <FIFO>
ST_1 : Operation 50 [1/1] (2.47ns)   --->   "%icmp_ln133 = icmp eq i32 %p_read_5, 0" [./wd_stage_2.h:133->./wd_stage_2.h:120]   --->   Operation 50 'icmp' 'icmp_ln133' <Predicate = true> <Delay = 2.47> <Core = "Cmp">   --->   Core 25 'Cmp' <Latency = 0> <II = 1> <Delay = 2.47> <FuncUnit> <Opcode : 'icmp'> <InPorts = 2> <OutPorts = 1>
ST_1 : Operation 51 [1/1] (0.00ns)   --->   "br i1 %icmp_ln133, label %0, label %1" [./wd_stage_2.h:133->./wd_stage_2.h:120]   --->   Operation 51 'br' <Predicate = true> <Delay = 0.00>
ST_1 : Operation 52 [36/36] (4.13ns)   --->   "%udiv_ln134 = udiv i32 %p_read14, %p_read_5" [./wd_stage_2.h:134->./wd_stage_2.h:120]   --->   Operation 52 'udiv' 'udiv_ln134' <Predicate = (!icmp_ln133)> <Delay = 4.13> <Core = "DivnS_SEQ">   --->   Core 24 'DivnS_SEQ' <Latency = 35> <II = 32> <Delay = 4.13> <FuncUnit> <Opcode : 'sdiv' 'srem' 'udiv' 'urem'> <InPorts = 2> <OutPorts = 1>
ST_1 : Operation 53 [36/36] (4.13ns)   --->   "%udiv_ln135 = udiv i32 %p_read_4, %p_read_5" [./wd_stage_2.h:135->./wd_stage_2.h:120]   --->   Operation 53 'udiv' 'udiv_ln135' <Predicate = (!icmp_ln133)> <Delay = 4.13> <Core = "DivnS_SEQ">   --->   Core 24 'DivnS_SEQ' <Latency = 35> <II = 32> <Delay = 4.13> <FuncUnit> <Opcode : 'sdiv' 'srem' 'udiv' 'urem'> <InPorts = 2> <OutPorts = 1>
ST_1 : Operation 54 [1/1] (0.00ns)   --->   "%zext_ln120 = zext i8 %possible_c_x_read to i16" [./wd_stage_2.h:120->./wd_stage_2.h:120]   --->   Operation 54 'zext' 'zext_ln120' <Predicate = (icmp_ln133)> <Delay = 0.00>
ST_1 : Operation 55 [1/1] (0.00ns)   --->   "%c1_part_set_i_i = call i48 @llvm.part.set.i48.i16(i48 %c_read_2, i16 %zext_ln120, i32 0, i32 15)" [./wd_stage_2.h:137->./wd_stage_2.h:120]   --->   Operation 55 'partset' 'c1_part_set_i_i' <Predicate = (icmp_ln133)> <Delay = 0.00>
ST_1 : Operation 56 [1/1] (1.76ns)   --->   "br label %.exit"   --->   Operation 56 'br' <Predicate = (icmp_ln133)> <Delay = 1.76>

State 2 <SV = 1> <Delay = 4.13>
ST_2 : Operation 57 [35/36] (4.13ns)   --->   "%udiv_ln134 = udiv i32 %p_read14, %p_read_5" [./wd_stage_2.h:134->./wd_stage_2.h:120]   --->   Operation 57 'udiv' 'udiv_ln134' <Predicate = true> <Delay = 4.13> <Core = "DivnS_SEQ">   --->   Core 24 'DivnS_SEQ' <Latency = 35> <II = 32> <Delay = 4.13> <FuncUnit> <Opcode : 'sdiv' 'srem' 'udiv' 'urem'> <InPorts = 2> <OutPorts = 1>
ST_2 : Operation 58 [35/36] (4.13ns)   --->   "%udiv_ln135 = udiv i32 %p_read_4, %p_read_5" [./wd_stage_2.h:135->./wd_stage_2.h:120]   --->   Operation 58 'udiv' 'udiv_ln135' <Predicate = true> <Delay = 4.13> <Core = "DivnS_SEQ">   --->   Core 24 'DivnS_SEQ' <Latency = 35> <II = 32> <Delay = 4.13> <FuncUnit> <Opcode : 'sdiv' 'srem' 'udiv' 'urem'> <InPorts = 2> <OutPorts = 1>

State 3 <SV = 2> <Delay = 4.13>
ST_3 : Operation 59 [34/36] (4.13ns)   --->   "%udiv_ln134 = udiv i32 %p_read14, %p_read_5" [./wd_stage_2.h:134->./wd_stage_2.h:120]   --->   Operation 59 'udiv' 'udiv_ln134' <Predicate = true> <Delay = 4.13> <Core = "DivnS_SEQ">   --->   Core 24 'DivnS_SEQ' <Latency = 35> <II = 32> <Delay = 4.13> <FuncUnit> <Opcode : 'sdiv' 'srem' 'udiv' 'urem'> <InPorts = 2> <OutPorts = 1>
ST_3 : Operation 60 [34/36] (4.13ns)   --->   "%udiv_ln135 = udiv i32 %p_read_4, %p_read_5" [./wd_stage_2.h:135->./wd_stage_2.h:120]   --->   Operation 60 'udiv' 'udiv_ln135' <Predicate = true> <Delay = 4.13> <Core = "DivnS_SEQ">   --->   Core 24 'DivnS_SEQ' <Latency = 35> <II = 32> <Delay = 4.13> <FuncUnit> <Opcode : 'sdiv' 'srem' 'udiv' 'urem'> <InPorts = 2> <OutPorts = 1>

State 4 <SV = 3> <Delay = 4.13>
ST_4 : Operation 61 [33/36] (4.13ns)   --->   "%udiv_ln134 = udiv i32 %p_read14, %p_read_5" [./wd_stage_2.h:134->./wd_stage_2.h:120]   --->   Operation 61 'udiv' 'udiv_ln134' <Predicate = true> <Delay = 4.13> <Core = "DivnS_SEQ">   --->   Core 24 'DivnS_SEQ' <Latency = 35> <II = 32> <Delay = 4.13> <FuncUnit> <Opcode : 'sdiv' 'srem' 'udiv' 'urem'> <InPorts = 2> <OutPorts = 1>
ST_4 : Operation 62 [33/36] (4.13ns)   --->   "%udiv_ln135 = udiv i32 %p_read_4, %p_read_5" [./wd_stage_2.h:135->./wd_stage_2.h:120]   --->   Operation 62 'udiv' 'udiv_ln135' <Predicate = true> <Delay = 4.13> <Core = "DivnS_SEQ">   --->   Core 24 'DivnS_SEQ' <Latency = 35> <II = 32> <Delay = 4.13> <FuncUnit> <Opcode : 'sdiv' 'srem' 'udiv' 'urem'> <InPorts = 2> <OutPorts = 1>

State 5 <SV = 4> <Delay = 4.13>
ST_5 : Operation 63 [32/36] (4.13ns)   --->   "%udiv_ln134 = udiv i32 %p_read14, %p_read_5" [./wd_stage_2.h:134->./wd_stage_2.h:120]   --->   Operation 63 'udiv' 'udiv_ln134' <Predicate = true> <Delay = 4.13> <Core = "DivnS_SEQ">   --->   Core 24 'DivnS_SEQ' <Latency = 35> <II = 32> <Delay = 4.13> <FuncUnit> <Opcode : 'sdiv' 'srem' 'udiv' 'urem'> <InPorts = 2> <OutPorts = 1>
ST_5 : Operation 64 [32/36] (4.13ns)   --->   "%udiv_ln135 = udiv i32 %p_read_4, %p_read_5" [./wd_stage_2.h:135->./wd_stage_2.h:120]   --->   Operation 64 'udiv' 'udiv_ln135' <Predicate = true> <Delay = 4.13> <Core = "DivnS_SEQ">   --->   Core 24 'DivnS_SEQ' <Latency = 35> <II = 32> <Delay = 4.13> <FuncUnit> <Opcode : 'sdiv' 'srem' 'udiv' 'urem'> <InPorts = 2> <OutPorts = 1>

State 6 <SV = 5> <Delay = 4.13>
ST_6 : Operation 65 [31/36] (4.13ns)   --->   "%udiv_ln134 = udiv i32 %p_read14, %p_read_5" [./wd_stage_2.h:134->./wd_stage_2.h:120]   --->   Operation 65 'udiv' 'udiv_ln134' <Predicate = true> <Delay = 4.13> <Core = "DivnS_SEQ">   --->   Core 24 'DivnS_SEQ' <Latency = 35> <II = 32> <Delay = 4.13> <FuncUnit> <Opcode : 'sdiv' 'srem' 'udiv' 'urem'> <InPorts = 2> <OutPorts = 1>
ST_6 : Operation 66 [31/36] (4.13ns)   --->   "%udiv_ln135 = udiv i32 %p_read_4, %p_read_5" [./wd_stage_2.h:135->./wd_stage_2.h:120]   --->   Operation 66 'udiv' 'udiv_ln135' <Predicate = true> <Delay = 4.13> <Core = "DivnS_SEQ">   --->   Core 24 'DivnS_SEQ' <Latency = 35> <II = 32> <Delay = 4.13> <FuncUnit> <Opcode : 'sdiv' 'srem' 'udiv' 'urem'> <InPorts = 2> <OutPorts = 1>

State 7 <SV = 6> <Delay = 4.13>
ST_7 : Operation 67 [30/36] (4.13ns)   --->   "%udiv_ln134 = udiv i32 %p_read14, %p_read_5" [./wd_stage_2.h:134->./wd_stage_2.h:120]   --->   Operation 67 'udiv' 'udiv_ln134' <Predicate = true> <Delay = 4.13> <Core = "DivnS_SEQ">   --->   Core 24 'DivnS_SEQ' <Latency = 35> <II = 32> <Delay = 4.13> <FuncUnit> <Opcode : 'sdiv' 'srem' 'udiv' 'urem'> <InPorts = 2> <OutPorts = 1>
ST_7 : Operation 68 [30/36] (4.13ns)   --->   "%udiv_ln135 = udiv i32 %p_read_4, %p_read_5" [./wd_stage_2.h:135->./wd_stage_2.h:120]   --->   Operation 68 'udiv' 'udiv_ln135' <Predicate = true> <Delay = 4.13> <Core = "DivnS_SEQ">   --->   Core 24 'DivnS_SEQ' <Latency = 35> <II = 32> <Delay = 4.13> <FuncUnit> <Opcode : 'sdiv' 'srem' 'udiv' 'urem'> <InPorts = 2> <OutPorts = 1>

State 8 <SV = 7> <Delay = 4.13>
ST_8 : Operation 69 [29/36] (4.13ns)   --->   "%udiv_ln134 = udiv i32 %p_read14, %p_read_5" [./wd_stage_2.h:134->./wd_stage_2.h:120]   --->   Operation 69 'udiv' 'udiv_ln134' <Predicate = true> <Delay = 4.13> <Core = "DivnS_SEQ">   --->   Core 24 'DivnS_SEQ' <Latency = 35> <II = 32> <Delay = 4.13> <FuncUnit> <Opcode : 'sdiv' 'srem' 'udiv' 'urem'> <InPorts = 2> <OutPorts = 1>
ST_8 : Operation 70 [29/36] (4.13ns)   --->   "%udiv_ln135 = udiv i32 %p_read_4, %p_read_5" [./wd_stage_2.h:135->./wd_stage_2.h:120]   --->   Operation 70 'udiv' 'udiv_ln135' <Predicate = true> <Delay = 4.13> <Core = "DivnS_SEQ">   --->   Core 24 'DivnS_SEQ' <Latency = 35> <II = 32> <Delay = 4.13> <FuncUnit> <Opcode : 'sdiv' 'srem' 'udiv' 'urem'> <InPorts = 2> <OutPorts = 1>

State 9 <SV = 8> <Delay = 4.13>
ST_9 : Operation 71 [28/36] (4.13ns)   --->   "%udiv_ln134 = udiv i32 %p_read14, %p_read_5" [./wd_stage_2.h:134->./wd_stage_2.h:120]   --->   Operation 71 'udiv' 'udiv_ln134' <Predicate = true> <Delay = 4.13> <Core = "DivnS_SEQ">   --->   Core 24 'DivnS_SEQ' <Latency = 35> <II = 32> <Delay = 4.13> <FuncUnit> <Opcode : 'sdiv' 'srem' 'udiv' 'urem'> <InPorts = 2> <OutPorts = 1>
ST_9 : Operation 72 [28/36] (4.13ns)   --->   "%udiv_ln135 = udiv i32 %p_read_4, %p_read_5" [./wd_stage_2.h:135->./wd_stage_2.h:120]   --->   Operation 72 'udiv' 'udiv_ln135' <Predicate = true> <Delay = 4.13> <Core = "DivnS_SEQ">   --->   Core 24 'DivnS_SEQ' <Latency = 35> <II = 32> <Delay = 4.13> <FuncUnit> <Opcode : 'sdiv' 'srem' 'udiv' 'urem'> <InPorts = 2> <OutPorts = 1>

State 10 <SV = 9> <Delay = 4.13>
ST_10 : Operation 73 [27/36] (4.13ns)   --->   "%udiv_ln134 = udiv i32 %p_read14, %p_read_5" [./wd_stage_2.h:134->./wd_stage_2.h:120]   --->   Operation 73 'udiv' 'udiv_ln134' <Predicate = true> <Delay = 4.13> <Core = "DivnS_SEQ">   --->   Core 24 'DivnS_SEQ' <Latency = 35> <II = 32> <Delay = 4.13> <FuncUnit> <Opcode : 'sdiv' 'srem' 'udiv' 'urem'> <InPorts = 2> <OutPorts = 1>
ST_10 : Operation 74 [27/36] (4.13ns)   --->   "%udiv_ln135 = udiv i32 %p_read_4, %p_read_5" [./wd_stage_2.h:135->./wd_stage_2.h:120]   --->   Operation 74 'udiv' 'udiv_ln135' <Predicate = true> <Delay = 4.13> <Core = "DivnS_SEQ">   --->   Core 24 'DivnS_SEQ' <Latency = 35> <II = 32> <Delay = 4.13> <FuncUnit> <Opcode : 'sdiv' 'srem' 'udiv' 'urem'> <InPorts = 2> <OutPorts = 1>

State 11 <SV = 10> <Delay = 4.13>
ST_11 : Operation 75 [26/36] (4.13ns)   --->   "%udiv_ln134 = udiv i32 %p_read14, %p_read_5" [./wd_stage_2.h:134->./wd_stage_2.h:120]   --->   Operation 75 'udiv' 'udiv_ln134' <Predicate = true> <Delay = 4.13> <Core = "DivnS_SEQ">   --->   Core 24 'DivnS_SEQ' <Latency = 35> <II = 32> <Delay = 4.13> <FuncUnit> <Opcode : 'sdiv' 'srem' 'udiv' 'urem'> <InPorts = 2> <OutPorts = 1>
ST_11 : Operation 76 [26/36] (4.13ns)   --->   "%udiv_ln135 = udiv i32 %p_read_4, %p_read_5" [./wd_stage_2.h:135->./wd_stage_2.h:120]   --->   Operation 76 'udiv' 'udiv_ln135' <Predicate = true> <Delay = 4.13> <Core = "DivnS_SEQ">   --->   Core 24 'DivnS_SEQ' <Latency = 35> <II = 32> <Delay = 4.13> <FuncUnit> <Opcode : 'sdiv' 'srem' 'udiv' 'urem'> <InPorts = 2> <OutPorts = 1>

State 12 <SV = 11> <Delay = 4.13>
ST_12 : Operation 77 [25/36] (4.13ns)   --->   "%udiv_ln134 = udiv i32 %p_read14, %p_read_5" [./wd_stage_2.h:134->./wd_stage_2.h:120]   --->   Operation 77 'udiv' 'udiv_ln134' <Predicate = true> <Delay = 4.13> <Core = "DivnS_SEQ">   --->   Core 24 'DivnS_SEQ' <Latency = 35> <II = 32> <Delay = 4.13> <FuncUnit> <Opcode : 'sdiv' 'srem' 'udiv' 'urem'> <InPorts = 2> <OutPorts = 1>
ST_12 : Operation 78 [25/36] (4.13ns)   --->   "%udiv_ln135 = udiv i32 %p_read_4, %p_read_5" [./wd_stage_2.h:135->./wd_stage_2.h:120]   --->   Operation 78 'udiv' 'udiv_ln135' <Predicate = true> <Delay = 4.13> <Core = "DivnS_SEQ">   --->   Core 24 'DivnS_SEQ' <Latency = 35> <II = 32> <Delay = 4.13> <FuncUnit> <Opcode : 'sdiv' 'srem' 'udiv' 'urem'> <InPorts = 2> <OutPorts = 1>

State 13 <SV = 12> <Delay = 4.13>
ST_13 : Operation 79 [24/36] (4.13ns)   --->   "%udiv_ln134 = udiv i32 %p_read14, %p_read_5" [./wd_stage_2.h:134->./wd_stage_2.h:120]   --->   Operation 79 'udiv' 'udiv_ln134' <Predicate = true> <Delay = 4.13> <Core = "DivnS_SEQ">   --->   Core 24 'DivnS_SEQ' <Latency = 35> <II = 32> <Delay = 4.13> <FuncUnit> <Opcode : 'sdiv' 'srem' 'udiv' 'urem'> <InPorts = 2> <OutPorts = 1>
ST_13 : Operation 80 [24/36] (4.13ns)   --->   "%udiv_ln135 = udiv i32 %p_read_4, %p_read_5" [./wd_stage_2.h:135->./wd_stage_2.h:120]   --->   Operation 80 'udiv' 'udiv_ln135' <Predicate = true> <Delay = 4.13> <Core = "DivnS_SEQ">   --->   Core 24 'DivnS_SEQ' <Latency = 35> <II = 32> <Delay = 4.13> <FuncUnit> <Opcode : 'sdiv' 'srem' 'udiv' 'urem'> <InPorts = 2> <OutPorts = 1>

State 14 <SV = 13> <Delay = 4.13>
ST_14 : Operation 81 [23/36] (4.13ns)   --->   "%udiv_ln134 = udiv i32 %p_read14, %p_read_5" [./wd_stage_2.h:134->./wd_stage_2.h:120]   --->   Operation 81 'udiv' 'udiv_ln134' <Predicate = true> <Delay = 4.13> <Core = "DivnS_SEQ">   --->   Core 24 'DivnS_SEQ' <Latency = 35> <II = 32> <Delay = 4.13> <FuncUnit> <Opcode : 'sdiv' 'srem' 'udiv' 'urem'> <InPorts = 2> <OutPorts = 1>
ST_14 : Operation 82 [23/36] (4.13ns)   --->   "%udiv_ln135 = udiv i32 %p_read_4, %p_read_5" [./wd_stage_2.h:135->./wd_stage_2.h:120]   --->   Operation 82 'udiv' 'udiv_ln135' <Predicate = true> <Delay = 4.13> <Core = "DivnS_SEQ">   --->   Core 24 'DivnS_SEQ' <Latency = 35> <II = 32> <Delay = 4.13> <FuncUnit> <Opcode : 'sdiv' 'srem' 'udiv' 'urem'> <InPorts = 2> <OutPorts = 1>

State 15 <SV = 14> <Delay = 4.13>
ST_15 : Operation 83 [22/36] (4.13ns)   --->   "%udiv_ln134 = udiv i32 %p_read14, %p_read_5" [./wd_stage_2.h:134->./wd_stage_2.h:120]   --->   Operation 83 'udiv' 'udiv_ln134' <Predicate = true> <Delay = 4.13> <Core = "DivnS_SEQ">   --->   Core 24 'DivnS_SEQ' <Latency = 35> <II = 32> <Delay = 4.13> <FuncUnit> <Opcode : 'sdiv' 'srem' 'udiv' 'urem'> <InPorts = 2> <OutPorts = 1>
ST_15 : Operation 84 [22/36] (4.13ns)   --->   "%udiv_ln135 = udiv i32 %p_read_4, %p_read_5" [./wd_stage_2.h:135->./wd_stage_2.h:120]   --->   Operation 84 'udiv' 'udiv_ln135' <Predicate = true> <Delay = 4.13> <Core = "DivnS_SEQ">   --->   Core 24 'DivnS_SEQ' <Latency = 35> <II = 32> <Delay = 4.13> <FuncUnit> <Opcode : 'sdiv' 'srem' 'udiv' 'urem'> <InPorts = 2> <OutPorts = 1>

State 16 <SV = 15> <Delay = 4.13>
ST_16 : Operation 85 [21/36] (4.13ns)   --->   "%udiv_ln134 = udiv i32 %p_read14, %p_read_5" [./wd_stage_2.h:134->./wd_stage_2.h:120]   --->   Operation 85 'udiv' 'udiv_ln134' <Predicate = true> <Delay = 4.13> <Core = "DivnS_SEQ">   --->   Core 24 'DivnS_SEQ' <Latency = 35> <II = 32> <Delay = 4.13> <FuncUnit> <Opcode : 'sdiv' 'srem' 'udiv' 'urem'> <InPorts = 2> <OutPorts = 1>
ST_16 : Operation 86 [21/36] (4.13ns)   --->   "%udiv_ln135 = udiv i32 %p_read_4, %p_read_5" [./wd_stage_2.h:135->./wd_stage_2.h:120]   --->   Operation 86 'udiv' 'udiv_ln135' <Predicate = true> <Delay = 4.13> <Core = "DivnS_SEQ">   --->   Core 24 'DivnS_SEQ' <Latency = 35> <II = 32> <Delay = 4.13> <FuncUnit> <Opcode : 'sdiv' 'srem' 'udiv' 'urem'> <InPorts = 2> <OutPorts = 1>

State 17 <SV = 16> <Delay = 4.13>
ST_17 : Operation 87 [20/36] (4.13ns)   --->   "%udiv_ln134 = udiv i32 %p_read14, %p_read_5" [./wd_stage_2.h:134->./wd_stage_2.h:120]   --->   Operation 87 'udiv' 'udiv_ln134' <Predicate = true> <Delay = 4.13> <Core = "DivnS_SEQ">   --->   Core 24 'DivnS_SEQ' <Latency = 35> <II = 32> <Delay = 4.13> <FuncUnit> <Opcode : 'sdiv' 'srem' 'udiv' 'urem'> <InPorts = 2> <OutPorts = 1>
ST_17 : Operation 88 [20/36] (4.13ns)   --->   "%udiv_ln135 = udiv i32 %p_read_4, %p_read_5" [./wd_stage_2.h:135->./wd_stage_2.h:120]   --->   Operation 88 'udiv' 'udiv_ln135' <Predicate = true> <Delay = 4.13> <Core = "DivnS_SEQ">   --->   Core 24 'DivnS_SEQ' <Latency = 35> <II = 32> <Delay = 4.13> <FuncUnit> <Opcode : 'sdiv' 'srem' 'udiv' 'urem'> <InPorts = 2> <OutPorts = 1>

State 18 <SV = 17> <Delay = 4.13>
ST_18 : Operation 89 [19/36] (4.13ns)   --->   "%udiv_ln134 = udiv i32 %p_read14, %p_read_5" [./wd_stage_2.h:134->./wd_stage_2.h:120]   --->   Operation 89 'udiv' 'udiv_ln134' <Predicate = true> <Delay = 4.13> <Core = "DivnS_SEQ">   --->   Core 24 'DivnS_SEQ' <Latency = 35> <II = 32> <Delay = 4.13> <FuncUnit> <Opcode : 'sdiv' 'srem' 'udiv' 'urem'> <InPorts = 2> <OutPorts = 1>
ST_18 : Operation 90 [19/36] (4.13ns)   --->   "%udiv_ln135 = udiv i32 %p_read_4, %p_read_5" [./wd_stage_2.h:135->./wd_stage_2.h:120]   --->   Operation 90 'udiv' 'udiv_ln135' <Predicate = true> <Delay = 4.13> <Core = "DivnS_SEQ">   --->   Core 24 'DivnS_SEQ' <Latency = 35> <II = 32> <Delay = 4.13> <FuncUnit> <Opcode : 'sdiv' 'srem' 'udiv' 'urem'> <InPorts = 2> <OutPorts = 1>

State 19 <SV = 18> <Delay = 4.13>
ST_19 : Operation 91 [18/36] (4.13ns)   --->   "%udiv_ln134 = udiv i32 %p_read14, %p_read_5" [./wd_stage_2.h:134->./wd_stage_2.h:120]   --->   Operation 91 'udiv' 'udiv_ln134' <Predicate = true> <Delay = 4.13> <Core = "DivnS_SEQ">   --->   Core 24 'DivnS_SEQ' <Latency = 35> <II = 32> <Delay = 4.13> <FuncUnit> <Opcode : 'sdiv' 'srem' 'udiv' 'urem'> <InPorts = 2> <OutPorts = 1>
ST_19 : Operation 92 [18/36] (4.13ns)   --->   "%udiv_ln135 = udiv i32 %p_read_4, %p_read_5" [./wd_stage_2.h:135->./wd_stage_2.h:120]   --->   Operation 92 'udiv' 'udiv_ln135' <Predicate = true> <Delay = 4.13> <Core = "DivnS_SEQ">   --->   Core 24 'DivnS_SEQ' <Latency = 35> <II = 32> <Delay = 4.13> <FuncUnit> <Opcode : 'sdiv' 'srem' 'udiv' 'urem'> <InPorts = 2> <OutPorts = 1>

State 20 <SV = 19> <Delay = 4.13>
ST_20 : Operation 93 [17/36] (4.13ns)   --->   "%udiv_ln134 = udiv i32 %p_read14, %p_read_5" [./wd_stage_2.h:134->./wd_stage_2.h:120]   --->   Operation 93 'udiv' 'udiv_ln134' <Predicate = true> <Delay = 4.13> <Core = "DivnS_SEQ">   --->   Core 24 'DivnS_SEQ' <Latency = 35> <II = 32> <Delay = 4.13> <FuncUnit> <Opcode : 'sdiv' 'srem' 'udiv' 'urem'> <InPorts = 2> <OutPorts = 1>
ST_20 : Operation 94 [17/36] (4.13ns)   --->   "%udiv_ln135 = udiv i32 %p_read_4, %p_read_5" [./wd_stage_2.h:135->./wd_stage_2.h:120]   --->   Operation 94 'udiv' 'udiv_ln135' <Predicate = true> <Delay = 4.13> <Core = "DivnS_SEQ">   --->   Core 24 'DivnS_SEQ' <Latency = 35> <II = 32> <Delay = 4.13> <FuncUnit> <Opcode : 'sdiv' 'srem' 'udiv' 'urem'> <InPorts = 2> <OutPorts = 1>

State 21 <SV = 20> <Delay = 4.13>
ST_21 : Operation 95 [16/36] (4.13ns)   --->   "%udiv_ln134 = udiv i32 %p_read14, %p_read_5" [./wd_stage_2.h:134->./wd_stage_2.h:120]   --->   Operation 95 'udiv' 'udiv_ln134' <Predicate = true> <Delay = 4.13> <Core = "DivnS_SEQ">   --->   Core 24 'DivnS_SEQ' <Latency = 35> <II = 32> <Delay = 4.13> <FuncUnit> <Opcode : 'sdiv' 'srem' 'udiv' 'urem'> <InPorts = 2> <OutPorts = 1>
ST_21 : Operation 96 [16/36] (4.13ns)   --->   "%udiv_ln135 = udiv i32 %p_read_4, %p_read_5" [./wd_stage_2.h:135->./wd_stage_2.h:120]   --->   Operation 96 'udiv' 'udiv_ln135' <Predicate = true> <Delay = 4.13> <Core = "DivnS_SEQ">   --->   Core 24 'DivnS_SEQ' <Latency = 35> <II = 32> <Delay = 4.13> <FuncUnit> <Opcode : 'sdiv' 'srem' 'udiv' 'urem'> <InPorts = 2> <OutPorts = 1>

State 22 <SV = 21> <Delay = 4.13>
ST_22 : Operation 97 [15/36] (4.13ns)   --->   "%udiv_ln134 = udiv i32 %p_read14, %p_read_5" [./wd_stage_2.h:134->./wd_stage_2.h:120]   --->   Operation 97 'udiv' 'udiv_ln134' <Predicate = true> <Delay = 4.13> <Core = "DivnS_SEQ">   --->   Core 24 'DivnS_SEQ' <Latency = 35> <II = 32> <Delay = 4.13> <FuncUnit> <Opcode : 'sdiv' 'srem' 'udiv' 'urem'> <InPorts = 2> <OutPorts = 1>
ST_22 : Operation 98 [15/36] (4.13ns)   --->   "%udiv_ln135 = udiv i32 %p_read_4, %p_read_5" [./wd_stage_2.h:135->./wd_stage_2.h:120]   --->   Operation 98 'udiv' 'udiv_ln135' <Predicate = true> <Delay = 4.13> <Core = "DivnS_SEQ">   --->   Core 24 'DivnS_SEQ' <Latency = 35> <II = 32> <Delay = 4.13> <FuncUnit> <Opcode : 'sdiv' 'srem' 'udiv' 'urem'> <InPorts = 2> <OutPorts = 1>

State 23 <SV = 22> <Delay = 4.13>
ST_23 : Operation 99 [14/36] (4.13ns)   --->   "%udiv_ln134 = udiv i32 %p_read14, %p_read_5" [./wd_stage_2.h:134->./wd_stage_2.h:120]   --->   Operation 99 'udiv' 'udiv_ln134' <Predicate = true> <Delay = 4.13> <Core = "DivnS_SEQ">   --->   Core 24 'DivnS_SEQ' <Latency = 35> <II = 32> <Delay = 4.13> <FuncUnit> <Opcode : 'sdiv' 'srem' 'udiv' 'urem'> <InPorts = 2> <OutPorts = 1>
ST_23 : Operation 100 [14/36] (4.13ns)   --->   "%udiv_ln135 = udiv i32 %p_read_4, %p_read_5" [./wd_stage_2.h:135->./wd_stage_2.h:120]   --->   Operation 100 'udiv' 'udiv_ln135' <Predicate = true> <Delay = 4.13> <Core = "DivnS_SEQ">   --->   Core 24 'DivnS_SEQ' <Latency = 35> <II = 32> <Delay = 4.13> <FuncUnit> <Opcode : 'sdiv' 'srem' 'udiv' 'urem'> <InPorts = 2> <OutPorts = 1>

State 24 <SV = 23> <Delay = 4.13>
ST_24 : Operation 101 [13/36] (4.13ns)   --->   "%udiv_ln134 = udiv i32 %p_read14, %p_read_5" [./wd_stage_2.h:134->./wd_stage_2.h:120]   --->   Operation 101 'udiv' 'udiv_ln134' <Predicate = true> <Delay = 4.13> <Core = "DivnS_SEQ">   --->   Core 24 'DivnS_SEQ' <Latency = 35> <II = 32> <Delay = 4.13> <FuncUnit> <Opcode : 'sdiv' 'srem' 'udiv' 'urem'> <InPorts = 2> <OutPorts = 1>
ST_24 : Operation 102 [13/36] (4.13ns)   --->   "%udiv_ln135 = udiv i32 %p_read_4, %p_read_5" [./wd_stage_2.h:135->./wd_stage_2.h:120]   --->   Operation 102 'udiv' 'udiv_ln135' <Predicate = true> <Delay = 4.13> <Core = "DivnS_SEQ">   --->   Core 24 'DivnS_SEQ' <Latency = 35> <II = 32> <Delay = 4.13> <FuncUnit> <Opcode : 'sdiv' 'srem' 'udiv' 'urem'> <InPorts = 2> <OutPorts = 1>

State 25 <SV = 24> <Delay = 4.13>
ST_25 : Operation 103 [12/36] (4.13ns)   --->   "%udiv_ln134 = udiv i32 %p_read14, %p_read_5" [./wd_stage_2.h:134->./wd_stage_2.h:120]   --->   Operation 103 'udiv' 'udiv_ln134' <Predicate = true> <Delay = 4.13> <Core = "DivnS_SEQ">   --->   Core 24 'DivnS_SEQ' <Latency = 35> <II = 32> <Delay = 4.13> <FuncUnit> <Opcode : 'sdiv' 'srem' 'udiv' 'urem'> <InPorts = 2> <OutPorts = 1>
ST_25 : Operation 104 [12/36] (4.13ns)   --->   "%udiv_ln135 = udiv i32 %p_read_4, %p_read_5" [./wd_stage_2.h:135->./wd_stage_2.h:120]   --->   Operation 104 'udiv' 'udiv_ln135' <Predicate = true> <Delay = 4.13> <Core = "DivnS_SEQ">   --->   Core 24 'DivnS_SEQ' <Latency = 35> <II = 32> <Delay = 4.13> <FuncUnit> <Opcode : 'sdiv' 'srem' 'udiv' 'urem'> <InPorts = 2> <OutPorts = 1>

State 26 <SV = 25> <Delay = 4.13>
ST_26 : Operation 105 [11/36] (4.13ns)   --->   "%udiv_ln134 = udiv i32 %p_read14, %p_read_5" [./wd_stage_2.h:134->./wd_stage_2.h:120]   --->   Operation 105 'udiv' 'udiv_ln134' <Predicate = true> <Delay = 4.13> <Core = "DivnS_SEQ">   --->   Core 24 'DivnS_SEQ' <Latency = 35> <II = 32> <Delay = 4.13> <FuncUnit> <Opcode : 'sdiv' 'srem' 'udiv' 'urem'> <InPorts = 2> <OutPorts = 1>
ST_26 : Operation 106 [11/36] (4.13ns)   --->   "%udiv_ln135 = udiv i32 %p_read_4, %p_read_5" [./wd_stage_2.h:135->./wd_stage_2.h:120]   --->   Operation 106 'udiv' 'udiv_ln135' <Predicate = true> <Delay = 4.13> <Core = "DivnS_SEQ">   --->   Core 24 'DivnS_SEQ' <Latency = 35> <II = 32> <Delay = 4.13> <FuncUnit> <Opcode : 'sdiv' 'srem' 'udiv' 'urem'> <InPorts = 2> <OutPorts = 1>

State 27 <SV = 26> <Delay = 4.13>
ST_27 : Operation 107 [10/36] (4.13ns)   --->   "%udiv_ln134 = udiv i32 %p_read14, %p_read_5" [./wd_stage_2.h:134->./wd_stage_2.h:120]   --->   Operation 107 'udiv' 'udiv_ln134' <Predicate = true> <Delay = 4.13> <Core = "DivnS_SEQ">   --->   Core 24 'DivnS_SEQ' <Latency = 35> <II = 32> <Delay = 4.13> <FuncUnit> <Opcode : 'sdiv' 'srem' 'udiv' 'urem'> <InPorts = 2> <OutPorts = 1>
ST_27 : Operation 108 [10/36] (4.13ns)   --->   "%udiv_ln135 = udiv i32 %p_read_4, %p_read_5" [./wd_stage_2.h:135->./wd_stage_2.h:120]   --->   Operation 108 'udiv' 'udiv_ln135' <Predicate = true> <Delay = 4.13> <Core = "DivnS_SEQ">   --->   Core 24 'DivnS_SEQ' <Latency = 35> <II = 32> <Delay = 4.13> <FuncUnit> <Opcode : 'sdiv' 'srem' 'udiv' 'urem'> <InPorts = 2> <OutPorts = 1>

State 28 <SV = 27> <Delay = 4.13>
ST_28 : Operation 109 [9/36] (4.13ns)   --->   "%udiv_ln134 = udiv i32 %p_read14, %p_read_5" [./wd_stage_2.h:134->./wd_stage_2.h:120]   --->   Operation 109 'udiv' 'udiv_ln134' <Predicate = true> <Delay = 4.13> <Core = "DivnS_SEQ">   --->   Core 24 'DivnS_SEQ' <Latency = 35> <II = 32> <Delay = 4.13> <FuncUnit> <Opcode : 'sdiv' 'srem' 'udiv' 'urem'> <InPorts = 2> <OutPorts = 1>
ST_28 : Operation 110 [9/36] (4.13ns)   --->   "%udiv_ln135 = udiv i32 %p_read_4, %p_read_5" [./wd_stage_2.h:135->./wd_stage_2.h:120]   --->   Operation 110 'udiv' 'udiv_ln135' <Predicate = true> <Delay = 4.13> <Core = "DivnS_SEQ">   --->   Core 24 'DivnS_SEQ' <Latency = 35> <II = 32> <Delay = 4.13> <FuncUnit> <Opcode : 'sdiv' 'srem' 'udiv' 'urem'> <InPorts = 2> <OutPorts = 1>

State 29 <SV = 28> <Delay = 4.13>
ST_29 : Operation 111 [8/36] (4.13ns)   --->   "%udiv_ln134 = udiv i32 %p_read14, %p_read_5" [./wd_stage_2.h:134->./wd_stage_2.h:120]   --->   Operation 111 'udiv' 'udiv_ln134' <Predicate = true> <Delay = 4.13> <Core = "DivnS_SEQ">   --->   Core 24 'DivnS_SEQ' <Latency = 35> <II = 32> <Delay = 4.13> <FuncUnit> <Opcode : 'sdiv' 'srem' 'udiv' 'urem'> <InPorts = 2> <OutPorts = 1>
ST_29 : Operation 112 [8/36] (4.13ns)   --->   "%udiv_ln135 = udiv i32 %p_read_4, %p_read_5" [./wd_stage_2.h:135->./wd_stage_2.h:120]   --->   Operation 112 'udiv' 'udiv_ln135' <Predicate = true> <Delay = 4.13> <Core = "DivnS_SEQ">   --->   Core 24 'DivnS_SEQ' <Latency = 35> <II = 32> <Delay = 4.13> <FuncUnit> <Opcode : 'sdiv' 'srem' 'udiv' 'urem'> <InPorts = 2> <OutPorts = 1>

State 30 <SV = 29> <Delay = 4.13>
ST_30 : Operation 113 [7/36] (4.13ns)   --->   "%udiv_ln134 = udiv i32 %p_read14, %p_read_5" [./wd_stage_2.h:134->./wd_stage_2.h:120]   --->   Operation 113 'udiv' 'udiv_ln134' <Predicate = true> <Delay = 4.13> <Core = "DivnS_SEQ">   --->   Core 24 'DivnS_SEQ' <Latency = 35> <II = 32> <Delay = 4.13> <FuncUnit> <Opcode : 'sdiv' 'srem' 'udiv' 'urem'> <InPorts = 2> <OutPorts = 1>
ST_30 : Operation 114 [7/36] (4.13ns)   --->   "%udiv_ln135 = udiv i32 %p_read_4, %p_read_5" [./wd_stage_2.h:135->./wd_stage_2.h:120]   --->   Operation 114 'udiv' 'udiv_ln135' <Predicate = true> <Delay = 4.13> <Core = "DivnS_SEQ">   --->   Core 24 'DivnS_SEQ' <Latency = 35> <II = 32> <Delay = 4.13> <FuncUnit> <Opcode : 'sdiv' 'srem' 'udiv' 'urem'> <InPorts = 2> <OutPorts = 1>

State 31 <SV = 30> <Delay = 4.13>
ST_31 : Operation 115 [6/36] (4.13ns)   --->   "%udiv_ln134 = udiv i32 %p_read14, %p_read_5" [./wd_stage_2.h:134->./wd_stage_2.h:120]   --->   Operation 115 'udiv' 'udiv_ln134' <Predicate = true> <Delay = 4.13> <Core = "DivnS_SEQ">   --->   Core 24 'DivnS_SEQ' <Latency = 35> <II = 32> <Delay = 4.13> <FuncUnit> <Opcode : 'sdiv' 'srem' 'udiv' 'urem'> <InPorts = 2> <OutPorts = 1>
ST_31 : Operation 116 [6/36] (4.13ns)   --->   "%udiv_ln135 = udiv i32 %p_read_4, %p_read_5" [./wd_stage_2.h:135->./wd_stage_2.h:120]   --->   Operation 116 'udiv' 'udiv_ln135' <Predicate = true> <Delay = 4.13> <Core = "DivnS_SEQ">   --->   Core 24 'DivnS_SEQ' <Latency = 35> <II = 32> <Delay = 4.13> <FuncUnit> <Opcode : 'sdiv' 'srem' 'udiv' 'urem'> <InPorts = 2> <OutPorts = 1>

State 32 <SV = 31> <Delay = 4.13>
ST_32 : Operation 117 [5/36] (4.13ns)   --->   "%udiv_ln134 = udiv i32 %p_read14, %p_read_5" [./wd_stage_2.h:134->./wd_stage_2.h:120]   --->   Operation 117 'udiv' 'udiv_ln134' <Predicate = true> <Delay = 4.13> <Core = "DivnS_SEQ">   --->   Core 24 'DivnS_SEQ' <Latency = 35> <II = 32> <Delay = 4.13> <FuncUnit> <Opcode : 'sdiv' 'srem' 'udiv' 'urem'> <InPorts = 2> <OutPorts = 1>
ST_32 : Operation 118 [5/36] (4.13ns)   --->   "%udiv_ln135 = udiv i32 %p_read_4, %p_read_5" [./wd_stage_2.h:135->./wd_stage_2.h:120]   --->   Operation 118 'udiv' 'udiv_ln135' <Predicate = true> <Delay = 4.13> <Core = "DivnS_SEQ">   --->   Core 24 'DivnS_SEQ' <Latency = 35> <II = 32> <Delay = 4.13> <FuncUnit> <Opcode : 'sdiv' 'srem' 'udiv' 'urem'> <InPorts = 2> <OutPorts = 1>

State 33 <SV = 32> <Delay = 4.13>
ST_33 : Operation 119 [4/36] (4.13ns)   --->   "%udiv_ln134 = udiv i32 %p_read14, %p_read_5" [./wd_stage_2.h:134->./wd_stage_2.h:120]   --->   Operation 119 'udiv' 'udiv_ln134' <Predicate = true> <Delay = 4.13> <Core = "DivnS_SEQ">   --->   Core 24 'DivnS_SEQ' <Latency = 35> <II = 32> <Delay = 4.13> <FuncUnit> <Opcode : 'sdiv' 'srem' 'udiv' 'urem'> <InPorts = 2> <OutPorts = 1>
ST_33 : Operation 120 [4/36] (4.13ns)   --->   "%udiv_ln135 = udiv i32 %p_read_4, %p_read_5" [./wd_stage_2.h:135->./wd_stage_2.h:120]   --->   Operation 120 'udiv' 'udiv_ln135' <Predicate = true> <Delay = 4.13> <Core = "DivnS_SEQ">   --->   Core 24 'DivnS_SEQ' <Latency = 35> <II = 32> <Delay = 4.13> <FuncUnit> <Opcode : 'sdiv' 'srem' 'udiv' 'urem'> <InPorts = 2> <OutPorts = 1>

State 34 <SV = 33> <Delay = 4.13>
ST_34 : Operation 121 [3/36] (4.13ns)   --->   "%udiv_ln134 = udiv i32 %p_read14, %p_read_5" [./wd_stage_2.h:134->./wd_stage_2.h:120]   --->   Operation 121 'udiv' 'udiv_ln134' <Predicate = true> <Delay = 4.13> <Core = "DivnS_SEQ">   --->   Core 24 'DivnS_SEQ' <Latency = 35> <II = 32> <Delay = 4.13> <FuncUnit> <Opcode : 'sdiv' 'srem' 'udiv' 'urem'> <InPorts = 2> <OutPorts = 1>
ST_34 : Operation 122 [3/36] (4.13ns)   --->   "%udiv_ln135 = udiv i32 %p_read_4, %p_read_5" [./wd_stage_2.h:135->./wd_stage_2.h:120]   --->   Operation 122 'udiv' 'udiv_ln135' <Predicate = true> <Delay = 4.13> <Core = "DivnS_SEQ">   --->   Core 24 'DivnS_SEQ' <Latency = 35> <II = 32> <Delay = 4.13> <FuncUnit> <Opcode : 'sdiv' 'srem' 'udiv' 'urem'> <InPorts = 2> <OutPorts = 1>

State 35 <SV = 34> <Delay = 4.13>
ST_35 : Operation 123 [2/36] (4.13ns)   --->   "%udiv_ln134 = udiv i32 %p_read14, %p_read_5" [./wd_stage_2.h:134->./wd_stage_2.h:120]   --->   Operation 123 'udiv' 'udiv_ln134' <Predicate = true> <Delay = 4.13> <Core = "DivnS_SEQ">   --->   Core 24 'DivnS_SEQ' <Latency = 35> <II = 32> <Delay = 4.13> <FuncUnit> <Opcode : 'sdiv' 'srem' 'udiv' 'urem'> <InPorts = 2> <OutPorts = 1>
ST_35 : Operation 124 [2/36] (4.13ns)   --->   "%udiv_ln135 = udiv i32 %p_read_4, %p_read_5" [./wd_stage_2.h:135->./wd_stage_2.h:120]   --->   Operation 124 'udiv' 'udiv_ln135' <Predicate = true> <Delay = 4.13> <Core = "DivnS_SEQ">   --->   Core 24 'DivnS_SEQ' <Latency = 35> <II = 32> <Delay = 4.13> <FuncUnit> <Opcode : 'sdiv' 'srem' 'udiv' 'urem'> <InPorts = 2> <OutPorts = 1>

State 36 <SV = 35> <Delay = 8.45>
ST_36 : Operation 125 [1/36] (4.13ns)   --->   "%udiv_ln134 = udiv i32 %p_read14, %p_read_5" [./wd_stage_2.h:134->./wd_stage_2.h:120]   --->   Operation 125 'udiv' 'udiv_ln134' <Predicate = (!icmp_ln133)> <Delay = 4.13> <Core = "DivnS_SEQ">   --->   Core 24 'DivnS_SEQ' <Latency = 35> <II = 32> <Delay = 4.13> <FuncUnit> <Opcode : 'sdiv' 'srem' 'udiv' 'urem'> <InPorts = 2> <OutPorts = 1>
ST_36 : Operation 126 [1/1] (0.00ns)   --->   "%trunc_ln134 = trunc i32 %udiv_ln134 to i16" [./wd_stage_2.h:134->./wd_stage_2.h:120]   --->   Operation 126 'trunc' 'trunc_ln134' <Predicate = (!icmp_ln133)> <Delay = 0.00>
ST_36 : Operation 127 [1/1] (0.00ns)   --->   "%zext_ln134 = zext i8 %v_offset_read_2 to i16" [./wd_stage_2.h:134->./wd_stage_2.h:120]   --->   Operation 127 'zext' 'zext_ln134' <Predicate = (!icmp_ln133)> <Delay = 0.00>
ST_36 : Operation 128 [1/1] (2.07ns)   --->   "%add_ln134 = add i16 %trunc_ln134, %zext_ln134" [./wd_stage_2.h:134->./wd_stage_2.h:120]   --->   Operation 128 'add' 'add_ln134' <Predicate = (!icmp_ln133)> <Delay = 2.07> <Core = "AddSub">   --->   Core 14 'AddSub' <Latency = 0> <II = 1> <Delay = 2.55> <FuncUnit> <Opcode : 'add' 'sub'> <InPorts = 2> <OutPorts = 1>
ST_36 : Operation 129 [1/1] (0.00ns)   --->   "%c2_part_set_i_i = call i48 @llvm.part.set.i48.i16(i48 %c_read_2, i16 %add_ln134, i32 0, i32 15)" [./wd_stage_2.h:134->./wd_stage_2.h:120]   --->   Operation 129 'partset' 'c2_part_set_i_i' <Predicate = (!icmp_ln133)> <Delay = 0.00>
ST_36 : Operation 130 [1/36] (4.13ns)   --->   "%udiv_ln135 = udiv i32 %p_read_4, %p_read_5" [./wd_stage_2.h:135->./wd_stage_2.h:120]   --->   Operation 130 'udiv' 'udiv_ln135' <Predicate = (!icmp_ln133)> <Delay = 4.13> <Core = "DivnS_SEQ">   --->   Core 24 'DivnS_SEQ' <Latency = 35> <II = 32> <Delay = 4.13> <FuncUnit> <Opcode : 'sdiv' 'srem' 'udiv' 'urem'> <InPorts = 2> <OutPorts = 1>
ST_36 : Operation 131 [1/1] (0.00ns)   --->   "%zext_ln135 = zext i16 %h_offset_read to i32" [./wd_stage_2.h:135->./wd_stage_2.h:120]   --->   Operation 131 'zext' 'zext_ln135' <Predicate = (!icmp_ln133)> <Delay = 0.00>
ST_36 : Operation 132 [1/1] (2.55ns)   --->   "%add_ln135 = add i32 %udiv_ln135, %zext_ln135" [./wd_stage_2.h:135->./wd_stage_2.h:120]   --->   Operation 132 'add' 'add_ln135' <Predicate = (!icmp_ln133)> <Delay = 2.55> <Core = "AddSub">   --->   Core 14 'AddSub' <Latency = 0> <II = 1> <Delay = 2.55> <FuncUnit> <Opcode : 'add' 'sub'> <InPorts = 2> <OutPorts = 1>
ST_36 : Operation 133 [1/1] (1.76ns)   --->   "br label %.exit" [./wd_stage_2.h:136->./wd_stage_2.h:120]   --->   Operation 133 'br' <Predicate = (!icmp_ln133)> <Delay = 1.76>
ST_36 : Operation 134 [1/1] (0.00ns)   --->   "%c3_i_i = phi i48 [ %c2_part_set_i_i, %1 ], [ %c1_part_set_i_i, %0 ]" [./wd_stage_2.h:134->./wd_stage_2.h:120]   --->   Operation 134 'phi' 'c3_i_i' <Predicate = true> <Delay = 0.00>
ST_36 : Operation 135 [1/1] (0.00ns)   --->   "%storemerge_i_i = phi i32 [ %add_ln135, %1 ], [ %possible_c_y_read, %0 ]" [./wd_stage_2.h:135->./wd_stage_2.h:120]   --->   Operation 135 'phi' 'storemerge_i_i' <Predicate = true> <Delay = 0.00>
ST_36 : Operation 136 [1/1] (0.00ns)   --->   "%c3_part_set_i_i = call i48 @llvm.part.set.i48.i32(i48 %c3_i_i, i32 %storemerge_i_i, i32 16, i32 47)" [./wd_stage_2.h:138->./wd_stage_2.h:120]   --->   Operation 136 'partset' 'c3_part_set_i_i' <Predicate = true> <Delay = 0.00>
ST_36 : Operation 137 [1/1] (0.00ns)   --->   "call void @_ssdm_op_Write.ap_auto.i48P(i48* %c, i48 %c3_part_set_i_i)" [./wd_stage_2.h:138->./wd_stage_2.h:120]   --->   Operation 137 'write' <Predicate = true> <Delay = 0.00>
ST_36 : Operation 138 [1/1] (0.00ns)   --->   "ret void" [./wd_stage_2.h:120]   --->   Operation 138 'ret' <Predicate = true> <Delay = 0.00>


============================================================
+ Verbose Summary: Binding
============================================================
STG Binding: 
---------------- STG Properties BEGIN ----------------
- Is combinational: 0
- Is one-state seq: 0
- Is datapath-only: 0
- Is pipelined: 0
- Is top level: 0
Port [ Return ] is wired: 1; IO mode=ap_ctrl_hs:ce=0
Port [ p_read]:  wired=1; compound=0; hidden=0; nouse=0; global=0; static=0; extern=0; dir=0; type=0; pingpong=0; private_global=0; IO mode=ap_none:ce=0
Port [ possible_c_x]:  wired=1; compound=1; hidden=0; nouse=0; global=0; static=0; extern=0; dir=0; type=3; pingpong=0; private_global=0; IO mode=ap_fifo:ce=0
Port [ c_read]:  wired=1; compound=1; hidden=0; nouse=0; global=0; static=0; extern=0; dir=0; type=3; pingpong=0; private_global=0; IO mode=ap_fifo:ce=0
Port [ p_read1]:  wired=1; compound=0; hidden=0; nouse=0; global=0; static=0; extern=0; dir=0; type=0; pingpong=0; private_global=0; IO mode=ap_none:ce=0
Port [ v_offset_read]:  wired=1; compound=1; hidden=0; nouse=0; global=0; static=0; extern=0; dir=0; type=3; pingpong=0; private_global=0; IO mode=ap_fifo:ce=0
Port [ p_read2]:  wired=1; compound=0; hidden=0; nouse=0; global=0; static=0; extern=0; dir=0; type=0; pingpong=0; private_global=0; IO mode=ap_none:ce=0
Port [ h_offset]:  wired=1; compound=1; hidden=0; nouse=0; global=0; static=0; extern=0; dir=0; type=3; pingpong=0; private_global=0; IO mode=ap_fifo:ce=0
Port [ possible_c_y]:  wired=1; compound=1; hidden=0; nouse=0; global=0; static=0; extern=0; dir=0; type=3; pingpong=0; private_global=0; IO mode=ap_fifo:ce=0
Port [ c]:  wired=1; compound=0; hidden=0; nouse=0; global=0; static=0; extern=0; dir=1; type=0; pingpong=0; private_global=0; IO mode=ap_vld:ce=0
---------------- STG Properties END ------------------

---------------- Datapath Model BEGIN ----------------

<LifeTime>
<method=bitvector/>
specinterface_ln0 (specinterface) [ 0000000000000000000000000000000000000]
specinterface_ln0 (specinterface) [ 0000000000000000000000000000000000000]
specinterface_ln0 (specinterface) [ 0000000000000000000000000000000000000]
specinterface_ln0 (specinterface) [ 0000000000000000000000000000000000000]
specinterface_ln0 (specinterface) [ 0000000000000000000000000000000000000]
p_read_4          (read         ) [ 0011111111111111111111111111111111111]
p_read14          (read         ) [ 0011111111111111111111111111111111111]
p_read_5          (read         ) [ 0011111111111111111111111111111111111]
possible_c_x_read (read         ) [ 0000000000000000000000000000000000000]
c_read_2          (read         ) [ 0011111111111111111111111111111111111]
v_offset_read_2   (read         ) [ 0011111111111111111111111111111111111]
h_offset_read     (read         ) [ 0011111111111111111111111111111111111]
possible_c_y_read (read         ) [ 0111111111111111111111111111111111111]
icmp_ln133        (icmp         ) [ 0111111111111111111111111111111111111]
br_ln133          (br           ) [ 0000000000000000000000000000000000000]
zext_ln120        (zext         ) [ 0000000000000000000000000000000000000]
c1_part_set_i_i   (partset      ) [ 0111111111111111111111111111111111111]
br_ln0            (br           ) [ 0111111111111111111111111111111111111]
udiv_ln134        (udiv         ) [ 0000000000000000000000000000000000000]
trunc_ln134       (trunc        ) [ 0000000000000000000000000000000000000]
zext_ln134        (zext         ) [ 0000000000000000000000000000000000000]
add_ln134         (add          ) [ 0000000000000000000000000000000000000]
c2_part_set_i_i   (partset      ) [ 0000000000000000000000000000000000000]
udiv_ln135        (udiv         ) [ 0000000000000000000000000000000000000]
zext_ln135        (zext         ) [ 0000000000000000000000000000000000000]
add_ln135         (add          ) [ 0000000000000000000000000000000000000]
br_ln136          (br           ) [ 0000000000000000000000000000000000000]
c3_i_i            (phi          ) [ 0000000000000000000000000000000000001]
storemerge_i_i    (phi          ) [ 0000000000000000000000000000000000001]
c3_part_set_i_i   (partset      ) [ 0000000000000000000000000000000000000]
write_ln138       (write        ) [ 0000000000000000000000000000000000000]
ret_ln120         (ret          ) [ 0000000000000000000000000000000000000]
</LifeTime>

<model>

<comp_list>
<comp id="0" class="1000" name="p_read">
<pin_list>
<pin id="1" dir="1" index="0" bw="1" slack="0"/>
</pin_list>
<bind>
<StgValue><ssdm name="p_read"/></StgValue>
</bind>
</comp>

<comp id="2" class="1000" name="possible_c_x">
<pin_list>
<pin id="3" dir="1" index="0" bw="1" slack="0"/>
</pin_list>
<bind>
<StgValue><ssdm name="possible_c_x"/></StgValue>
</bind>
</comp>

<comp id="4" class="1000" name="c_read">
<pin_list>
<pin id="5" dir="1" index="0" bw="1" slack="0"/>
</pin_list>
<bind>
<StgValue><ssdm name="c_read"/></StgValue>
</bind>
</comp>

<comp id="6" class="1000" name="p_read1">
<pin_list>
<pin id="7" dir="1" index="0" bw="1" slack="0"/>
</pin_list>
<bind>
<StgValue><ssdm name="p_read1"/></StgValue>
</bind>
</comp>

<comp id="8" class="1000" name="v_offset_read">
<pin_list>
<pin id="9" dir="1" index="0" bw="1" slack="0"/>
</pin_list>
<bind>
<StgValue><ssdm name="v_offset_read"/></StgValue>
</bind>
</comp>

<comp id="10" class="1000" name="p_read2">
<pin_list>
<pin id="11" dir="1" index="0" bw="1" slack="0"/>
</pin_list>
<bind>
<StgValue><ssdm name="p_read2"/></StgValue>
</bind>
</comp>

<comp id="12" class="1000" name="h_offset">
<pin_list>
<pin id="13" dir="1" index="0" bw="1" slack="0"/>
</pin_list>
<bind>
<StgValue><ssdm name="h_offset"/></StgValue>
</bind>
</comp>

<comp id="14" class="1000" name="possible_c_y">
<pin_list>
<pin id="15" dir="1" index="0" bw="1" slack="0"/>
</pin_list>
<bind>
<StgValue><ssdm name="possible_c_y"/></StgValue>
</bind>
</comp>

<comp id="16" class="1000" name="c">
<pin_list>
<pin id="17" dir="1" index="0" bw="1" slack="0"/>
</pin_list>
<bind>
<StgValue><ssdm name="c"/></StgValue>
</bind>
</comp>

<comp id="18" class="1001" name="const_18">
<pin_list>
<pin id="19" dir="1" index="0" bw="1" slack="2147483647"/>
</pin_list>
<bind>
<StgValue><ssdm name="_ssdm_op_SpecInterface"/></StgValue>
</bind>
</comp>

<comp id="20" class="1001" name="const_20">
<pin_list>
<pin id="21" dir="1" index="0" bw="1" slack="2147483647"/>
</pin_list>
<bind>
<StgValue><ssdm name="ap_fifo_str"/></StgValue>
</bind>
</comp>

<comp id="22" class="1001" name="const_22">
<pin_list>
<pin id="23" dir="1" index="0" bw="1" slack="0"/>
</pin_list>
<bind>
<StgValue><ssdm name=""/></StgValue>
</bind>
</comp>

<comp id="24" class="1001" name="const_24">
<pin_list>
<pin id="25" dir="1" index="0" bw="1" slack="2147483647"/>
</pin_list>
<bind>
<StgValue><ssdm name="p_str"/></StgValue>
</bind>
</comp>

<comp id="26" class="1001" name="const_26">
<pin_list>
<pin id="27" dir="1" index="0" bw="1" slack="2147483647"/>
</pin_list>
<bind>
<StgValue><ssdm name=""/></StgValue>
</bind>
</comp>

<comp id="28" class="1001" name="const_28">
<pin_list>
<pin id="29" dir="1" index="0" bw="1" slack="0"/>
</pin_list>
<bind>
<StgValue><ssdm name=""/></StgValue>
</bind>
</comp>

<comp id="30" class="1001" name="const_30">
<pin_list>
<pin id="31" dir="1" index="0" bw="1" slack="2147483647"/>
</pin_list>
<bind>
<StgValue><ssdm name="ScalarProp_str"/></StgValue>
</bind>
</comp>

<comp id="32" class="1001" name="const_32">
<pin_list>
<pin id="33" dir="1" index="0" bw="1" slack="0"/>
</pin_list>
<bind>
<StgValue><ssdm name="_ssdm_op_Read.ap_auto.i32"/></StgValue>
</bind>
</comp>

<comp id="34" class="1001" name="const_34">
<pin_list>
<pin id="35" dir="1" index="0" bw="1" slack="0"/>
</pin_list>
<bind>
<StgValue><ssdm name="_ssdm_op_Read.ap_fifo.i8P"/></StgValue>
</bind>
</comp>

<comp id="36" class="1001" name="const_36">
<pin_list>
<pin id="37" dir="1" index="0" bw="1" slack="0"/>
</pin_list>
<bind>
<StgValue><ssdm name="_ssdm_op_Read.ap_fifo.i48P"/></StgValue>
</bind>
</comp>

<comp id="38" class="1001" name="const_38">
<pin_list>
<pin id="39" dir="1" index="0" bw="1" slack="0"/>
</pin_list>
<bind>
<StgValue><ssdm name="_ssdm_op_Read.ap_fifo.i16P"/></StgValue>
</bind>
</comp>

<comp id="40" class="1001" name="const_40">
<pin_list>
<pin id="41" dir="1" index="0" bw="1" slack="0"/>
</pin_list>
<bind>
<StgValue><ssdm name="_ssdm_op_Read.ap_fifo.i32P"/></StgValue>
</bind>
</comp>

<comp id="42" class="1001" name="const_42">
<pin_list>
<pin id="43" dir="1" index="0" bw="1" slack="0"/>
</pin_list>
<bind>
<StgValue><ssdm name="llvm.part.set.i48.i16"/></StgValue>
</bind>
</comp>

<comp id="44" class="1001" name="const_44">
<pin_list>
<pin id="45" dir="1" index="0" bw="1" slack="0"/>
</pin_list>
<bind>
<StgValue><ssdm name=""/></StgValue>
</bind>
</comp>

<comp id="46" class="1001" name="const_46">
<pin_list>
<pin id="47" dir="1" index="0" bw="1" slack="0"/>
</pin_list>
<bind>
<StgValue><ssdm name="llvm.part.set.i48.i32"/></StgValue>
</bind>
</comp>

<comp id="48" class="1001" name="const_48">
<pin_list>
<pin id="49" dir="1" index="0" bw="1" slack="0"/>
</pin_list>
<bind>
<StgValue><ssdm name=""/></StgValue>
</bind>
</comp>

<comp id="50" class="1001" name="const_50">
<pin_list>
<pin id="51" dir="1" index="0" bw="1" slack="0"/>
</pin_list>
<bind>
<StgValue><ssdm name="_ssdm_op_Write.ap_auto.i48P"/></StgValue>
</bind>
</comp>

<comp id="52" class="1004" name="p_read_4_read_fu_52">
<pin_list>
<pin id="53" dir="0" index="0" bw="32" slack="0"/>
<pin id="54" dir="0" index="1" bw="32" slack="0"/>
<pin id="55" dir="1" index="2" bw="32" slack="0"/>
</pin_list>
<bind>
<opcode="read(1150) " fcode="read"/>
<opset="p_read_4/1 "/>
</bind>
</comp>

<comp id="58" class="1004" name="p_read14_read_fu_58">
<pin_list>
<pin id="59" dir="0" index="0" bw="32" slack="0"/>
<pin id="60" dir="0" index="1" bw="32" slack="0"/>
<pin id="61" dir="1" index="2" bw="32" slack="0"/>
</pin_list>
<bind>
<opcode="read(1150) " fcode="read"/>
<opset="p_read14/1 "/>
</bind>
</comp>

<comp id="64" class="1004" name="p_read_5_read_fu_64">
<pin_list>
<pin id="65" dir="0" index="0" bw="32" slack="0"/>
<pin id="66" dir="0" index="1" bw="32" slack="0"/>
<pin id="67" dir="1" index="2" bw="32" slack="0"/>
</pin_list>
<bind>
<opcode="read(1150) " fcode="read"/>
<opset="p_read_5/1 "/>
</bind>
</comp>

<comp id="70" class="1004" name="possible_c_x_read_read_fu_70">
<pin_list>
<pin id="71" dir="0" index="0" bw="8" slack="0"/>
<pin id="72" dir="0" index="1" bw="8" slack="0"/>
<pin id="73" dir="1" index="2" bw="8" slack="0"/>
</pin_list>
<bind>
<opcode="read(1150) " fcode="read"/>
<opset="possible_c_x_read/1 "/>
</bind>
</comp>

<comp id="76" class="1004" name="c_read_2_read_fu_76">
<pin_list>
<pin id="77" dir="0" index="0" bw="48" slack="0"/>
<pin id="78" dir="0" index="1" bw="48" slack="0"/>
<pin id="79" dir="1" index="2" bw="48" slack="0"/>
</pin_list>
<bind>
<opcode="read(1150) " fcode="read"/>
<opset="c_read_2/1 "/>
</bind>
</comp>

<comp id="82" class="1004" name="v_offset_read_2_read_fu_82">
<pin_list>
<pin id="83" dir="0" index="0" bw="8" slack="0"/>
<pin id="84" dir="0" index="1" bw="8" slack="0"/>
<pin id="85" dir="1" index="2" bw="8" slack="35"/>
</pin_list>
<bind>
<opcode="read(1150) " fcode="read"/>
<opset="v_offset_read_2/1 "/>
</bind>
</comp>

<comp id="88" class="1004" name="h_offset_read_read_fu_88">
<pin_list>
<pin id="89" dir="0" index="0" bw="16" slack="0"/>
<pin id="90" dir="0" index="1" bw="16" slack="0"/>
<pin id="91" dir="1" index="2" bw="16" slack="35"/>
</pin_list>
<bind>
<opcode="read(1150) " fcode="read"/>
<opset="h_offset_read/1 "/>
</bind>
</comp>

<comp id="94" class="1004" name="possible_c_y_read_read_fu_94">
<pin_list>
<pin id="95" dir="0" index="0" bw="32" slack="0"/>
<pin id="96" dir="0" index="1" bw="32" slack="0"/>
<pin id="97" dir="1" index="2" bw="32" slack="35"/>
</pin_list>
<bind>
<opcode="read(1150) " fcode="read"/>
<opset="possible_c_y_read/1 "/>
</bind>
</comp>

<comp id="100" class="1004" name="write_ln138_write_fu_100">
<pin_list>
<pin id="101" dir="0" index="0" bw="0" slack="0"/>
<pin id="102" dir="0" index="1" bw="48" slack="0"/>
<pin id="103" dir="0" index="2" bw="48" slack="0"/>
<pin id="104" dir="1" index="3" bw="0" slack="2147483647"/>
</pin_list>
<bind>
<opcode="write(1151) " fcode="write"/>
<opset="write_ln138/36 "/>
</bind>
</comp>

<comp id="107" class="1005" name="c3_i_i_reg_107">
<pin_list>
<pin id="108" dir="0" index="0" bw="48" slack="2147483647"/>
<pin id="109" dir="1" index="1" bw="48" slack="2147483647"/>
</pin_list>
<bind>
<opset="c3_i_i (phireg) "/>
</bind>
</comp>

<comp id="110" class="1004" name="c3_i_i_phi_fu_110">
<pin_list>
<pin id="111" dir="0" index="0" bw="48" slack="0"/>
<pin id="112" dir="0" index="1" bw="0" slack="2147483647"/>
<pin id="113" dir="0" index="2" bw="48" slack="35"/>
<pin id="114" dir="0" index="3" bw="0" slack="2147483647"/>
<pin id="115" dir="1" index="4" bw="48" slack="0"/>
</pin_list>
<bind>
<opcode="phi(47) " fcode="phi"/>
<opset="c3_i_i/36 "/>
</bind>
</comp>

<comp id="116" class="1005" name="storemerge_i_i_reg_116">
<pin_list>
<pin id="117" dir="0" index="0" bw="32" slack="2147483647"/>
<pin id="118" dir="1" index="1" bw="32" slack="2147483647"/>
</pin_list>
<bind>
<opset="storemerge_i_i (phireg) "/>
</bind>
</comp>

<comp id="119" class="1004" name="storemerge_i_i_phi_fu_119">
<pin_list>
<pin id="120" dir="0" index="0" bw="32" slack="0"/>
<pin id="121" dir="0" index="1" bw="0" slack="2147483647"/>
<pin id="122" dir="0" index="2" bw="32" slack="35"/>
<pin id="123" dir="0" index="3" bw="0" slack="2147483647"/>
<pin id="124" dir="1" index="4" bw="32" slack="0"/>
</pin_list>
<bind>
<opcode="phi(47) " fcode="phi"/>
<opset="storemerge_i_i/36 "/>
</bind>
</comp>

<comp id="125" class="1004" name="icmp_ln133_fu_125">
<pin_list>
<pin id="126" dir="0" index="0" bw="32" slack="0"/>
<pin id="127" dir="0" index="1" bw="1" slack="0"/>
<pin id="128" dir="1" index="2" bw="1" slack="35"/>
</pin_list>
<bind>
<opcode="icmp(45) " fcode="icmp"/>
<opset="icmp_ln133/1 "/>
</bind>
</comp>

<comp id="131" class="1004" name="grp_fu_131">
<pin_list>
<pin id="132" dir="0" index="0" bw="32" slack="0"/>
<pin id="133" dir="0" index="1" bw="32" slack="0"/>
<pin id="134" dir="1" index="2" bw="16" slack="0"/>
</pin_list>
<bind>
<opcode="udiv(14) " fcode="udiv"/>
<opset="udiv_ln134/1 "/>
</bind>
</comp>

<comp id="137" class="1004" name="grp_fu_137">
<pin_list>
<pin id="138" dir="0" index="0" bw="32" slack="0"/>
<pin id="139" dir="0" index="1" bw="32" slack="0"/>
<pin id="140" dir="1" index="2" bw="32" slack="0"/>
</pin_list>
<bind>
<opcode="udiv(14) " fcode="udiv"/>
<opset="udiv_ln135/1 "/>
</bind>
</comp>

<comp id="143" class="1004" name="zext_ln120_fu_143">
<pin_list>
<pin id="144" dir="0" index="0" bw="8" slack="0"/>
<pin id="145" dir="1" index="1" bw="16" slack="0"/>
</pin_list>
<bind>
<opcode="zext(34) " fcode="zext"/>
<opset="zext_ln120/1 "/>
</bind>
</comp>

<comp id="147" class="1004" name="c1_part_set_i_i_fu_147">
<pin_list>
<pin id="148" dir="0" index="0" bw="48" slack="0"/>
<pin id="149" dir="0" index="1" bw="48" slack="0"/>
<pin id="150" dir="0" index="2" bw="8" slack="0"/>
<pin id="151" dir="0" index="3" bw="1" slack="0"/>
<pin id="152" dir="0" index="4" bw="5" slack="0"/>
<pin id="153" dir="1" index="5" bw="48" slack="35"/>
</pin_list>
<bind>
<opcode="partset(1003) " fcode="partset"/>
<opset="c1_part_set_i_i/1 "/>
</bind>
</comp>

<comp id="159" class="1004" name="trunc_ln134_fu_159">
<pin_list>
<pin id="160" dir="0" index="0" bw="16" slack="0"/>
<pin id="161" dir="1" index="1" bw="16" slack="0"/>
</pin_list>
<bind>
<opcode="trunc(33) " fcode="trunc"/>
<opset="trunc_ln134/36 "/>
</bind>
</comp>

<comp id="163" class="1004" name="zext_ln134_fu_163">
<pin_list>
<pin id="164" dir="0" index="0" bw="8" slack="35"/>
<pin id="165" dir="1" index="1" bw="16" slack="0"/>
</pin_list>
<bind>
<opcode="zext(34) " fcode="zext"/>
<opset="zext_ln134/36 "/>
</bind>
</comp>

<comp id="166" class="1004" name="add_ln134_fu_166">
<pin_list>
<pin id="167" dir="0" index="0" bw="16" slack="0"/>
<pin id="168" dir="0" index="1" bw="8" slack="0"/>
<pin id="169" dir="1" index="2" bw="16" slack="0"/>
</pin_list>
<bind>
<opcode="add(8) " fcode="add"/>
<opset="add_ln134/36 "/>
</bind>
</comp>

<comp id="172" class="1004" name="c2_part_set_i_i_fu_172">
<pin_list>
<pin id="173" dir="0" index="0" bw="48" slack="0"/>
<pin id="174" dir="0" index="1" bw="48" slack="35"/>
<pin id="175" dir="0" index="2" bw="16" slack="0"/>
<pin id="176" dir="0" index="3" bw="1" slack="0"/>
<pin id="177" dir="0" index="4" bw="5" slack="0"/>
<pin id="178" dir="1" index="5" bw="48" slack="0"/>
</pin_list>
<bind>
<opcode="partset(1003) " fcode="partset"/>
<opset="c2_part_set_i_i/36 "/>
</bind>
</comp>

<comp id="184" class="1004" name="zext_ln135_fu_184">
<pin_list>
<pin id="185" dir="0" index="0" bw="16" slack="35"/>
<pin id="186" dir="1" index="1" bw="32" slack="0"/>
</pin_list>
<bind>
<opcode="zext(34) " fcode="zext"/>
<opset="zext_ln135/36 "/>
</bind>
</comp>

<comp id="187" class="1004" name="add_ln135_fu_187">
<pin_list>
<pin id="188" dir="0" index="0" bw="32" slack="0"/>
<pin id="189" dir="0" index="1" bw="16" slack="0"/>
<pin id="190" dir="1" index="2" bw="32" slack="0"/>
</pin_list>
<bind>
<opcode="add(8) " fcode="add"/>
<opset="add_ln135/36 "/>
</bind>
</comp>

<comp id="194" class="1004" name="c3_part_set_i_i_fu_194">
<pin_list>
<pin id="195" dir="0" index="0" bw="48" slack="0"/>
<pin id="196" dir="0" index="1" bw="48" slack="0"/>
<pin id="197" dir="0" index="2" bw="32" slack="0"/>
<pin id="198" dir="0" index="3" bw="6" slack="0"/>
<pin id="199" dir="0" index="4" bw="7" slack="0"/>
<pin id="200" dir="1" index="5" bw="48" slack="0"/>
</pin_list>
<bind>
<opcode="partset(1003) " fcode="partset"/>
<opset="c3_part_set_i_i/36 "/>
</bind>
</comp>

<comp id="207" class="1005" name="p_read_4_reg_207">
<pin_list>
<pin id="208" dir="0" index="0" bw="32" slack="1"/>
<pin id="209" dir="1" index="1" bw="32" slack="1"/>
</pin_list>
<bind>
<opset="p_read_4 "/>
</bind>
</comp>

<comp id="212" class="1005" name="p_read14_reg_212">
<pin_list>
<pin id="213" dir="0" index="0" bw="32" slack="1"/>
<pin id="214" dir="1" index="1" bw="32" slack="1"/>
</pin_list>
<bind>
<opset="p_read14 "/>
</bind>
</comp>

<comp id="217" class="1005" name="p_read_5_reg_217">
<pin_list>
<pin id="218" dir="0" index="0" bw="32" slack="1"/>
<pin id="219" dir="1" index="1" bw="32" slack="1"/>
</pin_list>
<bind>
<opset="p_read_5 "/>
</bind>
</comp>

<comp id="223" class="1005" name="c_read_2_reg_223">
<pin_list>
<pin id="224" dir="0" index="0" bw="48" slack="35"/>
<pin id="225" dir="1" index="1" bw="48" slack="35"/>
</pin_list>
<bind>
<opset="c_read_2 "/>
</bind>
</comp>

<comp id="228" class="1005" name="v_offset_read_2_reg_228">
<pin_list>
<pin id="229" dir="0" index="0" bw="8" slack="35"/>
<pin id="230" dir="1" index="1" bw="8" slack="35"/>
</pin_list>
<bind>
<opset="v_offset_read_2 "/>
</bind>
</comp>

<comp id="233" class="1005" name="h_offset_read_reg_233">
<pin_list>
<pin id="234" dir="0" index="0" bw="16" slack="35"/>
<pin id="235" dir="1" index="1" bw="16" slack="35"/>
</pin_list>
<bind>
<opset="h_offset_read "/>
</bind>
</comp>

<comp id="238" class="1005" name="possible_c_y_read_reg_238">
<pin_list>
<pin id="239" dir="0" index="0" bw="32" slack="35"/>
<pin id="240" dir="1" index="1" bw="32" slack="35"/>
</pin_list>
<bind>
<opset="possible_c_y_read "/>
</bind>
</comp>

<comp id="243" class="1005" name="icmp_ln133_reg_243">
<pin_list>
<pin id="244" dir="0" index="0" bw="1" slack="35"/>
<pin id="245" dir="1" index="1" bw="1" slack="2147483647"/>
</pin_list>
<bind>
<opset="icmp_ln133 "/>
</bind>
</comp>

<comp id="247" class="1005" name="c1_part_set_i_i_reg_247">
<pin_list>
<pin id="248" dir="0" index="0" bw="48" slack="35"/>
<pin id="249" dir="1" index="1" bw="48" slack="35"/>
</pin_list>
<bind>
<opset="c1_part_set_i_i "/>
</bind>
</comp>

</comp_list>

<net_list>
<net id="56"><net_src comp="32" pin="0"/><net_sink comp="52" pin=0"/></net>

<net id="57"><net_src comp="10" pin="0"/><net_sink comp="52" pin=1"/></net>

<net id="62"><net_src comp="32" pin="0"/><net_sink comp="58" pin=0"/></net>

<net id="63"><net_src comp="6" pin="0"/><net_sink comp="58" pin=1"/></net>

<net id="68"><net_src comp="32" pin="0"/><net_sink comp="64" pin=0"/></net>

<net id="69"><net_src comp="0" pin="0"/><net_sink comp="64" pin=1"/></net>

<net id="74"><net_src comp="34" pin="0"/><net_sink comp="70" pin=0"/></net>

<net id="75"><net_src comp="2" pin="0"/><net_sink comp="70" pin=1"/></net>

<net id="80"><net_src comp="36" pin="0"/><net_sink comp="76" pin=0"/></net>

<net id="81"><net_src comp="4" pin="0"/><net_sink comp="76" pin=1"/></net>

<net id="86"><net_src comp="34" pin="0"/><net_sink comp="82" pin=0"/></net>

<net id="87"><net_src comp="8" pin="0"/><net_sink comp="82" pin=1"/></net>

<net id="92"><net_src comp="38" pin="0"/><net_sink comp="88" pin=0"/></net>

<net id="93"><net_src comp="12" pin="0"/><net_sink comp="88" pin=1"/></net>

<net id="98"><net_src comp="40" pin="0"/><net_sink comp="94" pin=0"/></net>

<net id="99"><net_src comp="14" pin="0"/><net_sink comp="94" pin=1"/></net>

<net id="105"><net_src comp="50" pin="0"/><net_sink comp="100" pin=0"/></net>

<net id="106"><net_src comp="16" pin="0"/><net_sink comp="100" pin=1"/></net>

<net id="129"><net_src comp="64" pin="2"/><net_sink comp="125" pin=0"/></net>

<net id="130"><net_src comp="22" pin="0"/><net_sink comp="125" pin=1"/></net>

<net id="135"><net_src comp="58" pin="2"/><net_sink comp="131" pin=0"/></net>

<net id="136"><net_src comp="64" pin="2"/><net_sink comp="131" pin=1"/></net>

<net id="141"><net_src comp="52" pin="2"/><net_sink comp="137" pin=0"/></net>

<net id="142"><net_src comp="64" pin="2"/><net_sink comp="137" pin=1"/></net>

<net id="146"><net_src comp="70" pin="2"/><net_sink comp="143" pin=0"/></net>

<net id="154"><net_src comp="42" pin="0"/><net_sink comp="147" pin=0"/></net>

<net id="155"><net_src comp="76" pin="2"/><net_sink comp="147" pin=1"/></net>

<net id="156"><net_src comp="143" pin="1"/><net_sink comp="147" pin=2"/></net>

<net id="157"><net_src comp="22" pin="0"/><net_sink comp="147" pin=3"/></net>

<net id="158"><net_src comp="44" pin="0"/><net_sink comp="147" pin=4"/></net>

<net id="162"><net_src comp="131" pin="2"/><net_sink comp="159" pin=0"/></net>

<net id="170"><net_src comp="159" pin="1"/><net_sink comp="166" pin=0"/></net>

<net id="171"><net_src comp="163" pin="1"/><net_sink comp="166" pin=1"/></net>

<net id="179"><net_src comp="42" pin="0"/><net_sink comp="172" pin=0"/></net>

<net id="180"><net_src comp="166" pin="2"/><net_sink comp="172" pin=2"/></net>

<net id="181"><net_src comp="22" pin="0"/><net_sink comp="172" pin=3"/></net>

<net id="182"><net_src comp="44" pin="0"/><net_sink comp="172" pin=4"/></net>

<net id="183"><net_src comp="172" pin="5"/><net_sink comp="110" pin=0"/></net>

<net id="191"><net_src comp="137" pin="2"/><net_sink comp="187" pin=0"/></net>

<net id="192"><net_src comp="184" pin="1"/><net_sink comp="187" pin=1"/></net>

<net id="193"><net_src comp="187" pin="2"/><net_sink comp="119" pin=0"/></net>

<net id="201"><net_src comp="46" pin="0"/><net_sink comp="194" pin=0"/></net>

<net id="202"><net_src comp="110" pin="4"/><net_sink comp="194" pin=1"/></net>

<net id="203"><net_src comp="119" pin="4"/><net_sink comp="194" pin=2"/></net>

<net id="204"><net_src comp="28" pin="0"/><net_sink comp="194" pin=3"/></net>

<net id="205"><net_src comp="48" pin="0"/><net_sink comp="194" pin=4"/></net>

<net id="206"><net_src comp="194" pin="5"/><net_sink comp="100" pin=2"/></net>

<net id="210"><net_src comp="52" pin="2"/><net_sink comp="207" pin=0"/></net>

<net id="211"><net_src comp="207" pin="1"/><net_sink comp="137" pin=0"/></net>

<net id="215"><net_src comp="58" pin="2"/><net_sink comp="212" pin=0"/></net>

<net id="216"><net_src comp="212" pin="1"/><net_sink comp="131" pin=0"/></net>

<net id="220"><net_src comp="64" pin="2"/><net_sink comp="217" pin=0"/></net>

<net id="221"><net_src comp="217" pin="1"/><net_sink comp="131" pin=1"/></net>

<net id="222"><net_src comp="217" pin="1"/><net_sink comp="137" pin=1"/></net>

<net id="226"><net_src comp="76" pin="2"/><net_sink comp="223" pin=0"/></net>

<net id="227"><net_src comp="223" pin="1"/><net_sink comp="172" pin=1"/></net>

<net id="231"><net_src comp="82" pin="2"/><net_sink comp="228" pin=0"/></net>

<net id="232"><net_src comp="228" pin="1"/><net_sink comp="163" pin=0"/></net>

<net id="236"><net_src comp="88" pin="2"/><net_sink comp="233" pin=0"/></net>

<net id="237"><net_src comp="233" pin="1"/><net_sink comp="184" pin=0"/></net>

<net id="241"><net_src comp="94" pin="2"/><net_sink comp="238" pin=0"/></net>

<net id="242"><net_src comp="238" pin="1"/><net_sink comp="119" pin=2"/></net>

<net id="246"><net_src comp="125" pin="2"/><net_sink comp="243" pin=0"/></net>

<net id="250"><net_src comp="147" pin="5"/><net_sink comp="247" pin=0"/></net>

<net id="251"><net_src comp="247" pin="1"/><net_sink comp="110" pin=2"/></net>

</net_list>

</model> 
---------------- Datapath Model END ------------------

* FSMD analyzer results:
  - Output states:
	Port: c | {36 }
 - Input state : 
	Port: get_centroid_sh_Bloc : p_read | {1 }
	Port: get_centroid_sh_Bloc : possible_c_x | {1 }
	Port: get_centroid_sh_Bloc : c_read | {1 }
	Port: get_centroid_sh_Bloc : p_read1 | {1 }
	Port: get_centroid_sh_Bloc : v_offset_read | {1 }
	Port: get_centroid_sh_Bloc : p_read2 | {1 }
	Port: get_centroid_sh_Bloc : h_offset | {1 }
	Port: get_centroid_sh_Bloc : possible_c_y | {1 }
  - Chain level:
	State 1
		br_ln133 : 1
		c1_part_set_i_i : 1
	State 2
	State 3
	State 4
	State 5
	State 6
	State 7
	State 8
	State 9
	State 10
	State 11
	State 12
	State 13
	State 14
	State 15
	State 16
	State 17
	State 18
	State 19
	State 20
	State 21
	State 22
	State 23
	State 24
	State 25
	State 26
	State 27
	State 28
	State 29
	State 30
	State 31
	State 32
	State 33
	State 34
	State 35
	State 36
		trunc_ln134 : 1
		add_ln134 : 2
		c2_part_set_i_i : 3
		add_ln135 : 1
		c3_i_i : 4
		storemerge_i_i : 2
		c3_part_set_i_i : 5
		write_ln138 : 6


============================================================
+ Verbose Summary: Datapath Resource usage 
============================================================

* Functional unit list:
|----------|------------------------------|---------|---------|
| Operation|        Functional Unit       |    FF   |   LUT   |
|----------|------------------------------|---------|---------|
|   udiv   |          grp_fu_131          |   394   |   238   |
|          |          grp_fu_137          |   394   |   238   |
|----------|------------------------------|---------|---------|
|    add   |       add_ln134_fu_166       |    0    |    23   |
|          |       add_ln135_fu_187       |    0    |    39   |
|----------|------------------------------|---------|---------|
|   icmp   |       icmp_ln133_fu_125      |    0    |    18   |
|----------|------------------------------|---------|---------|
|          |      p_read_4_read_fu_52     |    0    |    0    |
|          |      p_read14_read_fu_58     |    0    |    0    |
|          |      p_read_5_read_fu_64     |    0    |    0    |
|   read   | possible_c_x_read_read_fu_70 |    0    |    0    |
|          |      c_read_2_read_fu_76     |    0    |    0    |
|          |  v_offset_read_2_read_fu_82  |    0    |    0    |
|          |   h_offset_read_read_fu_88   |    0    |    0    |
|          | possible_c_y_read_read_fu_94 |    0    |    0    |
|----------|------------------------------|---------|---------|
|   write  |   write_ln138_write_fu_100   |    0    |    0    |
|----------|------------------------------|---------|---------|
|          |       zext_ln120_fu_143      |    0    |    0    |
|   zext   |       zext_ln134_fu_163      |    0    |    0    |
|          |       zext_ln135_fu_184      |    0    |    0    |
|----------|------------------------------|---------|---------|
|          |    c1_part_set_i_i_fu_147    |    0    |    0    |
|  partset |    c2_part_set_i_i_fu_172    |    0    |    0    |
|          |    c3_part_set_i_i_fu_194    |    0    |    0    |
|----------|------------------------------|---------|---------|
|   trunc  |      trunc_ln134_fu_159      |    0    |    0    |
|----------|------------------------------|---------|---------|
|   Total  |                              |   788   |   556   |
|----------|------------------------------|---------|---------|

Memories:
N/A

* Register list:
+-------------------------+--------+
|                         |   FF   |
+-------------------------+--------+
| c1_part_set_i_i_reg_247 |   48   |
|      c3_i_i_reg_107     |   48   |
|     c_read_2_reg_223    |   48   |
|  h_offset_read_reg_233  |   16   |
|    icmp_ln133_reg_243   |    1   |
|     p_read14_reg_212    |   32   |
|     p_read_4_reg_207    |   32   |
|     p_read_5_reg_217    |   32   |
|possible_c_y_read_reg_238|   32   |
|  storemerge_i_i_reg_116 |   32   |
| v_offset_read_2_reg_228 |    8   |
+-------------------------+--------+
|          Total          |   329  |
+-------------------------+--------+

* Multiplexer (MUX) list: 
|------------|------|------|------|--------||---------||---------|
|    Comp    |  Pin | Size |  BW  | S x BW ||  Delay  ||   LUT   |
|------------|------|------|------|--------||---------||---------|
| grp_fu_131 |  p0  |   2  |  32  |   64   ||    9    |
| grp_fu_131 |  p1  |   2  |  32  |   64   ||    9    |
| grp_fu_137 |  p0  |   2  |  32  |   64   ||    9    |
| grp_fu_137 |  p1  |   2  |  32  |   64   ||    9    |
|------------|------|------|------|--------||---------||---------|
|    Total   |      |      |      |   256  ||  7.076  ||    36   |
|------------|------|------|------|--------||---------||---------|



* Summary:
+-----------+--------+--------+--------+
|           |  Delay |   FF   |   LUT  |
+-----------+--------+--------+--------+
|  Function |    -   |   788  |   556  |
|   Memory  |    -   |    -   |    -   |
|Multiplexer|    7   |    -   |   36   |
|  Register |    -   |   329  |    -   |
+-----------+--------+--------+--------+
|   Total   |    7   |  1117  |   592  |
+-----------+--------+--------+--------+
