

================================================================
== Vivado HLS Report for 'get_centroid_fh_Bloc'
================================================================
* Date:           Wed Mar 18 11:34:28 2020

* Version:        2019.2.1 (Build 2724168 on Thu Dec 05 05:19:09 MST 2019)
* Project:        WeedD
* Solution:       solution1
* Product family: zynq
* Target device:  xc7z020-clg400-1


================================================================
== Performance Estimates
================================================================
+ Timing: 
    * Summary: 
    +--------+----------+----------+------------+
    |  Clock |  Target  | Estimated| Uncertainty|
    +--------+----------+----------+------------+
    |ap_clk  | 50.00 ns | 8.456 ns |   6.25 ns  |
    +--------+----------+----------+------------+

+ Latency: 
    * Summary: 
    +---------+---------+-----------+----------+-----+-----+---------+
    |  Latency (cycles) |  Latency (absolute)  |  Interval | Pipeline|
    |   min   |   max   |    min    |    max   | min | max |   Type  |
    +---------+---------+-----------+----------+-----+-----+---------+
    |        1|       35| 50.000 ns | 1.750 us |    1|   35|   none  |
    +---------+---------+-----------+----------+-----+-----+---------+

    + Detail: 
        * Instance: 
        N/A

        * Loop: 
        N/A

============================================================
+ Verbose Summary: Synthesis Manager
============================================================
InlineROM: 1
ExposeGlobal: 0
============================================================
+ Verbose Summary: CDFG Model
============================================================
IsTopModel: 0
ResetActiveHigh: 1
IsCombinational: 2
IsDatapathOnly: 0
HasWiredReturn: 1
HasMFsm: 0
HasVarLatency: 1
IsPipeline: 0
IsRtlPipelined: 0
IsInstanceOverlapped: 0
IsDontTouch: 0
HasImplIP: 0
IsGatedGlobalClock: 0


============================================================
+ Verbose Summary: Schedule
============================================================
* Number of FSM states : 36
* Pipeline : 0
* Dataflow Pipeline: 0

* FSM state transitions: 
1 --> 2 36 
2 --> 3 
3 --> 4 
4 --> 5 
5 --> 6 
6 --> 7 
7 --> 8 
8 --> 9 
9 --> 10 
10 --> 11 
11 --> 12 
12 --> 13 
13 --> 14 
14 --> 15 
15 --> 16 
16 --> 17 
17 --> 18 
18 --> 19 
19 --> 20 
20 --> 21 
21 --> 22 
22 --> 23 
23 --> 24 
24 --> 25 
25 --> 26 
26 --> 27 
27 --> 28 
28 --> 29 
29 --> 30 
30 --> 31 
31 --> 32 
32 --> 33 
33 --> 34 
34 --> 35 
35 --> 36 
36 --> 

* FSM state operations: 

State 1 <SV = 0> <Delay = 4.24>
ST_1 : Operation 37 [1/1] (0.00ns)   --->   "call void (...)* @_ssdm_op_SpecInterface(i16* %h_offset, [8 x i8]* @ap_fifo_str, i32 0, i32 0, [1 x i8]* @p_str, i32 0, i32 0, [1 x i8]* @p_str, [1 x i8]* @p_str, [1 x i8]* @p_str, i32 2, i32 2, i32 16, i32 16, [1 x i8]* @p_str, [11 x i8]* @ScalarProp_str)"   --->   Operation 37 'specinterface' <Predicate = true> <Delay = 0.00>
ST_1 : Operation 38 [1/1] (0.00ns)   --->   "call void (...)* @_ssdm_op_SpecInterface(i8* %v_offset, [8 x i8]* @ap_fifo_str, i32 0, i32 0, [1 x i8]* @p_str, i32 0, i32 0, [1 x i8]* @p_str, [1 x i8]* @p_str, [1 x i8]* @p_str, i32 2, i32 2, i32 16, i32 16, [1 x i8]* @p_str, [11 x i8]* @ScalarProp_str)"   --->   Operation 38 'specinterface' <Predicate = true> <Delay = 0.00>
ST_1 : Operation 39 [1/1] (0.00ns)   --->   "%p_read_6 = call i32 @_ssdm_op_Read.ap_auto.i32(i32 %p_read4)" [./wd_stage_2.h:160]   --->   Operation 39 'read' 'p_read_6' <Predicate = true> <Delay = 0.00>
ST_1 : Operation 40 [1/1] (0.00ns)   --->   "%p_read_7 = call i32 @_ssdm_op_Read.ap_auto.i32(i32 %p_read3)" [./wd_stage_2.h:160]   --->   Operation 40 'read' 'p_read_7' <Predicate = true> <Delay = 0.00>
ST_1 : Operation 41 [1/1] (0.00ns)   --->   "%p_read27 = call i16 @_ssdm_op_Read.ap_auto.i16(i16 %p_read2)" [./wd_stage_2.h:160]   --->   Operation 41 'read' 'p_read27' <Predicate = true> <Delay = 0.00>
ST_1 : Operation 42 [1/1] (0.00ns)   --->   "%p_read16 = call i32 @_ssdm_op_Read.ap_auto.i32(i32 %p_read1)" [./wd_stage_2.h:160]   --->   Operation 42 'read' 'p_read16' <Predicate = true> <Delay = 0.00>
ST_1 : Operation 43 [1/1] (0.00ns)   --->   "%p_read_8 = call i32 @_ssdm_op_Read.ap_auto.i32(i32 %p_read)" [./wd_stage_2.h:160]   --->   Operation 43 'read' 'p_read_8' <Predicate = true> <Delay = 0.00>
ST_1 : Operation 44 [1/1] (3.63ns)   --->   "%v_offset_read = call i8 @_ssdm_op_Read.ap_fifo.i8P(i8* %v_offset)" [./wd_stage_2.h:160]   --->   Operation 44 'read' 'v_offset_read' <Predicate = true> <Delay = 3.63> <Core = "FIFO">   --->   Core 32 'FIFO' <Latency = 0> <II = 1> <Delay = 3.63> <Storage> <Opcode : 'read' 'write' 'nbread' 'nbwrite'> <Ports = 0> <Width = 16> <Depth = 1> <FIFO>
ST_1 : Operation 45 [1/1] (3.63ns)   --->   "%h_offset_read = call i16 @_ssdm_op_Read.ap_fifo.i16P(i16* %h_offset)" [./wd_stage_2.h:161]   --->   Operation 45 'read' 'h_offset_read' <Predicate = true> <Delay = 3.63> <Core = "FIFO">   --->   Core 32 'FIFO' <Latency = 0> <II = 1> <Delay = 3.63> <Storage> <Opcode : 'read' 'write' 'nbread' 'nbwrite'> <Ports = 0> <Width = 16> <Depth = 1> <FIFO>
ST_1 : Operation 46 [1/1] (2.47ns)   --->   "%icmp_ln156 = icmp eq i32 %p_read_8, 0" [./wd_stage_2.h:156->./wd_stage_2.h:142]   --->   Operation 46 'icmp' 'icmp_ln156' <Predicate = true> <Delay = 2.47> <Core = "Cmp">   --->   Core 25 'Cmp' <Latency = 0> <II = 1> <Delay = 2.47> <FuncUnit> <Opcode : 'icmp'> <InPorts = 2> <OutPorts = 1>
ST_1 : Operation 47 [1/1] (1.76ns)   --->   "br i1 %icmp_ln156, label %.exit, label %0" [./wd_stage_2.h:156->./wd_stage_2.h:142]   --->   Operation 47 'br' <Predicate = true> <Delay = 1.76>
ST_1 : Operation 48 [36/36] (4.13ns)   --->   "%udiv_ln157 = udiv i32 %p_read_7, %p_read_8" [./wd_stage_2.h:157->./wd_stage_2.h:142]   --->   Operation 48 'udiv' 'udiv_ln157' <Predicate = (!icmp_ln156)> <Delay = 4.13> <Core = "DivnS_SEQ">   --->   Core 24 'DivnS_SEQ' <Latency = 35> <II = 32> <Delay = 4.13> <FuncUnit> <Opcode : 'sdiv' 'srem' 'udiv' 'urem'> <InPorts = 2> <OutPorts = 1>
ST_1 : Operation 49 [36/36] (4.13ns)   --->   "%udiv_ln158 = udiv i32 %p_read_6, %p_read_8" [./wd_stage_2.h:158->./wd_stage_2.h:142]   --->   Operation 49 'udiv' 'udiv_ln158' <Predicate = (!icmp_ln156)> <Delay = 4.13> <Core = "DivnS_SEQ">   --->   Core 24 'DivnS_SEQ' <Latency = 35> <II = 32> <Delay = 4.13> <FuncUnit> <Opcode : 'sdiv' 'srem' 'udiv' 'urem'> <InPorts = 2> <OutPorts = 1>

State 2 <SV = 1> <Delay = 4.13>
ST_2 : Operation 50 [35/36] (4.13ns)   --->   "%udiv_ln157 = udiv i32 %p_read_7, %p_read_8" [./wd_stage_2.h:157->./wd_stage_2.h:142]   --->   Operation 50 'udiv' 'udiv_ln157' <Predicate = true> <Delay = 4.13> <Core = "DivnS_SEQ">   --->   Core 24 'DivnS_SEQ' <Latency = 35> <II = 32> <Delay = 4.13> <FuncUnit> <Opcode : 'sdiv' 'srem' 'udiv' 'urem'> <InPorts = 2> <OutPorts = 1>
ST_2 : Operation 51 [35/36] (4.13ns)   --->   "%udiv_ln158 = udiv i32 %p_read_6, %p_read_8" [./wd_stage_2.h:158->./wd_stage_2.h:142]   --->   Operation 51 'udiv' 'udiv_ln158' <Predicate = true> <Delay = 4.13> <Core = "DivnS_SEQ">   --->   Core 24 'DivnS_SEQ' <Latency = 35> <II = 32> <Delay = 4.13> <FuncUnit> <Opcode : 'sdiv' 'srem' 'udiv' 'urem'> <InPorts = 2> <OutPorts = 1>

State 3 <SV = 2> <Delay = 4.13>
ST_3 : Operation 52 [34/36] (4.13ns)   --->   "%udiv_ln157 = udiv i32 %p_read_7, %p_read_8" [./wd_stage_2.h:157->./wd_stage_2.h:142]   --->   Operation 52 'udiv' 'udiv_ln157' <Predicate = true> <Delay = 4.13> <Core = "DivnS_SEQ">   --->   Core 24 'DivnS_SEQ' <Latency = 35> <II = 32> <Delay = 4.13> <FuncUnit> <Opcode : 'sdiv' 'srem' 'udiv' 'urem'> <InPorts = 2> <OutPorts = 1>
ST_3 : Operation 53 [34/36] (4.13ns)   --->   "%udiv_ln158 = udiv i32 %p_read_6, %p_read_8" [./wd_stage_2.h:158->./wd_stage_2.h:142]   --->   Operation 53 'udiv' 'udiv_ln158' <Predicate = true> <Delay = 4.13> <Core = "DivnS_SEQ">   --->   Core 24 'DivnS_SEQ' <Latency = 35> <II = 32> <Delay = 4.13> <FuncUnit> <Opcode : 'sdiv' 'srem' 'udiv' 'urem'> <InPorts = 2> <OutPorts = 1>

State 4 <SV = 3> <Delay = 4.13>
ST_4 : Operation 54 [33/36] (4.13ns)   --->   "%udiv_ln157 = udiv i32 %p_read_7, %p_read_8" [./wd_stage_2.h:157->./wd_stage_2.h:142]   --->   Operation 54 'udiv' 'udiv_ln157' <Predicate = true> <Delay = 4.13> <Core = "DivnS_SEQ">   --->   Core 24 'DivnS_SEQ' <Latency = 35> <II = 32> <Delay = 4.13> <FuncUnit> <Opcode : 'sdiv' 'srem' 'udiv' 'urem'> <InPorts = 2> <OutPorts = 1>
ST_4 : Operation 55 [33/36] (4.13ns)   --->   "%udiv_ln158 = udiv i32 %p_read_6, %p_read_8" [./wd_stage_2.h:158->./wd_stage_2.h:142]   --->   Operation 55 'udiv' 'udiv_ln158' <Predicate = true> <Delay = 4.13> <Core = "DivnS_SEQ">   --->   Core 24 'DivnS_SEQ' <Latency = 35> <II = 32> <Delay = 4.13> <FuncUnit> <Opcode : 'sdiv' 'srem' 'udiv' 'urem'> <InPorts = 2> <OutPorts = 1>

State 5 <SV = 4> <Delay = 4.13>
ST_5 : Operation 56 [32/36] (4.13ns)   --->   "%udiv_ln157 = udiv i32 %p_read_7, %p_read_8" [./wd_stage_2.h:157->./wd_stage_2.h:142]   --->   Operation 56 'udiv' 'udiv_ln157' <Predicate = true> <Delay = 4.13> <Core = "DivnS_SEQ">   --->   Core 24 'DivnS_SEQ' <Latency = 35> <II = 32> <Delay = 4.13> <FuncUnit> <Opcode : 'sdiv' 'srem' 'udiv' 'urem'> <InPorts = 2> <OutPorts = 1>
ST_5 : Operation 57 [32/36] (4.13ns)   --->   "%udiv_ln158 = udiv i32 %p_read_6, %p_read_8" [./wd_stage_2.h:158->./wd_stage_2.h:142]   --->   Operation 57 'udiv' 'udiv_ln158' <Predicate = true> <Delay = 4.13> <Core = "DivnS_SEQ">   --->   Core 24 'DivnS_SEQ' <Latency = 35> <II = 32> <Delay = 4.13> <FuncUnit> <Opcode : 'sdiv' 'srem' 'udiv' 'urem'> <InPorts = 2> <OutPorts = 1>

State 6 <SV = 5> <Delay = 4.13>
ST_6 : Operation 58 [31/36] (4.13ns)   --->   "%udiv_ln157 = udiv i32 %p_read_7, %p_read_8" [./wd_stage_2.h:157->./wd_stage_2.h:142]   --->   Operation 58 'udiv' 'udiv_ln157' <Predicate = true> <Delay = 4.13> <Core = "DivnS_SEQ">   --->   Core 24 'DivnS_SEQ' <Latency = 35> <II = 32> <Delay = 4.13> <FuncUnit> <Opcode : 'sdiv' 'srem' 'udiv' 'urem'> <InPorts = 2> <OutPorts = 1>
ST_6 : Operation 59 [31/36] (4.13ns)   --->   "%udiv_ln158 = udiv i32 %p_read_6, %p_read_8" [./wd_stage_2.h:158->./wd_stage_2.h:142]   --->   Operation 59 'udiv' 'udiv_ln158' <Predicate = true> <Delay = 4.13> <Core = "DivnS_SEQ">   --->   Core 24 'DivnS_SEQ' <Latency = 35> <II = 32> <Delay = 4.13> <FuncUnit> <Opcode : 'sdiv' 'srem' 'udiv' 'urem'> <InPorts = 2> <OutPorts = 1>

State 7 <SV = 6> <Delay = 4.13>
ST_7 : Operation 60 [30/36] (4.13ns)   --->   "%udiv_ln157 = udiv i32 %p_read_7, %p_read_8" [./wd_stage_2.h:157->./wd_stage_2.h:142]   --->   Operation 60 'udiv' 'udiv_ln157' <Predicate = true> <Delay = 4.13> <Core = "DivnS_SEQ">   --->   Core 24 'DivnS_SEQ' <Latency = 35> <II = 32> <Delay = 4.13> <FuncUnit> <Opcode : 'sdiv' 'srem' 'udiv' 'urem'> <InPorts = 2> <OutPorts = 1>
ST_7 : Operation 61 [30/36] (4.13ns)   --->   "%udiv_ln158 = udiv i32 %p_read_6, %p_read_8" [./wd_stage_2.h:158->./wd_stage_2.h:142]   --->   Operation 61 'udiv' 'udiv_ln158' <Predicate = true> <Delay = 4.13> <Core = "DivnS_SEQ">   --->   Core 24 'DivnS_SEQ' <Latency = 35> <II = 32> <Delay = 4.13> <FuncUnit> <Opcode : 'sdiv' 'srem' 'udiv' 'urem'> <InPorts = 2> <OutPorts = 1>

State 8 <SV = 7> <Delay = 4.13>
ST_8 : Operation 62 [29/36] (4.13ns)   --->   "%udiv_ln157 = udiv i32 %p_read_7, %p_read_8" [./wd_stage_2.h:157->./wd_stage_2.h:142]   --->   Operation 62 'udiv' 'udiv_ln157' <Predicate = true> <Delay = 4.13> <Core = "DivnS_SEQ">   --->   Core 24 'DivnS_SEQ' <Latency = 35> <II = 32> <Delay = 4.13> <FuncUnit> <Opcode : 'sdiv' 'srem' 'udiv' 'urem'> <InPorts = 2> <OutPorts = 1>
ST_8 : Operation 63 [29/36] (4.13ns)   --->   "%udiv_ln158 = udiv i32 %p_read_6, %p_read_8" [./wd_stage_2.h:158->./wd_stage_2.h:142]   --->   Operation 63 'udiv' 'udiv_ln158' <Predicate = true> <Delay = 4.13> <Core = "DivnS_SEQ">   --->   Core 24 'DivnS_SEQ' <Latency = 35> <II = 32> <Delay = 4.13> <FuncUnit> <Opcode : 'sdiv' 'srem' 'udiv' 'urem'> <InPorts = 2> <OutPorts = 1>

State 9 <SV = 8> <Delay = 4.13>
ST_9 : Operation 64 [28/36] (4.13ns)   --->   "%udiv_ln157 = udiv i32 %p_read_7, %p_read_8" [./wd_stage_2.h:157->./wd_stage_2.h:142]   --->   Operation 64 'udiv' 'udiv_ln157' <Predicate = true> <Delay = 4.13> <Core = "DivnS_SEQ">   --->   Core 24 'DivnS_SEQ' <Latency = 35> <II = 32> <Delay = 4.13> <FuncUnit> <Opcode : 'sdiv' 'srem' 'udiv' 'urem'> <InPorts = 2> <OutPorts = 1>
ST_9 : Operation 65 [28/36] (4.13ns)   --->   "%udiv_ln158 = udiv i32 %p_read_6, %p_read_8" [./wd_stage_2.h:158->./wd_stage_2.h:142]   --->   Operation 65 'udiv' 'udiv_ln158' <Predicate = true> <Delay = 4.13> <Core = "DivnS_SEQ">   --->   Core 24 'DivnS_SEQ' <Latency = 35> <II = 32> <Delay = 4.13> <FuncUnit> <Opcode : 'sdiv' 'srem' 'udiv' 'urem'> <InPorts = 2> <OutPorts = 1>

State 10 <SV = 9> <Delay = 4.13>
ST_10 : Operation 66 [27/36] (4.13ns)   --->   "%udiv_ln157 = udiv i32 %p_read_7, %p_read_8" [./wd_stage_2.h:157->./wd_stage_2.h:142]   --->   Operation 66 'udiv' 'udiv_ln157' <Predicate = true> <Delay = 4.13> <Core = "DivnS_SEQ">   --->   Core 24 'DivnS_SEQ' <Latency = 35> <II = 32> <Delay = 4.13> <FuncUnit> <Opcode : 'sdiv' 'srem' 'udiv' 'urem'> <InPorts = 2> <OutPorts = 1>
ST_10 : Operation 67 [27/36] (4.13ns)   --->   "%udiv_ln158 = udiv i32 %p_read_6, %p_read_8" [./wd_stage_2.h:158->./wd_stage_2.h:142]   --->   Operation 67 'udiv' 'udiv_ln158' <Predicate = true> <Delay = 4.13> <Core = "DivnS_SEQ">   --->   Core 24 'DivnS_SEQ' <Latency = 35> <II = 32> <Delay = 4.13> <FuncUnit> <Opcode : 'sdiv' 'srem' 'udiv' 'urem'> <InPorts = 2> <OutPorts = 1>

State 11 <SV = 10> <Delay = 4.13>
ST_11 : Operation 68 [26/36] (4.13ns)   --->   "%udiv_ln157 = udiv i32 %p_read_7, %p_read_8" [./wd_stage_2.h:157->./wd_stage_2.h:142]   --->   Operation 68 'udiv' 'udiv_ln157' <Predicate = true> <Delay = 4.13> <Core = "DivnS_SEQ">   --->   Core 24 'DivnS_SEQ' <Latency = 35> <II = 32> <Delay = 4.13> <FuncUnit> <Opcode : 'sdiv' 'srem' 'udiv' 'urem'> <InPorts = 2> <OutPorts = 1>
ST_11 : Operation 69 [26/36] (4.13ns)   --->   "%udiv_ln158 = udiv i32 %p_read_6, %p_read_8" [./wd_stage_2.h:158->./wd_stage_2.h:142]   --->   Operation 69 'udiv' 'udiv_ln158' <Predicate = true> <Delay = 4.13> <Core = "DivnS_SEQ">   --->   Core 24 'DivnS_SEQ' <Latency = 35> <II = 32> <Delay = 4.13> <FuncUnit> <Opcode : 'sdiv' 'srem' 'udiv' 'urem'> <InPorts = 2> <OutPorts = 1>

State 12 <SV = 11> <Delay = 4.13>
ST_12 : Operation 70 [25/36] (4.13ns)   --->   "%udiv_ln157 = udiv i32 %p_read_7, %p_read_8" [./wd_stage_2.h:157->./wd_stage_2.h:142]   --->   Operation 70 'udiv' 'udiv_ln157' <Predicate = true> <Delay = 4.13> <Core = "DivnS_SEQ">   --->   Core 24 'DivnS_SEQ' <Latency = 35> <II = 32> <Delay = 4.13> <FuncUnit> <Opcode : 'sdiv' 'srem' 'udiv' 'urem'> <InPorts = 2> <OutPorts = 1>
ST_12 : Operation 71 [25/36] (4.13ns)   --->   "%udiv_ln158 = udiv i32 %p_read_6, %p_read_8" [./wd_stage_2.h:158->./wd_stage_2.h:142]   --->   Operation 71 'udiv' 'udiv_ln158' <Predicate = true> <Delay = 4.13> <Core = "DivnS_SEQ">   --->   Core 24 'DivnS_SEQ' <Latency = 35> <II = 32> <Delay = 4.13> <FuncUnit> <Opcode : 'sdiv' 'srem' 'udiv' 'urem'> <InPorts = 2> <OutPorts = 1>

State 13 <SV = 12> <Delay = 4.13>
ST_13 : Operation 72 [24/36] (4.13ns)   --->   "%udiv_ln157 = udiv i32 %p_read_7, %p_read_8" [./wd_stage_2.h:157->./wd_stage_2.h:142]   --->   Operation 72 'udiv' 'udiv_ln157' <Predicate = true> <Delay = 4.13> <Core = "DivnS_SEQ">   --->   Core 24 'DivnS_SEQ' <Latency = 35> <II = 32> <Delay = 4.13> <FuncUnit> <Opcode : 'sdiv' 'srem' 'udiv' 'urem'> <InPorts = 2> <OutPorts = 1>
ST_13 : Operation 73 [24/36] (4.13ns)   --->   "%udiv_ln158 = udiv i32 %p_read_6, %p_read_8" [./wd_stage_2.h:158->./wd_stage_2.h:142]   --->   Operation 73 'udiv' 'udiv_ln158' <Predicate = true> <Delay = 4.13> <Core = "DivnS_SEQ">   --->   Core 24 'DivnS_SEQ' <Latency = 35> <II = 32> <Delay = 4.13> <FuncUnit> <Opcode : 'sdiv' 'srem' 'udiv' 'urem'> <InPorts = 2> <OutPorts = 1>

State 14 <SV = 13> <Delay = 4.13>
ST_14 : Operation 74 [23/36] (4.13ns)   --->   "%udiv_ln157 = udiv i32 %p_read_7, %p_read_8" [./wd_stage_2.h:157->./wd_stage_2.h:142]   --->   Operation 74 'udiv' 'udiv_ln157' <Predicate = true> <Delay = 4.13> <Core = "DivnS_SEQ">   --->   Core 24 'DivnS_SEQ' <Latency = 35> <II = 32> <Delay = 4.13> <FuncUnit> <Opcode : 'sdiv' 'srem' 'udiv' 'urem'> <InPorts = 2> <OutPorts = 1>
ST_14 : Operation 75 [23/36] (4.13ns)   --->   "%udiv_ln158 = udiv i32 %p_read_6, %p_read_8" [./wd_stage_2.h:158->./wd_stage_2.h:142]   --->   Operation 75 'udiv' 'udiv_ln158' <Predicate = true> <Delay = 4.13> <Core = "DivnS_SEQ">   --->   Core 24 'DivnS_SEQ' <Latency = 35> <II = 32> <Delay = 4.13> <FuncUnit> <Opcode : 'sdiv' 'srem' 'udiv' 'urem'> <InPorts = 2> <OutPorts = 1>

State 15 <SV = 14> <Delay = 4.13>
ST_15 : Operation 76 [22/36] (4.13ns)   --->   "%udiv_ln157 = udiv i32 %p_read_7, %p_read_8" [./wd_stage_2.h:157->./wd_stage_2.h:142]   --->   Operation 76 'udiv' 'udiv_ln157' <Predicate = true> <Delay = 4.13> <Core = "DivnS_SEQ">   --->   Core 24 'DivnS_SEQ' <Latency = 35> <II = 32> <Delay = 4.13> <FuncUnit> <Opcode : 'sdiv' 'srem' 'udiv' 'urem'> <InPorts = 2> <OutPorts = 1>
ST_15 : Operation 77 [22/36] (4.13ns)   --->   "%udiv_ln158 = udiv i32 %p_read_6, %p_read_8" [./wd_stage_2.h:158->./wd_stage_2.h:142]   --->   Operation 77 'udiv' 'udiv_ln158' <Predicate = true> <Delay = 4.13> <Core = "DivnS_SEQ">   --->   Core 24 'DivnS_SEQ' <Latency = 35> <II = 32> <Delay = 4.13> <FuncUnit> <Opcode : 'sdiv' 'srem' 'udiv' 'urem'> <InPorts = 2> <OutPorts = 1>

State 16 <SV = 15> <Delay = 4.13>
ST_16 : Operation 78 [21/36] (4.13ns)   --->   "%udiv_ln157 = udiv i32 %p_read_7, %p_read_8" [./wd_stage_2.h:157->./wd_stage_2.h:142]   --->   Operation 78 'udiv' 'udiv_ln157' <Predicate = true> <Delay = 4.13> <Core = "DivnS_SEQ">   --->   Core 24 'DivnS_SEQ' <Latency = 35> <II = 32> <Delay = 4.13> <FuncUnit> <Opcode : 'sdiv' 'srem' 'udiv' 'urem'> <InPorts = 2> <OutPorts = 1>
ST_16 : Operation 79 [21/36] (4.13ns)   --->   "%udiv_ln158 = udiv i32 %p_read_6, %p_read_8" [./wd_stage_2.h:158->./wd_stage_2.h:142]   --->   Operation 79 'udiv' 'udiv_ln158' <Predicate = true> <Delay = 4.13> <Core = "DivnS_SEQ">   --->   Core 24 'DivnS_SEQ' <Latency = 35> <II = 32> <Delay = 4.13> <FuncUnit> <Opcode : 'sdiv' 'srem' 'udiv' 'urem'> <InPorts = 2> <OutPorts = 1>

State 17 <SV = 16> <Delay = 4.13>
ST_17 : Operation 80 [20/36] (4.13ns)   --->   "%udiv_ln157 = udiv i32 %p_read_7, %p_read_8" [./wd_stage_2.h:157->./wd_stage_2.h:142]   --->   Operation 80 'udiv' 'udiv_ln157' <Predicate = true> <Delay = 4.13> <Core = "DivnS_SEQ">   --->   Core 24 'DivnS_SEQ' <Latency = 35> <II = 32> <Delay = 4.13> <FuncUnit> <Opcode : 'sdiv' 'srem' 'udiv' 'urem'> <InPorts = 2> <OutPorts = 1>
ST_17 : Operation 81 [20/36] (4.13ns)   --->   "%udiv_ln158 = udiv i32 %p_read_6, %p_read_8" [./wd_stage_2.h:158->./wd_stage_2.h:142]   --->   Operation 81 'udiv' 'udiv_ln158' <Predicate = true> <Delay = 4.13> <Core = "DivnS_SEQ">   --->   Core 24 'DivnS_SEQ' <Latency = 35> <II = 32> <Delay = 4.13> <FuncUnit> <Opcode : 'sdiv' 'srem' 'udiv' 'urem'> <InPorts = 2> <OutPorts = 1>

State 18 <SV = 17> <Delay = 4.13>
ST_18 : Operation 82 [19/36] (4.13ns)   --->   "%udiv_ln157 = udiv i32 %p_read_7, %p_read_8" [./wd_stage_2.h:157->./wd_stage_2.h:142]   --->   Operation 82 'udiv' 'udiv_ln157' <Predicate = true> <Delay = 4.13> <Core = "DivnS_SEQ">   --->   Core 24 'DivnS_SEQ' <Latency = 35> <II = 32> <Delay = 4.13> <FuncUnit> <Opcode : 'sdiv' 'srem' 'udiv' 'urem'> <InPorts = 2> <OutPorts = 1>
ST_18 : Operation 83 [19/36] (4.13ns)   --->   "%udiv_ln158 = udiv i32 %p_read_6, %p_read_8" [./wd_stage_2.h:158->./wd_stage_2.h:142]   --->   Operation 83 'udiv' 'udiv_ln158' <Predicate = true> <Delay = 4.13> <Core = "DivnS_SEQ">   --->   Core 24 'DivnS_SEQ' <Latency = 35> <II = 32> <Delay = 4.13> <FuncUnit> <Opcode : 'sdiv' 'srem' 'udiv' 'urem'> <InPorts = 2> <OutPorts = 1>

State 19 <SV = 18> <Delay = 4.13>
ST_19 : Operation 84 [18/36] (4.13ns)   --->   "%udiv_ln157 = udiv i32 %p_read_7, %p_read_8" [./wd_stage_2.h:157->./wd_stage_2.h:142]   --->   Operation 84 'udiv' 'udiv_ln157' <Predicate = true> <Delay = 4.13> <Core = "DivnS_SEQ">   --->   Core 24 'DivnS_SEQ' <Latency = 35> <II = 32> <Delay = 4.13> <FuncUnit> <Opcode : 'sdiv' 'srem' 'udiv' 'urem'> <InPorts = 2> <OutPorts = 1>
ST_19 : Operation 85 [18/36] (4.13ns)   --->   "%udiv_ln158 = udiv i32 %p_read_6, %p_read_8" [./wd_stage_2.h:158->./wd_stage_2.h:142]   --->   Operation 85 'udiv' 'udiv_ln158' <Predicate = true> <Delay = 4.13> <Core = "DivnS_SEQ">   --->   Core 24 'DivnS_SEQ' <Latency = 35> <II = 32> <Delay = 4.13> <FuncUnit> <Opcode : 'sdiv' 'srem' 'udiv' 'urem'> <InPorts = 2> <OutPorts = 1>

State 20 <SV = 19> <Delay = 4.13>
ST_20 : Operation 86 [17/36] (4.13ns)   --->   "%udiv_ln157 = udiv i32 %p_read_7, %p_read_8" [./wd_stage_2.h:157->./wd_stage_2.h:142]   --->   Operation 86 'udiv' 'udiv_ln157' <Predicate = true> <Delay = 4.13> <Core = "DivnS_SEQ">   --->   Core 24 'DivnS_SEQ' <Latency = 35> <II = 32> <Delay = 4.13> <FuncUnit> <Opcode : 'sdiv' 'srem' 'udiv' 'urem'> <InPorts = 2> <OutPorts = 1>
ST_20 : Operation 87 [17/36] (4.13ns)   --->   "%udiv_ln158 = udiv i32 %p_read_6, %p_read_8" [./wd_stage_2.h:158->./wd_stage_2.h:142]   --->   Operation 87 'udiv' 'udiv_ln158' <Predicate = true> <Delay = 4.13> <Core = "DivnS_SEQ">   --->   Core 24 'DivnS_SEQ' <Latency = 35> <II = 32> <Delay = 4.13> <FuncUnit> <Opcode : 'sdiv' 'srem' 'udiv' 'urem'> <InPorts = 2> <OutPorts = 1>

State 21 <SV = 20> <Delay = 4.13>
ST_21 : Operation 88 [16/36] (4.13ns)   --->   "%udiv_ln157 = udiv i32 %p_read_7, %p_read_8" [./wd_stage_2.h:157->./wd_stage_2.h:142]   --->   Operation 88 'udiv' 'udiv_ln157' <Predicate = true> <Delay = 4.13> <Core = "DivnS_SEQ">   --->   Core 24 'DivnS_SEQ' <Latency = 35> <II = 32> <Delay = 4.13> <FuncUnit> <Opcode : 'sdiv' 'srem' 'udiv' 'urem'> <InPorts = 2> <OutPorts = 1>
ST_21 : Operation 89 [16/36] (4.13ns)   --->   "%udiv_ln158 = udiv i32 %p_read_6, %p_read_8" [./wd_stage_2.h:158->./wd_stage_2.h:142]   --->   Operation 89 'udiv' 'udiv_ln158' <Predicate = true> <Delay = 4.13> <Core = "DivnS_SEQ">   --->   Core 24 'DivnS_SEQ' <Latency = 35> <II = 32> <Delay = 4.13> <FuncUnit> <Opcode : 'sdiv' 'srem' 'udiv' 'urem'> <InPorts = 2> <OutPorts = 1>

State 22 <SV = 21> <Delay = 4.13>
ST_22 : Operation 90 [15/36] (4.13ns)   --->   "%udiv_ln157 = udiv i32 %p_read_7, %p_read_8" [./wd_stage_2.h:157->./wd_stage_2.h:142]   --->   Operation 90 'udiv' 'udiv_ln157' <Predicate = true> <Delay = 4.13> <Core = "DivnS_SEQ">   --->   Core 24 'DivnS_SEQ' <Latency = 35> <II = 32> <Delay = 4.13> <FuncUnit> <Opcode : 'sdiv' 'srem' 'udiv' 'urem'> <InPorts = 2> <OutPorts = 1>
ST_22 : Operation 91 [15/36] (4.13ns)   --->   "%udiv_ln158 = udiv i32 %p_read_6, %p_read_8" [./wd_stage_2.h:158->./wd_stage_2.h:142]   --->   Operation 91 'udiv' 'udiv_ln158' <Predicate = true> <Delay = 4.13> <Core = "DivnS_SEQ">   --->   Core 24 'DivnS_SEQ' <Latency = 35> <II = 32> <Delay = 4.13> <FuncUnit> <Opcode : 'sdiv' 'srem' 'udiv' 'urem'> <InPorts = 2> <OutPorts = 1>

State 23 <SV = 22> <Delay = 4.13>
ST_23 : Operation 92 [14/36] (4.13ns)   --->   "%udiv_ln157 = udiv i32 %p_read_7, %p_read_8" [./wd_stage_2.h:157->./wd_stage_2.h:142]   --->   Operation 92 'udiv' 'udiv_ln157' <Predicate = true> <Delay = 4.13> <Core = "DivnS_SEQ">   --->   Core 24 'DivnS_SEQ' <Latency = 35> <II = 32> <Delay = 4.13> <FuncUnit> <Opcode : 'sdiv' 'srem' 'udiv' 'urem'> <InPorts = 2> <OutPorts = 1>
ST_23 : Operation 93 [14/36] (4.13ns)   --->   "%udiv_ln158 = udiv i32 %p_read_6, %p_read_8" [./wd_stage_2.h:158->./wd_stage_2.h:142]   --->   Operation 93 'udiv' 'udiv_ln158' <Predicate = true> <Delay = 4.13> <Core = "DivnS_SEQ">   --->   Core 24 'DivnS_SEQ' <Latency = 35> <II = 32> <Delay = 4.13> <FuncUnit> <Opcode : 'sdiv' 'srem' 'udiv' 'urem'> <InPorts = 2> <OutPorts = 1>

State 24 <SV = 23> <Delay = 4.13>
ST_24 : Operation 94 [13/36] (4.13ns)   --->   "%udiv_ln157 = udiv i32 %p_read_7, %p_read_8" [./wd_stage_2.h:157->./wd_stage_2.h:142]   --->   Operation 94 'udiv' 'udiv_ln157' <Predicate = true> <Delay = 4.13> <Core = "DivnS_SEQ">   --->   Core 24 'DivnS_SEQ' <Latency = 35> <II = 32> <Delay = 4.13> <FuncUnit> <Opcode : 'sdiv' 'srem' 'udiv' 'urem'> <InPorts = 2> <OutPorts = 1>
ST_24 : Operation 95 [13/36] (4.13ns)   --->   "%udiv_ln158 = udiv i32 %p_read_6, %p_read_8" [./wd_stage_2.h:158->./wd_stage_2.h:142]   --->   Operation 95 'udiv' 'udiv_ln158' <Predicate = true> <Delay = 4.13> <Core = "DivnS_SEQ">   --->   Core 24 'DivnS_SEQ' <Latency = 35> <II = 32> <Delay = 4.13> <FuncUnit> <Opcode : 'sdiv' 'srem' 'udiv' 'urem'> <InPorts = 2> <OutPorts = 1>

State 25 <SV = 24> <Delay = 4.13>
ST_25 : Operation 96 [12/36] (4.13ns)   --->   "%udiv_ln157 = udiv i32 %p_read_7, %p_read_8" [./wd_stage_2.h:157->./wd_stage_2.h:142]   --->   Operation 96 'udiv' 'udiv_ln157' <Predicate = true> <Delay = 4.13> <Core = "DivnS_SEQ">   --->   Core 24 'DivnS_SEQ' <Latency = 35> <II = 32> <Delay = 4.13> <FuncUnit> <Opcode : 'sdiv' 'srem' 'udiv' 'urem'> <InPorts = 2> <OutPorts = 1>
ST_25 : Operation 97 [12/36] (4.13ns)   --->   "%udiv_ln158 = udiv i32 %p_read_6, %p_read_8" [./wd_stage_2.h:158->./wd_stage_2.h:142]   --->   Operation 97 'udiv' 'udiv_ln158' <Predicate = true> <Delay = 4.13> <Core = "DivnS_SEQ">   --->   Core 24 'DivnS_SEQ' <Latency = 35> <II = 32> <Delay = 4.13> <FuncUnit> <Opcode : 'sdiv' 'srem' 'udiv' 'urem'> <InPorts = 2> <OutPorts = 1>

State 26 <SV = 25> <Delay = 4.13>
ST_26 : Operation 98 [11/36] (4.13ns)   --->   "%udiv_ln157 = udiv i32 %p_read_7, %p_read_8" [./wd_stage_2.h:157->./wd_stage_2.h:142]   --->   Operation 98 'udiv' 'udiv_ln157' <Predicate = true> <Delay = 4.13> <Core = "DivnS_SEQ">   --->   Core 24 'DivnS_SEQ' <Latency = 35> <II = 32> <Delay = 4.13> <FuncUnit> <Opcode : 'sdiv' 'srem' 'udiv' 'urem'> <InPorts = 2> <OutPorts = 1>
ST_26 : Operation 99 [11/36] (4.13ns)   --->   "%udiv_ln158 = udiv i32 %p_read_6, %p_read_8" [./wd_stage_2.h:158->./wd_stage_2.h:142]   --->   Operation 99 'udiv' 'udiv_ln158' <Predicate = true> <Delay = 4.13> <Core = "DivnS_SEQ">   --->   Core 24 'DivnS_SEQ' <Latency = 35> <II = 32> <Delay = 4.13> <FuncUnit> <Opcode : 'sdiv' 'srem' 'udiv' 'urem'> <InPorts = 2> <OutPorts = 1>

State 27 <SV = 26> <Delay = 4.13>
ST_27 : Operation 100 [10/36] (4.13ns)   --->   "%udiv_ln157 = udiv i32 %p_read_7, %p_read_8" [./wd_stage_2.h:157->./wd_stage_2.h:142]   --->   Operation 100 'udiv' 'udiv_ln157' <Predicate = true> <Delay = 4.13> <Core = "DivnS_SEQ">   --->   Core 24 'DivnS_SEQ' <Latency = 35> <II = 32> <Delay = 4.13> <FuncUnit> <Opcode : 'sdiv' 'srem' 'udiv' 'urem'> <InPorts = 2> <OutPorts = 1>
ST_27 : Operation 101 [10/36] (4.13ns)   --->   "%udiv_ln158 = udiv i32 %p_read_6, %p_read_8" [./wd_stage_2.h:158->./wd_stage_2.h:142]   --->   Operation 101 'udiv' 'udiv_ln158' <Predicate = true> <Delay = 4.13> <Core = "DivnS_SEQ">   --->   Core 24 'DivnS_SEQ' <Latency = 35> <II = 32> <Delay = 4.13> <FuncUnit> <Opcode : 'sdiv' 'srem' 'udiv' 'urem'> <InPorts = 2> <OutPorts = 1>

State 28 <SV = 27> <Delay = 4.13>
ST_28 : Operation 102 [9/36] (4.13ns)   --->   "%udiv_ln157 = udiv i32 %p_read_7, %p_read_8" [./wd_stage_2.h:157->./wd_stage_2.h:142]   --->   Operation 102 'udiv' 'udiv_ln157' <Predicate = true> <Delay = 4.13> <Core = "DivnS_SEQ">   --->   Core 24 'DivnS_SEQ' <Latency = 35> <II = 32> <Delay = 4.13> <FuncUnit> <Opcode : 'sdiv' 'srem' 'udiv' 'urem'> <InPorts = 2> <OutPorts = 1>
ST_28 : Operation 103 [9/36] (4.13ns)   --->   "%udiv_ln158 = udiv i32 %p_read_6, %p_read_8" [./wd_stage_2.h:158->./wd_stage_2.h:142]   --->   Operation 103 'udiv' 'udiv_ln158' <Predicate = true> <Delay = 4.13> <Core = "DivnS_SEQ">   --->   Core 24 'DivnS_SEQ' <Latency = 35> <II = 32> <Delay = 4.13> <FuncUnit> <Opcode : 'sdiv' 'srem' 'udiv' 'urem'> <InPorts = 2> <OutPorts = 1>

State 29 <SV = 28> <Delay = 4.13>
ST_29 : Operation 104 [8/36] (4.13ns)   --->   "%udiv_ln157 = udiv i32 %p_read_7, %p_read_8" [./wd_stage_2.h:157->./wd_stage_2.h:142]   --->   Operation 104 'udiv' 'udiv_ln157' <Predicate = true> <Delay = 4.13> <Core = "DivnS_SEQ">   --->   Core 24 'DivnS_SEQ' <Latency = 35> <II = 32> <Delay = 4.13> <FuncUnit> <Opcode : 'sdiv' 'srem' 'udiv' 'urem'> <InPorts = 2> <OutPorts = 1>
ST_29 : Operation 105 [8/36] (4.13ns)   --->   "%udiv_ln158 = udiv i32 %p_read_6, %p_read_8" [./wd_stage_2.h:158->./wd_stage_2.h:142]   --->   Operation 105 'udiv' 'udiv_ln158' <Predicate = true> <Delay = 4.13> <Core = "DivnS_SEQ">   --->   Core 24 'DivnS_SEQ' <Latency = 35> <II = 32> <Delay = 4.13> <FuncUnit> <Opcode : 'sdiv' 'srem' 'udiv' 'urem'> <InPorts = 2> <OutPorts = 1>

State 30 <SV = 29> <Delay = 4.13>
ST_30 : Operation 106 [7/36] (4.13ns)   --->   "%udiv_ln157 = udiv i32 %p_read_7, %p_read_8" [./wd_stage_2.h:157->./wd_stage_2.h:142]   --->   Operation 106 'udiv' 'udiv_ln157' <Predicate = true> <Delay = 4.13> <Core = "DivnS_SEQ">   --->   Core 24 'DivnS_SEQ' <Latency = 35> <II = 32> <Delay = 4.13> <FuncUnit> <Opcode : 'sdiv' 'srem' 'udiv' 'urem'> <InPorts = 2> <OutPorts = 1>
ST_30 : Operation 107 [7/36] (4.13ns)   --->   "%udiv_ln158 = udiv i32 %p_read_6, %p_read_8" [./wd_stage_2.h:158->./wd_stage_2.h:142]   --->   Operation 107 'udiv' 'udiv_ln158' <Predicate = true> <Delay = 4.13> <Core = "DivnS_SEQ">   --->   Core 24 'DivnS_SEQ' <Latency = 35> <II = 32> <Delay = 4.13> <FuncUnit> <Opcode : 'sdiv' 'srem' 'udiv' 'urem'> <InPorts = 2> <OutPorts = 1>

State 31 <SV = 30> <Delay = 4.13>
ST_31 : Operation 108 [6/36] (4.13ns)   --->   "%udiv_ln157 = udiv i32 %p_read_7, %p_read_8" [./wd_stage_2.h:157->./wd_stage_2.h:142]   --->   Operation 108 'udiv' 'udiv_ln157' <Predicate = true> <Delay = 4.13> <Core = "DivnS_SEQ">   --->   Core 24 'DivnS_SEQ' <Latency = 35> <II = 32> <Delay = 4.13> <FuncUnit> <Opcode : 'sdiv' 'srem' 'udiv' 'urem'> <InPorts = 2> <OutPorts = 1>
ST_31 : Operation 109 [6/36] (4.13ns)   --->   "%udiv_ln158 = udiv i32 %p_read_6, %p_read_8" [./wd_stage_2.h:158->./wd_stage_2.h:142]   --->   Operation 109 'udiv' 'udiv_ln158' <Predicate = true> <Delay = 4.13> <Core = "DivnS_SEQ">   --->   Core 24 'DivnS_SEQ' <Latency = 35> <II = 32> <Delay = 4.13> <FuncUnit> <Opcode : 'sdiv' 'srem' 'udiv' 'urem'> <InPorts = 2> <OutPorts = 1>

State 32 <SV = 31> <Delay = 4.13>
ST_32 : Operation 110 [5/36] (4.13ns)   --->   "%udiv_ln157 = udiv i32 %p_read_7, %p_read_8" [./wd_stage_2.h:157->./wd_stage_2.h:142]   --->   Operation 110 'udiv' 'udiv_ln157' <Predicate = true> <Delay = 4.13> <Core = "DivnS_SEQ">   --->   Core 24 'DivnS_SEQ' <Latency = 35> <II = 32> <Delay = 4.13> <FuncUnit> <Opcode : 'sdiv' 'srem' 'udiv' 'urem'> <InPorts = 2> <OutPorts = 1>
ST_32 : Operation 111 [5/36] (4.13ns)   --->   "%udiv_ln158 = udiv i32 %p_read_6, %p_read_8" [./wd_stage_2.h:158->./wd_stage_2.h:142]   --->   Operation 111 'udiv' 'udiv_ln158' <Predicate = true> <Delay = 4.13> <Core = "DivnS_SEQ">   --->   Core 24 'DivnS_SEQ' <Latency = 35> <II = 32> <Delay = 4.13> <FuncUnit> <Opcode : 'sdiv' 'srem' 'udiv' 'urem'> <InPorts = 2> <OutPorts = 1>

State 33 <SV = 32> <Delay = 4.13>
ST_33 : Operation 112 [4/36] (4.13ns)   --->   "%udiv_ln157 = udiv i32 %p_read_7, %p_read_8" [./wd_stage_2.h:157->./wd_stage_2.h:142]   --->   Operation 112 'udiv' 'udiv_ln157' <Predicate = true> <Delay = 4.13> <Core = "DivnS_SEQ">   --->   Core 24 'DivnS_SEQ' <Latency = 35> <II = 32> <Delay = 4.13> <FuncUnit> <Opcode : 'sdiv' 'srem' 'udiv' 'urem'> <InPorts = 2> <OutPorts = 1>
ST_33 : Operation 113 [4/36] (4.13ns)   --->   "%udiv_ln158 = udiv i32 %p_read_6, %p_read_8" [./wd_stage_2.h:158->./wd_stage_2.h:142]   --->   Operation 113 'udiv' 'udiv_ln158' <Predicate = true> <Delay = 4.13> <Core = "DivnS_SEQ">   --->   Core 24 'DivnS_SEQ' <Latency = 35> <II = 32> <Delay = 4.13> <FuncUnit> <Opcode : 'sdiv' 'srem' 'udiv' 'urem'> <InPorts = 2> <OutPorts = 1>

State 34 <SV = 33> <Delay = 4.13>
ST_34 : Operation 114 [3/36] (4.13ns)   --->   "%udiv_ln157 = udiv i32 %p_read_7, %p_read_8" [./wd_stage_2.h:157->./wd_stage_2.h:142]   --->   Operation 114 'udiv' 'udiv_ln157' <Predicate = true> <Delay = 4.13> <Core = "DivnS_SEQ">   --->   Core 24 'DivnS_SEQ' <Latency = 35> <II = 32> <Delay = 4.13> <FuncUnit> <Opcode : 'sdiv' 'srem' 'udiv' 'urem'> <InPorts = 2> <OutPorts = 1>
ST_34 : Operation 115 [3/36] (4.13ns)   --->   "%udiv_ln158 = udiv i32 %p_read_6, %p_read_8" [./wd_stage_2.h:158->./wd_stage_2.h:142]   --->   Operation 115 'udiv' 'udiv_ln158' <Predicate = true> <Delay = 4.13> <Core = "DivnS_SEQ">   --->   Core 24 'DivnS_SEQ' <Latency = 35> <II = 32> <Delay = 4.13> <FuncUnit> <Opcode : 'sdiv' 'srem' 'udiv' 'urem'> <InPorts = 2> <OutPorts = 1>

State 35 <SV = 34> <Delay = 4.13>
ST_35 : Operation 116 [2/36] (4.13ns)   --->   "%udiv_ln157 = udiv i32 %p_read_7, %p_read_8" [./wd_stage_2.h:157->./wd_stage_2.h:142]   --->   Operation 116 'udiv' 'udiv_ln157' <Predicate = true> <Delay = 4.13> <Core = "DivnS_SEQ">   --->   Core 24 'DivnS_SEQ' <Latency = 35> <II = 32> <Delay = 4.13> <FuncUnit> <Opcode : 'sdiv' 'srem' 'udiv' 'urem'> <InPorts = 2> <OutPorts = 1>
ST_35 : Operation 117 [2/36] (4.13ns)   --->   "%udiv_ln158 = udiv i32 %p_read_6, %p_read_8" [./wd_stage_2.h:158->./wd_stage_2.h:142]   --->   Operation 117 'udiv' 'udiv_ln158' <Predicate = true> <Delay = 4.13> <Core = "DivnS_SEQ">   --->   Core 24 'DivnS_SEQ' <Latency = 35> <II = 32> <Delay = 4.13> <FuncUnit> <Opcode : 'sdiv' 'srem' 'udiv' 'urem'> <InPorts = 2> <OutPorts = 1>

State 36 <SV = 35> <Delay = 8.45>
ST_36 : Operation 118 [1/36] (4.13ns)   --->   "%udiv_ln157 = udiv i32 %p_read_7, %p_read_8" [./wd_stage_2.h:157->./wd_stage_2.h:142]   --->   Operation 118 'udiv' 'udiv_ln157' <Predicate = (!icmp_ln156)> <Delay = 4.13> <Core = "DivnS_SEQ">   --->   Core 24 'DivnS_SEQ' <Latency = 35> <II = 32> <Delay = 4.13> <FuncUnit> <Opcode : 'sdiv' 'srem' 'udiv' 'urem'> <InPorts = 2> <OutPorts = 1>
ST_36 : Operation 119 [1/1] (0.00ns)   --->   "%trunc_ln157 = trunc i32 %udiv_ln157 to i16" [./wd_stage_2.h:157->./wd_stage_2.h:142]   --->   Operation 119 'trunc' 'trunc_ln157' <Predicate = (!icmp_ln156)> <Delay = 0.00>
ST_36 : Operation 120 [1/36] (4.13ns)   --->   "%udiv_ln158 = udiv i32 %p_read_6, %p_read_8" [./wd_stage_2.h:158->./wd_stage_2.h:142]   --->   Operation 120 'udiv' 'udiv_ln158' <Predicate = (!icmp_ln156)> <Delay = 4.13> <Core = "DivnS_SEQ">   --->   Core 24 'DivnS_SEQ' <Latency = 35> <II = 32> <Delay = 4.13> <FuncUnit> <Opcode : 'sdiv' 'srem' 'udiv' 'urem'> <InPorts = 2> <OutPorts = 1>
ST_36 : Operation 121 [1/1] (1.76ns)   --->   "br label %.exit" [./wd_stage_2.h:159->./wd_stage_2.h:142]   --->   Operation 121 'br' <Predicate = (!icmp_ln156)> <Delay = 1.76>
ST_36 : Operation 122 [1/1] (0.00ns) (grouped into LUT with out node add_ln161)   --->   "%empty = phi i32 [ %udiv_ln158, %0 ], [ %p_read16, %entry ]" [./wd_stage_2.h:158->./wd_stage_2.h:142]   --->   Operation 122 'phi' 'empty' <Predicate = true> <Delay = 0.00>
ST_36 : Operation 123 [1/1] (0.00ns) (grouped into LUT with out node add_ln160)   --->   "%empty_169 = phi i16 [ %trunc_ln157, %0 ], [ %p_read27, %entry ]" [./wd_stage_2.h:157->./wd_stage_2.h:142]   --->   Operation 123 'phi' 'empty_169' <Predicate = true> <Delay = 0.00>
ST_36 : Operation 124 [1/1] (0.00ns) (grouped into LUT with out node add_ln160)   --->   "%zext_ln160 = zext i8 %v_offset_read to i16" [./wd_stage_2.h:160->./wd_stage_2.h:142]   --->   Operation 124 'zext' 'zext_ln160' <Predicate = true> <Delay = 0.00>
ST_36 : Operation 125 [1/1] (2.07ns) (out node of the LUT)   --->   "%add_ln160 = add i16 %empty_169, %zext_ln160" [./wd_stage_2.h:160->./wd_stage_2.h:142]   --->   Operation 125 'add' 'add_ln160' <Predicate = true> <Delay = 2.07> <Core = "AddSub">   --->   Core 14 'AddSub' <Latency = 0> <II = 1> <Delay = 2.55> <FuncUnit> <Opcode : 'add' 'sub'> <InPorts = 2> <OutPorts = 1>
ST_36 : Operation 126 [1/1] (0.00ns) (grouped into LUT with out node add_ln161)   --->   "%zext_ln161 = zext i16 %h_offset_read to i32" [./wd_stage_2.h:161->./wd_stage_2.h:142]   --->   Operation 126 'zext' 'zext_ln161' <Predicate = true> <Delay = 0.00>
ST_36 : Operation 127 [1/1] (2.55ns) (out node of the LUT)   --->   "%add_ln161 = add nsw i32 %empty, %zext_ln161" [./wd_stage_2.h:161->./wd_stage_2.h:142]   --->   Operation 127 'add' 'add_ln161' <Predicate = true> <Delay = 2.55> <Core = "AddSub">   --->   Core 14 'AddSub' <Latency = 0> <II = 1> <Delay = 2.55> <FuncUnit> <Opcode : 'add' 'sub'> <InPorts = 2> <OutPorts = 1>
ST_36 : Operation 128 [1/1] (0.00ns)   --->   "%tmp_i_i = call i48 @_ssdm_op_BitConcatenate.i48.i32.i16(i32 %add_ln161, i16 %add_ln160)" [./wd_stage_2.h:161->./wd_stage_2.h:142]   --->   Operation 128 'bitconcatenate' 'tmp_i_i' <Predicate = true> <Delay = 0.00>
ST_36 : Operation 129 [1/1] (0.00ns)   --->   "call void @_ssdm_op_Write.ap_auto.i48P(i48* %c, i48 %tmp_i_i)" [./wd_stage_2.h:161->./wd_stage_2.h:142]   --->   Operation 129 'write' <Predicate = true> <Delay = 0.00>
ST_36 : Operation 130 [1/1] (0.00ns)   --->   "ret void" [./wd_stage_2.h:142]   --->   Operation 130 'ret' <Predicate = true> <Delay = 0.00>


============================================================
+ Verbose Summary: Binding
============================================================
STG Binding: 
---------------- STG Properties BEGIN ----------------
- Is combinational: 0
- Is one-state seq: 0
- Is datapath-only: 0
- Is pipelined: 0
- Is top level: 0
Port [ Return ] is wired: 1; IO mode=ap_ctrl_hs:ce=0
Port [ p_read]:  wired=1; compound=0; hidden=0; nouse=0; global=0; static=0; extern=0; dir=0; type=0; pingpong=0; private_global=0; IO mode=ap_none:ce=0
Port [ p_read1]:  wired=1; compound=0; hidden=0; nouse=0; global=0; static=0; extern=0; dir=0; type=0; pingpong=0; private_global=0; IO mode=ap_none:ce=0
Port [ p_read2]:  wired=1; compound=0; hidden=0; nouse=0; global=0; static=0; extern=0; dir=0; type=0; pingpong=0; private_global=0; IO mode=ap_none:ce=0
Port [ v_offset]:  wired=1; compound=1; hidden=0; nouse=0; global=0; static=0; extern=0; dir=0; type=3; pingpong=0; private_global=0; IO mode=ap_fifo:ce=0
Port [ h_offset]:  wired=1; compound=1; hidden=0; nouse=0; global=0; static=0; extern=0; dir=0; type=3; pingpong=0; private_global=0; IO mode=ap_fifo:ce=0
Port [ c]:  wired=1; compound=0; hidden=0; nouse=0; global=0; static=0; extern=0; dir=1; type=0; pingpong=0; private_global=0; IO mode=ap_vld:ce=0
Port [ p_read3]:  wired=1; compound=0; hidden=0; nouse=0; global=0; static=0; extern=0; dir=0; type=0; pingpong=0; private_global=0; IO mode=ap_none:ce=0
Port [ p_read4]:  wired=1; compound=0; hidden=0; nouse=0; global=0; static=0; extern=0; dir=0; type=0; pingpong=0; private_global=0; IO mode=ap_none:ce=0
---------------- STG Properties END ------------------

---------------- Datapath Model BEGIN ----------------

<LifeTime>
<method=bitvector/>
specinterface_ln0 (specinterface ) [ 0000000000000000000000000000000000000]
specinterface_ln0 (specinterface ) [ 0000000000000000000000000000000000000]
p_read_6          (read          ) [ 0011111111111111111111111111111111111]
p_read_7          (read          ) [ 0011111111111111111111111111111111111]
p_read27          (read          ) [ 0111111111111111111111111111111111111]
p_read16          (read          ) [ 0111111111111111111111111111111111111]
p_read_8          (read          ) [ 0011111111111111111111111111111111111]
v_offset_read     (read          ) [ 0011111111111111111111111111111111111]
h_offset_read     (read          ) [ 0011111111111111111111111111111111111]
icmp_ln156        (icmp          ) [ 0111111111111111111111111111111111111]
br_ln156          (br            ) [ 0111111111111111111111111111111111111]
udiv_ln157        (udiv          ) [ 0000000000000000000000000000000000000]
trunc_ln157       (trunc         ) [ 0000000000000000000000000000000000000]
udiv_ln158        (udiv          ) [ 0000000000000000000000000000000000000]
br_ln159          (br            ) [ 0000000000000000000000000000000000000]
empty             (phi           ) [ 0000000000000000000000000000000000001]
empty_169         (phi           ) [ 0000000000000000000000000000000000001]
zext_ln160        (zext          ) [ 0000000000000000000000000000000000000]
add_ln160         (add           ) [ 0000000000000000000000000000000000000]
zext_ln161        (zext          ) [ 0000000000000000000000000000000000000]
add_ln161         (add           ) [ 0000000000000000000000000000000000000]
tmp_i_i           (bitconcatenate) [ 0000000000000000000000000000000000000]
write_ln161       (write         ) [ 0000000000000000000000000000000000000]
ret_ln142         (ret           ) [ 0000000000000000000000000000000000000]
</LifeTime>

<model>

<comp_list>
<comp id="0" class="1000" name="p_read">
<pin_list>
<pin id="1" dir="1" index="0" bw="1" slack="0"/>
</pin_list>
<bind>
<StgValue><ssdm name="p_read"/></StgValue>
</bind>
</comp>

<comp id="2" class="1000" name="p_read1">
<pin_list>
<pin id="3" dir="1" index="0" bw="1" slack="0"/>
</pin_list>
<bind>
<StgValue><ssdm name="p_read1"/></StgValue>
</bind>
</comp>

<comp id="4" class="1000" name="p_read2">
<pin_list>
<pin id="5" dir="1" index="0" bw="1" slack="0"/>
</pin_list>
<bind>
<StgValue><ssdm name="p_read2"/></StgValue>
</bind>
</comp>

<comp id="6" class="1000" name="v_offset">
<pin_list>
<pin id="7" dir="1" index="0" bw="1" slack="0"/>
</pin_list>
<bind>
<StgValue><ssdm name="v_offset"/></StgValue>
</bind>
</comp>

<comp id="8" class="1000" name="h_offset">
<pin_list>
<pin id="9" dir="1" index="0" bw="1" slack="0"/>
</pin_list>
<bind>
<StgValue><ssdm name="h_offset"/></StgValue>
</bind>
</comp>

<comp id="10" class="1000" name="c">
<pin_list>
<pin id="11" dir="1" index="0" bw="1" slack="0"/>
</pin_list>
<bind>
<StgValue><ssdm name="c"/></StgValue>
</bind>
</comp>

<comp id="12" class="1000" name="p_read3">
<pin_list>
<pin id="13" dir="1" index="0" bw="1" slack="0"/>
</pin_list>
<bind>
<StgValue><ssdm name="p_read3"/></StgValue>
</bind>
</comp>

<comp id="14" class="1000" name="p_read4">
<pin_list>
<pin id="15" dir="1" index="0" bw="1" slack="0"/>
</pin_list>
<bind>
<StgValue><ssdm name="p_read4"/></StgValue>
</bind>
</comp>

<comp id="16" class="1001" name="const_16">
<pin_list>
<pin id="17" dir="1" index="0" bw="1" slack="2147483647"/>
</pin_list>
<bind>
<StgValue><ssdm name="_ssdm_op_SpecInterface"/></StgValue>
</bind>
</comp>

<comp id="18" class="1001" name="const_18">
<pin_list>
<pin id="19" dir="1" index="0" bw="1" slack="2147483647"/>
</pin_list>
<bind>
<StgValue><ssdm name="ap_fifo_str"/></StgValue>
</bind>
</comp>

<comp id="20" class="1001" name="const_20">
<pin_list>
<pin id="21" dir="1" index="0" bw="1" slack="0"/>
</pin_list>
<bind>
<StgValue><ssdm name=""/></StgValue>
</bind>
</comp>

<comp id="22" class="1001" name="const_22">
<pin_list>
<pin id="23" dir="1" index="0" bw="1" slack="2147483647"/>
</pin_list>
<bind>
<StgValue><ssdm name="p_str"/></StgValue>
</bind>
</comp>

<comp id="24" class="1001" name="const_24">
<pin_list>
<pin id="25" dir="1" index="0" bw="1" slack="2147483647"/>
</pin_list>
<bind>
<StgValue><ssdm name=""/></StgValue>
</bind>
</comp>

<comp id="26" class="1001" name="const_26">
<pin_list>
<pin id="27" dir="1" index="0" bw="1" slack="2147483647"/>
</pin_list>
<bind>
<StgValue><ssdm name=""/></StgValue>
</bind>
</comp>

<comp id="28" class="1001" name="const_28">
<pin_list>
<pin id="29" dir="1" index="0" bw="1" slack="2147483647"/>
</pin_list>
<bind>
<StgValue><ssdm name="ScalarProp_str"/></StgValue>
</bind>
</comp>

<comp id="30" class="1001" name="const_30">
<pin_list>
<pin id="31" dir="1" index="0" bw="1" slack="0"/>
</pin_list>
<bind>
<StgValue><ssdm name="_ssdm_op_Read.ap_auto.i32"/></StgValue>
</bind>
</comp>

<comp id="32" class="1001" name="const_32">
<pin_list>
<pin id="33" dir="1" index="0" bw="1" slack="0"/>
</pin_list>
<bind>
<StgValue><ssdm name="_ssdm_op_Read.ap_auto.i16"/></StgValue>
</bind>
</comp>

<comp id="34" class="1001" name="const_34">
<pin_list>
<pin id="35" dir="1" index="0" bw="1" slack="0"/>
</pin_list>
<bind>
<StgValue><ssdm name="_ssdm_op_Read.ap_fifo.i8P"/></StgValue>
</bind>
</comp>

<comp id="36" class="1001" name="const_36">
<pin_list>
<pin id="37" dir="1" index="0" bw="1" slack="0"/>
</pin_list>
<bind>
<StgValue><ssdm name="_ssdm_op_Read.ap_fifo.i16P"/></StgValue>
</bind>
</comp>

<comp id="38" class="1001" name="const_38">
<pin_list>
<pin id="39" dir="1" index="0" bw="1" slack="0"/>
</pin_list>
<bind>
<StgValue><ssdm name="_ssdm_op_BitConcatenate.i48.i32.i16"/></StgValue>
</bind>
</comp>

<comp id="40" class="1001" name="const_40">
<pin_list>
<pin id="41" dir="1" index="0" bw="1" slack="0"/>
</pin_list>
<bind>
<StgValue><ssdm name="_ssdm_op_Write.ap_auto.i48P"/></StgValue>
</bind>
</comp>

<comp id="42" class="1004" name="p_read_6_read_fu_42">
<pin_list>
<pin id="43" dir="0" index="0" bw="32" slack="0"/>
<pin id="44" dir="0" index="1" bw="32" slack="0"/>
<pin id="45" dir="1" index="2" bw="32" slack="0"/>
</pin_list>
<bind>
<opcode="read(1150) " fcode="read"/>
<opset="p_read_6/1 "/>
</bind>
</comp>

<comp id="48" class="1004" name="p_read_7_read_fu_48">
<pin_list>
<pin id="49" dir="0" index="0" bw="32" slack="0"/>
<pin id="50" dir="0" index="1" bw="32" slack="0"/>
<pin id="51" dir="1" index="2" bw="32" slack="0"/>
</pin_list>
<bind>
<opcode="read(1150) " fcode="read"/>
<opset="p_read_7/1 "/>
</bind>
</comp>

<comp id="54" class="1004" name="p_read27_read_fu_54">
<pin_list>
<pin id="55" dir="0" index="0" bw="16" slack="0"/>
<pin id="56" dir="0" index="1" bw="16" slack="0"/>
<pin id="57" dir="1" index="2" bw="16" slack="35"/>
</pin_list>
<bind>
<opcode="read(1150) " fcode="read"/>
<opset="p_read27/1 "/>
</bind>
</comp>

<comp id="60" class="1004" name="p_read16_read_fu_60">
<pin_list>
<pin id="61" dir="0" index="0" bw="32" slack="0"/>
<pin id="62" dir="0" index="1" bw="32" slack="0"/>
<pin id="63" dir="1" index="2" bw="32" slack="35"/>
</pin_list>
<bind>
<opcode="read(1150) " fcode="read"/>
<opset="p_read16/1 "/>
</bind>
</comp>

<comp id="66" class="1004" name="p_read_8_read_fu_66">
<pin_list>
<pin id="67" dir="0" index="0" bw="32" slack="0"/>
<pin id="68" dir="0" index="1" bw="32" slack="0"/>
<pin id="69" dir="1" index="2" bw="32" slack="0"/>
</pin_list>
<bind>
<opcode="read(1150) " fcode="read"/>
<opset="p_read_8/1 "/>
</bind>
</comp>

<comp id="72" class="1004" name="v_offset_read_read_fu_72">
<pin_list>
<pin id="73" dir="0" index="0" bw="8" slack="0"/>
<pin id="74" dir="0" index="1" bw="8" slack="0"/>
<pin id="75" dir="1" index="2" bw="8" slack="35"/>
</pin_list>
<bind>
<opcode="read(1150) " fcode="read"/>
<opset="v_offset_read/1 "/>
</bind>
</comp>

<comp id="78" class="1004" name="h_offset_read_read_fu_78">
<pin_list>
<pin id="79" dir="0" index="0" bw="16" slack="0"/>
<pin id="80" dir="0" index="1" bw="16" slack="0"/>
<pin id="81" dir="1" index="2" bw="16" slack="35"/>
</pin_list>
<bind>
<opcode="read(1150) " fcode="read"/>
<opset="h_offset_read/1 "/>
</bind>
</comp>

<comp id="84" class="1004" name="write_ln161_write_fu_84">
<pin_list>
<pin id="85" dir="0" index="0" bw="0" slack="0"/>
<pin id="86" dir="0" index="1" bw="48" slack="0"/>
<pin id="87" dir="0" index="2" bw="48" slack="0"/>
<pin id="88" dir="1" index="3" bw="0" slack="2147483647"/>
</pin_list>
<bind>
<opcode="write(1151) " fcode="write"/>
<opset="write_ln161/36 "/>
</bind>
</comp>

<comp id="91" class="1005" name="empty_reg_91">
<pin_list>
<pin id="92" dir="0" index="0" bw="32" slack="2147483647"/>
<pin id="93" dir="1" index="1" bw="32" slack="2147483647"/>
</pin_list>
<bind>
<opset="empty (phireg) "/>
</bind>
</comp>

<comp id="94" class="1004" name="empty_phi_fu_94">
<pin_list>
<pin id="95" dir="0" index="0" bw="32" slack="0"/>
<pin id="96" dir="0" index="1" bw="0" slack="2147483647"/>
<pin id="97" dir="0" index="2" bw="32" slack="35"/>
<pin id="98" dir="0" index="3" bw="0" slack="2147483647"/>
<pin id="99" dir="1" index="4" bw="32" slack="0"/>
</pin_list>
<bind>
<opcode="phi(47) " fcode="phi"/>
<opset="empty/36 "/>
</bind>
</comp>

<comp id="100" class="1005" name="empty_169_reg_100">
<pin_list>
<pin id="101" dir="0" index="0" bw="16" slack="2147483647"/>
<pin id="102" dir="1" index="1" bw="16" slack="2147483647"/>
</pin_list>
<bind>
<opset="empty_169 (phireg) "/>
</bind>
</comp>

<comp id="103" class="1004" name="empty_169_phi_fu_103">
<pin_list>
<pin id="104" dir="0" index="0" bw="16" slack="0"/>
<pin id="105" dir="0" index="1" bw="0" slack="2147483647"/>
<pin id="106" dir="0" index="2" bw="16" slack="35"/>
<pin id="107" dir="0" index="3" bw="0" slack="2147483647"/>
<pin id="108" dir="1" index="4" bw="16" slack="0"/>
</pin_list>
<bind>
<opcode="phi(47) " fcode="phi"/>
<opset="empty_169/36 "/>
</bind>
</comp>

<comp id="109" class="1004" name="icmp_ln156_fu_109">
<pin_list>
<pin id="110" dir="0" index="0" bw="32" slack="0"/>
<pin id="111" dir="0" index="1" bw="1" slack="0"/>
<pin id="112" dir="1" index="2" bw="1" slack="35"/>
</pin_list>
<bind>
<opcode="icmp(45) " fcode="icmp"/>
<opset="icmp_ln156/1 "/>
</bind>
</comp>

<comp id="115" class="1004" name="grp_fu_115">
<pin_list>
<pin id="116" dir="0" index="0" bw="32" slack="0"/>
<pin id="117" dir="0" index="1" bw="32" slack="0"/>
<pin id="118" dir="1" index="2" bw="16" slack="0"/>
</pin_list>
<bind>
<opcode="udiv(14) " fcode="udiv"/>
<opset="udiv_ln157/1 "/>
</bind>
</comp>

<comp id="121" class="1004" name="grp_fu_121">
<pin_list>
<pin id="122" dir="0" index="0" bw="32" slack="0"/>
<pin id="123" dir="0" index="1" bw="32" slack="0"/>
<pin id="124" dir="1" index="2" bw="32" slack="0"/>
</pin_list>
<bind>
<opcode="udiv(14) " fcode="udiv"/>
<opset="udiv_ln158/1 "/>
</bind>
</comp>

<comp id="128" class="1004" name="trunc_ln157_fu_128">
<pin_list>
<pin id="129" dir="0" index="0" bw="16" slack="0"/>
<pin id="130" dir="1" index="1" bw="16" slack="0"/>
</pin_list>
<bind>
<opcode="trunc(33) " fcode="trunc"/>
<opset="trunc_ln157/36 "/>
</bind>
</comp>

<comp id="133" class="1004" name="zext_ln160_fu_133">
<pin_list>
<pin id="134" dir="0" index="0" bw="8" slack="35"/>
<pin id="135" dir="1" index="1" bw="16" slack="0"/>
</pin_list>
<bind>
<opcode="zext(34) " fcode="zext"/>
<opset="zext_ln160/36 "/>
</bind>
</comp>

<comp id="136" class="1004" name="add_ln160_fu_136">
<pin_list>
<pin id="137" dir="0" index="0" bw="16" slack="0"/>
<pin id="138" dir="0" index="1" bw="8" slack="0"/>
<pin id="139" dir="1" index="2" bw="16" slack="0"/>
</pin_list>
<bind>
<opcode="add(8) " fcode="add"/>
<opset="add_ln160/36 "/>
</bind>
</comp>

<comp id="142" class="1004" name="zext_ln161_fu_142">
<pin_list>
<pin id="143" dir="0" index="0" bw="16" slack="35"/>
<pin id="144" dir="1" index="1" bw="32" slack="0"/>
</pin_list>
<bind>
<opcode="zext(34) " fcode="zext"/>
<opset="zext_ln161/36 "/>
</bind>
</comp>

<comp id="145" class="1004" name="add_ln161_fu_145">
<pin_list>
<pin id="146" dir="0" index="0" bw="32" slack="0"/>
<pin id="147" dir="0" index="1" bw="16" slack="0"/>
<pin id="148" dir="1" index="2" bw="32" slack="0"/>
</pin_list>
<bind>
<opcode="add(8) " fcode="add"/>
<opset="add_ln161/36 "/>
</bind>
</comp>

<comp id="151" class="1004" name="tmp_i_i_fu_151">
<pin_list>
<pin id="152" dir="0" index="0" bw="48" slack="0"/>
<pin id="153" dir="0" index="1" bw="32" slack="0"/>
<pin id="154" dir="0" index="2" bw="16" slack="0"/>
<pin id="155" dir="1" index="3" bw="48" slack="0"/>
</pin_list>
<bind>
<opcode="bitconcatenate(1004) " fcode="bitconcatenate"/>
<opset="tmp_i_i/36 "/>
</bind>
</comp>

<comp id="160" class="1005" name="p_read_6_reg_160">
<pin_list>
<pin id="161" dir="0" index="0" bw="32" slack="1"/>
<pin id="162" dir="1" index="1" bw="32" slack="1"/>
</pin_list>
<bind>
<opset="p_read_6 "/>
</bind>
</comp>

<comp id="165" class="1005" name="p_read_7_reg_165">
<pin_list>
<pin id="166" dir="0" index="0" bw="32" slack="1"/>
<pin id="167" dir="1" index="1" bw="32" slack="1"/>
</pin_list>
<bind>
<opset="p_read_7 "/>
</bind>
</comp>

<comp id="170" class="1005" name="p_read27_reg_170">
<pin_list>
<pin id="171" dir="0" index="0" bw="16" slack="35"/>
<pin id="172" dir="1" index="1" bw="16" slack="35"/>
</pin_list>
<bind>
<opset="p_read27 "/>
</bind>
</comp>

<comp id="175" class="1005" name="p_read16_reg_175">
<pin_list>
<pin id="176" dir="0" index="0" bw="32" slack="35"/>
<pin id="177" dir="1" index="1" bw="32" slack="35"/>
</pin_list>
<bind>
<opset="p_read16 "/>
</bind>
</comp>

<comp id="180" class="1005" name="p_read_8_reg_180">
<pin_list>
<pin id="181" dir="0" index="0" bw="32" slack="1"/>
<pin id="182" dir="1" index="1" bw="32" slack="1"/>
</pin_list>
<bind>
<opset="p_read_8 "/>
</bind>
</comp>

<comp id="186" class="1005" name="v_offset_read_reg_186">
<pin_list>
<pin id="187" dir="0" index="0" bw="8" slack="35"/>
<pin id="188" dir="1" index="1" bw="8" slack="35"/>
</pin_list>
<bind>
<opset="v_offset_read "/>
</bind>
</comp>

<comp id="191" class="1005" name="h_offset_read_reg_191">
<pin_list>
<pin id="192" dir="0" index="0" bw="16" slack="35"/>
<pin id="193" dir="1" index="1" bw="16" slack="35"/>
</pin_list>
<bind>
<opset="h_offset_read "/>
</bind>
</comp>

<comp id="196" class="1005" name="icmp_ln156_reg_196">
<pin_list>
<pin id="197" dir="0" index="0" bw="1" slack="35"/>
<pin id="198" dir="1" index="1" bw="1" slack="2147483647"/>
</pin_list>
<bind>
<opset="icmp_ln156 "/>
</bind>
</comp>

</comp_list>

<net_list>
<net id="46"><net_src comp="30" pin="0"/><net_sink comp="42" pin=0"/></net>

<net id="47"><net_src comp="14" pin="0"/><net_sink comp="42" pin=1"/></net>

<net id="52"><net_src comp="30" pin="0"/><net_sink comp="48" pin=0"/></net>

<net id="53"><net_src comp="12" pin="0"/><net_sink comp="48" pin=1"/></net>

<net id="58"><net_src comp="32" pin="0"/><net_sink comp="54" pin=0"/></net>

<net id="59"><net_src comp="4" pin="0"/><net_sink comp="54" pin=1"/></net>

<net id="64"><net_src comp="30" pin="0"/><net_sink comp="60" pin=0"/></net>

<net id="65"><net_src comp="2" pin="0"/><net_sink comp="60" pin=1"/></net>

<net id="70"><net_src comp="30" pin="0"/><net_sink comp="66" pin=0"/></net>

<net id="71"><net_src comp="0" pin="0"/><net_sink comp="66" pin=1"/></net>

<net id="76"><net_src comp="34" pin="0"/><net_sink comp="72" pin=0"/></net>

<net id="77"><net_src comp="6" pin="0"/><net_sink comp="72" pin=1"/></net>

<net id="82"><net_src comp="36" pin="0"/><net_sink comp="78" pin=0"/></net>

<net id="83"><net_src comp="8" pin="0"/><net_sink comp="78" pin=1"/></net>

<net id="89"><net_src comp="40" pin="0"/><net_sink comp="84" pin=0"/></net>

<net id="90"><net_src comp="10" pin="0"/><net_sink comp="84" pin=1"/></net>

<net id="113"><net_src comp="66" pin="2"/><net_sink comp="109" pin=0"/></net>

<net id="114"><net_src comp="20" pin="0"/><net_sink comp="109" pin=1"/></net>

<net id="119"><net_src comp="48" pin="2"/><net_sink comp="115" pin=0"/></net>

<net id="120"><net_src comp="66" pin="2"/><net_sink comp="115" pin=1"/></net>

<net id="125"><net_src comp="121" pin="2"/><net_sink comp="94" pin=0"/></net>

<net id="126"><net_src comp="42" pin="2"/><net_sink comp="121" pin=0"/></net>

<net id="127"><net_src comp="66" pin="2"/><net_sink comp="121" pin=1"/></net>

<net id="131"><net_src comp="115" pin="2"/><net_sink comp="128" pin=0"/></net>

<net id="132"><net_src comp="128" pin="1"/><net_sink comp="103" pin=0"/></net>

<net id="140"><net_src comp="103" pin="4"/><net_sink comp="136" pin=0"/></net>

<net id="141"><net_src comp="133" pin="1"/><net_sink comp="136" pin=1"/></net>

<net id="149"><net_src comp="94" pin="4"/><net_sink comp="145" pin=0"/></net>

<net id="150"><net_src comp="142" pin="1"/><net_sink comp="145" pin=1"/></net>

<net id="156"><net_src comp="38" pin="0"/><net_sink comp="151" pin=0"/></net>

<net id="157"><net_src comp="145" pin="2"/><net_sink comp="151" pin=1"/></net>

<net id="158"><net_src comp="136" pin="2"/><net_sink comp="151" pin=2"/></net>

<net id="159"><net_src comp="151" pin="3"/><net_sink comp="84" pin=2"/></net>

<net id="163"><net_src comp="42" pin="2"/><net_sink comp="160" pin=0"/></net>

<net id="164"><net_src comp="160" pin="1"/><net_sink comp="121" pin=0"/></net>

<net id="168"><net_src comp="48" pin="2"/><net_sink comp="165" pin=0"/></net>

<net id="169"><net_src comp="165" pin="1"/><net_sink comp="115" pin=0"/></net>

<net id="173"><net_src comp="54" pin="2"/><net_sink comp="170" pin=0"/></net>

<net id="174"><net_src comp="170" pin="1"/><net_sink comp="103" pin=2"/></net>

<net id="178"><net_src comp="60" pin="2"/><net_sink comp="175" pin=0"/></net>

<net id="179"><net_src comp="175" pin="1"/><net_sink comp="94" pin=2"/></net>

<net id="183"><net_src comp="66" pin="2"/><net_sink comp="180" pin=0"/></net>

<net id="184"><net_src comp="180" pin="1"/><net_sink comp="115" pin=1"/></net>

<net id="185"><net_src comp="180" pin="1"/><net_sink comp="121" pin=1"/></net>

<net id="189"><net_src comp="72" pin="2"/><net_sink comp="186" pin=0"/></net>

<net id="190"><net_src comp="186" pin="1"/><net_sink comp="133" pin=0"/></net>

<net id="194"><net_src comp="78" pin="2"/><net_sink comp="191" pin=0"/></net>

<net id="195"><net_src comp="191" pin="1"/><net_sink comp="142" pin=0"/></net>

<net id="199"><net_src comp="109" pin="2"/><net_sink comp="196" pin=0"/></net>

</net_list>

</model> 
---------------- Datapath Model END ------------------

* FSMD analyzer results:
  - Output states:
	Port: c | {36 }
 - Input state : 
	Port: get_centroid_fh_Bloc : p_read | {1 }
	Port: get_centroid_fh_Bloc : p_read1 | {1 }
	Port: get_centroid_fh_Bloc : p_read2 | {1 }
	Port: get_centroid_fh_Bloc : v_offset | {1 }
	Port: get_centroid_fh_Bloc : h_offset | {1 }
	Port: get_centroid_fh_Bloc : p_read3 | {1 }
	Port: get_centroid_fh_Bloc : p_read4 | {1 }
  - Chain level:
	State 1
		br_ln156 : 1
	State 2
	State 3
	State 4
	State 5
	State 6
	State 7
	State 8
	State 9
	State 10
	State 11
	State 12
	State 13
	State 14
	State 15
	State 16
	State 17
	State 18
	State 19
	State 20
	State 21
	State 22
	State 23
	State 24
	State 25
	State 26
	State 27
	State 28
	State 29
	State 30
	State 31
	State 32
	State 33
	State 34
	State 35
	State 36
		trunc_ln157 : 1
		empty : 1
		empty_169 : 2
		add_ln160 : 3
		add_ln161 : 2
		tmp_i_i : 4
		write_ln161 : 5


============================================================
+ Verbose Summary: Datapath Resource usage 
============================================================

* Functional unit list:
|----------|--------------------------|---------|---------|
| Operation|      Functional Unit     |    FF   |   LUT   |
|----------|--------------------------|---------|---------|
|   udiv   |        grp_fu_115        |   394   |   238   |
|          |        grp_fu_121        |   394   |   238   |
|----------|--------------------------|---------|---------|
|    add   |     add_ln160_fu_136     |    0    |    23   |
|          |     add_ln161_fu_145     |    0    |    39   |
|----------|--------------------------|---------|---------|
|   icmp   |     icmp_ln156_fu_109    |    0    |    18   |
|----------|--------------------------|---------|---------|
|          |    p_read_6_read_fu_42   |    0    |    0    |
|          |    p_read_7_read_fu_48   |    0    |    0    |
|          |    p_read27_read_fu_54   |    0    |    0    |
|   read   |    p_read16_read_fu_60   |    0    |    0    |
|          |    p_read_8_read_fu_66   |    0    |    0    |
|          | v_offset_read_read_fu_72 |    0    |    0    |
|          | h_offset_read_read_fu_78 |    0    |    0    |
|----------|--------------------------|---------|---------|
|   write  |  write_ln161_write_fu_84 |    0    |    0    |
|----------|--------------------------|---------|---------|
|   trunc  |    trunc_ln157_fu_128    |    0    |    0    |
|----------|--------------------------|---------|---------|
|   zext   |     zext_ln160_fu_133    |    0    |    0    |
|          |     zext_ln161_fu_142    |    0    |    0    |
|----------|--------------------------|---------|---------|
|bitconcatenate|      tmp_i_i_fu_151      |    0    |    0    |
|----------|--------------------------|---------|---------|
|   Total  |                          |   788   |   556   |
|----------|--------------------------|---------|---------|

Memories:
N/A

* Register list:
+---------------------+--------+
|                     |   FF   |
+---------------------+--------+
|  empty_169_reg_100  |   16   |
|     empty_reg_91    |   32   |
|h_offset_read_reg_191|   16   |
|  icmp_ln156_reg_196 |    1   |
|   p_read16_reg_175  |   32   |
|   p_read27_reg_170  |   16   |
|   p_read_6_reg_160  |   32   |
|   p_read_7_reg_165  |   32   |
|   p_read_8_reg_180  |   32   |
|v_offset_read_reg_186|    8   |
+---------------------+--------+
|        Total        |   217  |
+---------------------+--------+

* Multiplexer (MUX) list: 
|------------|------|------|------|--------||---------||---------|
|    Comp    |  Pin | Size |  BW  | S x BW ||  Delay  ||   LUT   |
|------------|------|------|------|--------||---------||---------|
| grp_fu_115 |  p0  |   2  |  32  |   64   ||    9    |
| grp_fu_115 |  p1  |   2  |  32  |   64   ||    9    |
| grp_fu_121 |  p0  |   2  |  32  |   64   ||    9    |
| grp_fu_121 |  p1  |   2  |  32  |   64   ||    9    |
|------------|------|------|------|--------||---------||---------|
|    Total   |      |      |      |   256  ||  7.076  ||    36   |
|------------|------|------|------|--------||---------||---------|



* Summary:
+-----------+--------+--------+--------+
|           |  Delay |   FF   |   LUT  |
+-----------+--------+--------+--------+
|  Function |    -   |   788  |   556  |
|   Memory  |    -   |    -   |    -   |
|Multiplexer|    7   |    -   |   36   |
|  Register |    -   |   217  |    -   |
+-----------+--------+--------+--------+
|   Total   |    7   |  1005  |   592  |
+-----------+--------+--------+--------+
