

================================================================
== Vivado HLS Report for 'get_vegetation_image_4'
================================================================
* Date:           Wed Mar 18 11:33:53 2020

* Version:        2019.2.1 (Build 2724168 on Thu Dec 05 05:19:09 MST 2019)
* Project:        WeedD
* Solution:       solution1
* Product family: zynq
* Target device:  xc7z020-clg400-1


================================================================
== Performance Estimates
================================================================
+ Timing: 
    * Summary: 
    +--------+----------+-----------+------------+
    |  Clock |  Target  | Estimated | Uncertainty|
    +--------+----------+-----------+------------+
    |ap_clk  | 50.00 ns | 43.397 ns |   6.25 ns  |
    +--------+----------+-----------+------------+

+ Latency: 
    * Summary: 
    +---------+---------+-----------+-----------+---------+---------+----------+
    |  Latency (cycles) |   Latency (absolute)  |      Interval     | Pipeline |
    |   min   |   max   |    min    |    max    |   min   |   max   |   Type   |
    +---------+---------+-----------+-----------+---------+---------+----------+
    |  2419217|  2419217| 0.121 sec | 0.121 sec |  2419202|  2419202| dataflow |
    +---------+---------+-----------+-----------+---------+---------+----------+

    + Detail: 
        * Instance: 
        +----------------------------------------------------+--------------------------+---------+---------+-----------+-----------+---------+---------+----------+
        |                                                    |                          |  Latency (cycles) |   Latency (absolute)  |      Interval     | Pipeline |
        |                      Instance                      |          Module          |   min   |   max   |    min    |    max    |   min   |   max   |   Type   |
        +----------------------------------------------------+--------------------------+---------+---------+-----------+-----------+---------+---------+----------+
        |grp_get_exg_image_fu_170                            |get_exg_image             |  2419201|  2419201| 0.121 sec | 0.121 sec |  2419201|  2419201|   none   |
        |grp_extract_channels_fu_183                         |extract_channels          |    58142|    58142|  2.907 ms |  2.907 ms |    58143|    58143| dataflow |
        |grp_convert_fp_to_8b770_fu_193                      |convert_fp_to_8b770       |    57623|    57623|  2.881 ms |  2.881 ms |    57623|    57623|   none   |
        |grp_get_max_from_channel_fu_202                     |get_max_from_channel      |    58142|    58142|  2.907 ms |  2.907 ms |    58143|    58143| dataflow |
        |grp_duplicateMat635769_fu_212                       |duplicateMat635769        |    43743|    58383|  2.187 ms |  2.919 ms |    43742|    58142| dataflow |
        |grp_duplicateMat_fu_223                             |duplicateMat              |    58144|    58144|  2.907 ms |  2.907 ms |    58142|    58142| dataflow |
        |call_ln0_get_vegetation_image_fu_230                |get_vegetation_image      |        0|        0|    0 ns   |    0 ns   |        0|        0|   none   |
        |sub_ln703_cast_loc_c_get_vegetation_image_2_fu_240  |get_vegetation_image_2    |        0|        0|    0 ns   |    0 ns   |        0|        0|   none   |
        |call_ln65_get_vegetation_image_113_fu_247           |get_vegetation_image_113  |        0|        0|    0 ns   |    0 ns   |        0|        0|   none   |
        |extLd_cast_loc_chann_get_vegetation_image_3_fu_256  |get_vegetation_image_3    |        0|        0|    0 ns   |    0 ns   |        0|        0|   none   |
        +----------------------------------------------------+--------------------------+---------+---------+-----------+-----------+---------+---------+----------+

        * Loop: 
        N/A

============================================================
+ Verbose Summary: Synthesis Manager
============================================================
InlineROM: 1
ExposeGlobal: 0
============================================================
+ Verbose Summary: CDFG Model
============================================================
IsTopModel: 0
ResetActiveHigh: 1
IsCombinational: 2
IsDatapathOnly: 0
HasWiredReturn: 1
HasMFsm: 0
HasVarLatency: 1
IsPipeline: 0
IsRtlPipelined: 0
IsInstanceOverlapped: 0
IsDontTouch: 0
HasImplIP: 0
IsGatedGlobalClock: 0


============================================================
+ Verbose Summary: Schedule
============================================================
* Number of FSM states : 15
* Pipeline : 0
* Dataflow Pipeline: 1
  DF-Pipeline-0: Size = 15, States = { 1 2 3 4 5 6 7 8 9 10 11 12 13 14 15 }

* FSM state transitions: 
1 --> 2 
2 --> 3 
3 --> 4 
4 --> 5 
5 --> 6 
6 --> 7 
7 --> 8 
8 --> 9 
9 --> 10 
10 --> 11 
11 --> 12 
12 --> 13 
13 --> 14 
14 --> 15 
15 --> 

* FSM state operations: 

State 1 <SV = 0> <Delay = 0.00>
ST_1 : Operation 16 [1/1] (0.00ns)   --->   "%img_in_cols_c_i = alloca i10, align 2" [./wd_stage_1.h:65]   --->   Operation 16 'alloca' 'img_in_cols_c_i' <Predicate = true> <Delay = 0.00> <Core = "FIFO">   --->   Core 32 'FIFO' <Latency = 0> <II = 1> <Delay = 3.63> <Storage> <Opcode : 'read' 'write' 'nbread' 'nbwrite'> <Ports = 0> <Width = 28> <Depth = 1> <FIFO>
ST_1 : Operation 17 [1/1] (0.00ns)   --->   "%img_in_0_cols_channe = alloca i10, align 2"   --->   Operation 17 'alloca' 'img_in_0_cols_channe' <Predicate = true> <Delay = 0.00> <Core = "FIFO">   --->   Core 32 'FIFO' <Latency = 0> <II = 1> <Delay = 3.63> <Storage> <Opcode : 'read' 'write' 'nbread' 'nbwrite'> <Ports = 0> <Width = 28> <Depth = 1> <FIFO>
ST_1 : Operation 18 [1/1] (0.00ns)   --->   "%img_in_0_rows_channe = alloca i9, align 2"   --->   Operation 18 'alloca' 'img_in_0_rows_channe' <Predicate = true> <Delay = 0.00> <Core = "FIFO">   --->   Core 32 'FIFO' <Latency = 0> <II = 1> <Delay = 3.63> <Storage> <Opcode : 'read' 'write' 'nbread' 'nbwrite'> <Ports = 0> <Width = 28> <Depth = 1> <FIFO>
ST_1 : Operation 19 [1/1] (0.00ns)   --->   "%min_value_V_c17_i = alloca i28, align 4"   --->   Operation 19 'alloca' 'min_value_V_c17_i' <Predicate = true> <Delay = 0.00> <Core = "FIFO">   --->   Core 32 'FIFO' <Latency = 0> <II = 1> <Delay = 3.63> <Storage> <Opcode : 'read' 'write' 'nbread' 'nbwrite'> <Ports = 0> <Width = 28> <Depth = 1> <FIFO>
ST_1 : Operation 20 [1/1] (0.00ns)   --->   "%max_value_V_c_i = alloca i29, align 4"   --->   Operation 20 'alloca' 'max_value_V_c_i' <Predicate = true> <Delay = 0.00> <Core = "FIFO">   --->   Core 32 'FIFO' <Latency = 0> <II = 1> <Delay = 3.63> <Storage> <Opcode : 'read' 'write' 'nbread' 'nbwrite'> <Ports = 0> <Width = 28> <Depth = 1> <FIFO>
ST_1 : Operation 21 [1/1] (0.00ns)   --->   "%min_value_V_c_i = alloca i28, align 4"   --->   Operation 21 'alloca' 'min_value_V_c_i' <Predicate = true> <Delay = 0.00> <Core = "FIFO">   --->   Core 32 'FIFO' <Latency = 0> <II = 1> <Delay = 3.63> <Storage> <Opcode : 'read' 'write' 'nbread' 'nbwrite'> <Ports = 0> <Width = 28> <Depth = 1> <FIFO>
ST_1 : Operation 22 [1/1] (0.00ns)   --->   "%max_b_c16_i = alloca i32, align 4"   --->   Operation 22 'alloca' 'max_b_c16_i' <Predicate = true> <Delay = 0.00> <Core = "FIFO">   --->   Core 32 'FIFO' <Latency = 0> <II = 1> <Delay = 3.63> <Storage> <Opcode : 'read' 'write' 'nbread' 'nbwrite'> <Ports = 0> <Width = 28> <Depth = 1> <FIFO>
ST_1 : Operation 23 [1/1] (0.00ns)   --->   "%max_g_c15_i = alloca i32, align 4"   --->   Operation 23 'alloca' 'max_g_c15_i' <Predicate = true> <Delay = 0.00> <Core = "FIFO">   --->   Core 32 'FIFO' <Latency = 0> <II = 1> <Delay = 3.63> <Storage> <Opcode : 'read' 'write' 'nbread' 'nbwrite'> <Ports = 0> <Width = 28> <Depth = 1> <FIFO>
ST_1 : Operation 24 [1/1] (0.00ns)   --->   "%max_r_c14_i = alloca i32, align 4"   --->   Operation 24 'alloca' 'max_r_c14_i' <Predicate = true> <Delay = 0.00> <Core = "FIFO">   --->   Core 32 'FIFO' <Latency = 0> <II = 1> <Delay = 3.63> <Storage> <Opcode : 'read' 'write' 'nbread' 'nbwrite'> <Ports = 0> <Width = 28> <Depth = 1> <FIFO>
ST_1 : Operation 25 [1/1] (0.00ns)   --->   "%max_b_c_i = alloca i32, align 4"   --->   Operation 25 'alloca' 'max_b_c_i' <Predicate = true> <Delay = 0.00> <Core = "FIFO">   --->   Core 32 'FIFO' <Latency = 0> <II = 1> <Delay = 3.63> <Storage> <Opcode : 'read' 'write' 'nbread' 'nbwrite'> <Ports = 0> <Width = 28> <Depth = 1> <FIFO>
ST_1 : Operation 26 [1/1] (0.00ns)   --->   "%max_g_c_i = alloca i32, align 4"   --->   Operation 26 'alloca' 'max_g_c_i' <Predicate = true> <Delay = 0.00> <Core = "FIFO">   --->   Core 32 'FIFO' <Latency = 0> <II = 1> <Delay = 3.63> <Storage> <Opcode : 'read' 'write' 'nbread' 'nbwrite'> <Ports = 0> <Width = 28> <Depth = 1> <FIFO>
ST_1 : Operation 27 [1/1] (0.00ns)   --->   "%max_r_c_i = alloca i32, align 4"   --->   Operation 27 'alloca' 'max_r_c_i' <Predicate = true> <Delay = 0.00> <Core = "FIFO">   --->   Core 32 'FIFO' <Latency = 0> <II = 1> <Delay = 3.63> <Storage> <Opcode : 'read' 'write' 'nbread' 'nbwrite'> <Ports = 0> <Width = 28> <Depth = 1> <FIFO>
ST_1 : Operation 28 [1/1] (0.00ns)   --->   "%r_channel_data_V = alloca i8, align 1" [./wd_stage_1.h:68]   --->   Operation 28 'alloca' 'r_channel_data_V' <Predicate = true> <Delay = 0.00> <Core = "FIFO">   --->   Core 32 'FIFO' <Latency = 0> <II = 1> <Delay = 3.63> <Storage> <Opcode : 'read' 'write' 'nbread' 'nbwrite'> <Ports = 0> <Width = 28> <Depth = 1> <FIFO>
ST_1 : Operation 29 [1/1] (0.00ns)   --->   "%g_channel_data_V = alloca i8, align 1" [./wd_stage_1.h:70]   --->   Operation 29 'alloca' 'g_channel_data_V' <Predicate = true> <Delay = 0.00> <Core = "FIFO">   --->   Core 32 'FIFO' <Latency = 0> <II = 1> <Delay = 3.63> <Storage> <Opcode : 'read' 'write' 'nbread' 'nbwrite'> <Ports = 0> <Width = 28> <Depth = 1> <FIFO>
ST_1 : Operation 30 [1/1] (0.00ns)   --->   "%b_channel_data_V = alloca i8, align 1" [./wd_stage_1.h:72]   --->   Operation 30 'alloca' 'b_channel_data_V' <Predicate = true> <Delay = 0.00> <Core = "FIFO">   --->   Core 32 'FIFO' <Latency = 0> <II = 1> <Delay = 3.63> <Storage> <Opcode : 'read' 'write' 'nbread' 'nbwrite'> <Ports = 0> <Width = 28> <Depth = 1> <FIFO>
ST_1 : Operation 31 [1/1] (0.00ns)   --->   "%veg_temp_data_V = alloca i32, align 4" [./wd_stage_1.h:75]   --->   Operation 31 'alloca' 'veg_temp_data_V' <Predicate = true> <Delay = 0.00> <Core = "FIFO">   --->   Core 32 'FIFO' <Latency = 0> <II = 1> <Delay = 3.63> <Storage> <Opcode : 'read' 'write' 'nbread' 'nbwrite'> <Ports = 0> <Width = 28> <Depth = 1> <FIFO>
ST_1 : Operation 32 [1/1] (0.00ns)   --->   "%img_in_0_data_V = alloca i24, align 4" [./wd_stage_1.h:78]   --->   Operation 32 'alloca' 'img_in_0_data_V' <Predicate = true> <Delay = 0.00> <Core = "FIFO">   --->   Core 32 'FIFO' <Latency = 0> <II = 1> <Delay = 3.63> <Storage> <Opcode : 'read' 'write' 'nbread' 'nbwrite'> <Ports = 0> <Width = 28> <Depth = 1> <FIFO>
ST_1 : Operation 33 [1/1] (0.00ns)   --->   "%img_in_1_data_V = alloca i24, align 4" [./wd_stage_1.h:80]   --->   Operation 33 'alloca' 'img_in_1_data_V' <Predicate = true> <Delay = 0.00> <Core = "FIFO">   --->   Core 32 'FIFO' <Latency = 0> <II = 1> <Delay = 3.63> <Storage> <Opcode : 'read' 'write' 'nbread' 'nbwrite'> <Ports = 0> <Width = 28> <Depth = 1> <FIFO>
ST_1 : Operation 34 [1/1] (0.00ns)   --->   "%img_in_2_data_V = alloca i24, align 4" [./wd_stage_1.h:82]   --->   Operation 34 'alloca' 'img_in_2_data_V' <Predicate = true> <Delay = 0.00> <Core = "FIFO">   --->   Core 32 'FIFO' <Latency = 0> <II = 1> <Delay = 3.63> <Storage> <Opcode : 'read' 'write' 'nbread' 'nbwrite'> <Ports = 0> <Width = 28> <Depth = 1> <FIFO>
ST_1 : Operation 35 [1/1] (0.00ns)   --->   "%img_in_3_data_V = alloca i24, align 4" [./wd_stage_1.h:84]   --->   Operation 35 'alloca' 'img_in_3_data_V' <Predicate = true> <Delay = 0.00> <Core = "FIFO">   --->   Core 32 'FIFO' <Latency = 0> <II = 1> <Delay = 3.63> <Storage> <Opcode : 'read' 'write' 'nbread' 'nbwrite'> <Ports = 0> <Width = 28> <Depth = 1> <FIFO>
ST_1 : Operation 36 [1/1] (0.00ns)   --->   "call fastcc void @get_vegetation_image.113(i9* nocapture %img_in_0_rows_channe, i10* nocapture %img_in_0_cols_channe, i10* %img_in_cols, i10* %img_in_cols_c_i)" [./wd_stage_1.h:65]   --->   Operation 36 'call' <Predicate = true> <Delay = 0.00> <CoreType = "Generic">   --->   Core 0 '' <Latency = 0> <II = 1> <Delay = 1.00> <Generic> <Opcode : >

State 2 <SV = 1> <Delay = 0.00>
ST_2 : Operation 37 [2/2] (0.00ns)   --->   "call fastcc void @duplicateMat635769(i10* nocapture %img_in_cols_c_i, i24* %img_in_data_V, i9* nocapture %img_in_0_rows_channe, i10* nocapture %img_in_0_cols_channe, i24* %img_in_0_data_V, i24* %img_in_1_data_V)" [./wd_stage_1.h:87]   --->   Operation 37 'call' <Predicate = true> <Delay = 0.00> <CoreType = "Generic">   --->   Core 0 '' <Latency = 0> <II = 1> <Delay = 1.00> <Generic> <Opcode : >

State 3 <SV = 2> <Delay = 0.00>
ST_3 : Operation 38 [1/2] (0.00ns)   --->   "call fastcc void @duplicateMat635769(i10* nocapture %img_in_cols_c_i, i24* %img_in_data_V, i9* nocapture %img_in_0_rows_channe, i10* nocapture %img_in_0_cols_channe, i24* %img_in_0_data_V, i24* %img_in_1_data_V)" [./wd_stage_1.h:87]   --->   Operation 38 'call' <Predicate = true> <Delay = 0.00> <CoreType = "Generic">   --->   Core 0 '' <Latency = 0> <II = 1> <Delay = 1.00> <Generic> <Opcode : >

State 4 <SV = 3> <Delay = 0.00>
ST_4 : Operation 39 [2/2] (0.00ns)   --->   "call fastcc void @duplicateMat(i24* %img_in_0_data_V, i24* %img_in_2_data_V, i24* %img_in_3_data_V)" [./wd_stage_1.h:88]   --->   Operation 39 'call' <Predicate = true> <Delay = 0.00> <CoreType = "Generic">   --->   Core 0 '' <Latency = 0> <II = 1> <Delay = 1.00> <Generic> <Opcode : >

State 5 <SV = 4> <Delay = 0.00>
ST_5 : Operation 40 [1/2] (0.00ns)   --->   "call fastcc void @duplicateMat(i24* %img_in_0_data_V, i24* %img_in_2_data_V, i24* %img_in_3_data_V)" [./wd_stage_1.h:88]   --->   Operation 40 'call' <Predicate = true> <Delay = 0.00> <CoreType = "Generic">   --->   Core 0 '' <Latency = 0> <II = 1> <Delay = 1.00> <Generic> <Opcode : >

State 6 <SV = 5> <Delay = 0.00>
ST_6 : Operation 41 [2/2] (0.00ns)   --->   "call fastcc void @extract_channels(i24* %img_in_1_data_V, i24* %img_in_2_data_V, i24* %img_in_3_data_V, i8* %r_channel_data_V, i8* %g_channel_data_V, i8* %b_channel_data_V)" [./wd_stage_1.h:89]   --->   Operation 41 'call' <Predicate = true> <Delay = 0.00> <CoreType = "Generic">   --->   Core 0 '' <Latency = 0> <II = 1> <Delay = 1.00> <Generic> <Opcode : >

State 7 <SV = 6> <Delay = 0.00>
ST_7 : Operation 42 [1/2] (0.00ns)   --->   "call fastcc void @extract_channels(i24* %img_in_1_data_V, i24* %img_in_2_data_V, i24* %img_in_3_data_V, i8* %r_channel_data_V, i8* %g_channel_data_V, i8* %b_channel_data_V)" [./wd_stage_1.h:89]   --->   Operation 42 'call' <Predicate = true> <Delay = 0.00> <CoreType = "Generic">   --->   Core 0 '' <Latency = 0> <II = 1> <Delay = 1.00> <Generic> <Opcode : >

State 8 <SV = 7> <Delay = 0.00>
ST_8 : Operation 43 [2/2] (0.00ns)   --->   "call fastcc void @get_max_from_channel(i8* %r_channel_data_V, i8* %g_channel_data_V, i8* %b_channel_data_V, i32* %max_r_c_i, i32* %max_g_c_i, i32* %max_b_c_i)" [./wd_stage_1.h:93]   --->   Operation 43 'call' <Predicate = true> <Delay = 0.00> <CoreType = "Generic">   --->   Core 0 '' <Latency = 0> <II = 1> <Delay = 1.00> <Generic> <Opcode : >

State 9 <SV = 8> <Delay = 0.00>
ST_9 : Operation 44 [1/2] (0.00ns)   --->   "call fastcc void @get_max_from_channel(i8* %r_channel_data_V, i8* %g_channel_data_V, i8* %b_channel_data_V, i32* %max_r_c_i, i32* %max_g_c_i, i32* %max_b_c_i)" [./wd_stage_1.h:93]   --->   Operation 44 'call' <Predicate = true> <Delay = 0.00> <CoreType = "Generic">   --->   Core 0 '' <Latency = 0> <II = 1> <Delay = 1.00> <Generic> <Opcode : >

State 10 <SV = 9> <Delay = 0.00>
ST_10 : Operation 45 [1/1] (0.00ns)   --->   "call fastcc void @get_vegetation_image(i32* %max_r_c_i, i32* %max_g_c_i, i32* %max_b_c_i, i32* %max_r_c14_i, i32* %max_g_c15_i, i32* %max_b_c16_i)"   --->   Operation 45 'call' <Predicate = true> <Delay = 0.00> <CoreType = "Generic">   --->   Core 0 '' <Latency = 0> <II = 1> <Delay = 1.00> <Generic> <Opcode : >

State 11 <SV = 10> <Delay = 0.00>
ST_11 : Operation 46 [2/2] (0.00ns)   --->   "call fastcc void @get_exg_image(i8* %r_channel_data_V, i8* %g_channel_data_V, i8* %b_channel_data_V, i32* %max_r_c14_i, i32* %max_g_c15_i, i32* %max_b_c16_i, i32* %veg_temp_data_V, i28* %min_value_V_c_i, i29* %max_value_V_c_i)" [./wd_stage_1.h:98]   --->   Operation 46 'call' <Predicate = true> <Delay = 0.00> <CoreType = "Generic">   --->   Core 0 '' <Latency = 0> <II = 1> <Delay = 1.00> <Generic> <Opcode : >

State 12 <SV = 11> <Delay = 0.00>
ST_12 : Operation 47 [1/2] (0.00ns)   --->   "call fastcc void @get_exg_image(i8* %r_channel_data_V, i8* %g_channel_data_V, i8* %b_channel_data_V, i32* %max_r_c14_i, i32* %max_g_c15_i, i32* %max_b_c16_i, i32* %veg_temp_data_V, i28* %min_value_V_c_i, i29* %max_value_V_c_i)" [./wd_stage_1.h:98]   --->   Operation 47 'call' <Predicate = true> <Delay = 0.00> <CoreType = "Generic">   --->   Core 0 '' <Latency = 0> <II = 1> <Delay = 1.00> <Generic> <Opcode : >

State 13 <SV = 12> <Delay = 2.31>
ST_13 : Operation 48 [1/1] (0.00ns)   --->   "%extLd_cast_loc_chann = call fastcc i24 @get_vegetation_image.3(i29* %max_value_V_c_i)"   --->   Operation 48 'call' 'extLd_cast_loc_chann' <Predicate = true> <Delay = 0.00> <Core = "FIFO">   --->   Core 32 'FIFO' <Latency = 0> <II = 1> <Delay = 3.63> <Storage> <Opcode : 'read' 'write' 'nbread' 'nbwrite'> <Ports = 0> <Width = 28> <Depth = 1> <FIFO>
ST_13 : Operation 49 [1/1] (2.31ns)   --->   "%sub_ln703_cast_loc_c = call fastcc i24 @get_vegetation_image.2(i28* %min_value_V_c_i, i24 %extLd_cast_loc_chann, i28* %min_value_V_c17_i)"   --->   Operation 49 'call' 'sub_ln703_cast_loc_c' <Predicate = true> <Delay = 2.31> <Core = "FIFO">   --->   Core 32 'FIFO' <Latency = 0> <II = 1> <Delay = 3.63> <Storage> <Opcode : 'read' 'write' 'nbread' 'nbwrite'> <Ports = 0> <Width = 28> <Depth = 1> <FIFO>

State 14 <SV = 13> <Delay = 3.91>
ST_14 : Operation 50 [2/2] (3.91ns)   --->   "call void @convert_fp_to_8b770(i28* %min_value_V_c17_i, i24 %sub_ln703_cast_loc_c, i32* %veg_temp_data_V, i8* %img_out_data_V)" [./wd_stage_1.h:101]   --->   Operation 50 'call' <Predicate = true> <Delay = 3.91> <CoreType = "Generic">   --->   Core 0 '' <Latency = 0> <II = 1> <Delay = 1.00> <Generic> <Opcode : >

State 15 <SV = 14> <Delay = 0.00>
ST_15 : Operation 51 [1/1] (0.00ns)   --->   "call void (...)* @_ssdm_op_SpecInterface(i24* %img_in_data_V, [8 x i8]* @ap_fifo_str, i32 0, i32 0, [1 x i8]* @p_str, i32 0, i32 0, [1 x i8]* @p_str, [1 x i8]* @p_str, [1 x i8]* @p_str, i32 2, i32 2, i32 16, i32 16, [1 x i8]* @p_str, [1 x i8]* @p_str)"   --->   Operation 51 'specinterface' <Predicate = true> <Delay = 0.00>
ST_15 : Operation 52 [1/1] (0.00ns)   --->   "call void (...)* @_ssdm_op_SpecInterface(i8* %img_out_data_V, [8 x i8]* @ap_fifo_str, i32 0, i32 0, [1 x i8]* @p_str, i32 0, i32 0, [1 x i8]* @p_str, [1 x i8]* @p_str, [1 x i8]* @p_str, i32 2, i32 2, i32 16, i32 16, [1 x i8]* @p_str, [1 x i8]* @p_str)"   --->   Operation 52 'specinterface' <Predicate = true> <Delay = 0.00>
ST_15 : Operation 53 [1/1] (0.00ns)   --->   "call void (...)* @_ssdm_op_SpecInterface(i10* %img_in_cols, [8 x i8]* @ap_fifo_str, i32 0, i32 0, [1 x i8]* @p_str, i32 0, i32 0, [1 x i8]* @p_str, [1 x i8]* @p_str, [1 x i8]* @p_str, i32 2, i32 2, i32 16, i32 16, [1 x i8]* @p_str, [11 x i8]* @ScalarProp_str)"   --->   Operation 53 'specinterface' <Predicate = true> <Delay = 0.00>
ST_15 : Operation 54 [1/1] (0.00ns)   --->   "call void (...)* @_ssdm_op_SpecInterface(i8* %img_out_data_V, [8 x i8]* @ap_fifo_str, i32 0, i32 0, [1 x i8]* @p_str, i32 0, i32 0, [1 x i8]* @p_str, [1 x i8]* @p_str, [1 x i8]* @p_str, i32 2, i32 2, i32 16, i32 16, [1 x i8]* @p_str, [1 x i8]* @p_str)"   --->   Operation 54 'specinterface' <Predicate = true> <Delay = 0.00>
ST_15 : Operation 55 [1/1] (0.00ns)   --->   "call void (...)* @_ssdm_op_SpecInterface(i24* %img_in_data_V, [8 x i8]* @ap_fifo_str, i32 0, i32 0, [1 x i8]* @p_str, i32 0, i32 0, [1 x i8]* @p_str, [1 x i8]* @p_str, [1 x i8]* @p_str, i32 2, i32 2, i32 16, i32 16, [1 x i8]* @p_str, [1 x i8]* @p_str)"   --->   Operation 55 'specinterface' <Predicate = true> <Delay = 0.00>
ST_15 : Operation 56 [1/1] (0.00ns)   --->   "call void (...)* @_ssdm_op_SpecDataflowPipeline(i32 -1, i32 0, [1 x i8]* @p_str) nounwind" [./wd_stage_1.h:67]   --->   Operation 56 'specdataflowpipeline' <Predicate = true> <Delay = 0.00>
ST_15 : Operation 57 [1/1] (0.00ns)   --->   "%empty = call i32 (...)* @_ssdm_op_SpecChannel([25 x i8]* @r_channel_OC_data_OC, i32 1, [1 x i8]* @p_str, [1 x i8]* @p_str, i32 1, i32 57600, i8* %r_channel_data_V, i8* %r_channel_data_V)"   --->   Operation 57 'specchannel' 'empty' <Predicate = true> <Delay = 0.00>
ST_15 : Operation 58 [1/1] (0.00ns)   --->   "call void (...)* @_ssdm_op_SpecInterface(i8* %r_channel_data_V, [8 x i8]* @ap_fifo_str, i32 0, i32 0, [1 x i8]* @p_str, i32 0, i32 0, [1 x i8]* @p_str, [1 x i8]* @p_str, [1 x i8]* @p_str, i32 2, i32 2, i32 16, i32 16, [1 x i8]* @p_str, [1 x i8]* @p_str)"   --->   Operation 58 'specinterface' <Predicate = true> <Delay = 0.00>
ST_15 : Operation 59 [1/1] (0.00ns)   --->   "%empty_142 = call i32 (...)* @_ssdm_op_SpecChannel([25 x i8]* @g_channel_OC_data_OC, i32 1, [1 x i8]* @p_str, [1 x i8]* @p_str, i32 1, i32 57600, i8* %g_channel_data_V, i8* %g_channel_data_V)"   --->   Operation 59 'specchannel' 'empty_142' <Predicate = true> <Delay = 0.00>
ST_15 : Operation 60 [1/1] (0.00ns)   --->   "call void (...)* @_ssdm_op_SpecInterface(i8* %g_channel_data_V, [8 x i8]* @ap_fifo_str, i32 0, i32 0, [1 x i8]* @p_str, i32 0, i32 0, [1 x i8]* @p_str, [1 x i8]* @p_str, [1 x i8]* @p_str, i32 2, i32 2, i32 16, i32 16, [1 x i8]* @p_str, [1 x i8]* @p_str)"   --->   Operation 60 'specinterface' <Predicate = true> <Delay = 0.00>
ST_15 : Operation 61 [1/1] (0.00ns)   --->   "%empty_143 = call i32 (...)* @_ssdm_op_SpecChannel([25 x i8]* @b_channel_OC_data_OC, i32 1, [1 x i8]* @p_str, [1 x i8]* @p_str, i32 1, i32 57600, i8* %b_channel_data_V, i8* %b_channel_data_V)"   --->   Operation 61 'specchannel' 'empty_143' <Predicate = true> <Delay = 0.00>
ST_15 : Operation 62 [1/1] (0.00ns)   --->   "call void (...)* @_ssdm_op_SpecInterface(i8* %b_channel_data_V, [8 x i8]* @ap_fifo_str, i32 0, i32 0, [1 x i8]* @p_str, i32 0, i32 0, [1 x i8]* @p_str, [1 x i8]* @p_str, [1 x i8]* @p_str, i32 2, i32 2, i32 16, i32 16, [1 x i8]* @p_str, [1 x i8]* @p_str)"   --->   Operation 62 'specinterface' <Predicate = true> <Delay = 0.00>
ST_15 : Operation 63 [1/1] (0.00ns)   --->   "%empty_144 = call i32 (...)* @_ssdm_op_SpecChannel([24 x i8]* @veg_temp_OC_data_OC_s, i32 1, [1 x i8]* @p_str, [1 x i8]* @p_str, i32 1, i32 57600, i32* %veg_temp_data_V, i32* %veg_temp_data_V)"   --->   Operation 63 'specchannel' 'empty_144' <Predicate = true> <Delay = 0.00>
ST_15 : Operation 64 [1/1] (0.00ns)   --->   "call void (...)* @_ssdm_op_SpecInterface(i32* %veg_temp_data_V, [8 x i8]* @ap_fifo_str, i32 0, i32 0, [1 x i8]* @p_str, i32 0, i32 0, [1 x i8]* @p_str, [1 x i8]* @p_str, [1 x i8]* @p_str, i32 2, i32 2, i32 16, i32 16, [1 x i8]* @p_str, [1 x i8]* @p_str)"   --->   Operation 64 'specinterface' <Predicate = true> <Delay = 0.00>
ST_15 : Operation 65 [1/1] (0.00ns)   --->   "%empty_145 = call i32 (...)* @_ssdm_op_SpecChannel([24 x i8]* @img_in_0_OC_data_OC_s, i32 1, [1 x i8]* @p_str, [1 x i8]* @p_str, i32 1, i32 57600, i24* %img_in_0_data_V, i24* %img_in_0_data_V)"   --->   Operation 65 'specchannel' 'empty_145' <Predicate = true> <Delay = 0.00>
ST_15 : Operation 66 [1/1] (0.00ns)   --->   "call void (...)* @_ssdm_op_SpecInterface(i24* %img_in_0_data_V, [8 x i8]* @ap_fifo_str, i32 0, i32 0, [1 x i8]* @p_str, i32 0, i32 0, [1 x i8]* @p_str, [1 x i8]* @p_str, [1 x i8]* @p_str, i32 2, i32 2, i32 16, i32 16, [1 x i8]* @p_str, [1 x i8]* @p_str)"   --->   Operation 66 'specinterface' <Predicate = true> <Delay = 0.00>
ST_15 : Operation 67 [1/1] (0.00ns)   --->   "%empty_146 = call i32 (...)* @_ssdm_op_SpecChannel([24 x i8]* @img_in_1_OC_data_OC_s, i32 1, [1 x i8]* @p_str, [1 x i8]* @p_str, i32 1, i32 57600, i24* %img_in_1_data_V, i24* %img_in_1_data_V)"   --->   Operation 67 'specchannel' 'empty_146' <Predicate = true> <Delay = 0.00>
ST_15 : Operation 68 [1/1] (0.00ns)   --->   "call void (...)* @_ssdm_op_SpecInterface(i24* %img_in_1_data_V, [8 x i8]* @ap_fifo_str, i32 0, i32 0, [1 x i8]* @p_str, i32 0, i32 0, [1 x i8]* @p_str, [1 x i8]* @p_str, [1 x i8]* @p_str, i32 2, i32 2, i32 16, i32 16, [1 x i8]* @p_str, [1 x i8]* @p_str)"   --->   Operation 68 'specinterface' <Predicate = true> <Delay = 0.00>
ST_15 : Operation 69 [1/1] (0.00ns)   --->   "%empty_147 = call i32 (...)* @_ssdm_op_SpecChannel([24 x i8]* @img_in_2_OC_data_OC_s, i32 1, [1 x i8]* @p_str, [1 x i8]* @p_str, i32 1, i32 57600, i24* %img_in_2_data_V, i24* %img_in_2_data_V)"   --->   Operation 69 'specchannel' 'empty_147' <Predicate = true> <Delay = 0.00>
ST_15 : Operation 70 [1/1] (0.00ns)   --->   "call void (...)* @_ssdm_op_SpecInterface(i24* %img_in_2_data_V, [8 x i8]* @ap_fifo_str, i32 0, i32 0, [1 x i8]* @p_str, i32 0, i32 0, [1 x i8]* @p_str, [1 x i8]* @p_str, [1 x i8]* @p_str, i32 2, i32 2, i32 16, i32 16, [1 x i8]* @p_str, [1 x i8]* @p_str)"   --->   Operation 70 'specinterface' <Predicate = true> <Delay = 0.00>
ST_15 : Operation 71 [1/1] (0.00ns)   --->   "%empty_148 = call i32 (...)* @_ssdm_op_SpecChannel([24 x i8]* @img_in_3_OC_data_OC_s, i32 1, [1 x i8]* @p_str, [1 x i8]* @p_str, i32 1, i32 57600, i24* %img_in_3_data_V, i24* %img_in_3_data_V)"   --->   Operation 71 'specchannel' 'empty_148' <Predicate = true> <Delay = 0.00>
ST_15 : Operation 72 [1/1] (0.00ns)   --->   "call void (...)* @_ssdm_op_SpecInterface(i24* %img_in_3_data_V, [8 x i8]* @ap_fifo_str, i32 0, i32 0, [1 x i8]* @p_str, i32 0, i32 0, [1 x i8]* @p_str, [1 x i8]* @p_str, [1 x i8]* @p_str, i32 2, i32 2, i32 16, i32 16, [1 x i8]* @p_str, [1 x i8]* @p_str)"   --->   Operation 72 'specinterface' <Predicate = true> <Delay = 0.00>
ST_15 : Operation 73 [1/1] (0.00ns)   --->   "%empty_149 = call i32 (...)* @_ssdm_op_SpecChannel([14 x i8]* @img_in_OC_cols_c_str, i32 1, [1 x i8]* @p_str, [1 x i8]* @p_str, i32 2, i32 0, i10* %img_in_cols_c_i, i10* %img_in_cols_c_i)" [./wd_stage_1.h:65]   --->   Operation 73 'specchannel' 'empty_149' <Predicate = true> <Delay = 0.00>
ST_15 : Operation 74 [1/1] (0.00ns)   --->   "call void (...)* @_ssdm_op_SpecInterface(i10* %img_in_cols_c_i, [8 x i8]* @ap_fifo_str, i32 0, i32 0, [1 x i8]* @p_str, i32 0, i32 0, [1 x i8]* @p_str, [1 x i8]* @p_str, [1 x i8]* @p_str, i32 2, i32 2, i32 16, i32 16, [1 x i8]* @p_str, [1 x i8]* @p_str)" [./wd_stage_1.h:65]   --->   Operation 74 'specinterface' <Predicate = true> <Delay = 0.00>
ST_15 : Operation 75 [1/1] (0.00ns)   --->   "%empty_150 = call i32 (...)* @_ssdm_op_SpecChannel([8 x i8]* @max_r_c_str, i32 1, [1 x i8]* @p_str, [1 x i8]* @p_str, i32 2, i32 0, i32* %max_r_c_i, i32* %max_r_c_i)"   --->   Operation 75 'specchannel' 'empty_150' <Predicate = true> <Delay = 0.00>
ST_15 : Operation 76 [1/1] (0.00ns)   --->   "call void (...)* @_ssdm_op_SpecInterface(i32* %max_r_c_i, [8 x i8]* @ap_fifo_str, i32 0, i32 0, [1 x i8]* @p_str, i32 0, i32 0, [1 x i8]* @p_str, [1 x i8]* @p_str, [1 x i8]* @p_str, i32 2, i32 2, i32 16, i32 16, [1 x i8]* @p_str, [1 x i8]* @p_str)"   --->   Operation 76 'specinterface' <Predicate = true> <Delay = 0.00>
ST_15 : Operation 77 [1/1] (0.00ns)   --->   "%empty_151 = call i32 (...)* @_ssdm_op_SpecChannel([8 x i8]* @max_g_c_str, i32 1, [1 x i8]* @p_str, [1 x i8]* @p_str, i32 2, i32 0, i32* %max_g_c_i, i32* %max_g_c_i)"   --->   Operation 77 'specchannel' 'empty_151' <Predicate = true> <Delay = 0.00>
ST_15 : Operation 78 [1/1] (0.00ns)   --->   "call void (...)* @_ssdm_op_SpecInterface(i32* %max_g_c_i, [8 x i8]* @ap_fifo_str, i32 0, i32 0, [1 x i8]* @p_str, i32 0, i32 0, [1 x i8]* @p_str, [1 x i8]* @p_str, [1 x i8]* @p_str, i32 2, i32 2, i32 16, i32 16, [1 x i8]* @p_str, [1 x i8]* @p_str)"   --->   Operation 78 'specinterface' <Predicate = true> <Delay = 0.00>
ST_15 : Operation 79 [1/1] (0.00ns)   --->   "%empty_152 = call i32 (...)* @_ssdm_op_SpecChannel([8 x i8]* @max_b_c_str, i32 1, [1 x i8]* @p_str, [1 x i8]* @p_str, i32 2, i32 0, i32* %max_b_c_i, i32* %max_b_c_i)"   --->   Operation 79 'specchannel' 'empty_152' <Predicate = true> <Delay = 0.00>
ST_15 : Operation 80 [1/1] (0.00ns)   --->   "call void (...)* @_ssdm_op_SpecInterface(i32* %max_b_c_i, [8 x i8]* @ap_fifo_str, i32 0, i32 0, [1 x i8]* @p_str, i32 0, i32 0, [1 x i8]* @p_str, [1 x i8]* @p_str, [1 x i8]* @p_str, i32 2, i32 2, i32 16, i32 16, [1 x i8]* @p_str, [1 x i8]* @p_str)"   --->   Operation 80 'specinterface' <Predicate = true> <Delay = 0.00>
ST_15 : Operation 81 [1/1] (0.00ns)   --->   "%empty_153 = call i32 (...)* @_ssdm_op_SpecChannel([10 x i8]* @max_r_c14_str, i32 1, [1 x i8]* @p_str, [1 x i8]* @p_str, i32 2, i32 0, i32* %max_r_c14_i, i32* %max_r_c14_i)"   --->   Operation 81 'specchannel' 'empty_153' <Predicate = true> <Delay = 0.00>
ST_15 : Operation 82 [1/1] (0.00ns)   --->   "call void (...)* @_ssdm_op_SpecInterface(i32* %max_r_c14_i, [8 x i8]* @ap_fifo_str, i32 0, i32 0, [1 x i8]* @p_str, i32 0, i32 0, [1 x i8]* @p_str, [1 x i8]* @p_str, [1 x i8]* @p_str, i32 2, i32 2, i32 16, i32 16, [1 x i8]* @p_str, [1 x i8]* @p_str)"   --->   Operation 82 'specinterface' <Predicate = true> <Delay = 0.00>
ST_15 : Operation 83 [1/1] (0.00ns)   --->   "%empty_154 = call i32 (...)* @_ssdm_op_SpecChannel([10 x i8]* @max_g_c15_str, i32 1, [1 x i8]* @p_str, [1 x i8]* @p_str, i32 2, i32 0, i32* %max_g_c15_i, i32* %max_g_c15_i)"   --->   Operation 83 'specchannel' 'empty_154' <Predicate = true> <Delay = 0.00>
ST_15 : Operation 84 [1/1] (0.00ns)   --->   "call void (...)* @_ssdm_op_SpecInterface(i32* %max_g_c15_i, [8 x i8]* @ap_fifo_str, i32 0, i32 0, [1 x i8]* @p_str, i32 0, i32 0, [1 x i8]* @p_str, [1 x i8]* @p_str, [1 x i8]* @p_str, i32 2, i32 2, i32 16, i32 16, [1 x i8]* @p_str, [1 x i8]* @p_str)"   --->   Operation 84 'specinterface' <Predicate = true> <Delay = 0.00>
ST_15 : Operation 85 [1/1] (0.00ns)   --->   "%empty_155 = call i32 (...)* @_ssdm_op_SpecChannel([10 x i8]* @max_b_c16_str, i32 1, [1 x i8]* @p_str, [1 x i8]* @p_str, i32 2, i32 0, i32* %max_b_c16_i, i32* %max_b_c16_i)"   --->   Operation 85 'specchannel' 'empty_155' <Predicate = true> <Delay = 0.00>
ST_15 : Operation 86 [1/1] (0.00ns)   --->   "call void (...)* @_ssdm_op_SpecInterface(i32* %max_b_c16_i, [8 x i8]* @ap_fifo_str, i32 0, i32 0, [1 x i8]* @p_str, i32 0, i32 0, [1 x i8]* @p_str, [1 x i8]* @p_str, [1 x i8]* @p_str, i32 2, i32 2, i32 16, i32 16, [1 x i8]* @p_str, [1 x i8]* @p_str)"   --->   Operation 86 'specinterface' <Predicate = true> <Delay = 0.00>
ST_15 : Operation 87 [1/1] (0.00ns)   --->   "%empty_156 = call i32 (...)* @_ssdm_op_SpecChannel([14 x i8]* @min_value_OC_V_c_str, i32 1, [1 x i8]* @p_str, [1 x i8]* @p_str, i32 3, i32 0, i28* %min_value_V_c_i, i28* %min_value_V_c_i)"   --->   Operation 87 'specchannel' 'empty_156' <Predicate = true> <Delay = 0.00>
ST_15 : Operation 88 [1/1] (0.00ns)   --->   "call void (...)* @_ssdm_op_SpecInterface(i28* %min_value_V_c_i, [8 x i8]* @ap_fifo_str, i32 0, i32 0, [1 x i8]* @p_str, i32 0, i32 0, [1 x i8]* @p_str, [1 x i8]* @p_str, [1 x i8]* @p_str, i32 2, i32 2, i32 16, i32 16, [1 x i8]* @p_str, [1 x i8]* @p_str)"   --->   Operation 88 'specinterface' <Predicate = true> <Delay = 0.00>
ST_15 : Operation 89 [1/1] (0.00ns)   --->   "%empty_157 = call i32 (...)* @_ssdm_op_SpecChannel([14 x i8]* @max_value_OC_V_c_str, i32 1, [1 x i8]* @p_str, [1 x i8]* @p_str, i32 2, i32 0, i29* %max_value_V_c_i, i29* %max_value_V_c_i)"   --->   Operation 89 'specchannel' 'empty_157' <Predicate = true> <Delay = 0.00>
ST_15 : Operation 90 [1/1] (0.00ns)   --->   "call void (...)* @_ssdm_op_SpecInterface(i29* %max_value_V_c_i, [8 x i8]* @ap_fifo_str, i32 0, i32 0, [1 x i8]* @p_str, i32 0, i32 0, [1 x i8]* @p_str, [1 x i8]* @p_str, [1 x i8]* @p_str, i32 2, i32 2, i32 16, i32 16, [1 x i8]* @p_str, [1 x i8]* @p_str)"   --->   Operation 90 'specinterface' <Predicate = true> <Delay = 0.00>
ST_15 : Operation 91 [1/1] (0.00ns)   --->   "%empty_158 = call i32 (...)* @_ssdm_op_SpecChannel([16 x i8]* @min_value_OC_V_c17_s, i32 1, [1 x i8]* @p_str, [1 x i8]* @p_str, i32 2, i32 0, i28* %min_value_V_c17_i, i28* %min_value_V_c17_i)"   --->   Operation 91 'specchannel' 'empty_158' <Predicate = true> <Delay = 0.00>
ST_15 : Operation 92 [1/1] (0.00ns)   --->   "call void (...)* @_ssdm_op_SpecInterface(i28* %min_value_V_c17_i, [8 x i8]* @ap_fifo_str, i32 0, i32 0, [1 x i8]* @p_str, i32 0, i32 0, [1 x i8]* @p_str, [1 x i8]* @p_str, [1 x i8]* @p_str, i32 2, i32 2, i32 16, i32 16, [1 x i8]* @p_str, [1 x i8]* @p_str)"   --->   Operation 92 'specinterface' <Predicate = true> <Delay = 0.00>
ST_15 : Operation 93 [1/2] (0.00ns)   --->   "call void @convert_fp_to_8b770(i28* %min_value_V_c17_i, i24 %sub_ln703_cast_loc_c, i32* %veg_temp_data_V, i8* %img_out_data_V)" [./wd_stage_1.h:101]   --->   Operation 93 'call' <Predicate = true> <Delay = 0.00> <CoreType = "Generic">   --->   Core 0 '' <Latency = 0> <II = 1> <Delay = 1.00> <Generic> <Opcode : >
ST_15 : Operation 94 [1/1] (0.00ns)   --->   "ret void"   --->   Operation 94 'ret' <Predicate = true> <Delay = 0.00>


============================================================
+ Verbose Summary: Binding
============================================================
STG Binding: 
---------------- STG Properties BEGIN ----------------
- Is combinational: 0
- Is one-state seq: 0
- Is datapath-only: 0
- Is pipelined: 0
- Is top level: 0
Port [ Return ] is wired: 1; IO mode=ap_ctrl_hs:ce=0
Port [ img_in_cols]:  wired=1; compound=1; hidden=0; nouse=0; global=0; static=0; extern=0; dir=0; type=3; pingpong=0; private_global=0; IO mode=ap_fifo:ce=0
Port [ img_in_data_V]:  wired=1; compound=1; hidden=0; nouse=0; global=0; static=0; extern=0; dir=0; type=3; pingpong=0; private_global=0; IO mode=ap_fifo:ce=0
Port [ img_out_data_V]:  wired=1; compound=1; hidden=0; nouse=0; global=0; static=0; extern=0; dir=1; type=3; pingpong=0; private_global=0; IO mode=ap_fifo:ce=0
---------------- STG Properties END ------------------

---------------- Datapath Model BEGIN ----------------

<LifeTime>
<method=bitvector/>
img_in_cols_c_i           (alloca              ) [ 0111111111111111]
img_in_0_cols_channe      (alloca              ) [ 0111000000000000]
img_in_0_rows_channe      (alloca              ) [ 0111000000000000]
min_value_V_c17_i         (alloca              ) [ 0011111111111111]
max_value_V_c_i           (alloca              ) [ 0011111111111111]
min_value_V_c_i           (alloca              ) [ 0011111111111111]
max_b_c16_i               (alloca              ) [ 0011111111111111]
max_g_c15_i               (alloca              ) [ 0011111111111111]
max_r_c14_i               (alloca              ) [ 0011111111111111]
max_b_c_i                 (alloca              ) [ 0011111111111111]
max_g_c_i                 (alloca              ) [ 0011111111111111]
max_r_c_i                 (alloca              ) [ 0011111111111111]
r_channel_data_V          (alloca              ) [ 0011111111111111]
g_channel_data_V          (alloca              ) [ 0011111111111111]
b_channel_data_V          (alloca              ) [ 0011111111111111]
veg_temp_data_V           (alloca              ) [ 0011111111111111]
img_in_0_data_V           (alloca              ) [ 0011111111111111]
img_in_1_data_V           (alloca              ) [ 0011111111111111]
img_in_2_data_V           (alloca              ) [ 0011111111111111]
img_in_3_data_V           (alloca              ) [ 0011111111111111]
call_ln65                 (call                ) [ 0000000000000000]
call_ln87                 (call                ) [ 0000000000000000]
call_ln88                 (call                ) [ 0000000000000000]
call_ln89                 (call                ) [ 0000000000000000]
call_ln93                 (call                ) [ 0000000000000000]
call_ln0                  (call                ) [ 0000000000000000]
call_ln98                 (call                ) [ 0000000000000000]
extLd_cast_loc_chann      (call                ) [ 0000000000000000]
sub_ln703_cast_loc_c      (call                ) [ 0000000000000011]
specinterface_ln0         (specinterface       ) [ 0000000000000000]
specinterface_ln0         (specinterface       ) [ 0000000000000000]
specinterface_ln0         (specinterface       ) [ 0000000000000000]
specinterface_ln0         (specinterface       ) [ 0000000000000000]
specinterface_ln0         (specinterface       ) [ 0000000000000000]
specdataflowpipeline_ln67 (specdataflowpipeline) [ 0000000000000000]
empty                     (specchannel         ) [ 0000000000000000]
specinterface_ln0         (specinterface       ) [ 0000000000000000]
empty_142                 (specchannel         ) [ 0000000000000000]
specinterface_ln0         (specinterface       ) [ 0000000000000000]
empty_143                 (specchannel         ) [ 0000000000000000]
specinterface_ln0         (specinterface       ) [ 0000000000000000]
empty_144                 (specchannel         ) [ 0000000000000000]
specinterface_ln0         (specinterface       ) [ 0000000000000000]
empty_145                 (specchannel         ) [ 0000000000000000]
specinterface_ln0         (specinterface       ) [ 0000000000000000]
empty_146                 (specchannel         ) [ 0000000000000000]
specinterface_ln0         (specinterface       ) [ 0000000000000000]
empty_147                 (specchannel         ) [ 0000000000000000]
specinterface_ln0         (specinterface       ) [ 0000000000000000]
empty_148                 (specchannel         ) [ 0000000000000000]
specinterface_ln0         (specinterface       ) [ 0000000000000000]
empty_149                 (specchannel         ) [ 0000000000000000]
specinterface_ln65        (specinterface       ) [ 0000000000000000]
empty_150                 (specchannel         ) [ 0000000000000000]
specinterface_ln0         (specinterface       ) [ 0000000000000000]
empty_151                 (specchannel         ) [ 0000000000000000]
specinterface_ln0         (specinterface       ) [ 0000000000000000]
empty_152                 (specchannel         ) [ 0000000000000000]
specinterface_ln0         (specinterface       ) [ 0000000000000000]
empty_153                 (specchannel         ) [ 0000000000000000]
specinterface_ln0         (specinterface       ) [ 0000000000000000]
empty_154                 (specchannel         ) [ 0000000000000000]
specinterface_ln0         (specinterface       ) [ 0000000000000000]
empty_155                 (specchannel         ) [ 0000000000000000]
specinterface_ln0         (specinterface       ) [ 0000000000000000]
empty_156                 (specchannel         ) [ 0000000000000000]
specinterface_ln0         (specinterface       ) [ 0000000000000000]
empty_157                 (specchannel         ) [ 0000000000000000]
specinterface_ln0         (specinterface       ) [ 0000000000000000]
empty_158                 (specchannel         ) [ 0000000000000000]
specinterface_ln0         (specinterface       ) [ 0000000000000000]
call_ln101                (call                ) [ 0000000000000000]
ret_ln0                   (ret                 ) [ 0000000000000000]
</LifeTime>

<model>

<comp_list>
<comp id="0" class="1000" name="img_in_cols">
<pin_list>
<pin id="1" dir="1" index="0" bw="1" slack="0"/>
</pin_list>
<bind>
<StgValue><ssdm name="img_in_cols"/></StgValue>
</bind>
</comp>

<comp id="2" class="1000" name="img_in_data_V">
<pin_list>
<pin id="3" dir="1" index="0" bw="1" slack="0"/>
</pin_list>
<bind>
<StgValue><ssdm name="img_in_data_V"/></StgValue>
</bind>
</comp>

<comp id="4" class="1000" name="img_out_data_V">
<pin_list>
<pin id="5" dir="1" index="0" bw="1" slack="0"/>
</pin_list>
<bind>
<StgValue><ssdm name="img_out_data_V"/></StgValue>
</bind>
</comp>

<comp id="6" class="1001" name="const_6">
<pin_list>
<pin id="7" dir="1" index="0" bw="1" slack="0"/>
</pin_list>
<bind>
<StgValue><ssdm name=""/></StgValue>
</bind>
</comp>

<comp id="8" class="1001" name="const_8">
<pin_list>
<pin id="9" dir="1" index="0" bw="1" slack="0"/>
</pin_list>
<bind>
<StgValue><ssdm name="get_vegetation_image.113"/></StgValue>
</bind>
</comp>

<comp id="10" class="1001" name="const_10">
<pin_list>
<pin id="11" dir="1" index="0" bw="1" slack="0"/>
</pin_list>
<bind>
<StgValue><ssdm name="duplicateMat635769"/></StgValue>
</bind>
</comp>

<comp id="12" class="1001" name="const_12">
<pin_list>
<pin id="13" dir="1" index="0" bw="1" slack="0"/>
</pin_list>
<bind>
<StgValue><ssdm name="duplicateMat"/></StgValue>
</bind>
</comp>

<comp id="14" class="1001" name="const_14">
<pin_list>
<pin id="15" dir="1" index="0" bw="1" slack="0"/>
</pin_list>
<bind>
<StgValue><ssdm name="extract_channels"/></StgValue>
</bind>
</comp>

<comp id="16" class="1001" name="const_16">
<pin_list>
<pin id="17" dir="1" index="0" bw="1" slack="0"/>
</pin_list>
<bind>
<StgValue><ssdm name="get_max_from_channel"/></StgValue>
</bind>
</comp>

<comp id="18" class="1001" name="const_18">
<pin_list>
<pin id="19" dir="1" index="0" bw="1" slack="0"/>
</pin_list>
<bind>
<StgValue><ssdm name="get_vegetation_image"/></StgValue>
</bind>
</comp>

<comp id="20" class="1001" name="const_20">
<pin_list>
<pin id="21" dir="1" index="0" bw="1" slack="0"/>
</pin_list>
<bind>
<StgValue><ssdm name="get_exg_image"/></StgValue>
</bind>
</comp>

<comp id="22" class="1001" name="const_22">
<pin_list>
<pin id="23" dir="1" index="0" bw="1" slack="0"/>
</pin_list>
<bind>
<StgValue><ssdm name="get_vegetation_image.3"/></StgValue>
</bind>
</comp>

<comp id="24" class="1001" name="const_24">
<pin_list>
<pin id="25" dir="1" index="0" bw="1" slack="0"/>
</pin_list>
<bind>
<StgValue><ssdm name="get_vegetation_image.2"/></StgValue>
</bind>
</comp>

<comp id="26" class="1001" name="const_26">
<pin_list>
<pin id="27" dir="1" index="0" bw="1" slack="0"/>
</pin_list>
<bind>
<StgValue><ssdm name="convert_fp_to_8b770"/></StgValue>
</bind>
</comp>

<comp id="28" class="1001" name="const_28">
<pin_list>
<pin id="29" dir="1" index="0" bw="1" slack="2147483647"/>
</pin_list>
<bind>
<StgValue><ssdm name="_ssdm_op_SpecInterface"/></StgValue>
</bind>
</comp>

<comp id="30" class="1001" name="const_30">
<pin_list>
<pin id="31" dir="1" index="0" bw="1" slack="2147483647"/>
</pin_list>
<bind>
<StgValue><ssdm name="ap_fifo_str"/></StgValue>
</bind>
</comp>

<comp id="32" class="1001" name="const_32">
<pin_list>
<pin id="33" dir="1" index="0" bw="1" slack="2147483647"/>
</pin_list>
<bind>
<StgValue><ssdm name=""/></StgValue>
</bind>
</comp>

<comp id="34" class="1001" name="const_34">
<pin_list>
<pin id="35" dir="1" index="0" bw="1" slack="2147483647"/>
</pin_list>
<bind>
<StgValue><ssdm name="p_str"/></StgValue>
</bind>
</comp>

<comp id="36" class="1001" name="const_36">
<pin_list>
<pin id="37" dir="1" index="0" bw="1" slack="2147483647"/>
</pin_list>
<bind>
<StgValue><ssdm name=""/></StgValue>
</bind>
</comp>

<comp id="38" class="1001" name="const_38">
<pin_list>
<pin id="39" dir="1" index="0" bw="1" slack="2147483647"/>
</pin_list>
<bind>
<StgValue><ssdm name=""/></StgValue>
</bind>
</comp>

<comp id="40" class="1001" name="const_40">
<pin_list>
<pin id="41" dir="1" index="0" bw="1" slack="2147483647"/>
</pin_list>
<bind>
<StgValue><ssdm name="ScalarProp_str"/></StgValue>
</bind>
</comp>

<comp id="42" class="1001" name="const_42">
<pin_list>
<pin id="43" dir="1" index="0" bw="1" slack="2147483647"/>
</pin_list>
<bind>
<StgValue><ssdm name="_ssdm_op_SpecDataflowPipeline"/></StgValue>
</bind>
</comp>

<comp id="44" class="1001" name="const_44">
<pin_list>
<pin id="45" dir="1" index="0" bw="1" slack="2147483647"/>
</pin_list>
<bind>
<StgValue><ssdm name=""/></StgValue>
</bind>
</comp>

<comp id="46" class="1001" name="const_46">
<pin_list>
<pin id="47" dir="1" index="0" bw="1" slack="2147483647"/>
</pin_list>
<bind>
<StgValue><ssdm name="_ssdm_op_SpecChannel"/></StgValue>
</bind>
</comp>

<comp id="48" class="1001" name="const_48">
<pin_list>
<pin id="49" dir="1" index="0" bw="1" slack="2147483647"/>
</pin_list>
<bind>
<StgValue><ssdm name="r_channel_OC_data_OC"/></StgValue>
</bind>
</comp>

<comp id="50" class="1001" name="const_50">
<pin_list>
<pin id="51" dir="1" index="0" bw="1" slack="2147483647"/>
</pin_list>
<bind>
<StgValue><ssdm name=""/></StgValue>
</bind>
</comp>

<comp id="52" class="1001" name="const_52">
<pin_list>
<pin id="53" dir="1" index="0" bw="1" slack="2147483647"/>
</pin_list>
<bind>
<StgValue><ssdm name=""/></StgValue>
</bind>
</comp>

<comp id="54" class="1001" name="const_54">
<pin_list>
<pin id="55" dir="1" index="0" bw="1" slack="2147483647"/>
</pin_list>
<bind>
<StgValue><ssdm name="g_channel_OC_data_OC"/></StgValue>
</bind>
</comp>

<comp id="56" class="1001" name="const_56">
<pin_list>
<pin id="57" dir="1" index="0" bw="1" slack="2147483647"/>
</pin_list>
<bind>
<StgValue><ssdm name="b_channel_OC_data_OC"/></StgValue>
</bind>
</comp>

<comp id="58" class="1001" name="const_58">
<pin_list>
<pin id="59" dir="1" index="0" bw="1" slack="2147483647"/>
</pin_list>
<bind>
<StgValue><ssdm name="veg_temp_OC_data_OC_s"/></StgValue>
</bind>
</comp>

<comp id="60" class="1001" name="const_60">
<pin_list>
<pin id="61" dir="1" index="0" bw="1" slack="2147483647"/>
</pin_list>
<bind>
<StgValue><ssdm name="img_in_0_OC_data_OC_s"/></StgValue>
</bind>
</comp>

<comp id="62" class="1001" name="const_62">
<pin_list>
<pin id="63" dir="1" index="0" bw="1" slack="2147483647"/>
</pin_list>
<bind>
<StgValue><ssdm name="img_in_1_OC_data_OC_s"/></StgValue>
</bind>
</comp>

<comp id="64" class="1001" name="const_64">
<pin_list>
<pin id="65" dir="1" index="0" bw="1" slack="2147483647"/>
</pin_list>
<bind>
<StgValue><ssdm name="img_in_2_OC_data_OC_s"/></StgValue>
</bind>
</comp>

<comp id="66" class="1001" name="const_66">
<pin_list>
<pin id="67" dir="1" index="0" bw="1" slack="2147483647"/>
</pin_list>
<bind>
<StgValue><ssdm name="img_in_3_OC_data_OC_s"/></StgValue>
</bind>
</comp>

<comp id="68" class="1001" name="const_68">
<pin_list>
<pin id="69" dir="1" index="0" bw="1" slack="2147483647"/>
</pin_list>
<bind>
<StgValue><ssdm name="img_in_OC_cols_c_str"/></StgValue>
</bind>
</comp>

<comp id="70" class="1001" name="const_70">
<pin_list>
<pin id="71" dir="1" index="0" bw="1" slack="2147483647"/>
</pin_list>
<bind>
<StgValue><ssdm name="max_r_c_str"/></StgValue>
</bind>
</comp>

<comp id="72" class="1001" name="const_72">
<pin_list>
<pin id="73" dir="1" index="0" bw="1" slack="2147483647"/>
</pin_list>
<bind>
<StgValue><ssdm name="max_g_c_str"/></StgValue>
</bind>
</comp>

<comp id="74" class="1001" name="const_74">
<pin_list>
<pin id="75" dir="1" index="0" bw="1" slack="2147483647"/>
</pin_list>
<bind>
<StgValue><ssdm name="max_b_c_str"/></StgValue>
</bind>
</comp>

<comp id="76" class="1001" name="const_76">
<pin_list>
<pin id="77" dir="1" index="0" bw="1" slack="2147483647"/>
</pin_list>
<bind>
<StgValue><ssdm name="max_r_c14_str"/></StgValue>
</bind>
</comp>

<comp id="78" class="1001" name="const_78">
<pin_list>
<pin id="79" dir="1" index="0" bw="1" slack="2147483647"/>
</pin_list>
<bind>
<StgValue><ssdm name="max_g_c15_str"/></StgValue>
</bind>
</comp>

<comp id="80" class="1001" name="const_80">
<pin_list>
<pin id="81" dir="1" index="0" bw="1" slack="2147483647"/>
</pin_list>
<bind>
<StgValue><ssdm name="max_b_c16_str"/></StgValue>
</bind>
</comp>

<comp id="82" class="1001" name="const_82">
<pin_list>
<pin id="83" dir="1" index="0" bw="1" slack="2147483647"/>
</pin_list>
<bind>
<StgValue><ssdm name="min_value_OC_V_c_str"/></StgValue>
</bind>
</comp>

<comp id="84" class="1001" name="const_84">
<pin_list>
<pin id="85" dir="1" index="0" bw="1" slack="2147483647"/>
</pin_list>
<bind>
<StgValue><ssdm name=""/></StgValue>
</bind>
</comp>

<comp id="86" class="1001" name="const_86">
<pin_list>
<pin id="87" dir="1" index="0" bw="1" slack="2147483647"/>
</pin_list>
<bind>
<StgValue><ssdm name="max_value_OC_V_c_str"/></StgValue>
</bind>
</comp>

<comp id="88" class="1001" name="const_88">
<pin_list>
<pin id="89" dir="1" index="0" bw="1" slack="2147483647"/>
</pin_list>
<bind>
<StgValue><ssdm name="min_value_OC_V_c17_s"/></StgValue>
</bind>
</comp>

<comp id="90" class="1004" name="img_in_cols_c_i_fu_90">
<pin_list>
<pin id="91" dir="0" index="0" bw="1" slack="0"/>
<pin id="92" dir="1" index="1" bw="10" slack="0"/>
</pin_list>
<bind>
<opcode="alloca(26) " fcode="alloca"/>
<opset="img_in_cols_c_i/1 "/>
</bind>
</comp>

<comp id="94" class="1004" name="img_in_0_cols_channe_fu_94">
<pin_list>
<pin id="95" dir="0" index="0" bw="1" slack="0"/>
<pin id="96" dir="1" index="1" bw="10" slack="0"/>
</pin_list>
<bind>
<opcode="alloca(26) " fcode="alloca"/>
<opset="img_in_0_cols_channe/1 "/>
</bind>
</comp>

<comp id="98" class="1004" name="img_in_0_rows_channe_fu_98">
<pin_list>
<pin id="99" dir="0" index="0" bw="1" slack="0"/>
<pin id="100" dir="1" index="1" bw="9" slack="0"/>
</pin_list>
<bind>
<opcode="alloca(26) " fcode="alloca"/>
<opset="img_in_0_rows_channe/1 "/>
</bind>
</comp>

<comp id="102" class="1004" name="min_value_V_c17_i_fu_102">
<pin_list>
<pin id="103" dir="0" index="0" bw="1" slack="0"/>
<pin id="104" dir="1" index="1" bw="28" slack="12"/>
</pin_list>
<bind>
<opcode="alloca(26) " fcode="alloca"/>
<opset="min_value_V_c17_i/1 "/>
</bind>
</comp>

<comp id="106" class="1004" name="max_value_V_c_i_fu_106">
<pin_list>
<pin id="107" dir="0" index="0" bw="1" slack="0"/>
<pin id="108" dir="1" index="1" bw="29" slack="10"/>
</pin_list>
<bind>
<opcode="alloca(26) " fcode="alloca"/>
<opset="max_value_V_c_i/1 "/>
</bind>
</comp>

<comp id="110" class="1004" name="min_value_V_c_i_fu_110">
<pin_list>
<pin id="111" dir="0" index="0" bw="1" slack="0"/>
<pin id="112" dir="1" index="1" bw="28" slack="10"/>
</pin_list>
<bind>
<opcode="alloca(26) " fcode="alloca"/>
<opset="min_value_V_c_i/1 "/>
</bind>
</comp>

<comp id="114" class="1004" name="max_b_c16_i_fu_114">
<pin_list>
<pin id="115" dir="0" index="0" bw="1" slack="0"/>
<pin id="116" dir="1" index="1" bw="32" slack="9"/>
</pin_list>
<bind>
<opcode="alloca(26) " fcode="alloca"/>
<opset="max_b_c16_i/1 "/>
</bind>
</comp>

<comp id="118" class="1004" name="max_g_c15_i_fu_118">
<pin_list>
<pin id="119" dir="0" index="0" bw="1" slack="0"/>
<pin id="120" dir="1" index="1" bw="32" slack="9"/>
</pin_list>
<bind>
<opcode="alloca(26) " fcode="alloca"/>
<opset="max_g_c15_i/1 "/>
</bind>
</comp>

<comp id="122" class="1004" name="max_r_c14_i_fu_122">
<pin_list>
<pin id="123" dir="0" index="0" bw="1" slack="0"/>
<pin id="124" dir="1" index="1" bw="32" slack="9"/>
</pin_list>
<bind>
<opcode="alloca(26) " fcode="alloca"/>
<opset="max_r_c14_i/1 "/>
</bind>
</comp>

<comp id="126" class="1004" name="max_b_c_i_fu_126">
<pin_list>
<pin id="127" dir="0" index="0" bw="1" slack="0"/>
<pin id="128" dir="1" index="1" bw="32" slack="7"/>
</pin_list>
<bind>
<opcode="alloca(26) " fcode="alloca"/>
<opset="max_b_c_i/1 "/>
</bind>
</comp>

<comp id="130" class="1004" name="max_g_c_i_fu_130">
<pin_list>
<pin id="131" dir="0" index="0" bw="1" slack="0"/>
<pin id="132" dir="1" index="1" bw="32" slack="7"/>
</pin_list>
<bind>
<opcode="alloca(26) " fcode="alloca"/>
<opset="max_g_c_i/1 "/>
</bind>
</comp>

<comp id="134" class="1004" name="max_r_c_i_fu_134">
<pin_list>
<pin id="135" dir="0" index="0" bw="1" slack="0"/>
<pin id="136" dir="1" index="1" bw="32" slack="7"/>
</pin_list>
<bind>
<opcode="alloca(26) " fcode="alloca"/>
<opset="max_r_c_i/1 "/>
</bind>
</comp>

<comp id="138" class="1004" name="r_channel_data_V_fu_138">
<pin_list>
<pin id="139" dir="0" index="0" bw="1" slack="0"/>
<pin id="140" dir="1" index="1" bw="8" slack="5"/>
</pin_list>
<bind>
<opcode="alloca(26) " fcode="alloca"/>
<opset="r_channel_data_V/1 "/>
</bind>
</comp>

<comp id="142" class="1004" name="g_channel_data_V_fu_142">
<pin_list>
<pin id="143" dir="0" index="0" bw="1" slack="0"/>
<pin id="144" dir="1" index="1" bw="8" slack="5"/>
</pin_list>
<bind>
<opcode="alloca(26) " fcode="alloca"/>
<opset="g_channel_data_V/1 "/>
</bind>
</comp>

<comp id="146" class="1004" name="b_channel_data_V_fu_146">
<pin_list>
<pin id="147" dir="0" index="0" bw="1" slack="0"/>
<pin id="148" dir="1" index="1" bw="8" slack="5"/>
</pin_list>
<bind>
<opcode="alloca(26) " fcode="alloca"/>
<opset="b_channel_data_V/1 "/>
</bind>
</comp>

<comp id="150" class="1004" name="veg_temp_data_V_fu_150">
<pin_list>
<pin id="151" dir="0" index="0" bw="1" slack="0"/>
<pin id="152" dir="1" index="1" bw="32" slack="10"/>
</pin_list>
<bind>
<opcode="alloca(26) " fcode="alloca"/>
<opset="veg_temp_data_V/1 "/>
</bind>
</comp>

<comp id="154" class="1004" name="img_in_0_data_V_fu_154">
<pin_list>
<pin id="155" dir="0" index="0" bw="1" slack="0"/>
<pin id="156" dir="1" index="1" bw="24" slack="1"/>
</pin_list>
<bind>
<opcode="alloca(26) " fcode="alloca"/>
<opset="img_in_0_data_V/1 "/>
</bind>
</comp>

<comp id="158" class="1004" name="img_in_1_data_V_fu_158">
<pin_list>
<pin id="159" dir="0" index="0" bw="1" slack="0"/>
<pin id="160" dir="1" index="1" bw="24" slack="1"/>
</pin_list>
<bind>
<opcode="alloca(26) " fcode="alloca"/>
<opset="img_in_1_data_V/1 "/>
</bind>
</comp>

<comp id="162" class="1004" name="img_in_2_data_V_fu_162">
<pin_list>
<pin id="163" dir="0" index="0" bw="1" slack="0"/>
<pin id="164" dir="1" index="1" bw="24" slack="3"/>
</pin_list>
<bind>
<opcode="alloca(26) " fcode="alloca"/>
<opset="img_in_2_data_V/1 "/>
</bind>
</comp>

<comp id="166" class="1004" name="img_in_3_data_V_fu_166">
<pin_list>
<pin id="167" dir="0" index="0" bw="1" slack="0"/>
<pin id="168" dir="1" index="1" bw="24" slack="3"/>
</pin_list>
<bind>
<opcode="alloca(26) " fcode="alloca"/>
<opset="img_in_3_data_V/1 "/>
</bind>
</comp>

<comp id="170" class="1004" name="grp_get_exg_image_fu_170">
<pin_list>
<pin id="171" dir="0" index="0" bw="0" slack="0"/>
<pin id="172" dir="0" index="1" bw="8" slack="10"/>
<pin id="173" dir="0" index="2" bw="8" slack="10"/>
<pin id="174" dir="0" index="3" bw="8" slack="10"/>
<pin id="175" dir="0" index="4" bw="32" slack="10"/>
<pin id="176" dir="0" index="5" bw="32" slack="10"/>
<pin id="177" dir="0" index="6" bw="32" slack="10"/>
<pin id="178" dir="0" index="7" bw="32" slack="10"/>
<pin id="179" dir="0" index="8" bw="28" slack="10"/>
<pin id="180" dir="0" index="9" bw="29" slack="10"/>
<pin id="181" dir="1" index="10" bw="0" slack="2147483647"/>
</pin_list>
<bind>
<opcode="call(48) " fcode="call"/>
<opset="call_ln98/11 "/>
</bind>
</comp>

<comp id="183" class="1004" name="grp_extract_channels_fu_183">
<pin_list>
<pin id="184" dir="0" index="0" bw="0" slack="0"/>
<pin id="185" dir="0" index="1" bw="24" slack="5"/>
<pin id="186" dir="0" index="2" bw="24" slack="5"/>
<pin id="187" dir="0" index="3" bw="24" slack="5"/>
<pin id="188" dir="0" index="4" bw="8" slack="5"/>
<pin id="189" dir="0" index="5" bw="8" slack="5"/>
<pin id="190" dir="0" index="6" bw="8" slack="5"/>
<pin id="191" dir="1" index="7" bw="0" slack="2147483647"/>
</pin_list>
<bind>
<opcode="call(48) " fcode="call"/>
<opset="call_ln89/6 "/>
</bind>
</comp>

<comp id="193" class="1004" name="grp_convert_fp_to_8b770_fu_193">
<pin_list>
<pin id="194" dir="0" index="0" bw="0" slack="0"/>
<pin id="195" dir="0" index="1" bw="28" slack="13"/>
<pin id="196" dir="0" index="2" bw="24" slack="1"/>
<pin id="197" dir="0" index="3" bw="32" slack="13"/>
<pin id="198" dir="0" index="4" bw="8" slack="0"/>
<pin id="199" dir="1" index="5" bw="0" slack="2147483647"/>
</pin_list>
<bind>
<opcode="call(48) " fcode="call"/>
<opset="call_ln101/14 "/>
</bind>
</comp>

<comp id="202" class="1004" name="grp_get_max_from_channel_fu_202">
<pin_list>
<pin id="203" dir="0" index="0" bw="0" slack="0"/>
<pin id="204" dir="0" index="1" bw="8" slack="7"/>
<pin id="205" dir="0" index="2" bw="8" slack="7"/>
<pin id="206" dir="0" index="3" bw="8" slack="7"/>
<pin id="207" dir="0" index="4" bw="32" slack="7"/>
<pin id="208" dir="0" index="5" bw="32" slack="7"/>
<pin id="209" dir="0" index="6" bw="32" slack="7"/>
<pin id="210" dir="1" index="7" bw="0" slack="2147483647"/>
</pin_list>
<bind>
<opcode="call(48) " fcode="call"/>
<opset="call_ln93/8 "/>
</bind>
</comp>

<comp id="212" class="1004" name="grp_duplicateMat635769_fu_212">
<pin_list>
<pin id="213" dir="0" index="0" bw="0" slack="0"/>
<pin id="214" dir="0" index="1" bw="10" slack="1"/>
<pin id="215" dir="0" index="2" bw="24" slack="0"/>
<pin id="216" dir="0" index="3" bw="9" slack="1"/>
<pin id="217" dir="0" index="4" bw="10" slack="1"/>
<pin id="218" dir="0" index="5" bw="24" slack="1"/>
<pin id="219" dir="0" index="6" bw="24" slack="1"/>
<pin id="220" dir="1" index="7" bw="0" slack="2147483647"/>
</pin_list>
<bind>
<opcode="call(48) " fcode="call"/>
<opset="call_ln87/2 "/>
</bind>
</comp>

<comp id="223" class="1004" name="grp_duplicateMat_fu_223">
<pin_list>
<pin id="224" dir="0" index="0" bw="0" slack="0"/>
<pin id="225" dir="0" index="1" bw="24" slack="3"/>
<pin id="226" dir="0" index="2" bw="24" slack="3"/>
<pin id="227" dir="0" index="3" bw="24" slack="3"/>
<pin id="228" dir="1" index="4" bw="0" slack="2147483647"/>
</pin_list>
<bind>
<opcode="call(48) " fcode="call"/>
<opset="call_ln88/4 "/>
</bind>
</comp>

<comp id="230" class="1004" name="call_ln0_get_vegetation_image_fu_230">
<pin_list>
<pin id="231" dir="0" index="0" bw="0" slack="0"/>
<pin id="232" dir="0" index="1" bw="32" slack="9"/>
<pin id="233" dir="0" index="2" bw="32" slack="9"/>
<pin id="234" dir="0" index="3" bw="32" slack="9"/>
<pin id="235" dir="0" index="4" bw="32" slack="9"/>
<pin id="236" dir="0" index="5" bw="32" slack="9"/>
<pin id="237" dir="0" index="6" bw="32" slack="9"/>
<pin id="238" dir="1" index="7" bw="0" slack="2147483647"/>
</pin_list>
<bind>
<opcode="call(48) " fcode="call"/>
<opset="call_ln0/10 "/>
</bind>
</comp>

<comp id="240" class="1004" name="sub_ln703_cast_loc_c_get_vegetation_image_2_fu_240">
<pin_list>
<pin id="241" dir="0" index="0" bw="24" slack="0"/>
<pin id="242" dir="0" index="1" bw="28" slack="12"/>
<pin id="243" dir="0" index="2" bw="24" slack="0"/>
<pin id="244" dir="0" index="3" bw="28" slack="12"/>
<pin id="245" dir="1" index="4" bw="24" slack="1"/>
</pin_list>
<bind>
<opcode="call(48) " fcode="call"/>
<opset="sub_ln703_cast_loc_c/13 "/>
</bind>
</comp>

<comp id="247" class="1004" name="call_ln65_get_vegetation_image_113_fu_247">
<pin_list>
<pin id="248" dir="0" index="0" bw="0" slack="0"/>
<pin id="249" dir="0" index="1" bw="9" slack="0"/>
<pin id="250" dir="0" index="2" bw="10" slack="0"/>
<pin id="251" dir="0" index="3" bw="10" slack="0"/>
<pin id="252" dir="0" index="4" bw="10" slack="0"/>
<pin id="253" dir="1" index="5" bw="0" slack="2147483647"/>
</pin_list>
<bind>
<opcode="call(48) " fcode="call"/>
<opset="call_ln65/1 "/>
</bind>
</comp>

<comp id="256" class="1004" name="extLd_cast_loc_chann_get_vegetation_image_3_fu_256">
<pin_list>
<pin id="257" dir="0" index="0" bw="24" slack="0"/>
<pin id="258" dir="0" index="1" bw="29" slack="12"/>
<pin id="259" dir="1" index="2" bw="24" slack="0"/>
</pin_list>
<bind>
<opcode="call(48) " fcode="call"/>
<opset="extLd_cast_loc_chann/13 "/>
</bind>
</comp>

<comp id="262" class="1005" name="img_in_cols_c_i_reg_262">
<pin_list>
<pin id="263" dir="0" index="0" bw="10" slack="0"/>
<pin id="264" dir="1" index="1" bw="10" slack="0"/>
</pin_list>
<bind>
<opset="img_in_cols_c_i "/>
</bind>
</comp>

<comp id="268" class="1005" name="img_in_0_cols_channe_reg_268">
<pin_list>
<pin id="269" dir="0" index="0" bw="10" slack="0"/>
<pin id="270" dir="1" index="1" bw="10" slack="0"/>
</pin_list>
<bind>
<opset="img_in_0_cols_channe "/>
</bind>
</comp>

<comp id="274" class="1005" name="img_in_0_rows_channe_reg_274">
<pin_list>
<pin id="275" dir="0" index="0" bw="9" slack="0"/>
<pin id="276" dir="1" index="1" bw="9" slack="0"/>
</pin_list>
<bind>
<opset="img_in_0_rows_channe "/>
</bind>
</comp>

<comp id="280" class="1005" name="min_value_V_c17_i_reg_280">
<pin_list>
<pin id="281" dir="0" index="0" bw="28" slack="12"/>
<pin id="282" dir="1" index="1" bw="28" slack="12"/>
</pin_list>
<bind>
<opset="min_value_V_c17_i "/>
</bind>
</comp>

<comp id="286" class="1005" name="max_value_V_c_i_reg_286">
<pin_list>
<pin id="287" dir="0" index="0" bw="29" slack="10"/>
<pin id="288" dir="1" index="1" bw="29" slack="10"/>
</pin_list>
<bind>
<opset="max_value_V_c_i "/>
</bind>
</comp>

<comp id="292" class="1005" name="min_value_V_c_i_reg_292">
<pin_list>
<pin id="293" dir="0" index="0" bw="28" slack="10"/>
<pin id="294" dir="1" index="1" bw="28" slack="10"/>
</pin_list>
<bind>
<opset="min_value_V_c_i "/>
</bind>
</comp>

<comp id="298" class="1005" name="max_b_c16_i_reg_298">
<pin_list>
<pin id="299" dir="0" index="0" bw="32" slack="9"/>
<pin id="300" dir="1" index="1" bw="32" slack="9"/>
</pin_list>
<bind>
<opset="max_b_c16_i "/>
</bind>
</comp>

<comp id="304" class="1005" name="max_g_c15_i_reg_304">
<pin_list>
<pin id="305" dir="0" index="0" bw="32" slack="9"/>
<pin id="306" dir="1" index="1" bw="32" slack="9"/>
</pin_list>
<bind>
<opset="max_g_c15_i "/>
</bind>
</comp>

<comp id="310" class="1005" name="max_r_c14_i_reg_310">
<pin_list>
<pin id="311" dir="0" index="0" bw="32" slack="9"/>
<pin id="312" dir="1" index="1" bw="32" slack="9"/>
</pin_list>
<bind>
<opset="max_r_c14_i "/>
</bind>
</comp>

<comp id="316" class="1005" name="max_b_c_i_reg_316">
<pin_list>
<pin id="317" dir="0" index="0" bw="32" slack="7"/>
<pin id="318" dir="1" index="1" bw="32" slack="7"/>
</pin_list>
<bind>
<opset="max_b_c_i "/>
</bind>
</comp>

<comp id="322" class="1005" name="max_g_c_i_reg_322">
<pin_list>
<pin id="323" dir="0" index="0" bw="32" slack="7"/>
<pin id="324" dir="1" index="1" bw="32" slack="7"/>
</pin_list>
<bind>
<opset="max_g_c_i "/>
</bind>
</comp>

<comp id="328" class="1005" name="max_r_c_i_reg_328">
<pin_list>
<pin id="329" dir="0" index="0" bw="32" slack="7"/>
<pin id="330" dir="1" index="1" bw="32" slack="7"/>
</pin_list>
<bind>
<opset="max_r_c_i "/>
</bind>
</comp>

<comp id="334" class="1005" name="r_channel_data_V_reg_334">
<pin_list>
<pin id="335" dir="0" index="0" bw="8" slack="5"/>
<pin id="336" dir="1" index="1" bw="8" slack="5"/>
</pin_list>
<bind>
<opset="r_channel_data_V "/>
</bind>
</comp>

<comp id="341" class="1005" name="g_channel_data_V_reg_341">
<pin_list>
<pin id="342" dir="0" index="0" bw="8" slack="5"/>
<pin id="343" dir="1" index="1" bw="8" slack="5"/>
</pin_list>
<bind>
<opset="g_channel_data_V "/>
</bind>
</comp>

<comp id="348" class="1005" name="b_channel_data_V_reg_348">
<pin_list>
<pin id="349" dir="0" index="0" bw="8" slack="5"/>
<pin id="350" dir="1" index="1" bw="8" slack="5"/>
</pin_list>
<bind>
<opset="b_channel_data_V "/>
</bind>
</comp>

<comp id="355" class="1005" name="veg_temp_data_V_reg_355">
<pin_list>
<pin id="356" dir="0" index="0" bw="32" slack="10"/>
<pin id="357" dir="1" index="1" bw="32" slack="10"/>
</pin_list>
<bind>
<opset="veg_temp_data_V "/>
</bind>
</comp>

<comp id="361" class="1005" name="img_in_0_data_V_reg_361">
<pin_list>
<pin id="362" dir="0" index="0" bw="24" slack="1"/>
<pin id="363" dir="1" index="1" bw="24" slack="1"/>
</pin_list>
<bind>
<opset="img_in_0_data_V "/>
</bind>
</comp>

<comp id="367" class="1005" name="img_in_1_data_V_reg_367">
<pin_list>
<pin id="368" dir="0" index="0" bw="24" slack="1"/>
<pin id="369" dir="1" index="1" bw="24" slack="1"/>
</pin_list>
<bind>
<opset="img_in_1_data_V "/>
</bind>
</comp>

<comp id="373" class="1005" name="img_in_2_data_V_reg_373">
<pin_list>
<pin id="374" dir="0" index="0" bw="24" slack="3"/>
<pin id="375" dir="1" index="1" bw="24" slack="3"/>
</pin_list>
<bind>
<opset="img_in_2_data_V "/>
</bind>
</comp>

<comp id="379" class="1005" name="img_in_3_data_V_reg_379">
<pin_list>
<pin id="380" dir="0" index="0" bw="24" slack="3"/>
<pin id="381" dir="1" index="1" bw="24" slack="3"/>
</pin_list>
<bind>
<opset="img_in_3_data_V "/>
</bind>
</comp>

<comp id="385" class="1005" name="sub_ln703_cast_loc_c_reg_385">
<pin_list>
<pin id="386" dir="0" index="0" bw="24" slack="1"/>
<pin id="387" dir="1" index="1" bw="24" slack="1"/>
</pin_list>
<bind>
<opset="sub_ln703_cast_loc_c "/>
</bind>
</comp>

</comp_list>

<net_list>
<net id="93"><net_src comp="6" pin="0"/><net_sink comp="90" pin=0"/></net>

<net id="97"><net_src comp="6" pin="0"/><net_sink comp="94" pin=0"/></net>

<net id="101"><net_src comp="6" pin="0"/><net_sink comp="98" pin=0"/></net>

<net id="105"><net_src comp="6" pin="0"/><net_sink comp="102" pin=0"/></net>

<net id="109"><net_src comp="6" pin="0"/><net_sink comp="106" pin=0"/></net>

<net id="113"><net_src comp="6" pin="0"/><net_sink comp="110" pin=0"/></net>

<net id="117"><net_src comp="6" pin="0"/><net_sink comp="114" pin=0"/></net>

<net id="121"><net_src comp="6" pin="0"/><net_sink comp="118" pin=0"/></net>

<net id="125"><net_src comp="6" pin="0"/><net_sink comp="122" pin=0"/></net>

<net id="129"><net_src comp="6" pin="0"/><net_sink comp="126" pin=0"/></net>

<net id="133"><net_src comp="6" pin="0"/><net_sink comp="130" pin=0"/></net>

<net id="137"><net_src comp="6" pin="0"/><net_sink comp="134" pin=0"/></net>

<net id="141"><net_src comp="6" pin="0"/><net_sink comp="138" pin=0"/></net>

<net id="145"><net_src comp="6" pin="0"/><net_sink comp="142" pin=0"/></net>

<net id="149"><net_src comp="6" pin="0"/><net_sink comp="146" pin=0"/></net>

<net id="153"><net_src comp="6" pin="0"/><net_sink comp="150" pin=0"/></net>

<net id="157"><net_src comp="6" pin="0"/><net_sink comp="154" pin=0"/></net>

<net id="161"><net_src comp="6" pin="0"/><net_sink comp="158" pin=0"/></net>

<net id="165"><net_src comp="6" pin="0"/><net_sink comp="162" pin=0"/></net>

<net id="169"><net_src comp="6" pin="0"/><net_sink comp="166" pin=0"/></net>

<net id="182"><net_src comp="20" pin="0"/><net_sink comp="170" pin=0"/></net>

<net id="192"><net_src comp="14" pin="0"/><net_sink comp="183" pin=0"/></net>

<net id="200"><net_src comp="26" pin="0"/><net_sink comp="193" pin=0"/></net>

<net id="201"><net_src comp="4" pin="0"/><net_sink comp="193" pin=4"/></net>

<net id="211"><net_src comp="16" pin="0"/><net_sink comp="202" pin=0"/></net>

<net id="221"><net_src comp="10" pin="0"/><net_sink comp="212" pin=0"/></net>

<net id="222"><net_src comp="2" pin="0"/><net_sink comp="212" pin=2"/></net>

<net id="229"><net_src comp="12" pin="0"/><net_sink comp="223" pin=0"/></net>

<net id="239"><net_src comp="18" pin="0"/><net_sink comp="230" pin=0"/></net>

<net id="246"><net_src comp="24" pin="0"/><net_sink comp="240" pin=0"/></net>

<net id="254"><net_src comp="8" pin="0"/><net_sink comp="247" pin=0"/></net>

<net id="255"><net_src comp="0" pin="0"/><net_sink comp="247" pin=3"/></net>

<net id="260"><net_src comp="22" pin="0"/><net_sink comp="256" pin=0"/></net>

<net id="261"><net_src comp="256" pin="2"/><net_sink comp="240" pin=2"/></net>

<net id="265"><net_src comp="90" pin="1"/><net_sink comp="262" pin=0"/></net>

<net id="266"><net_src comp="262" pin="1"/><net_sink comp="247" pin=4"/></net>

<net id="267"><net_src comp="262" pin="1"/><net_sink comp="212" pin=1"/></net>

<net id="271"><net_src comp="94" pin="1"/><net_sink comp="268" pin=0"/></net>

<net id="272"><net_src comp="268" pin="1"/><net_sink comp="247" pin=2"/></net>

<net id="273"><net_src comp="268" pin="1"/><net_sink comp="212" pin=4"/></net>

<net id="277"><net_src comp="98" pin="1"/><net_sink comp="274" pin=0"/></net>

<net id="278"><net_src comp="274" pin="1"/><net_sink comp="247" pin=1"/></net>

<net id="279"><net_src comp="274" pin="1"/><net_sink comp="212" pin=3"/></net>

<net id="283"><net_src comp="102" pin="1"/><net_sink comp="280" pin=0"/></net>

<net id="284"><net_src comp="280" pin="1"/><net_sink comp="240" pin=3"/></net>

<net id="285"><net_src comp="280" pin="1"/><net_sink comp="193" pin=1"/></net>

<net id="289"><net_src comp="106" pin="1"/><net_sink comp="286" pin=0"/></net>

<net id="290"><net_src comp="286" pin="1"/><net_sink comp="170" pin=9"/></net>

<net id="291"><net_src comp="286" pin="1"/><net_sink comp="256" pin=1"/></net>

<net id="295"><net_src comp="110" pin="1"/><net_sink comp="292" pin=0"/></net>

<net id="296"><net_src comp="292" pin="1"/><net_sink comp="170" pin=8"/></net>

<net id="297"><net_src comp="292" pin="1"/><net_sink comp="240" pin=1"/></net>

<net id="301"><net_src comp="114" pin="1"/><net_sink comp="298" pin=0"/></net>

<net id="302"><net_src comp="298" pin="1"/><net_sink comp="230" pin=6"/></net>

<net id="303"><net_src comp="298" pin="1"/><net_sink comp="170" pin=6"/></net>

<net id="307"><net_src comp="118" pin="1"/><net_sink comp="304" pin=0"/></net>

<net id="308"><net_src comp="304" pin="1"/><net_sink comp="230" pin=5"/></net>

<net id="309"><net_src comp="304" pin="1"/><net_sink comp="170" pin=5"/></net>

<net id="313"><net_src comp="122" pin="1"/><net_sink comp="310" pin=0"/></net>

<net id="314"><net_src comp="310" pin="1"/><net_sink comp="230" pin=4"/></net>

<net id="315"><net_src comp="310" pin="1"/><net_sink comp="170" pin=4"/></net>

<net id="319"><net_src comp="126" pin="1"/><net_sink comp="316" pin=0"/></net>

<net id="320"><net_src comp="316" pin="1"/><net_sink comp="202" pin=6"/></net>

<net id="321"><net_src comp="316" pin="1"/><net_sink comp="230" pin=3"/></net>

<net id="325"><net_src comp="130" pin="1"/><net_sink comp="322" pin=0"/></net>

<net id="326"><net_src comp="322" pin="1"/><net_sink comp="202" pin=5"/></net>

<net id="327"><net_src comp="322" pin="1"/><net_sink comp="230" pin=2"/></net>

<net id="331"><net_src comp="134" pin="1"/><net_sink comp="328" pin=0"/></net>

<net id="332"><net_src comp="328" pin="1"/><net_sink comp="202" pin=4"/></net>

<net id="333"><net_src comp="328" pin="1"/><net_sink comp="230" pin=1"/></net>

<net id="337"><net_src comp="138" pin="1"/><net_sink comp="334" pin=0"/></net>

<net id="338"><net_src comp="334" pin="1"/><net_sink comp="183" pin=4"/></net>

<net id="339"><net_src comp="334" pin="1"/><net_sink comp="202" pin=1"/></net>

<net id="340"><net_src comp="334" pin="1"/><net_sink comp="170" pin=1"/></net>

<net id="344"><net_src comp="142" pin="1"/><net_sink comp="341" pin=0"/></net>

<net id="345"><net_src comp="341" pin="1"/><net_sink comp="183" pin=5"/></net>

<net id="346"><net_src comp="341" pin="1"/><net_sink comp="202" pin=2"/></net>

<net id="347"><net_src comp="341" pin="1"/><net_sink comp="170" pin=2"/></net>

<net id="351"><net_src comp="146" pin="1"/><net_sink comp="348" pin=0"/></net>

<net id="352"><net_src comp="348" pin="1"/><net_sink comp="183" pin=6"/></net>

<net id="353"><net_src comp="348" pin="1"/><net_sink comp="202" pin=3"/></net>

<net id="354"><net_src comp="348" pin="1"/><net_sink comp="170" pin=3"/></net>

<net id="358"><net_src comp="150" pin="1"/><net_sink comp="355" pin=0"/></net>

<net id="359"><net_src comp="355" pin="1"/><net_sink comp="170" pin=7"/></net>

<net id="360"><net_src comp="355" pin="1"/><net_sink comp="193" pin=3"/></net>

<net id="364"><net_src comp="154" pin="1"/><net_sink comp="361" pin=0"/></net>

<net id="365"><net_src comp="361" pin="1"/><net_sink comp="212" pin=5"/></net>

<net id="366"><net_src comp="361" pin="1"/><net_sink comp="223" pin=1"/></net>

<net id="370"><net_src comp="158" pin="1"/><net_sink comp="367" pin=0"/></net>

<net id="371"><net_src comp="367" pin="1"/><net_sink comp="212" pin=6"/></net>

<net id="372"><net_src comp="367" pin="1"/><net_sink comp="183" pin=1"/></net>

<net id="376"><net_src comp="162" pin="1"/><net_sink comp="373" pin=0"/></net>

<net id="377"><net_src comp="373" pin="1"/><net_sink comp="223" pin=2"/></net>

<net id="378"><net_src comp="373" pin="1"/><net_sink comp="183" pin=2"/></net>

<net id="382"><net_src comp="166" pin="1"/><net_sink comp="379" pin=0"/></net>

<net id="383"><net_src comp="379" pin="1"/><net_sink comp="223" pin=3"/></net>

<net id="384"><net_src comp="379" pin="1"/><net_sink comp="183" pin=3"/></net>

<net id="388"><net_src comp="240" pin="4"/><net_sink comp="385" pin=0"/></net>

<net id="389"><net_src comp="385" pin="1"/><net_sink comp="193" pin=2"/></net>

</net_list>

</model> 
---------------- Datapath Model END ------------------

* FSMD analyzer results:
  - Output states:
	Port: img_out_data_V | {14 15 }
 - Input state : 
	Port: get_vegetation_image.4 : img_in_cols | {1 }
	Port: get_vegetation_image.4 : img_in_data_V | {2 3 }
  - Chain level:
	State 1
		call_ln65 : 1
	State 2
	State 3
	State 4
	State 5
	State 6
	State 7
	State 8
	State 9
	State 10
	State 11
	State 12
	State 13
		sub_ln703_cast_loc_c : 1
	State 14
	State 15


============================================================
+ Verbose Summary: Datapath Resource usage 
============================================================

* Functional unit list:
|----------|----------------------------------------------------|---------|---------|---------|---------|
| Operation|                   Functional Unit                  |  DSP48E |  Delay  |    FF   |   LUT   |
|----------|----------------------------------------------------|---------|---------|---------|---------|
|          |              grp_get_exg_image_fu_170              |    0    |  22.997 |   2902  |   3036  |
|          |             grp_extract_channels_fu_183            |    0    |    0    |   138   |   1278  |
|          |           grp_convert_fp_to_8b770_fu_193           |    3    |  1.769  |   463   |   343   |
|          |           grp_get_max_from_channel_fu_202          |    0    |    0    |   300   |   459   |
|   call   |            grp_duplicateMat635769_fu_212           |    0    |    0    |   366   |   226   |
|          |               grp_duplicateMat_fu_223              |    0    |    0    |   234   |   166   |
|          |        call_ln0_get_vegetation_image_fu_230        |    0    |    0    |    0    |   150   |
|          | sub_ln703_cast_loc_c_get_vegetation_image_2_fu_240 |    0    |    0    |    0    |    31   |
|          |      call_ln65_get_vegetation_image_113_fu_247     |    0    |    0    |    0    |    0    |
|          | extLd_cast_loc_chann_get_vegetation_image_3_fu_256 |    0    |    0    |    0    |    0    |
|----------|----------------------------------------------------|---------|---------|---------|---------|
|   Total  |                                                    |    3    |  24.766 |   4403  |   5689  |
|----------|----------------------------------------------------|---------|---------|---------|---------|

Memories:
N/A

* Register list:
+----------------------------+--------+
|                            |   FF   |
+----------------------------+--------+
|  b_channel_data_V_reg_348  |    8   |
|  g_channel_data_V_reg_341  |    8   |
|img_in_0_cols_channe_reg_268|   10   |
|   img_in_0_data_V_reg_361  |   24   |
|img_in_0_rows_channe_reg_274|    9   |
|   img_in_1_data_V_reg_367  |   24   |
|   img_in_2_data_V_reg_373  |   24   |
|   img_in_3_data_V_reg_379  |   24   |
|   img_in_cols_c_i_reg_262  |   10   |
|     max_b_c16_i_reg_298    |   32   |
|      max_b_c_i_reg_316     |   32   |
|     max_g_c15_i_reg_304    |   32   |
|      max_g_c_i_reg_322     |   32   |
|     max_r_c14_i_reg_310    |   32   |
|      max_r_c_i_reg_328     |   32   |
|   max_value_V_c_i_reg_286  |   29   |
|  min_value_V_c17_i_reg_280 |   28   |
|   min_value_V_c_i_reg_292  |   28   |
|  r_channel_data_V_reg_334  |    8   |
|sub_ln703_cast_loc_c_reg_385|   24   |
|   veg_temp_data_V_reg_355  |   32   |
+----------------------------+--------+
|            Total           |   482  |
+----------------------------+--------+

* Multiplexer (MUX) list: 
|--------|------|------|------|--------|
|  Comp  |  Pin | Size |  BW  | S x BW |
|--------|------|------|------|--------|
|  Total |      |      |      |    0   |
|--------|------|------|------|--------|



* Summary:
+-----------+--------+--------+--------+--------+
|           | DSP48E |  Delay |   FF   |   LUT  |
+-----------+--------+--------+--------+--------+
|  Function |    3   |   24   |  4403  |  5689  |
|   Memory  |    -   |    -   |    -   |    -   |
|Multiplexer|    -   |    -   |    -   |    -   |
|  Register |    -   |    -   |   482  |    -   |
+-----------+--------+--------+--------+--------+
|   Total   |    3   |   24   |  4885  |  5689  |
+-----------+--------+--------+--------+--------+
