

================================================================
== Vivado HLS Report for 'get_centroid_fh_Bloc'
================================================================
* Date:           Wed Mar 18 11:34:27 2020

* Version:        2019.2.1 (Build 2724168 on Thu Dec 05 05:19:09 MST 2019)
* Project:        WeedD
* Solution:       solution1
* Product family: zynq
* Target device:  xc7z020-clg400-1


================================================================
== Performance Estimates
================================================================
+ Timing: 
    * Summary: 
    +--------+----------+----------+------------+
    |  Clock |  Target  | Estimated| Uncertainty|
    +--------+----------+----------+------------+
    |ap_clk  | 50.00 ns | 8.456 ns |   6.25 ns  |
    +--------+----------+----------+------------+

+ Latency: 
    * Summary: 
    +---------+---------+-----------+----------+-----+-----+---------+
    |  Latency (cycles) |  Latency (absolute)  |  Interval | Pipeline|
    |   min   |   max   |    min    |    max   | min | max |   Type  |
    +---------+---------+-----------+----------+-----+-----+---------+
    |        1|       35| 50.000 ns | 1.750 us |    1|   35|   none  |
    +---------+---------+-----------+----------+-----+-----+---------+

    + Detail: 
        * Instance: 
        N/A

        * Loop: 
        N/A

============================================================
+ Verbose Summary: Synthesis Manager
============================================================
InlineROM: 1
ExposeGlobal: 0
============================================================
+ Verbose Summary: CDFG Model
============================================================
IsTopModel: 0
ResetActiveHigh: 1
IsCombinational: 2
IsDatapathOnly: 0
HasWiredReturn: 1
HasMFsm: 0
HasVarLatency: 1
IsPipeline: 0
IsRtlPipelined: 0
IsInstanceOverlapped: 0
IsDontTouch: 0
HasImplIP: 0
IsGatedGlobalClock: 0


============================================================
+ Verbose Summary: Schedule
============================================================
* Number of FSM states : 36
* Pipeline : 0
* Dataflow Pipeline: 0

* FSM state transitions: 
1 --> 2 36 
2 --> 3 
3 --> 4 
4 --> 5 
5 --> 6 
6 --> 7 
7 --> 8 
8 --> 9 
9 --> 10 
10 --> 11 
11 --> 12 
12 --> 13 
13 --> 14 
14 --> 15 
15 --> 16 
16 --> 17 
17 --> 18 
18 --> 19 
19 --> 20 
20 --> 21 
21 --> 22 
22 --> 23 
23 --> 24 
24 --> 25 
25 --> 26 
26 --> 27 
27 --> 28 
28 --> 29 
29 --> 30 
30 --> 31 
31 --> 32 
32 --> 33 
33 --> 34 
34 --> 35 
35 --> 36 
36 --> 

* FSM state operations: 

State 1 <SV = 0> <Delay = 4.24>
ST_1 : Operation 37 [1/1] (0.00ns)   --->   "call void (...)* @_ssdm_op_SpecInterface(i16* %h_offset, [8 x i8]* @ap_fifo_str, i32 0, i32 0, [1 x i8]* @p_str, i32 0, i32 0, [1 x i8]* @p_str, [1 x i8]* @p_str, [1 x i8]* @p_str, i32 2, i32 2, i32 16, i32 16, [1 x i8]* @p_str, [11 x i8]* @ScalarProp_str)"   --->   Operation 37 'specinterface' <Predicate = true> <Delay = 0.00>
ST_1 : Operation 38 [1/1] (0.00ns)   --->   "call void (...)* @_ssdm_op_SpecInterface(i8* %v_offset, [8 x i8]* @ap_fifo_str, i32 0, i32 0, [1 x i8]* @p_str, i32 0, i32 0, [1 x i8]* @p_str, [1 x i8]* @p_str, [1 x i8]* @p_str, i32 2, i32 2, i32 16, i32 16, [1 x i8]* @p_str, [11 x i8]* @ScalarProp_str)"   --->   Operation 38 'specinterface' <Predicate = true> <Delay = 0.00>
ST_1 : Operation 39 [1/1] (0.00ns)   --->   "%p_read_6 = call i32 @_ssdm_op_Read.ap_auto.i32(i32 %p_read4)" [./wd_stage_2.h:160]   --->   Operation 39 'read' 'p_read_6' <Predicate = true> <Delay = 0.00>
ST_1 : Operation 40 [1/1] (0.00ns)   --->   "%p_read_7 = call i32 @_ssdm_op_Read.ap_auto.i32(i32 %p_read3)" [./wd_stage_2.h:160]   --->   Operation 40 'read' 'p_read_7' <Predicate = true> <Delay = 0.00>
ST_1 : Operation 41 [1/1] (0.00ns)   --->   "%p_read27 = call i16 @_ssdm_op_Read.ap_auto.i16(i16 %p_read2)" [./wd_stage_2.h:160]   --->   Operation 41 'read' 'p_read27' <Predicate = true> <Delay = 0.00>
ST_1 : Operation 42 [1/1] (0.00ns)   --->   "%p_read16 = call i32 @_ssdm_op_Read.ap_auto.i32(i32 %p_read1)" [./wd_stage_2.h:160]   --->   Operation 42 'read' 'p_read16' <Predicate = true> <Delay = 0.00>
ST_1 : Operation 43 [1/1] (0.00ns)   --->   "%p_read_8 = call i32 @_ssdm_op_Read.ap_auto.i32(i32 %p_read)" [./wd_stage_2.h:160]   --->   Operation 43 'read' 'p_read_8' <Predicate = true> <Delay = 0.00>
ST_1 : Operation 44 [1/1] (3.63ns)   --->   "%v_offset_read = call i8 @_ssdm_op_Read.ap_fifo.i8P(i8* %v_offset)" [./wd_stage_2.h:160]   --->   Operation 44 'read' 'v_offset_read' <Predicate = true> <Delay = 3.63> <Core = "FIFO">   --->   Core 32 'FIFO' <Latency = 0> <II = 1> <Delay = 3.63> <Storage> <Opcode : 'read' 'write' 'nbread' 'nbwrite'> <Ports = 0> <Width = 16> <Depth = 1> <FIFO>
ST_1 : Operation 45 [1/1] (3.63ns)   --->   "%h_offset_read = call i16 @_ssdm_op_Read.ap_fifo.i16P(i16* %h_offset)" [./wd_stage_2.h:161]   --->   Operation 45 'read' 'h_offset_read' <Predicate = true> <Delay = 3.63> <Core = "FIFO">   --->   Core 32 'FIFO' <Latency = 0> <II = 1> <Delay = 3.63> <Storage> <Opcode : 'read' 'write' 'nbread' 'nbwrite'> <Ports = 0> <Width = 16> <Depth = 1> <FIFO>
ST_1 : Operation 46 [1/1] (2.47ns)   --->   "%icmp_ln156 = icmp eq i32 %p_read_8, 0" [./wd_stage_2.h:156->./wd_stage_2.h:142]   --->   Operation 46 'icmp' 'icmp_ln156' <Predicate = true> <Delay = 2.47> <Core = "Cmp">   --->   Core 25 'Cmp' <Latency = 0> <II = 1> <Delay = 2.47> <FuncUnit> <Opcode : 'icmp'> <InPorts = 2> <OutPorts = 1>
ST_1 : Operation 47 [1/1] (1.76ns)   --->   "br i1 %icmp_ln156, label %.exit, label %0" [./wd_stage_2.h:156->./wd_stage_2.h:142]   --->   Operation 47 'br' <Predicate = true> <Delay = 1.76>
ST_1 : Operation 48 [36/36] (4.13ns)   --->   "%udiv_ln157 = udiv i32 %p_read_7, %p_read_8" [./wd_stage_2.h:157->./wd_stage_2.h:142]   --->   Operation 48 'udiv' 'udiv_ln157' <Predicate = (!icmp_ln156)> <Delay = 4.13> <Core = "DivnS_SEQ">   --->   Core 24 'DivnS_SEQ' <Latency = 35> <II = 32> <Delay = 4.13> <FuncUnit> <Opcode : 'sdiv' 'srem' 'udiv' 'urem'> <InPorts = 2> <OutPorts = 1>
ST_1 : Operation 49 [36/36] (4.13ns)   --->   "%udiv_ln158 = udiv i32 %p_read_6, %p_read_8" [./wd_stage_2.h:158->./wd_stage_2.h:142]   --->   Operation 49 'udiv' 'udiv_ln158' <Predicate = (!icmp_ln156)> <Delay = 4.13> <Core = "DivnS_SEQ">   --->   Core 24 'DivnS_SEQ' <Latency = 35> <II = 32> <Delay = 4.13> <FuncUnit> <Opcode : 'sdiv' 'srem' 'udiv' 'urem'> <InPorts = 2> <OutPorts = 1>

State 2 <SV = 1> <Delay = 4.13>
ST_2 : Operation 50 [35/36] (4.13ns)   --->   "%udiv_ln157 = udiv i32 %p_read_7, %p_read_8" [./wd_stage_2.h:157->./wd_stage_2.h:142]   --->   Operation 50 'udiv' 'udiv_ln157' <Predicate = true> <Delay = 4.13> <Core = "DivnS_SEQ">   --->   Core 24 'DivnS_SEQ' <Latency = 35> <II = 32> <Delay = 4.13> <FuncUnit> <Opcode : 'sdiv' 'srem' 'udiv' 'urem'> <InPorts = 2> <OutPorts = 1>
ST_2 : Operation 51 [35/36] (4.13ns)   --->   "%udiv_ln158 = udiv i32 %p_read_6, %p_read_8" [./wd_stage_2.h:158->./wd_stage_2.h:142]   --->   Operation 51 'udiv' 'udiv_ln158' <Predicate = true> <Delay = 4.13> <Core = "DivnS_SEQ">   --->   Core 24 'DivnS_SEQ' <Latency = 35> <II = 32> <Delay = 4.13> <FuncUnit> <Opcode : 'sdiv' 'srem' 'udiv' 'urem'> <InPorts = 2> <OutPorts = 1>

State 3 <SV = 2> <Delay = 4.13>
ST_3 : Operation 52 [34/36] (4.13ns)   --->   "%udiv_ln157 = udiv i32 %p_read_7, %p_read_8" [./wd_stage_2.h:157->./wd_stage_2.h:142]   --->   Operation 52 'udiv' 'udiv_ln157' <Predicate = true> <Delay = 4.13> <Core = "DivnS_SEQ">   --->   Core 24 'DivnS_SEQ' <Latency = 35> <II = 32> <Delay = 4.13> <FuncUnit> <Opcode : 'sdiv' 'srem' 'udiv' 'urem'> <InPorts = 2> <OutPorts = 1>
ST_3 : Operation 53 [34/36] (4.13ns)   --->   "%udiv_ln158 = udiv i32 %p_read_6, %p_read_8" [./wd_stage_2.h:158->./wd_stage_2.h:142]   --->   Operation 53 'udiv' 'udiv_ln158' <Predicate = true> <Delay = 4.13> <Core = "DivnS_SEQ">   --->   Core 24 'DivnS_SEQ' <Latency = 35> <II = 32> <Delay = 4.13> <FuncUnit> <Opcode : 'sdiv' 'srem' 'udiv' 'urem'> <InPorts = 2> <OutPorts = 1>

State 4 <SV = 3> <Delay = 4.13>
ST_4 : Operation 54 [33/36] (4.13ns)   --->   "%udiv_ln157 = udiv i32 %p_read_7, %p_read_8" [./wd_stage_2.h:157->./wd_stage_2.h:142]   --->   Operation 54 'udiv' 'udiv_ln157' <Predicate = true> <Delay = 4.13> <Core = "DivnS_SEQ">   --->   Core 24 'DivnS_SEQ' <Latency = 35> <II = 32> <Delay = 4.13> <FuncUnit> <Opcode : 'sdiv' 'srem' 'udiv' 'urem'> <InPorts = 2> <OutPorts = 1>
ST_4 : Operation 55 [33/36] (4.13ns)   --->   "%udiv_ln158 = udiv i32 %p_read_6, %p_read_8" [./wd_stage_2.h:158->./wd_stage_2.h:142]   --->   Operation 55 'udiv' 'udiv_ln158' <Predicate = true> <Delay = 4.13> <Core = "DivnS_SEQ">   --->   Core 24 'DivnS_SEQ' <Latency = 35> <II = 32> <Delay = 4.13> <FuncUnit> <Opcode : 'sdiv' 'srem' 'udiv' 'urem'> <InPorts = 2> <OutPorts = 1>

State 5 <SV = 4> <Delay = 4.13>
ST_5 : Operation 56 [32/36] (4.13ns)   --->   "%udiv_ln157 = udiv i32 %p_read_7, %p_read_8" [./wd_stage_2.h:157->./wd_stage_2.h:142]   --->   Operation 56 'udiv' 'udiv_ln157' <Predicate = true> <Delay = 4.13> <Core = "DivnS_SEQ">   --->   Core 24 'DivnS_SEQ' <Latency = 35> <II = 32> <Delay = 4.13> <FuncUnit> <Opcode : 'sdiv' 'srem' 'udiv' 'urem'> <InPorts = 2> <OutPorts = 1>
ST_5 : Operation 57 [32/36] (4.13ns)   --->   "%udiv_ln158 = udiv i32 %p_read_6, %p_read_8" [./wd_stage_2.h:158->./wd_stage_2.h:142]   --->   Operation 57 'udiv' 'udiv_ln158' <Predicate = true> <Delay = 4.13> <Core = "DivnS_SEQ">   --->   Core 24 'DivnS_SEQ' <Latency = 35> <II = 32> <Delay = 4.13> <FuncUnit> <Opcode : 'sdiv' 'srem' 'udiv' 'urem'> <InPorts = 2> <OutPorts = 1>

State 6 <SV = 5> <Delay = 4.13>
ST_6 : Operation 58 [31/36] (4.13ns)   --->   "%udiv_ln157 = udiv i32 %p_read_7, %p_read_8" [./wd_stage_2.h:157->./wd_stage_2.h:142]   --->   Operation 58 'udiv' 'udiv_ln157' <Predicate = true> <Delay = 4.13> <Core = "DivnS_SEQ">   --->   Core 24 'DivnS_SEQ' <Latency = 35> <II = 32> <Delay = 4.13> <FuncUnit> <Opcode : 'sdiv' 'srem' 'udiv' 'urem'> <InPorts = 2> <OutPorts = 1>
ST_6 : Operation 59 [31/36] (4.13ns)   --->   "%udiv_ln158 = udiv i32 %p_read_6, %p_read_8" [./wd_stage_2.h:158->./wd_stage_2.h:142]   --->   Operation 59 'udiv' 'udiv_ln158' <Predicate = true> <Delay = 4.13> <Core = "DivnS_SEQ">   --->   Core 24 'DivnS_SEQ' <Latency = 35> <II = 32> <Delay = 4.13> <FuncUnit> <Opcode : 'sdiv' 'srem' 'udiv' 'urem'> <InPorts = 2> <OutPorts = 1>

State 7 <SV = 6> <Delay = 4.13>
ST_7 : Operation 60 [30/36] (4.13ns)   --->   "%udiv_ln157 = udiv i32 %p_read_7, %p_read_8" [./wd_stage_2.h:157->./wd_stage_2.h:142]   --->   Operation 60 'udiv' 'udiv_ln157' <Predicate = true> <Delay = 4.13> <Core = "DivnS_SEQ">   --->   Core 24 'DivnS_SEQ' <Latency = 35> <II = 32> <Delay = 4.13> <FuncUnit> <Opcode : 'sdiv' 'srem' 'udiv' 'urem'> <InPorts = 2> <OutPorts = 1>
ST_7 : Operation 61 [30/36] (4.13ns)   --->   "%udiv_ln158 = udiv i32 %p_read_6, %p_read_8" [./wd_stage_2.h:158->./wd_stage_2.h:142]   --->   Operation 61 'udiv' 'udiv_ln158' <Predicate = true> <Delay = 4.13> <Core = "DivnS_SEQ">   --->   Core 24 'DivnS_SEQ' <Latency = 35> <II = 32> <Delay = 4.13> <FuncUnit> <Opcode : 'sdiv' 'srem' 'udiv' 'urem'> <InPorts = 2> <OutPorts = 1>

State 8 <SV = 7> <Delay = 4.13>
ST_8 : Operation 62 [29/36] (4.13ns)   --->   "%udiv_ln157 = udiv i32 %p_read_7, %p_read_8" [./wd_stage_2.h:157->./wd_stage_2.h:142]   --->   Operation 62 'udiv' 'udiv_ln157' <Predicate = true> <Delay = 4.13> <Core = "DivnS_SEQ">   --->   Core 24 'DivnS_SEQ' <Latency = 35> <II = 32> <Delay = 4.13> <FuncUnit> <Opcode : 'sdiv' 'srem' 'udiv' 'urem'> <InPorts = 2> <OutPorts = 1>
ST_8 : Operation 63 [29/36] (4.13ns)   --->   "%udiv_ln158 = udiv i32 %p_read_6, %p_read_8" [./wd_stage_2.h:158->./wd_stage_2.h:142]   --->   Operation 63 'udiv' 'udiv_ln158' <Predicate = true> <Delay = 4.13> <Core = "DivnS_SEQ">   --->   Core 24 'DivnS_SEQ' <Latency = 35> <II = 32> <Delay = 4.13> <FuncUnit> <Opcode : 'sdiv' 'srem' 'udiv' 'urem'> <InPorts = 2> <OutPorts = 1>

State 9 <SV = 8> <Delay = 4.13>
ST_9 : Operation 64 [28/36] (4.13ns)   --->   "%udiv_ln157 = udiv i32 %p_read_7, %p_read_8" [./wd_stage_2.h:157->./wd_stage_2.h:142]   --->   Operation 64 'udiv' 'udiv_ln157' <Predicate = true> <Delay = 4.13> <Core = "DivnS_SEQ">   --->   Core 24 'DivnS_SEQ' <Latency = 35> <II = 32> <Delay = 4.13> <FuncUnit> <Opcode : 'sdiv' 'srem' 'udiv' 'urem'> <InPorts = 2> <OutPorts = 1>
ST_9 : Operation 65 [28/36] (4.13ns)   --->   "%udiv_ln158 = udiv i32 %p_read_6, %p_read_8" [./wd_stage_2.h:158->./wd_stage_2.h:142]   --->   Operation 65 'udiv' 'udiv_ln158' <Predicate = true> <Delay = 4.13> <Core = "DivnS_SEQ">   --->   Core 24 'DivnS_SEQ' <Latency = 35> <II = 32> <Delay = 4.13> <FuncUnit> <Opcode : 'sdiv' 'srem' 'udiv' 'urem'> <InPorts = 2> <OutPorts = 1>

State 10 <SV = 9> <Delay = 4.13>
ST_10 : Operation 66 [27/36] (4.13ns)   --->   "%udiv_ln157 = udiv i32 %p_read_7, %p_read_8" [./wd_stage_2.h:157->./wd_stage_2.h:142]   --->   Operation 66 'udiv' 'udiv_ln157' <Predicate = true> <Delay = 4.13> <Core = "DivnS_SEQ">   --->   Core 24 'DivnS_SEQ' <Latency = 35> <II = 32> <Delay = 4.13> <FuncUnit> <Opcode : 'sdiv' 'srem' 'udiv' 'urem'> <InPorts = 2> <OutPorts = 1>
ST_10 : Operation 67 [27/36] (4.13ns)   --->   "%udiv_ln158 = udiv i32 %p_read_6, %p_read_8" [./wd_stage_2.h:158->./wd_stage_2.h:142]   --->   Operation 67 'udiv' 'udiv_ln158' <Predicate = true> <Delay = 4.13> <Core = "DivnS_SEQ">   --->   Core 24 'DivnS_SEQ' <Latency = 35> <II = 32> <Delay = 4.13> <FuncUnit> <Opcode : 'sdiv' 'srem' 'udiv' 'urem'> <InPorts = 2> <OutPorts = 1>

State 11 <SV = 10> <Delay = 4.13>
ST_11 : Operation 68 [26/36] (4.13ns)   --->   "%udiv_ln157 = udiv i32 %p_read_7, %p_read_8" [./wd_stage_2.h:157->./wd_stage_2.h:142]   --->   Operation 68 'udiv' 'udiv_ln157' <Predicate = true> <Delay = 4.13> <Core = "DivnS_SEQ">   --->   Core 24 'DivnS_SEQ' <Latency = 35> <II = 32> <Delay = 4.13> <FuncUnit> <Opcode : 'sdiv' 'srem' 'udiv' 'urem'> <InPorts = 2> <OutPorts = 1>
ST_11 : Operation 69 [26/36] (4.13ns)   --->   "%udiv_ln158 = udiv i32 %p_read_6, %p_read_8" [./wd_stage_2.h:158->./wd_stage_2.h:142]   --->   Operation 69 'udiv' 'udiv_ln158' <Predicate = true> <Delay = 4.13> <Core = "DivnS_SEQ">   --->   Core 24 'DivnS_SEQ' <Latency = 35> <II = 32> <Delay = 4.13> <FuncUnit> <Opcode : 'sdiv' 'srem' 'udiv' 'urem'> <InPorts = 2> <OutPorts = 1>

State 12 <SV = 11> <Delay = 4.13>
ST_12 : Operation 70 [25/36] (4.13ns)   --->   "%udiv_ln157 = udiv i32 %p_read_7, %p_read_8" [./wd_stage_2.h:157->./wd_stage_2.h:142]   --->   Operation 70 'udiv' 'udiv_ln157' <Predicate = true> <Delay = 4.13> <Core = "DivnS_SEQ">   --->   Core 24 'DivnS_SEQ' <Latency = 35> <II = 32> <Delay = 4.13> <FuncUnit> <Opcode : 'sdiv' 'srem' 'udiv' 'urem'> <InPorts = 2> <OutPorts = 1>
ST_12 : Operation 71 [25/36] (4.13ns)   --->   "%udiv_ln158 = udiv i32 %p_read_6, %p_read_8" [./wd_stage_2.h:158->./wd_stage_2.h:142]   --->   Operation 71 'udiv' 'udiv_ln158' <Predicate = true> <Delay = 4.13> <Core = "DivnS_SEQ">   --->   Core 24 'DivnS_SEQ' <Latency = 35> <II = 32> <Delay = 4.13> <FuncUnit> <Opcode : 'sdiv' 'srem' 'udiv' 'urem'> <InPorts = 2> <OutPorts = 1>

State 13 <SV = 12> <Delay = 4.13>
ST_13 : Operation 72 [24/36] (4.13ns)   --->   "%udiv_ln157 = udiv i32 %p_read_7, %p_read_8" [./wd_stage_2.h:157->./wd_stage_2.h:142]   --->   Operation 72 'udiv' 'udiv_ln157' <Predicate = true> <Delay = 4.13> <Core = "DivnS_SEQ">   --->   Core 24 'DivnS_SEQ' <Latency = 35> <II = 32> <Delay = 4.13> <FuncUnit> <Opcode : 'sdiv' 'srem' 'udiv' 'urem'> <InPorts = 2> <OutPorts = 1>
ST_13 : Operation 73 [24/36] (4.13ns)   --->   "%udiv_ln158 = udiv i32 %p_read_6, %p_read_8" [./wd_stage_2.h:158->./wd_stage_2.h:142]   --->   Operation 73 'udiv' 'udiv_ln158' <Predicate = true> <Delay = 4.13> <Core = "DivnS_SEQ">   --->   Core 24 'DivnS_SEQ' <Latency = 35> <II = 32> <Delay = 4.13> <FuncUnit> <Opcode : 'sdiv' 'srem' 'udiv' 'urem'> <InPorts = 2> <OutPorts = 1>

State 14 <SV = 13> <Delay = 4.13>
ST_14 : Operation 74 [23/36] (4.13ns)   --->   "%udiv_ln157 = udiv i32 %p_read_7, %p_read_8" [./wd_stage_2.h:157->./wd_stage_2.h:142]   --->   Operation 74 'udiv' 'udiv_ln157' <Predicate = true> <Delay = 4.13> <Core = "DivnS_SEQ">   --->   Core 24 'DivnS_SEQ' <Latency = 35> <II = 32> <Delay = 4.13> <FuncUnit> <Opcode : 'sdiv' 'srem' 'udiv' 'urem'> <InPorts = 2> <OutPorts = 1>
ST_14 : Operation 75 [23/36] (4.13ns)   --->   "%udiv_ln158 = udiv i32 %p_read_6, %p_read_8" [./wd_stage_2.h:158->./wd_stage_2.h:142]   --->   Operation 75 'udiv' 'udiv_ln158' <Predicate = true> <Delay = 4.13> <Core = "DivnS_SEQ">   --->   Core 24 'DivnS_SEQ' <Latency = 35> <II = 32> <Delay = 4.13> <FuncUnit> <Opcode : 'sdiv' 'srem' 'udiv' 'urem'> <InPorts = 2> <OutPorts = 1>

State 15 <SV = 14> <Delay = 4.13>
ST_15 : Operation 76 [22/36] (4.13ns)   --->   "%udiv_ln157 = udiv i32 %p_read_7, %p_read_8" [./wd_stage_2.h:157->./wd_stage_2.h:142]   --->   Operation 76 'udiv' 'udiv_ln157' <Predicate = true> <Delay = 4.13> <Core = "DivnS_SEQ">   --->   Core 24 'DivnS_SEQ' <Latency = 35> <II = 32> <Delay = 4.13> <FuncUnit> <Opcode : 'sdiv' 'srem' 'udiv' 'urem'> <InPorts = 2> <OutPorts = 1>
ST_15 : Operation 77 [22/36] (4.13ns)   --->   "%udiv_ln158 = udiv i32 %p_read_6, %p_read_8" [./wd_stage_2.h:158->./wd_stage_2.h:142]   --->   Operation 77 'udiv' 'udiv_ln158' <Predicate = true> <Delay = 4.13> <Core = "DivnS_SEQ">   --->   Core 24 'DivnS_SEQ' <Latency = 35> <II = 32> <Delay = 4.13> <FuncUnit> <Opcode : 'sdiv' 'srem' 'udiv' 'urem'> <InPorts = 2> <OutPorts = 1>

State 16 <SV = 15> <Delay = 4.13>
ST_16 : Operation 78 [21/36] (4.13ns)   --->   "%udiv_ln157 = udiv i32 %p_read_7, %p_read_8" [./wd_stage_2.h:157->./wd_stage_2.h:142]   --->   Operation 78 'udiv' 'udiv_ln157' <Predicate = true> <Delay = 4.13> <Core = "DivnS_SEQ">   --->   Core 24 'DivnS_SEQ' <Latency = 35> <II = 32> <Delay = 4.13> <FuncUnit> <Opcode : 'sdiv' 'srem' 'udiv' 'urem'> <InPorts = 2> <OutPorts = 1>
ST_16 : Operation 79 [21/36] (4.13ns)   --->   "%udiv_ln158 = udiv i32 %p_read_6, %p_read_8" [./wd_stage_2.h:158->./wd_stage_2.h:142]   --->   Operation 79 'udiv' 'udiv_ln158' <Predicate = true> <Delay = 4.13> <Core = "DivnS_SEQ">   --->   Core 24 'DivnS_SEQ' <Latency = 35> <II = 32> <Delay = 4.13> <FuncUnit> <Opcode : 'sdiv' 'srem' 'udiv' 'urem'> <InPorts = 2> <OutPorts = 1>

State 17 <SV = 16> <Delay = 4.13>
ST_17 : Operation 80 [20/36] (4.13ns)   --->   "%udiv_ln157 = udiv i32 %p_read_7, %p_read_8" [./wd_stage_2.h:157->./wd_stage_2.h:142]   --->   Operation 80 'udiv' 'udiv_ln157' <Predicate = true> <Delay = 4.13> <Core = "DivnS_SEQ">   --->   Core 24 'DivnS_SEQ' <Latency = 35> <II = 32> <Delay = 4.13> <FuncUnit> <Opcode : 'sdiv' 'srem' 'udiv' 'urem'> <InPorts = 2> <OutPorts = 1>
ST_17 : Operation 81 [20/36] (4.13ns)   --->   "%udiv_ln158 = udiv i32 %p_read_6, %p_read_8" [./wd_stage_2.h:158->./wd_stage_2.h:142]   --->   Operation 81 'udiv' 'udiv_ln158' <Predicate = true> <Delay = 4.13> <Core = "DivnS_SEQ">   --->   Core 24 'DivnS_SEQ' <Latency = 35> <II = 32> <Delay = 4.13> <FuncUnit> <Opcode : 'sdiv' 'srem' 'udiv' 'urem'> <InPorts = 2> <OutPorts = 1>

State 18 <SV = 17> <Delay = 4.13>
ST_18 : Operation 82 [19/36] (4.13ns)   --->   "%udiv_ln157 = udiv i32 %p_read_7, %p_read_8" [./wd_stage_2.h:157->./wd_stage_2.h:142]   --->   Operation 82 'udiv' 'udiv_ln157' <Predicate = true> <Delay = 4.13> <Core = "DivnS_SEQ">   --->   Core 24 'DivnS_SEQ' <Latency = 35> <II = 32> <Delay = 4.13> <FuncUnit> <Opcode : 'sdiv' 'srem' 'udiv' 'urem'> <InPorts = 2> <OutPorts = 1>
ST_18 : Operation 83 [19/36] (4.13ns)   --->   "%udiv_ln158 = udiv i32 %p_read_6, %p_read_8" [./wd_stage_2.h:158->./wd_stage_2.h:142]   --->   Operation 83 'udiv' 'udiv_ln158' <Predicate = true> <Delay = 4.13> <Core = "DivnS_SEQ">   --->   Core 24 'DivnS_SEQ' <Latency = 35> <II = 32> <Delay = 4.13> <FuncUnit> <Opcode : 'sdiv' 'srem' 'udiv' 'urem'> <InPorts = 2> <OutPorts = 1>

State 19 <SV = 18> <Delay = 4.13>
ST_19 : Operation 84 [18/36] (4.13ns)   --->   "%udiv_ln157 = udiv i32 %p_read_7, %p_read_8" [./wd_stage_2.h:157->./wd_stage_2.h:142]   --->   Operation 84 'udiv' 'udiv_ln157' <Predicate = true> <Delay = 4.13> <Core = "DivnS_SEQ">   --->   Core 24 'DivnS_SEQ' <Latency = 35> <II = 32> <Delay = 4.13> <FuncUnit> <Opcode : 'sdiv' 'srem' 'udiv' 'urem'> <InPorts = 2> <OutPorts = 1>
ST_19 : Operation 85 [18/36] (4.13ns)   --->   "%udiv_ln158 = udiv i32 %p_read_6, %p_read_8" [./wd_stage_2.h:158->./wd_stage_2.h:142]   --->   Operation 85 'udiv' 'udiv_ln158' <Predicate = true> <Delay = 4.13> <Core = "DivnS_SEQ">   --->   Core 24 'DivnS_SEQ' <Latency = 35> <II = 32> <Delay = 4.13> <FuncUnit> <Opcode : 'sdiv' 'srem' 'udiv' 'urem'> <InPorts = 2> <OutPorts = 1>

State 20 <SV = 19> <Delay = 4.13>
ST_20 : Operation 86 [17/36] (4.13ns)   --->   "%udiv_ln157 = udiv i32 %p_read_7, %p_read_8" [./wd_stage_2.h:157->./wd_stage_2.h:142]   --->   Operation 86 'udiv' 'udiv_ln157' <Predicate = true> <Delay = 4.13> <Core = "DivnS_SEQ">   --->   Core 24 'DivnS_SEQ' <Latency = 35> <II = 32> <Delay = 4.13> <FuncUnit> <Opcode : 'sdiv' 'srem' 'udiv' 'urem'> <InPorts = 2> <OutPorts = 1>
ST_20 : Operation 87 [17/36] (4.13ns)   --->   "%udiv_ln158 = udiv i32 %p_read_6, %p_read_8" [./wd_stage_2.h:158->./wd_stage_2.h:142]   --->   Operation 87 'udiv' 'udiv_ln158' <Predicate = true> <Delay = 4.13> <Core = "DivnS_SEQ">   --->   Core 24 'DivnS_SEQ' <Latency = 35> <II = 32> <Delay = 4.13> <FuncUnit> <Opcode : 'sdiv' 'srem' 'udiv' 'urem'> <InPorts = 2> <OutPorts = 1>

State 21 <SV = 20> <Delay = 4.13>
ST_21 : Operation 88 [16/36] (4.13ns)   --->   "%udiv_ln157 = udiv i32 %p_read_7, %p_read_8" [./wd_stage_2.h:157->./wd_stage_2.h:142]   --->   Operation 88 'udiv' 'udiv_ln157' <Predicate = true> <Delay = 4.13> <Core = "DivnS_SEQ">   --->   Core 24 'DivnS_SEQ' <Latency = 35> <II = 32> <Delay = 4.13> <FuncUnit> <Opcode : 'sdiv' 'srem' 'udiv' 'urem'> <InPorts = 2> <OutPorts = 1>
ST_21 : Operation 89 [16/36] (4.13ns)   --->   "%udiv_ln158 = udiv i32 %p_read_6, %p_read_8" [./wd_stage_2.h:158->./wd_stage_2.h:142]   --->   Operation 89 'udiv' 'udiv_ln158' <Predicate = true> <Delay = 4.13> <Core = "DivnS_SEQ">   --->   Core 24 'DivnS_SEQ' <Latency = 35> <II = 32> <Delay = 4.13> <FuncUnit> <Opcode : 'sdiv' 'srem' 'udiv' 'urem'> <InPorts = 2> <OutPorts = 1>

State 22 <SV = 21> <Delay = 4.13>
ST_22 : Operation 90 [15/36] (4.13ns)   --->   "%udiv_ln157 = udiv i32 %p_read_7, %p_read_8" [./wd_stage_2.h:157->./wd_stage_2.h:142]   --->   Operation 90 'udiv' 'udiv_ln157' <Predicate = true> <Delay = 4.13> <Core = "DivnS_SEQ">   --->   Core 24 'DivnS_SEQ' <Latency = 35> <II = 32> <Delay = 4.13> <FuncUnit> <Opcode : 'sdiv' 'srem' 'udiv' 'urem'> <InPorts = 2> <OutPorts = 1>
ST_22 : Operation 91 [15/36] (4.13ns)   --->   "%udiv_ln158 = udiv i32 %p_read_6, %p_read_8" [./wd_stage_2.h:158->./wd_stage_2.h:142]   --->   Operation 91 'udiv' 'udiv_ln158' <Predicate = true> <Delay = 4.13> <Core = "DivnS_SEQ">   --->   Core 24 'DivnS_SEQ' <Latency = 35> <II = 32> <Delay = 4.13> <FuncUnit> <Opcode : 'sdiv' 'srem' 'udiv' 'urem'> <InPorts = 2> <OutPorts = 1>

State 23 <SV = 22> <Delay = 4.13>
ST_23 : Operation 92 [14/36] (4.13ns)   --->   "%udiv_ln157 = udiv i32 %p_read_7, %p_read_8" [./wd_stage_2.h:157->./wd_stage_2.h:142]   --->   Operation 92 'udiv' 'udiv_ln157' <Predicate = true> <Delay = 4.13> <Core = "DivnS_SEQ">   --->   Core 24 'DivnS_SEQ' <Latency = 35> <II = 32> <Delay = 4.13> <FuncUnit> <Opcode : 'sdiv' 'srem' 'udiv' 'urem'> <InPorts = 2> <OutPorts = 1>
ST_23 : Operation 93 [14/36] (4.13ns)   --->   "%udiv_ln158 = udiv i32 %p_read_6, %p_read_8" [./wd_stage_2.h:158->./wd_stage_2.h:142]   --->   Operation 93 'udiv' 'udiv_ln158' <Predicate = true> <Delay = 4.13> <Core = "DivnS_SEQ">   --->   Core 24 'DivnS_SEQ' <Latency = 35> <II = 32> <Delay = 4.13> <FuncUnit> <Opcode : 'sdiv' 'srem' 'udiv' 'urem'> <InPorts = 2> <OutPorts = 1>

State 24 <SV = 23> <Delay = 4.13>
ST_24 : Operation 94 [13/36] (4.13ns)   --->   "%udiv_ln157 = udiv i32 %p_read_7, %p_read_8" [./wd_stage_2.h:157->./wd_stage_2.h:142]   --->   Operation 94 'udiv' 'udiv_ln157' <Predicate = true> <Delay = 4.13> <Core = "DivnS_SEQ">   --->   Core 24 'DivnS_SEQ' <Latency = 35> <II = 32> <Delay = 4.13> <FuncUnit> <Opcode : 'sdiv' 'srem' 'udiv' 'urem'> <InPorts = 2> <OutPorts = 1>
ST_24 : Operation 95 [13/36] (4.13ns)   --->   "%udiv_ln158 = udiv i32 %p_read_6, %p_read_8" [./wd_stage_2.h:158->./wd_stage_2.h:142]   --->   Operation 95 'udiv' 'udiv_ln158' <Predicate = true> <Delay = 4.13> <Core = "DivnS_SEQ">   --->   Core 24 'DivnS_SEQ' <Latency = 35> <II = 32> <Delay = 4.13> <FuncUnit> <Opcode : 'sdiv' 'srem' 'udiv' 'urem'> <InPorts = 2> <OutPorts = 1>

State 25 <SV = 24> <Delay = 4.13>
ST_25 : Operation 96 [12/36] (4.13ns)   --->   "%udiv_ln157 = udiv i32 %p_read_7, %p_read_8" [./wd_stage_2.h:157->./wd_stage_2.h:142]   --->   Operation 96 'udiv' 'udiv_ln157' <Predicate = true> <Delay = 4.13> <Core = "DivnS_SEQ">   --->   Core 24 'DivnS_SEQ' <Latency = 35> <II = 32> <Delay = 4.13> <FuncUnit> <Opcode : 'sdiv' 'srem' 'udiv' 'urem'> <InPorts = 2> <OutPorts = 1>
ST_25 : Operation 97 [12/36] (4.13ns)   --->   "%udiv_ln158 = udiv i32 %p_read_6, %p_read_8" [./wd_stage_2.h:158->./wd_stage_2.h:142]   --->   Operation 97 'udiv' 'udiv_ln158' <Predicate = true> <Delay = 4.13> <Core = "DivnS_SEQ">   --->   Core 24 'DivnS_SEQ' <Latency = 35> <II = 32> <Delay = 4.13> <FuncUnit> <Opcode : 'sdiv' 'srem' 'udiv' 'urem'> <InPorts = 2> <OutPorts = 1>

State 26 <SV = 25> <Delay = 4.13>
ST_26 : Operation 98 [11/36] (4.13ns)   --->   "%udiv_ln157 = udiv i32 %p_read_7, %p_read_8" [./wd_stage_2.h:157->./wd_stage_2.h:142]   --->   Operation 98 'udiv' 'udiv_ln157' <Predicate = true> <Delay = 4.13> <Core = "DivnS_SEQ">   --->   Core 24 'DivnS_SEQ' <Latency = 35> <II = 32> <Delay = 4.13> <FuncUnit> <Opcode : 'sdiv' 'srem' 'udiv' 'urem'> <InPorts = 2> <OutPorts = 1>
ST_26 : Operation 99 [11/36] (4.13ns)   --->   "%udiv_ln158 = udiv i32 %p_read_6, %p_read_8" [./wd_stage_2.h:158->./wd_stage_2.h:142]   --->   Operation 99 'udiv' 'udiv_ln158' <Predicate = true> <Delay = 4.13> <Core = "DivnS_SEQ">   --->   Core 24 'DivnS_SEQ' <Latency = 35> <II = 32> <Delay = 4.13> <FuncUnit> <Opcode : 'sdiv' 'srem' 'udiv' 'urem'> <InPorts = 2> <OutPorts = 1>

State 27 <SV = 26> <Delay = 4.13>
ST_27 : Operation 100 [10/36] (4.13ns)   --->   "%udiv_ln157 = udiv i32 %p_read_7, %p_read_8" [./wd_stage_2.h:157->./wd_stage_2.h:142]   --->   Operation 100 'udiv' 'udiv_ln157' <Predicate = true> <Delay = 4.13> <Core = "DivnS_SEQ">   --->   Core 24 'DivnS_SEQ' <Latency = 35> <II = 32> <Delay = 4.13> <FuncUnit> <Opcode : 'sdiv' 'srem' 'udiv' 'urem'> <InPorts = 2> <OutPorts = 1>
ST_27 : Operation 101 [10/36] (4.13ns)   --->   "%udiv_ln158 = udiv i32 %p_read_6, %p_read_8" [./wd_stage_2.h:158->./wd_stage_2.h:142]   --->   Operation 101 'udiv' 'udiv_ln158' <Predicate = true> <Delay = 4.13> <Core = "DivnS_SEQ">   --->   Core 24 'DivnS_SEQ' <Latency = 35> <II = 32> <Delay = 4.13> <FuncUnit> <Opcode : 'sdiv' 'srem' 'udiv' 'urem'> <InPorts = 2> <OutPorts = 1>

State 28 <SV = 27> <Delay = 4.13>
ST_28 : Operation 102 [9/36] (4.13ns)   --->   "%udiv_ln157 = udiv i32 %p_read_7, %p_read_8" [./wd_stage_2.h:157->./wd_stage_2.h:142]   --->   Operation 102 'udiv' 'udiv_ln157' <Predicate = true> <Delay = 4.13> <Core = "DivnS_SEQ">   --->   Core 24 'DivnS_SEQ' <Latency = 35> <II = 32> <Delay = 4.13> <FuncUnit> <Opcode : 'sdiv' 'srem' 'udiv' 'urem'> <InPorts = 2> <OutPorts = 1>
ST_28 : Operation 103 [9/36] (4.13ns)   --->   "%udiv_ln158 = udiv i32 %p_read_6, %p_read_8" [./wd_stage_2.h:158->./wd_stage_2.h:142]   --->   Operation 103 'udiv' 'udiv_ln158' <Predicate = true> <Delay = 4.13> <Core = "DivnS_SEQ">   --->   Core 24 'DivnS_SEQ' <Latency = 35> <II = 32> <Delay = 4.13> <FuncUnit> <Opcode : 'sdiv' 'srem' 'udiv' 'urem'> <InPorts = 2> <OutPorts = 1>

State 29 <SV = 28> <Delay = 4.13>
ST_29 : Operation 104 [8/36] (4.13ns)   --->   "%udiv_ln157 = udiv i32 %p_read_7, %p_read_8" [./wd_stage_2.h:157->./wd_stage_2.h:142]   --->   Operation 104 'udiv' 'udiv_ln157' <Predicate = true> <Delay = 4.13> <Core = "DivnS_SEQ">   --->   Core 24 'DivnS_SEQ' <Latency = 35> <II = 32> <Delay = 4.13> <FuncUnit> <Opcode : 'sdiv' 'srem' 'udiv' 'urem'> <InPorts = 2> <OutPorts = 1>
ST_29 : Operation 105 [8/36] (4.13ns)   --->   "%udiv_ln158 = udiv i32 %p_read_6, %p_read_8" [./wd_stage_2.h:158->./wd_stage_2.h:142]   --->   Operation 105 'udiv' 'udiv_ln158' <Predicate = true> <Delay = 4.13> <Core = "DivnS_SEQ">   --->   Core 24 'DivnS_SEQ' <Latency = 35> <II = 32> <Delay = 4.13> <FuncUnit> <Opcode : 'sdiv' 'srem' 'udiv' 'urem'> <InPorts = 2> <OutPorts = 1>

State 30 <SV = 29> <Delay = 4.13>
ST_30 : Operation 106 [7/36] (4.13ns)   --->   "%udiv_ln157 = udiv i32 %p_read_7, %p_read_8" [./wd_stage_2.h:157->./wd_stage_2.h:142]   --->   Operation 106 'udiv' 'udiv_ln157' <Predicate = true> <Delay = 4.13> <Core = "DivnS_SEQ">   --->   Core 24 'DivnS_SEQ' <Latency = 35> <II = 32> <Delay = 4.13> <FuncUnit> <Opcode : 'sdiv' 'srem' 'udiv' 'urem'> <InPorts = 2> <OutPorts = 1>
ST_30 : Operation 107 [7/36] (4.13ns)   --->   "%udiv_ln158 = udiv i32 %p_read_6, %p_read_8" [./wd_stage_2.h:158->./wd_stage_2.h:142]   --->   Operation 107 'udiv' 'udiv_ln158' <Predicate = true> <Delay = 4.13> <Core = "DivnS_SEQ">   --->   Core 24 'DivnS_SEQ' <Latency = 35> <II = 32> <Delay = 4.13> <FuncUnit> <Opcode : 'sdiv' 'srem' 'udiv' 'urem'> <InPorts = 2> <OutPorts = 1>

State 31 <SV = 30> <Delay = 4.13>
ST_31 : Operation 108 [6/36] (4.13ns)   --->   "%udiv_ln157 = udiv i32 %p_read_7, %p_read_8" [./wd_stage_2.h:157->./wd_stage_2.h:142]   --->   Operation 108 'udiv' 'udiv_ln157' <Predicate = true> <Delay = 4.13> <Core = "DivnS_SEQ">   --->   Core 24 'DivnS_SEQ' <Latency = 35> <II = 32> <Delay = 4.13> <FuncUnit> <Opcode : 'sdiv' 'srem' 'udiv' 'urem'> <InPorts = 2> <OutPorts = 1>
ST_31 : Operation 109 [6/36] (4.13ns)   --->   "%udiv_ln158 = udiv i32 %p_read_6, %p_read_8" [./wd_stage_2.h:158->./wd_stage_2.h:142]   --->   Operation 109 'udiv' 'udiv_ln158' <Predicate = true> <Delay = 4.13> <Core = "DivnS_SEQ">   --->   Core 24 'DivnS_SEQ' <Latency = 35> <II = 32> <Delay = 4.13> <FuncUnit> <Opcode : 'sdiv' 'srem' 'udiv' 'urem'> <InPorts = 2> <OutPorts = 1>

State 32 <SV = 31> <Delay = 4.13>
ST_32 : Operation 110 [5/36] (4.13ns)   --->   "%udiv_ln157 = udiv i32 %p_read_7, %p_read_8" [./wd_stage_2.h:157->./wd_stage_2.h:142]   --->   Operation 110 'udiv' 'udiv_ln157' <Predicate = true> <Delay = 4.13> <Core = "DivnS_SEQ">   --->   Core 24 'DivnS_SEQ' <Latency = 35> <II = 32> <Delay = 4.13> <FuncUnit> <Opcode : 'sdiv' 'srem' 'udiv' 'urem'> <InPorts = 2> <OutPorts = 1>
ST_32 : Operation 111 [5/36] (4.13ns)   --->   "%udiv_ln158 = udiv i32 %p_read_6, %p_read_8" [./wd_stage_2.h:158->./wd_stage_2.h:142]   --->   Operation 111 'udiv' 'udiv_ln158' <Predicate = true> <Delay = 4.13> <Core = "DivnS_SEQ">   --->   Core 24 'DivnS_SEQ' <Latency = 35> <II = 32> <Delay = 4.13> <FuncUnit> <Opcode : 'sdiv' 'srem' 'udiv' 'urem'> <InPorts = 2> <OutPorts = 1>

State 33 <SV = 32> <Delay = 4.13>
ST_33 : Operation 112 [4/36] (4.13ns)   --->   "%udiv_ln157 = udiv i32 %p_read_7, %p_read_8" [./wd_stage_2.h:157->./wd_stage_2.h:142]   --->   Operation 112 'udiv' 'udiv_ln157' <Predicate = true> <Delay = 4.13> <Core = "DivnS_SEQ">   --->   Core 24 'DivnS_SEQ' <Latency = 35> <II = 32> <Delay = 4.13> <FuncUnit> <Opcode : 'sdiv' 'srem' 'udiv' 'urem'> <InPorts = 2> <OutPorts = 1>
ST_33 : Operation 113 [4/36] (4.13ns)   --->   "%udiv_ln158 = udiv i32 %p_read_6, %p_read_8" [./wd_stage_2.h:158->./wd_stage_2.h:142]   --->   Operation 113 'udiv' 'udiv_ln158' <Predicate = true> <Delay = 4.13> <Core = "DivnS_SEQ">   --->   Core 24 'DivnS_SEQ' <Latency = 35> <II = 32> <Delay = 4.13> <FuncUnit> <Opcode : 'sdiv' 'srem' 'udiv' 'urem'> <InPorts = 2> <OutPorts = 1>

State 34 <SV = 33> <Delay = 4.13>
ST_34 : Operation 114 [3/36] (4.13ns)   --->   "%udiv_ln157 = udiv i32 %p_read_7, %p_read_8" [./wd_stage_2.h:157->./wd_stage_2.h:142]   --->   Operation 114 'udiv' 'udiv_ln157' <Predicate = true> <Delay = 4.13> <Core = "DivnS_SEQ">   --->   Core 24 'DivnS_SEQ' <Latency = 35> <II = 32> <Delay = 4.13> <FuncUnit> <Opcode : 'sdiv' 'srem' 'udiv' 'urem'> <InPorts = 2> <OutPorts = 1>
ST_34 : Operation 115 [3/36] (4.13ns)   --->   "%udiv_ln158 = udiv i32 %p_read_6, %p_read_8" [./wd_stage_2.h:158->./wd_stage_2.h:142]   --->   Operation 115 'udiv' 'udiv_ln158' <Predicate = true> <Delay = 4.13> <Core = "DivnS_SEQ">   --->   Core 24 'DivnS_SEQ' <Latency = 35> <II = 32> <Delay = 4.13> <FuncUnit> <Opcode : 'sdiv' 'srem' 'udiv' 'urem'> <InPorts = 2> <OutPorts = 1>

State 35 <SV = 34> <Delay = 4.13>
ST_35 : Operation 116 [2/36] (4.13ns)   --->   "%udiv_ln157 = udiv i32 %p_read_7, %p_read_8" [./wd_stage_2.h:157->./wd_stage_2.h:142]   --->   Operation 116 'udiv' 'udiv_ln157' <Predicate = true> <Delay = 4.13> <Core = "DivnS_SEQ">   --->   Core 24 'DivnS_SEQ' <Latency = 35> <II = 32> <Delay = 4.13> <FuncUnit> <Opcode : 'sdiv' 'srem' 'udiv' 'urem'> <InPorts = 2> <OutPorts = 1>
ST_35 : Operation 117 [2/36] (4.13ns)   --->   "%udiv_ln158 = udiv i32 %p_read_6, %p_read_8" [./wd_stage_2.h:158->./wd_stage_2.h:142]   --->   Operation 117 'udiv' 'udiv_ln158' <Predicate = true> <Delay = 4.13> <Core = "DivnS_SEQ">   --->   Core 24 'DivnS_SEQ' <Latency = 35> <II = 32> <Delay = 4.13> <FuncUnit> <Opcode : 'sdiv' 'srem' 'udiv' 'urem'> <InPorts = 2> <OutPorts = 1>

State 36 <SV = 35> <Delay = 8.45>
ST_36 : Operation 118 [1/36] (4.13ns)   --->   "%udiv_ln157 = udiv i32 %p_read_7, %p_read_8" [./wd_stage_2.h:157->./wd_stage_2.h:142]   --->   Operation 118 'udiv' 'udiv_ln157' <Predicate = (!icmp_ln156)> <Delay = 4.13> <Core = "DivnS_SEQ">   --->   Core 24 'DivnS_SEQ' <Latency = 35> <II = 32> <Delay = 4.13> <FuncUnit> <Opcode : 'sdiv' 'srem' 'udiv' 'urem'> <InPorts = 2> <OutPorts = 1>
ST_36 : Operation 119 [1/1] (0.00ns)   --->   "%trunc_ln157 = trunc i32 %udiv_ln157 to i16" [./wd_stage_2.h:157->./wd_stage_2.h:142]   --->   Operation 119 'trunc' 'trunc_ln157' <Predicate = (!icmp_ln156)> <Delay = 0.00>
ST_36 : Operation 120 [1/36] (4.13ns)   --->   "%udiv_ln158 = udiv i32 %p_read_6, %p_read_8" [./wd_stage_2.h:158->./wd_stage_2.h:142]   --->   Operation 120 'udiv' 'udiv_ln158' <Predicate = (!icmp_ln156)> <Delay = 4.13> <Core = "DivnS_SEQ">   --->   Core 24 'DivnS_SEQ' <Latency = 35> <II = 32> <Delay = 4.13> <FuncUnit> <Opcode : 'sdiv' 'srem' 'udiv' 'urem'> <InPorts = 2> <OutPorts = 1>
ST_36 : Operation 121 [1/1] (1.76ns)   --->   "br label %.exit" [./wd_stage_2.h:159->./wd_stage_2.h:142]   --->   Operation 121 'br' <Predicate = (!icmp_ln156)> <Delay = 1.76>
ST_36 : Operation 122 [1/1] (0.00ns) (grouped into LUT with out node add_ln161)   --->   "%empty = phi i32 [ %udiv_ln158, %0 ], [ %p_read16, %entry ]" [./wd_stage_2.h:158->./wd_stage_2.h:142]   --->   Operation 122 'phi' 'empty' <Predicate = true> <Delay = 0.00>
ST_36 : Operation 123 [1/1] (0.00ns) (grouped into LUT with out node add_ln160)   --->   "%empty_169 = phi i16 [ %trunc_ln157, %0 ], [ %p_read27, %entry ]" [./wd_stage_2.h:157->./wd_stage_2.h:142]   --->   Operation 123 'phi' 'empty_169' <Predicate = true> <Delay = 0.00>
ST_36 : Operation 124 [1/1] (0.00ns) (grouped into LUT with out node add_ln160)   --->   "%zext_ln160 = zext i8 %v_offset_read to i16" [./wd_stage_2.h:160->./wd_stage_2.h:142]   --->   Operation 124 'zext' 'zext_ln160' <Predicate = true> <Delay = 0.00>
ST_36 : Operation 125 [1/1] (2.07ns) (out node of the LUT)   --->   "%add_ln160 = add i16 %empty_169, %zext_ln160" [./wd_stage_2.h:160->./wd_stage_2.h:142]   --->   Operation 125 'add' 'add_ln160' <Predicate = true> <Delay = 2.07> <Core = "AddSub">   --->   Core 14 'AddSub' <Latency = 0> <II = 1> <Delay = 2.55> <FuncUnit> <Opcode : 'add' 'sub'> <InPorts = 2> <OutPorts = 1>
ST_36 : Operation 126 [1/1] (0.00ns) (grouped into LUT with out node add_ln161)   --->   "%zext_ln161 = zext i16 %h_offset_read to i32" [./wd_stage_2.h:161->./wd_stage_2.h:142]   --->   Operation 126 'zext' 'zext_ln161' <Predicate = true> <Delay = 0.00>
ST_36 : Operation 127 [1/1] (2.55ns) (out node of the LUT)   --->   "%add_ln161 = add nsw i32 %empty, %zext_ln161" [./wd_stage_2.h:161->./wd_stage_2.h:142]   --->   Operation 127 'add' 'add_ln161' <Predicate = true> <Delay = 2.55> <Core = "AddSub">   --->   Core 14 'AddSub' <Latency = 0> <II = 1> <Delay = 2.55> <FuncUnit> <Opcode : 'add' 'sub'> <InPorts = 2> <OutPorts = 1>
ST_36 : Operation 128 [1/1] (0.00ns)   --->   "%tmp_i_i = call i48 @_ssdm_op_BitConcatenate.i48.i32.i16(i32 %add_ln161, i16 %add_ln160)" [./wd_stage_2.h:161->./wd_stage_2.h:142]   --->   Operation 128 'bitconcatenate' 'tmp_i_i' <Predicate = true> <Delay = 0.00>
ST_36 : Operation 129 [1/1] (0.00ns)   --->   "call void @_ssdm_op_Write.ap_auto.i48P(i48* %c, i48 %tmp_i_i)" [./wd_stage_2.h:161->./wd_stage_2.h:142]   --->   Operation 129 'write' <Predicate = true> <Delay = 0.00>
ST_36 : Operation 130 [1/1] (0.00ns)   --->   "ret void" [./wd_stage_2.h:142]   --->   Operation 130 'ret' <Predicate = true> <Delay = 0.00>


============================================================
+ Verbose Summary: Timing violations
============================================================
Target clock period: 50ns, clock uncertainty: 6.25ns.

 <State 1>: 4.24ns
The critical path consists of the following:
	wire read on port 'p_read' (./wd_stage_2.h:160) [15]  (0 ns)
	'icmp' operation ('icmp_ln156', ./wd_stage_2.h:156->./wd_stage_2.h:142) [18]  (2.47 ns)
	multiplexor before 'phi' operation ('empty', ./wd_stage_2.h:158->./wd_stage_2.h:142) with incoming values : ('p_read16', ./wd_stage_2.h:160) ('udiv_ln158', ./wd_stage_2.h:158->./wd_stage_2.h:142) [26]  (1.77 ns)

 <State 2>: 4.13ns
The critical path consists of the following:
	'udiv' operation ('udiv_ln157', ./wd_stage_2.h:157->./wd_stage_2.h:142) [21]  (4.13 ns)

 <State 3>: 4.13ns
The critical path consists of the following:
	'udiv' operation ('udiv_ln157', ./wd_stage_2.h:157->./wd_stage_2.h:142) [21]  (4.13 ns)

 <State 4>: 4.13ns
The critical path consists of the following:
	'udiv' operation ('udiv_ln157', ./wd_stage_2.h:157->./wd_stage_2.h:142) [21]  (4.13 ns)

 <State 5>: 4.13ns
The critical path consists of the following:
	'udiv' operation ('udiv_ln157', ./wd_stage_2.h:157->./wd_stage_2.h:142) [21]  (4.13 ns)

 <State 6>: 4.13ns
The critical path consists of the following:
	'udiv' operation ('udiv_ln157', ./wd_stage_2.h:157->./wd_stage_2.h:142) [21]  (4.13 ns)

 <State 7>: 4.13ns
The critical path consists of the following:
	'udiv' operation ('udiv_ln157', ./wd_stage_2.h:157->./wd_stage_2.h:142) [21]  (4.13 ns)

 <State 8>: 4.13ns
The critical path consists of the following:
	'udiv' operation ('udiv_ln157', ./wd_stage_2.h:157->./wd_stage_2.h:142) [21]  (4.13 ns)

 <State 9>: 4.13ns
The critical path consists of the following:
	'udiv' operation ('udiv_ln157', ./wd_stage_2.h:157->./wd_stage_2.h:142) [21]  (4.13 ns)

 <State 10>: 4.13ns
The critical path consists of the following:
	'udiv' operation ('udiv_ln157', ./wd_stage_2.h:157->./wd_stage_2.h:142) [21]  (4.13 ns)

 <State 11>: 4.13ns
The critical path consists of the following:
	'udiv' operation ('udiv_ln157', ./wd_stage_2.h:157->./wd_stage_2.h:142) [21]  (4.13 ns)

 <State 12>: 4.13ns
The critical path consists of the following:
	'udiv' operation ('udiv_ln157', ./wd_stage_2.h:157->./wd_stage_2.h:142) [21]  (4.13 ns)

 <State 13>: 4.13ns
The critical path consists of the following:
	'udiv' operation ('udiv_ln157', ./wd_stage_2.h:157->./wd_stage_2.h:142) [21]  (4.13 ns)

 <State 14>: 4.13ns
The critical path consists of the following:
	'udiv' operation ('udiv_ln157', ./wd_stage_2.h:157->./wd_stage_2.h:142) [21]  (4.13 ns)

 <State 15>: 4.13ns
The critical path consists of the following:
	'udiv' operation ('udiv_ln157', ./wd_stage_2.h:157->./wd_stage_2.h:142) [21]  (4.13 ns)

 <State 16>: 4.13ns
The critical path consists of the following:
	'udiv' operation ('udiv_ln157', ./wd_stage_2.h:157->./wd_stage_2.h:142) [21]  (4.13 ns)

 <State 17>: 4.13ns
The critical path consists of the following:
	'udiv' operation ('udiv_ln157', ./wd_stage_2.h:157->./wd_stage_2.h:142) [21]  (4.13 ns)

 <State 18>: 4.13ns
The critical path consists of the following:
	'udiv' operation ('udiv_ln157', ./wd_stage_2.h:157->./wd_stage_2.h:142) [21]  (4.13 ns)

 <State 19>: 4.13ns
The critical path consists of the following:
	'udiv' operation ('udiv_ln157', ./wd_stage_2.h:157->./wd_stage_2.h:142) [21]  (4.13 ns)

 <State 20>: 4.13ns
The critical path consists of the following:
	'udiv' operation ('udiv_ln157', ./wd_stage_2.h:157->./wd_stage_2.h:142) [21]  (4.13 ns)

 <State 21>: 4.13ns
The critical path consists of the following:
	'udiv' operation ('udiv_ln157', ./wd_stage_2.h:157->./wd_stage_2.h:142) [21]  (4.13 ns)

 <State 22>: 4.13ns
The critical path consists of the following:
	'udiv' operation ('udiv_ln157', ./wd_stage_2.h:157->./wd_stage_2.h:142) [21]  (4.13 ns)

 <State 23>: 4.13ns
The critical path consists of the following:
	'udiv' operation ('udiv_ln157', ./wd_stage_2.h:157->./wd_stage_2.h:142) [21]  (4.13 ns)

 <State 24>: 4.13ns
The critical path consists of the following:
	'udiv' operation ('udiv_ln157', ./wd_stage_2.h:157->./wd_stage_2.h:142) [21]  (4.13 ns)

 <State 25>: 4.13ns
The critical path consists of the following:
	'udiv' operation ('udiv_ln157', ./wd_stage_2.h:157->./wd_stage_2.h:142) [21]  (4.13 ns)

 <State 26>: 4.13ns
The critical path consists of the following:
	'udiv' operation ('udiv_ln157', ./wd_stage_2.h:157->./wd_stage_2.h:142) [21]  (4.13 ns)

 <State 27>: 4.13ns
The critical path consists of the following:
	'udiv' operation ('udiv_ln157', ./wd_stage_2.h:157->./wd_stage_2.h:142) [21]  (4.13 ns)

 <State 28>: 4.13ns
The critical path consists of the following:
	'udiv' operation ('udiv_ln157', ./wd_stage_2.h:157->./wd_stage_2.h:142) [21]  (4.13 ns)

 <State 29>: 4.13ns
The critical path consists of the following:
	'udiv' operation ('udiv_ln157', ./wd_stage_2.h:157->./wd_stage_2.h:142) [21]  (4.13 ns)

 <State 30>: 4.13ns
The critical path consists of the following:
	'udiv' operation ('udiv_ln157', ./wd_stage_2.h:157->./wd_stage_2.h:142) [21]  (4.13 ns)

 <State 31>: 4.13ns
The critical path consists of the following:
	'udiv' operation ('udiv_ln157', ./wd_stage_2.h:157->./wd_stage_2.h:142) [21]  (4.13 ns)

 <State 32>: 4.13ns
The critical path consists of the following:
	'udiv' operation ('udiv_ln157', ./wd_stage_2.h:157->./wd_stage_2.h:142) [21]  (4.13 ns)

 <State 33>: 4.13ns
The critical path consists of the following:
	'udiv' operation ('udiv_ln157', ./wd_stage_2.h:157->./wd_stage_2.h:142) [21]  (4.13 ns)

 <State 34>: 4.13ns
The critical path consists of the following:
	'udiv' operation ('udiv_ln157', ./wd_stage_2.h:157->./wd_stage_2.h:142) [21]  (4.13 ns)

 <State 35>: 4.13ns
The critical path consists of the following:
	'udiv' operation ('udiv_ln157', ./wd_stage_2.h:157->./wd_stage_2.h:142) [21]  (4.13 ns)

 <State 36>: 8.46ns
The critical path consists of the following:
	'udiv' operation ('udiv_ln158', ./wd_stage_2.h:158->./wd_stage_2.h:142) [23]  (4.13 ns)
	multiplexor before 'phi' operation ('empty', ./wd_stage_2.h:158->./wd_stage_2.h:142) with incoming values : ('p_read16', ./wd_stage_2.h:160) ('udiv_ln158', ./wd_stage_2.h:158->./wd_stage_2.h:142) [26]  (1.77 ns)
	'phi' operation ('empty', ./wd_stage_2.h:158->./wd_stage_2.h:142) with incoming values : ('p_read16', ./wd_stage_2.h:160) ('udiv_ln158', ./wd_stage_2.h:158->./wd_stage_2.h:142) [26]  (0 ns)
	'add' operation ('add_ln161', ./wd_stage_2.h:161->./wd_stage_2.h:142) [31]  (2.55 ns)


============================================================
+ Verbose Summary: Binding
============================================================
N/A
* FSMD analyzer results:
  - Output states:
 - Input state : 
  - Chain level:
	State 1
	State 2
	State 3
	State 4
	State 5
	State 6
	State 7
	State 8
	State 9
	State 10
	State 11
	State 12
	State 13
	State 14
	State 15
	State 16
	State 17
	State 18
	State 19
	State 20
	State 21
	State 22
	State 23
	State 24
	State 25
	State 26
	State 27
	State 28
	State 29
	State 30
	State 31
	State 32
	State 33
	State 34
	State 35
	State 36


============================================================
+ Verbose Summary: Datapath Resource usage 
============================================================
N/A
