

================================================================
== Vivado HLS Report for 'Inverse'
================================================================
* Date:           Wed Mar 18 11:33:55 2020

* Version:        2019.2.1 (Build 2724168 on Thu Dec 05 05:19:09 MST 2019)
* Project:        WeedD
* Solution:       solution1
* Product family: zynq
* Target device:  xc7z020-clg400-1


================================================================
== Performance Estimates
================================================================
+ Timing: 
    * Summary: 
    +--------+----------+-----------+------------+
    |  Clock |  Target  | Estimated | Uncertainty|
    +--------+----------+-----------+------------+
    |ap_clk  | 50.00 ns | 16.680 ns |   6.25 ns  |
    +--------+----------+-----------+------------+

+ Latency: 
    * Summary: 
    +---------+---------+-----------+-----------+-----+-----+----------+
    |  Latency (cycles) |   Latency (absolute)  |  Interval | Pipeline |
    |   min   |   max   |    min    |    max    | min | max |   Type   |
    +---------+---------+-----------+-----------+-----+-----+----------+
    |        1|        1| 50.000 ns | 50.000 ns |    1|    1| function |
    +---------+---------+-----------+-----------+-----+-----+----------+

    + Detail: 
        * Instance: 
        N/A

        * Loop: 
        N/A

============================================================
+ Verbose Summary: Synthesis Manager
============================================================
InlineROM: 1
ExposeGlobal: 0
============================================================
+ Verbose Summary: CDFG Model
============================================================
IsTopModel: 0
ResetActiveHigh: 1
IsCombinational: 0
IsDatapathOnly: 0
HasWiredReturn: 1
HasMFsm: 2
HasVarLatency: 0
IsPipeline: 1
IsRtlPipelined: 1
IsInstanceOverlapped: 0
IsDontTouch: 0
HasImplIP: 0
IsGatedGlobalClock: 0

+ Individual pipeline summary: 
  * Pipeline-0: initiation interval (II) = 1, depth = 2


============================================================
+ Verbose Summary: Schedule
============================================================
* Number of FSM states : 2
* Pipeline : 1
  Pipeline-0 : II = 1, D = 2, States = { 1 2 }
* Dataflow Pipeline: 0

* FSM state transitions: 
1 --> 2 
2 --> 

* FSM state operations: 

State 1 <SV = 0> <Delay = 16.6>
ST_1 : Operation 3 [1/1] (0.00ns)   --->   "%N_read_1 = call i8 @_ssdm_op_Read.ap_auto.i8(i8 %N_read) nounwind" [D:/Xilinx/xfopencv-master/include\core/xf_math.h:224]   --->   Operation 3 'read' 'N_read_1' <Predicate = true> <Delay = 0.00>
ST_1 : Operation 4 [1/1] (0.00ns)   --->   "%M_read = call i6 @_ssdm_op_Read.ap_auto.i6(i6 %M) nounwind" [D:/Xilinx/xfopencv-master/include\core/xf_math.h:224]   --->   Operation 4 'read' 'M_read' <Predicate = true> <Delay = 0.00>
ST_1 : Operation 5 [1/1] (0.00ns)   --->   "%x_read = call i16 @_ssdm_op_Read.ap_auto.i16(i16 %x) nounwind" [D:/Xilinx/xfopencv-master/include\core/xf_math.h:224]   --->   Operation 5 'read' 'x_read' <Predicate = true> <Delay = 0.00>
ST_1 : Operation 6 [1/1] (0.00ns)   --->   "%tmpx = call i4 @_ssdm_op_PartSelect.i4.i16.i32.i32(i16 %x_read, i32 8, i32 11)" [D:/Xilinx/xfopencv-master/include\core/xf_math.h:236]   --->   Operation 6 'partselect' 'tmpx' <Predicate = true> <Delay = 0.00>
ST_1 : Operation 7 [1/1] (0.00ns)   --->   "%tmpx_1 = call i4 @_ssdm_op_PartSelect.i4.i16.i32.i32(i16 %x_read, i32 4, i32 7)" [D:/Xilinx/xfopencv-master/include\core/xf_math.h:237]   --->   Operation 7 'partselect' 'tmpx_1' <Predicate = true> <Delay = 0.00>
ST_1 : Operation 8 [1/1] (0.00ns)   --->   "%tmpx_2 = trunc i16 %x_read to i4" [D:/Xilinx/xfopencv-master/include\core/xf_math.h:238]   --->   Operation 8 'trunc' 'tmpx_2' <Predicate = true> <Delay = 0.00>
ST_1 : Operation 9 [1/1] (2.42ns)   --->   "%icmp_ln242 = icmp eq i16 %x_read, 0" [D:/Xilinx/xfopencv-master/include\core/xf_math.h:242]   --->   Operation 9 'icmp' 'icmp_ln242' <Predicate = true> <Delay = 2.42> <Core = "Cmp">   --->   Core 25 'Cmp' <Latency = 0> <II = 1> <Delay = 1.36> <FuncUnit> <Opcode : 'icmp'> <InPorts = 2> <OutPorts = 1>
ST_1 : Operation 10 [1/1] (1.76ns)   --->   "br i1 %icmp_ln242, label %5, label %0" [D:/Xilinx/xfopencv-master/include\core/xf_math.h:242]   --->   Operation 10 'br' <Predicate = true> <Delay = 1.76>
ST_1 : Operation 11 [1/1] (0.00ns)   --->   "%tmp = call i4 @_ssdm_op_PartSelect.i4.i16.i32.i32(i16 %x_read, i32 12, i32 15)" [D:/Xilinx/xfopencv-master/include\core/xf_math.h:246]   --->   Operation 11 'partselect' 'tmp' <Predicate = (!icmp_ln242)> <Delay = 0.00>
ST_1 : Operation 12 [1/1] (1.30ns)   --->   "%icmp_ln246 = icmp eq i4 %tmp, 0" [D:/Xilinx/xfopencv-master/include\core/xf_math.h:246]   --->   Operation 12 'icmp' 'icmp_ln246' <Predicate = (!icmp_ln242)> <Delay = 1.30> <Core = "Cmp">   --->   Core 25 'Cmp' <Latency = 0> <II = 1> <Delay = 1.36> <FuncUnit> <Opcode : 'icmp'> <InPorts = 2> <OutPorts = 1>
ST_1 : Operation 13 [1/1] (0.00ns)   --->   "br i1 %icmp_ln246, label %1, label %.preheader15.0" [D:/Xilinx/xfopencv-master/include\core/xf_math.h:246]   --->   Operation 13 'br' <Predicate = (!icmp_ln242)> <Delay = 0.00>
ST_1 : Operation 14 [1/1] (0.00ns)   --->   "%tmp_62 = call i1 @_ssdm_op_BitSelect.i1.i16.i32(i16 %x_read, i32 15)" [D:/Xilinx/xfopencv-master/include\core/xf_math.h:253]   --->   Operation 14 'bitselect' 'tmp_62' <Predicate = (!icmp_ln242 & !icmp_ln246)> <Delay = 0.00>
ST_1 : Operation 15 [1/1] (1.97ns)   --->   "br i1 %tmp_62, label %.loopexit3, label %.preheader15.1" [D:/Xilinx/xfopencv-master/include\core/xf_math.h:253]   --->   Operation 15 'br' <Predicate = (!icmp_ln242 & !icmp_ln246)> <Delay = 1.97>
ST_1 : Operation 16 [1/1] (0.00ns)   --->   "%tmp_64 = call i2 @_ssdm_op_PartSelect.i2.i16.i32.i32(i16 %x_read, i32 14, i32 15)" [D:/Xilinx/xfopencv-master/include\core/xf_math.h:253]   --->   Operation 16 'partselect' 'tmp_64' <Predicate = (!icmp_ln242 & !icmp_ln246 & !tmp_62)> <Delay = 0.00>
ST_1 : Operation 17 [1/1] (0.95ns)   --->   "%icmp_ln253 = icmp eq i2 %tmp_64, 0" [D:/Xilinx/xfopencv-master/include\core/xf_math.h:253]   --->   Operation 17 'icmp' 'icmp_ln253' <Predicate = (!icmp_ln242 & !icmp_ln246 & !tmp_62)> <Delay = 0.95> <Core = "Cmp">   --->   Core 25 'Cmp' <Latency = 0> <II = 1> <Delay = 1.36> <FuncUnit> <Opcode : 'icmp'> <InPorts = 2> <OutPorts = 1>
ST_1 : Operation 18 [1/1] (1.97ns)   --->   "br i1 %icmp_ln253, label %.preheader15.2, label %.loopexit3" [D:/Xilinx/xfopencv-master/include\core/xf_math.h:253]   --->   Operation 18 'br' <Predicate = (!icmp_ln242 & !icmp_ln246 & !tmp_62)> <Delay = 1.97>
ST_1 : Operation 19 [1/1] (0.00ns)   --->   "%tmp_68 = call i3 @_ssdm_op_PartSelect.i3.i16.i32.i32(i16 %x_read, i32 13, i32 15)" [D:/Xilinx/xfopencv-master/include\core/xf_math.h:253]   --->   Operation 19 'partselect' 'tmp_68' <Predicate = (!icmp_ln242 & !icmp_ln246 & !tmp_62 & icmp_ln253)> <Delay = 0.00>
ST_1 : Operation 20 [1/1] (1.13ns)   --->   "%icmp_ln253_1 = icmp eq i3 %tmp_68, 0" [D:/Xilinx/xfopencv-master/include\core/xf_math.h:253]   --->   Operation 20 'icmp' 'icmp_ln253_1' <Predicate = (!icmp_ln242 & !icmp_ln246 & !tmp_62 & icmp_ln253)> <Delay = 1.13> <Core = "Cmp">   --->   Core 25 'Cmp' <Latency = 0> <II = 1> <Delay = 1.36> <FuncUnit> <Opcode : 'icmp'> <InPorts = 2> <OutPorts = 1>
ST_1 : Operation 21 [1/1] (0.98ns)   --->   "%select_ln253 = select i1 %icmp_ln253_1, i3 -4, i3 3" [D:/Xilinx/xfopencv-master/include\core/xf_math.h:253]   --->   Operation 21 'select' 'select_ln253' <Predicate = (!icmp_ln242 & !icmp_ln246 & !tmp_62 & icmp_ln253)> <Delay = 0.98> <Core = "Sel">   --->   Core 26 'Sel' <Latency = 0> <II = 1> <Delay = 0.98> <FuncUnit> <Opcode : 'select'> <InPorts = 3> <OutPorts = 1>
ST_1 : Operation 22 [1/1] (1.97ns)   --->   "br label %.loopexit3" [D:/Xilinx/xfopencv-master/include\core/xf_math.h:253]   --->   Operation 22 'br' <Predicate = (!icmp_ln242 & !icmp_ln246 & !tmp_62 & icmp_ln253)> <Delay = 1.97>
ST_1 : Operation 23 [1/1] (1.30ns)   --->   "%icmp_ln259 = icmp eq i4 %tmpx, 0" [D:/Xilinx/xfopencv-master/include\core/xf_math.h:259]   --->   Operation 23 'icmp' 'icmp_ln259' <Predicate = (!icmp_ln242 & icmp_ln246)> <Delay = 1.30> <Core = "Cmp">   --->   Core 25 'Cmp' <Latency = 0> <II = 1> <Delay = 1.36> <FuncUnit> <Opcode : 'icmp'> <InPorts = 2> <OutPorts = 1>
ST_1 : Operation 24 [1/1] (0.00ns)   --->   "br i1 %icmp_ln259, label %2, label %.preheader12.0" [D:/Xilinx/xfopencv-master/include\core/xf_math.h:259]   --->   Operation 24 'br' <Predicate = (!icmp_ln242 & icmp_ln246)> <Delay = 0.00>
ST_1 : Operation 25 [1/1] (0.00ns)   --->   "%tmp_63 = call i1 @_ssdm_op_BitSelect.i1.i16.i32(i16 %x_read, i32 11)" [D:/Xilinx/xfopencv-master/include\core/xf_math.h:266]   --->   Operation 25 'bitselect' 'tmp_63' <Predicate = (!icmp_ln242 & icmp_ln246 & !icmp_ln259)> <Delay = 0.00>
ST_1 : Operation 26 [1/1] (1.97ns)   --->   "br i1 %tmp_63, label %.loopexit3, label %.preheader12.1" [D:/Xilinx/xfopencv-master/include\core/xf_math.h:266]   --->   Operation 26 'br' <Predicate = (!icmp_ln242 & icmp_ln246 & !icmp_ln259)> <Delay = 1.97>
ST_1 : Operation 27 [1/1] (0.00ns)   --->   "%tmp_67 = call i2 @_ssdm_op_PartSelect.i2.i16.i32.i32(i16 %x_read, i32 10, i32 11)" [D:/Xilinx/xfopencv-master/include\core/xf_math.h:266]   --->   Operation 27 'partselect' 'tmp_67' <Predicate = (!icmp_ln242 & icmp_ln246 & !icmp_ln259 & !tmp_63)> <Delay = 0.00>
ST_1 : Operation 28 [1/1] (0.95ns)   --->   "%icmp_ln266 = icmp eq i2 %tmp_67, 0" [D:/Xilinx/xfopencv-master/include\core/xf_math.h:266]   --->   Operation 28 'icmp' 'icmp_ln266' <Predicate = (!icmp_ln242 & icmp_ln246 & !icmp_ln259 & !tmp_63)> <Delay = 0.95> <Core = "Cmp">   --->   Core 25 'Cmp' <Latency = 0> <II = 1> <Delay = 1.36> <FuncUnit> <Opcode : 'icmp'> <InPorts = 2> <OutPorts = 1>
ST_1 : Operation 29 [1/1] (1.97ns)   --->   "br i1 %icmp_ln266, label %.preheader12.2, label %.loopexit3" [D:/Xilinx/xfopencv-master/include\core/xf_math.h:266]   --->   Operation 29 'br' <Predicate = (!icmp_ln242 & icmp_ln246 & !icmp_ln259 & !tmp_63)> <Delay = 1.97>
ST_1 : Operation 30 [1/1] (0.00ns)   --->   "%tmp_71 = call i3 @_ssdm_op_PartSelect.i3.i16.i32.i32(i16 %x_read, i32 9, i32 11)" [D:/Xilinx/xfopencv-master/include\core/xf_math.h:266]   --->   Operation 30 'partselect' 'tmp_71' <Predicate = (!icmp_ln242 & icmp_ln246 & !icmp_ln259 & !tmp_63 & icmp_ln266)> <Delay = 0.00>
ST_1 : Operation 31 [1/1] (1.13ns)   --->   "%icmp_ln266_1 = icmp eq i3 %tmp_71, 0" [D:/Xilinx/xfopencv-master/include\core/xf_math.h:266]   --->   Operation 31 'icmp' 'icmp_ln266_1' <Predicate = (!icmp_ln242 & icmp_ln246 & !icmp_ln259 & !tmp_63 & icmp_ln266)> <Delay = 1.13> <Core = "Cmp">   --->   Core 25 'Cmp' <Latency = 0> <II = 1> <Delay = 1.36> <FuncUnit> <Opcode : 'icmp'> <InPorts = 2> <OutPorts = 1>
ST_1 : Operation 32 [1/1] (0.98ns)   --->   "%select_ln266 = select i1 %icmp_ln266_1, i3 -4, i3 3" [D:/Xilinx/xfopencv-master/include\core/xf_math.h:266]   --->   Operation 32 'select' 'select_ln266' <Predicate = (!icmp_ln242 & icmp_ln246 & !icmp_ln259 & !tmp_63 & icmp_ln266)> <Delay = 0.98> <Core = "Sel">   --->   Core 26 'Sel' <Latency = 0> <II = 1> <Delay = 0.98> <FuncUnit> <Opcode : 'select'> <InPorts = 3> <OutPorts = 1>
ST_1 : Operation 33 [1/1] (1.97ns)   --->   "br label %.loopexit3" [D:/Xilinx/xfopencv-master/include\core/xf_math.h:266]   --->   Operation 33 'br' <Predicate = (!icmp_ln242 & icmp_ln246 & !icmp_ln259 & !tmp_63 & icmp_ln266)> <Delay = 1.97>
ST_1 : Operation 34 [1/1] (1.30ns)   --->   "%icmp_ln272 = icmp eq i4 %tmpx_1, 0" [D:/Xilinx/xfopencv-master/include\core/xf_math.h:272]   --->   Operation 34 'icmp' 'icmp_ln272' <Predicate = (!icmp_ln242 & icmp_ln246 & icmp_ln259)> <Delay = 1.30> <Core = "Cmp">   --->   Core 25 'Cmp' <Latency = 0> <II = 1> <Delay = 1.36> <FuncUnit> <Opcode : 'icmp'> <InPorts = 2> <OutPorts = 1>
ST_1 : Operation 35 [1/1] (0.00ns)   --->   "br i1 %icmp_ln272, label %.preheader.0, label %.preheader9.0" [D:/Xilinx/xfopencv-master/include\core/xf_math.h:272]   --->   Operation 35 'br' <Predicate = (!icmp_ln242 & icmp_ln246 & icmp_ln259)> <Delay = 0.00>
ST_1 : Operation 36 [1/1] (0.00ns)   --->   "%tmp_66 = call i1 @_ssdm_op_BitSelect.i1.i16.i32(i16 %x_read, i32 7)" [D:/Xilinx/xfopencv-master/include\core/xf_math.h:279]   --->   Operation 36 'bitselect' 'tmp_66' <Predicate = (!icmp_ln242 & icmp_ln246 & icmp_ln259 & !icmp_ln272)> <Delay = 0.00>
ST_1 : Operation 37 [1/1] (1.97ns)   --->   "br i1 %tmp_66, label %.loopexit3, label %.preheader9.1" [D:/Xilinx/xfopencv-master/include\core/xf_math.h:279]   --->   Operation 37 'br' <Predicate = (!icmp_ln242 & icmp_ln246 & icmp_ln259 & !icmp_ln272)> <Delay = 1.97>
ST_1 : Operation 38 [1/1] (0.00ns)   --->   "%tmp_70 = call i2 @_ssdm_op_PartSelect.i2.i16.i32.i32(i16 %x_read, i32 6, i32 7)" [D:/Xilinx/xfopencv-master/include\core/xf_math.h:279]   --->   Operation 38 'partselect' 'tmp_70' <Predicate = (!icmp_ln242 & icmp_ln246 & icmp_ln259 & !icmp_ln272 & !tmp_66)> <Delay = 0.00>
ST_1 : Operation 39 [1/1] (0.95ns)   --->   "%icmp_ln279 = icmp eq i2 %tmp_70, 0" [D:/Xilinx/xfopencv-master/include\core/xf_math.h:279]   --->   Operation 39 'icmp' 'icmp_ln279' <Predicate = (!icmp_ln242 & icmp_ln246 & icmp_ln259 & !icmp_ln272 & !tmp_66)> <Delay = 0.95> <Core = "Cmp">   --->   Core 25 'Cmp' <Latency = 0> <II = 1> <Delay = 1.36> <FuncUnit> <Opcode : 'icmp'> <InPorts = 2> <OutPorts = 1>
ST_1 : Operation 40 [1/1] (1.97ns)   --->   "br i1 %icmp_ln279, label %.preheader9.2, label %.loopexit3" [D:/Xilinx/xfopencv-master/include\core/xf_math.h:279]   --->   Operation 40 'br' <Predicate = (!icmp_ln242 & icmp_ln246 & icmp_ln259 & !icmp_ln272 & !tmp_66)> <Delay = 1.97>
ST_1 : Operation 41 [1/1] (0.00ns)   --->   "%tmp_73 = call i3 @_ssdm_op_PartSelect.i3.i16.i32.i32(i16 %x_read, i32 5, i32 7)" [D:/Xilinx/xfopencv-master/include\core/xf_math.h:279]   --->   Operation 41 'partselect' 'tmp_73' <Predicate = (!icmp_ln242 & icmp_ln246 & icmp_ln259 & !icmp_ln272 & !tmp_66 & icmp_ln279)> <Delay = 0.00>
ST_1 : Operation 42 [1/1] (1.13ns)   --->   "%icmp_ln279_1 = icmp eq i3 %tmp_73, 0" [D:/Xilinx/xfopencv-master/include\core/xf_math.h:279]   --->   Operation 42 'icmp' 'icmp_ln279_1' <Predicate = (!icmp_ln242 & icmp_ln246 & icmp_ln259 & !icmp_ln272 & !tmp_66 & icmp_ln279)> <Delay = 1.13> <Core = "Cmp">   --->   Core 25 'Cmp' <Latency = 0> <II = 1> <Delay = 1.36> <FuncUnit> <Opcode : 'icmp'> <InPorts = 2> <OutPorts = 1>
ST_1 : Operation 43 [1/1] (0.98ns)   --->   "%select_ln279 = select i1 %icmp_ln279_1, i3 -4, i3 3" [D:/Xilinx/xfopencv-master/include\core/xf_math.h:279]   --->   Operation 43 'select' 'select_ln279' <Predicate = (!icmp_ln242 & icmp_ln246 & icmp_ln259 & !icmp_ln272 & !tmp_66 & icmp_ln279)> <Delay = 0.98> <Core = "Sel">   --->   Core 26 'Sel' <Latency = 0> <II = 1> <Delay = 0.98> <FuncUnit> <Opcode : 'select'> <InPorts = 3> <OutPorts = 1>
ST_1 : Operation 44 [1/1] (1.97ns)   --->   "br label %.loopexit3" [D:/Xilinx/xfopencv-master/include\core/xf_math.h:279]   --->   Operation 44 'br' <Predicate = (!icmp_ln242 & icmp_ln246 & icmp_ln259 & !icmp_ln272 & !tmp_66 & icmp_ln279)> <Delay = 1.97>
ST_1 : Operation 45 [1/1] (0.00ns)   --->   "%tmp_65 = call i1 @_ssdm_op_BitSelect.i1.i16.i32(i16 %x_read, i32 3)" [D:/Xilinx/xfopencv-master/include\core/xf_math.h:292]   --->   Operation 45 'bitselect' 'tmp_65' <Predicate = (!icmp_ln242 & icmp_ln246 & icmp_ln259 & icmp_ln272)> <Delay = 0.00>
ST_1 : Operation 46 [1/1] (1.97ns)   --->   "br i1 %tmp_65, label %.loopexit3, label %.preheader.1" [D:/Xilinx/xfopencv-master/include\core/xf_math.h:292]   --->   Operation 46 'br' <Predicate = (!icmp_ln242 & icmp_ln246 & icmp_ln259 & icmp_ln272)> <Delay = 1.97>
ST_1 : Operation 47 [1/1] (0.00ns)   --->   "%tmp_69 = call i2 @_ssdm_op_PartSelect.i2.i16.i32.i32(i16 %x_read, i32 2, i32 3)" [D:/Xilinx/xfopencv-master/include\core/xf_math.h:292]   --->   Operation 47 'partselect' 'tmp_69' <Predicate = (!icmp_ln242 & icmp_ln246 & icmp_ln259 & icmp_ln272 & !tmp_65)> <Delay = 0.00>
ST_1 : Operation 48 [1/1] (0.95ns)   --->   "%icmp_ln292 = icmp eq i2 %tmp_69, 0" [D:/Xilinx/xfopencv-master/include\core/xf_math.h:292]   --->   Operation 48 'icmp' 'icmp_ln292' <Predicate = (!icmp_ln242 & icmp_ln246 & icmp_ln259 & icmp_ln272 & !tmp_65)> <Delay = 0.95> <Core = "Cmp">   --->   Core 25 'Cmp' <Latency = 0> <II = 1> <Delay = 1.36> <FuncUnit> <Opcode : 'icmp'> <InPorts = 2> <OutPorts = 1>
ST_1 : Operation 49 [1/1] (1.97ns)   --->   "br i1 %icmp_ln292, label %.preheader.2, label %.loopexit3" [D:/Xilinx/xfopencv-master/include\core/xf_math.h:292]   --->   Operation 49 'br' <Predicate = (!icmp_ln242 & icmp_ln246 & icmp_ln259 & icmp_ln272 & !tmp_65)> <Delay = 1.97>
ST_1 : Operation 50 [1/1] (0.00ns)   --->   "%tmp_72 = call i3 @_ssdm_op_PartSelect.i3.i16.i32.i32(i16 %x_read, i32 1, i32 3)" [D:/Xilinx/xfopencv-master/include\core/xf_math.h:292]   --->   Operation 50 'partselect' 'tmp_72' <Predicate = (!icmp_ln242 & icmp_ln246 & icmp_ln259 & icmp_ln272 & !tmp_65 & icmp_ln292)> <Delay = 0.00>
ST_1 : Operation 51 [1/1] (1.13ns)   --->   "%icmp_ln292_1 = icmp eq i3 %tmp_72, 0" [D:/Xilinx/xfopencv-master/include\core/xf_math.h:292]   --->   Operation 51 'icmp' 'icmp_ln292_1' <Predicate = (!icmp_ln242 & icmp_ln246 & icmp_ln259 & icmp_ln272 & !tmp_65 & icmp_ln292)> <Delay = 1.13> <Core = "Cmp">   --->   Core 25 'Cmp' <Latency = 0> <II = 1> <Delay = 1.36> <FuncUnit> <Opcode : 'icmp'> <InPorts = 2> <OutPorts = 1>
ST_1 : Operation 52 [1/1] (1.97ns)   --->   "br i1 %icmp_ln292_1, label %.preheader.3, label %.loopexit3" [D:/Xilinx/xfopencv-master/include\core/xf_math.h:292]   --->   Operation 52 'br' <Predicate = (!icmp_ln242 & icmp_ln246 & icmp_ln259 & icmp_ln272 & !tmp_65 & icmp_ln292)> <Delay = 1.97>
ST_1 : Operation 53 [1/1] (1.30ns)   --->   "%icmp_ln292_2 = icmp eq i4 %tmpx_2, 0" [D:/Xilinx/xfopencv-master/include\core/xf_math.h:292]   --->   Operation 53 'icmp' 'icmp_ln292_2' <Predicate = (!icmp_ln242 & icmp_ln246 & icmp_ln259 & icmp_ln272 & !tmp_65 & icmp_ln292 & icmp_ln292_1)> <Delay = 1.30> <Core = "Cmp">   --->   Core 25 'Cmp' <Latency = 0> <II = 1> <Delay = 1.36> <FuncUnit> <Opcode : 'icmp'> <InPorts = 2> <OutPorts = 1>
ST_1 : Operation 54 [1/1] (0.98ns)   --->   "%select_ln292 = select i1 %icmp_ln292_2, i3 0, i3 -4" [D:/Xilinx/xfopencv-master/include\core/xf_math.h:292]   --->   Operation 54 'select' 'select_ln292' <Predicate = (!icmp_ln242 & icmp_ln246 & icmp_ln259 & icmp_ln272 & !tmp_65 & icmp_ln292 & icmp_ln292_1)> <Delay = 0.98> <Core = "Sel">   --->   Core 26 'Sel' <Latency = 0> <II = 1> <Delay = 0.98> <FuncUnit> <Opcode : 'select'> <InPorts = 3> <OutPorts = 1>
ST_1 : Operation 55 [1/1] (1.97ns)   --->   "br label %.loopexit3" [D:/Xilinx/xfopencv-master/include\core/xf_math.h:292]   --->   Operation 55 'br' <Predicate = (!icmp_ln242 & icmp_ln246 & icmp_ln259 & icmp_ln272 & !tmp_65 & icmp_ln292 & icmp_ln292_1)> <Delay = 1.97>
ST_1 : Operation 56 [1/1] (0.00ns)   --->   "%pos_6 = phi i3 [ 1, %.preheader15.0 ], [ 2, %.preheader15.1 ], [ 1, %.preheader12.0 ], [ 2, %.preheader12.1 ], [ 1, %.preheader9.0 ], [ 2, %.preheader9.1 ], [ 1, %.preheader.0 ], [ 2, %.preheader.1 ], [ 3, %.preheader.2 ], [ %select_ln292, %.preheader.3 ], [ %select_ln279, %.preheader9.2 ], [ %select_ln266, %.preheader12.2 ], [ %select_ln253, %.preheader15.2 ]" [D:/Xilinx/xfopencv-master/include\core/xf_math.h:292]   --->   Operation 56 'phi' 'pos_6' <Predicate = (!icmp_ln242)> <Delay = 0.00>
ST_1 : Operation 57 [1/1] (0.00ns) (grouped into LUT with out node B_L)   --->   "%block_2 = phi i4 [ 0, %.preheader15.0 ], [ 0, %.preheader15.1 ], [ 4, %.preheader12.0 ], [ 4, %.preheader12.1 ], [ -8, %.preheader9.0 ], [ -8, %.preheader9.1 ], [ -4, %.preheader.0 ], [ -4, %.preheader.1 ], [ -4, %.preheader.2 ], [ -4, %.preheader.3 ], [ -8, %.preheader9.2 ], [ 4, %.preheader12.2 ], [ 0, %.preheader15.2 ]"   --->   Operation 57 'phi' 'block_2' <Predicate = (!icmp_ln242)> <Delay = 0.00>
ST_1 : Operation 58 [1/1] (0.00ns) (grouped into LUT with out node B_L)   --->   "%zext_ln299 = zext i3 %pos_6 to i5" [D:/Xilinx/xfopencv-master/include\core/xf_math.h:299]   --->   Operation 58 'zext' 'zext_ln299' <Predicate = (!icmp_ln242)> <Delay = 0.00>
ST_1 : Operation 59 [1/1] (0.00ns) (grouped into LUT with out node B_L)   --->   "%zext_ln299_1 = zext i4 %block_2 to i5" [D:/Xilinx/xfopencv-master/include\core/xf_math.h:299]   --->   Operation 59 'zext' 'zext_ln299_1' <Predicate = (!icmp_ln242)> <Delay = 0.00>
ST_1 : Operation 60 [1/1] (1.73ns) (out node of the LUT)   --->   "%B_L = add i5 %zext_ln299_1, %zext_ln299" [D:/Xilinx/xfopencv-master/include\core/xf_math.h:299]   --->   Operation 60 'add' 'B_L' <Predicate = (!icmp_ln242)> <Delay = 1.73> <Core = "AddSub">   --->   Core 14 'AddSub' <Latency = 0> <II = 1> <Delay = 1.78> <FuncUnit> <Opcode : 'add' 'sub'> <InPorts = 2> <OutPorts = 1>
ST_1 : Operation 61 [1/1] (0.00ns)   --->   "%zext_ln299_2 = zext i5 %B_L to i6" [D:/Xilinx/xfopencv-master/include\core/xf_math.h:299]   --->   Operation 61 'zext' 'zext_ln299_2' <Predicate = (!icmp_ln242)> <Delay = 0.00>
ST_1 : Operation 62 [1/1] (1.36ns)   --->   "%icmp_ln301 = icmp eq i5 %B_L, 0" [D:/Xilinx/xfopencv-master/include\core/xf_math.h:301]   --->   Operation 62 'icmp' 'icmp_ln301' <Predicate = (!icmp_ln242)> <Delay = 1.36> <Core = "Cmp">   --->   Core 25 'Cmp' <Latency = 0> <II = 1> <Delay = 1.36> <FuncUnit> <Opcode : 'icmp'> <InPorts = 2> <OutPorts = 1>
ST_1 : Operation 63 [1/1] (0.00ns)   --->   "%trunc_ln301 = trunc i16 %x_read to i15" [D:/Xilinx/xfopencv-master/include\core/xf_math.h:301]   --->   Operation 63 'trunc' 'trunc_ln301' <Predicate = (!icmp_ln242)> <Delay = 0.00>
ST_1 : Operation 64 [1/1] (1.76ns)   --->   "br i1 %icmp_ln301, label %4, label %3" [D:/Xilinx/xfopencv-master/include\core/xf_math.h:301]   --->   Operation 64 'br' <Predicate = (!icmp_ln242)> <Delay = 1.76>
ST_1 : Operation 65 [1/1] (1.78ns)   --->   "%add_ln302 = add i5 %B_L, -1" [D:/Xilinx/xfopencv-master/include\core/xf_math.h:302]   --->   Operation 65 'add' 'add_ln302' <Predicate = (!icmp_ln242 & !icmp_ln301)> <Delay = 1.78> <Core = "AddSub">   --->   Core 14 'AddSub' <Latency = 0> <II = 1> <Delay = 1.78> <FuncUnit> <Opcode : 'add' 'sub'> <InPorts = 2> <OutPorts = 1>
ST_1 : Operation 66 [1/1] (0.00ns)   --->   "%zext_ln302 = zext i5 %add_ln302 to i15" [D:/Xilinx/xfopencv-master/include\core/xf_math.h:302]   --->   Operation 66 'zext' 'zext_ln302' <Predicate = (!icmp_ln242 & !icmp_ln301)> <Delay = 0.00>
ST_1 : Operation 67 [1/1] (3.88ns)   --->   "%shl_ln302 = shl i15 %trunc_ln301, %zext_ln302" [D:/Xilinx/xfopencv-master/include\core/xf_math.h:302]   --->   Operation 67 'shl' 'shl_ln302' <Predicate = (!icmp_ln242 & !icmp_ln301)> <Delay = 3.88> <Core = "Shift">   --->   Core 28 'Shift' <Latency = 0> <II = 1> <Delay = 3.88> <FuncUnit> <Opcode : 'shl' 'lshr' 'ashr'> <InPorts = 2> <OutPorts = 1>
ST_1 : Operation 68 [1/1] (1.76ns)   --->   "br label %4" [D:/Xilinx/xfopencv-master/include\core/xf_math.h:302]   --->   Operation 68 'br' <Predicate = (!icmp_ln242 & !icmp_ln301)> <Delay = 1.76>
ST_1 : Operation 69 [1/1] (0.00ns)   --->   "%index_0_in_in = phi i15 [ %shl_ln302, %3 ], [ %trunc_ln301, %.loopexit3 ]" [D:/Xilinx/xfopencv-master/include\core/xf_math.h:302]   --->   Operation 69 'phi' 'index_0_in_in' <Predicate = (!icmp_ln242)> <Delay = 0.00>
ST_1 : Operation 70 [1/1] (0.00ns)   --->   "%index = call i11 @_ssdm_op_PartSelect.i11.i15.i32.i32(i15 %index_0_in_in, i32 4, i32 14)" [D:/Xilinx/xfopencv-master/include\core/xf_math.h:304]   --->   Operation 70 'partselect' 'index' <Predicate = (!icmp_ln242)> <Delay = 0.00>
ST_1 : Operation 71 [1/1] (0.00ns)   --->   "%zext_ln306 = zext i11 %index to i64" [D:/Xilinx/xfopencv-master/include\core/xf_math.h:306]   --->   Operation 71 'zext' 'zext_ln306' <Predicate = (!icmp_ln242)> <Delay = 0.00>
ST_1 : Operation 72 [1/1] (0.00ns)   --->   "%xf_division_lut_add = getelementptr inbounds [2049 x i16]* @xf_division_lut, i64 0, i64 %zext_ln306" [D:/Xilinx/xfopencv-master/include\core/xf_math.h:306]   --->   Operation 72 'getelementptr' 'xf_division_lut_add' <Predicate = (!icmp_ln242)> <Delay = 0.00>
ST_1 : Operation 73 [2/2] (3.25ns)   --->   "%xf_division_lut_loa = load i16* %xf_division_lut_add, align 2" [D:/Xilinx/xfopencv-master/include\core/xf_math.h:306]   --->   Operation 73 'load' 'xf_division_lut_loa' <Predicate = (!icmp_ln242)> <Delay = 3.25> <Core = "ROM_nP">   --->   Core 52 'ROM_nP' <Latency = 1> <II = 1> <Delay = 3.25> <Storage> <Opcode : 'load'> <Ports = 0> <Width = 16> <Depth = 2049> <ROM>
ST_1 : Operation 74 [1/1] (0.00ns) (grouped into TernaryAdder)   --->   "%add_ln307 = add i6 %M_read, 16" [D:/Xilinx/xfopencv-master/include\core/xf_math.h:307]   --->   Operation 74 'add' 'add_ln307' <Predicate = (!icmp_ln242)> <Delay = 0.00> <Core = "TAddSub">   --->   Core 83 'TAddSub' <Latency = 0> <II = 1> <Delay = 1.74> <IPBlock> <Opcode : 'add' 'sub'> <InPorts = 3> <OutPorts = 1> <Sync> <CReg>
ST_1 : Operation 75 [1/1] (3.49ns) (root node of TernaryAdder)   --->   "%sub_ln307 = sub i6 %add_ln307, %zext_ln299_2" [D:/Xilinx/xfopencv-master/include\core/xf_math.h:307]   --->   Operation 75 'sub' 'sub_ln307' <Predicate = (!icmp_ln242)> <Delay = 3.49> <Core = "TAddSub">   --->   Core 83 'TAddSub' <Latency = 0> <II = 1> <Delay = 1.74> <IPBlock> <Opcode : 'add' 'sub'> <InPorts = 3> <OutPorts = 1> <Sync> <CReg>

State 2 <SV = 1> <Delay = 5.02>
ST_2 : Operation 76 [1/2] (3.25ns)   --->   "%xf_division_lut_loa = load i16* %xf_division_lut_add, align 2" [D:/Xilinx/xfopencv-master/include\core/xf_math.h:306]   --->   Operation 76 'load' 'xf_division_lut_loa' <Predicate = (!icmp_ln242)> <Delay = 3.25> <Core = "ROM_nP">   --->   Core 52 'ROM_nP' <Latency = 1> <II = 1> <Delay = 3.25> <Storage> <Opcode : 'load'> <Ports = 0> <Width = 16> <Depth = 2049> <ROM>
ST_2 : Operation 77 [1/1] (0.00ns)   --->   "%zext_ln307 = zext i6 %sub_ln307 to i8" [D:/Xilinx/xfopencv-master/include\core/xf_math.h:307]   --->   Operation 77 'zext' 'zext_ln307' <Predicate = (!icmp_ln242)> <Delay = 0.00>
ST_2 : Operation 78 [1/1] (1.76ns)   --->   "br label %5" [D:/Xilinx/xfopencv-master/include\core/xf_math.h:309]   --->   Operation 78 'br' <Predicate = (!icmp_ln242)> <Delay = 1.76>
ST_2 : Operation 79 [1/1] (0.00ns)   --->   "%phi_ln311 = phi i8 [ %zext_ln307, %4 ], [ %N_read_1, %._crit_edge ]" [D:/Xilinx/xfopencv-master/include\core/xf_math.h:311]   --->   Operation 79 'phi' 'phi_ln311' <Predicate = true> <Delay = 0.00>
ST_2 : Operation 80 [1/1] (0.00ns)   --->   "%p_0_in = phi i16 [ %xf_division_lut_loa, %4 ], [ -1, %._crit_edge ]" [D:/Xilinx/xfopencv-master/include\core/xf_math.h:306]   --->   Operation 80 'phi' 'p_0_in' <Predicate = true> <Delay = 0.00>
ST_2 : Operation 81 [1/1] (0.00ns)   --->   "%val = zext i16 %p_0_in to i32" [D:/Xilinx/xfopencv-master/include\core/xf_math.h:243]   --->   Operation 81 'zext' 'val' <Predicate = true> <Delay = 0.00>
ST_2 : Operation 82 [1/1] (0.00ns)   --->   "%mrv = insertvalue { i32, i8 } undef, i32 %val, 0" [D:/Xilinx/xfopencv-master/include\core/xf_math.h:311]   --->   Operation 82 'insertvalue' 'mrv' <Predicate = true> <Delay = 0.00>
ST_2 : Operation 83 [1/1] (0.00ns)   --->   "%mrv_1 = insertvalue { i32, i8 } %mrv, i8 %phi_ln311, 1" [D:/Xilinx/xfopencv-master/include\core/xf_math.h:311]   --->   Operation 83 'insertvalue' 'mrv_1' <Predicate = true> <Delay = 0.00>
ST_2 : Operation 84 [1/1] (0.00ns)   --->   "ret { i32, i8 } %mrv_1" [D:/Xilinx/xfopencv-master/include\core/xf_math.h:311]   --->   Operation 84 'ret' <Predicate = true> <Delay = 0.00>


============================================================
+ Verbose Summary: Binding
============================================================
STG Binding: 
---------------- STG Properties BEGIN ----------------
- Is combinational: 0
- Is one-state seq: 0
- Is datapath-only: 0
- Is pipelined: 1
- Is top level: 0
Port [ Return ] is wired: 1; IO mode=ap_ctrl_hs:ce=0
Port [ x]:  wired=1; compound=0; hidden=0; nouse=0; global=0; static=0; extern=0; dir=0; type=0; pingpong=0; private_global=0; IO mode=ap_none:ce=0
Port [ M]:  wired=1; compound=0; hidden=0; nouse=0; global=0; static=0; extern=0; dir=0; type=0; pingpong=0; private_global=0; IO mode=ap_none:ce=0
Port [ N_read]:  wired=1; compound=0; hidden=0; nouse=0; global=0; static=0; extern=0; dir=0; type=0; pingpong=0; private_global=0; IO mode=ap_none:ce=0
Port [ xf_division_lut]:  wired=0; compound=1; hidden=1; nouse=0; global=1; static=1; extern=0; dir=0; type=1; pingpong=0; private_global=1; linkage=7; visibility=0; MemPort=[1]; IO mode=ap_memory:ce=0
---------------- STG Properties END ------------------

---------------- Datapath Model BEGIN ----------------

<LifeTime>
<method=bitvector/>
N_read_1            (read         ) [ 011]
M_read              (read         ) [ 000]
x_read              (read         ) [ 000]
tmpx                (partselect   ) [ 000]
tmpx_1              (partselect   ) [ 000]
tmpx_2              (trunc        ) [ 000]
icmp_ln242          (icmp         ) [ 011]
br_ln242            (br           ) [ 011]
tmp                 (partselect   ) [ 000]
icmp_ln246          (icmp         ) [ 010]
br_ln246            (br           ) [ 000]
tmp_62              (bitselect    ) [ 010]
br_ln253            (br           ) [ 000]
tmp_64              (partselect   ) [ 000]
icmp_ln253          (icmp         ) [ 010]
br_ln253            (br           ) [ 000]
tmp_68              (partselect   ) [ 000]
icmp_ln253_1        (icmp         ) [ 000]
select_ln253        (select       ) [ 000]
br_ln253            (br           ) [ 000]
icmp_ln259          (icmp         ) [ 010]
br_ln259            (br           ) [ 000]
tmp_63              (bitselect    ) [ 010]
br_ln266            (br           ) [ 000]
tmp_67              (partselect   ) [ 000]
icmp_ln266          (icmp         ) [ 010]
br_ln266            (br           ) [ 000]
tmp_71              (partselect   ) [ 000]
icmp_ln266_1        (icmp         ) [ 000]
select_ln266        (select       ) [ 000]
br_ln266            (br           ) [ 000]
icmp_ln272          (icmp         ) [ 010]
br_ln272            (br           ) [ 000]
tmp_66              (bitselect    ) [ 010]
br_ln279            (br           ) [ 000]
tmp_70              (partselect   ) [ 000]
icmp_ln279          (icmp         ) [ 010]
br_ln279            (br           ) [ 000]
tmp_73              (partselect   ) [ 000]
icmp_ln279_1        (icmp         ) [ 000]
select_ln279        (select       ) [ 000]
br_ln279            (br           ) [ 000]
tmp_65              (bitselect    ) [ 010]
br_ln292            (br           ) [ 000]
tmp_69              (partselect   ) [ 000]
icmp_ln292          (icmp         ) [ 010]
br_ln292            (br           ) [ 000]
tmp_72              (partselect   ) [ 000]
icmp_ln292_1        (icmp         ) [ 010]
br_ln292            (br           ) [ 000]
icmp_ln292_2        (icmp         ) [ 000]
select_ln292        (select       ) [ 000]
br_ln292            (br           ) [ 000]
pos_6               (phi          ) [ 000]
block_2             (phi          ) [ 000]
zext_ln299          (zext         ) [ 000]
zext_ln299_1        (zext         ) [ 000]
B_L                 (add          ) [ 000]
zext_ln299_2        (zext         ) [ 000]
icmp_ln301          (icmp         ) [ 010]
trunc_ln301         (trunc        ) [ 000]
br_ln301            (br           ) [ 000]
add_ln302           (add          ) [ 000]
zext_ln302          (zext         ) [ 000]
shl_ln302           (shl          ) [ 000]
br_ln302            (br           ) [ 000]
index_0_in_in       (phi          ) [ 000]
index               (partselect   ) [ 000]
zext_ln306          (zext         ) [ 000]
xf_division_lut_add (getelementptr) [ 011]
add_ln307           (add          ) [ 000]
sub_ln307           (sub          ) [ 011]
xf_division_lut_loa (load         ) [ 000]
zext_ln307          (zext         ) [ 000]
br_ln309            (br           ) [ 000]
phi_ln311           (phi          ) [ 011]
p_0_in              (phi          ) [ 011]
val                 (zext         ) [ 000]
mrv                 (insertvalue  ) [ 000]
mrv_1               (insertvalue  ) [ 000]
ret_ln311           (ret          ) [ 000]
</LifeTime>

<model>

<comp_list>
<comp id="0" class="1000" name="x">
<pin_list>
<pin id="1" dir="1" index="0" bw="1" slack="0"/>
</pin_list>
<bind>
<StgValue><ssdm name="x"/></StgValue>
</bind>
</comp>

<comp id="2" class="1000" name="M">
<pin_list>
<pin id="3" dir="1" index="0" bw="1" slack="0"/>
</pin_list>
<bind>
<StgValue><ssdm name="M"/></StgValue>
</bind>
</comp>

<comp id="4" class="1000" name="N_read">
<pin_list>
<pin id="5" dir="1" index="0" bw="1" slack="0"/>
</pin_list>
<bind>
<StgValue><ssdm name="N_read"/></StgValue>
</bind>
</comp>

<comp id="6" class="1000" name="xf_division_lut">
<pin_list>
<pin id="7" dir="1" index="0" bw="1" slack="0"/>
</pin_list>
<bind>
<StgValue><ssdm name="xf_division_lut"/><MemPortTyVec>1 </MemPortTyVec>
</StgValue>
</bind>
</comp>

<comp id="8" class="1001" name="const_8">
<pin_list>
<pin id="9" dir="1" index="0" bw="1" slack="0"/>
</pin_list>
<bind>
<StgValue><ssdm name="_ssdm_op_Read.ap_auto.i8"/></StgValue>
</bind>
</comp>

<comp id="10" class="1001" name="const_10">
<pin_list>
<pin id="11" dir="1" index="0" bw="1" slack="0"/>
</pin_list>
<bind>
<StgValue><ssdm name="_ssdm_op_Read.ap_auto.i6"/></StgValue>
</bind>
</comp>

<comp id="12" class="1001" name="const_12">
<pin_list>
<pin id="13" dir="1" index="0" bw="1" slack="0"/>
</pin_list>
<bind>
<StgValue><ssdm name="_ssdm_op_Read.ap_auto.i16"/></StgValue>
</bind>
</comp>

<comp id="14" class="1001" name="const_14">
<pin_list>
<pin id="15" dir="1" index="0" bw="1" slack="0"/>
</pin_list>
<bind>
<StgValue><ssdm name="_ssdm_op_PartSelect.i4.i16.i32.i32"/></StgValue>
</bind>
</comp>

<comp id="16" class="1001" name="const_16">
<pin_list>
<pin id="17" dir="1" index="0" bw="1" slack="0"/>
</pin_list>
<bind>
<StgValue><ssdm name=""/></StgValue>
</bind>
</comp>

<comp id="18" class="1001" name="const_18">
<pin_list>
<pin id="19" dir="1" index="0" bw="1" slack="0"/>
</pin_list>
<bind>
<StgValue><ssdm name=""/></StgValue>
</bind>
</comp>

<comp id="20" class="1001" name="const_20">
<pin_list>
<pin id="21" dir="1" index="0" bw="1" slack="0"/>
</pin_list>
<bind>
<StgValue><ssdm name=""/></StgValue>
</bind>
</comp>

<comp id="22" class="1001" name="const_22">
<pin_list>
<pin id="23" dir="1" index="0" bw="1" slack="0"/>
</pin_list>
<bind>
<StgValue><ssdm name=""/></StgValue>
</bind>
</comp>

<comp id="24" class="1001" name="const_24">
<pin_list>
<pin id="25" dir="1" index="0" bw="1" slack="0"/>
</pin_list>
<bind>
<StgValue><ssdm name=""/></StgValue>
</bind>
</comp>

<comp id="26" class="1001" name="const_26">
<pin_list>
<pin id="27" dir="1" index="0" bw="1" slack="0"/>
</pin_list>
<bind>
<StgValue><ssdm name=""/></StgValue>
</bind>
</comp>

<comp id="28" class="1001" name="const_28">
<pin_list>
<pin id="29" dir="1" index="0" bw="1" slack="0"/>
</pin_list>
<bind>
<StgValue><ssdm name=""/></StgValue>
</bind>
</comp>

<comp id="30" class="1001" name="const_30">
<pin_list>
<pin id="31" dir="1" index="0" bw="1" slack="0"/>
</pin_list>
<bind>
<StgValue><ssdm name=""/></StgValue>
</bind>
</comp>

<comp id="32" class="1001" name="const_32">
<pin_list>
<pin id="33" dir="1" index="0" bw="1" slack="0"/>
</pin_list>
<bind>
<StgValue><ssdm name="_ssdm_op_BitSelect.i1.i16.i32"/></StgValue>
</bind>
</comp>

<comp id="34" class="1001" name="const_34">
<pin_list>
<pin id="35" dir="1" index="0" bw="1" slack="0"/>
</pin_list>
<bind>
<StgValue><ssdm name="_ssdm_op_PartSelect.i2.i16.i32.i32"/></StgValue>
</bind>
</comp>

<comp id="36" class="1001" name="const_36">
<pin_list>
<pin id="37" dir="1" index="0" bw="1" slack="0"/>
</pin_list>
<bind>
<StgValue><ssdm name=""/></StgValue>
</bind>
</comp>

<comp id="38" class="1001" name="const_38">
<pin_list>
<pin id="39" dir="1" index="0" bw="1" slack="0"/>
</pin_list>
<bind>
<StgValue><ssdm name=""/></StgValue>
</bind>
</comp>

<comp id="40" class="1001" name="const_40">
<pin_list>
<pin id="41" dir="1" index="0" bw="1" slack="0"/>
</pin_list>
<bind>
<StgValue><ssdm name="_ssdm_op_PartSelect.i3.i16.i32.i32"/></StgValue>
</bind>
</comp>

<comp id="42" class="1001" name="const_42">
<pin_list>
<pin id="43" dir="1" index="0" bw="1" slack="0"/>
</pin_list>
<bind>
<StgValue><ssdm name=""/></StgValue>
</bind>
</comp>

<comp id="44" class="1001" name="const_44">
<pin_list>
<pin id="45" dir="1" index="0" bw="1" slack="0"/>
</pin_list>
<bind>
<StgValue><ssdm name=""/></StgValue>
</bind>
</comp>

<comp id="46" class="1001" name="const_46">
<pin_list>
<pin id="47" dir="1" index="0" bw="1" slack="0"/>
</pin_list>
<bind>
<StgValue><ssdm name=""/></StgValue>
</bind>
</comp>

<comp id="48" class="1001" name="const_48">
<pin_list>
<pin id="49" dir="1" index="0" bw="1" slack="0"/>
</pin_list>
<bind>
<StgValue><ssdm name=""/></StgValue>
</bind>
</comp>

<comp id="50" class="1001" name="const_50">
<pin_list>
<pin id="51" dir="1" index="0" bw="1" slack="0"/>
</pin_list>
<bind>
<StgValue><ssdm name=""/></StgValue>
</bind>
</comp>

<comp id="52" class="1001" name="const_52">
<pin_list>
<pin id="53" dir="1" index="0" bw="1" slack="0"/>
</pin_list>
<bind>
<StgValue><ssdm name=""/></StgValue>
</bind>
</comp>

<comp id="54" class="1001" name="const_54">
<pin_list>
<pin id="55" dir="1" index="0" bw="1" slack="0"/>
</pin_list>
<bind>
<StgValue><ssdm name=""/></StgValue>
</bind>
</comp>

<comp id="56" class="1001" name="const_56">
<pin_list>
<pin id="57" dir="1" index="0" bw="1" slack="0"/>
</pin_list>
<bind>
<StgValue><ssdm name=""/></StgValue>
</bind>
</comp>

<comp id="58" class="1001" name="const_58">
<pin_list>
<pin id="59" dir="1" index="0" bw="1" slack="0"/>
</pin_list>
<bind>
<StgValue><ssdm name=""/></StgValue>
</bind>
</comp>

<comp id="60" class="1001" name="const_60">
<pin_list>
<pin id="61" dir="1" index="0" bw="1" slack="0"/>
</pin_list>
<bind>
<StgValue><ssdm name=""/></StgValue>
</bind>
</comp>

<comp id="62" class="1001" name="const_62">
<pin_list>
<pin id="63" dir="1" index="0" bw="1" slack="0"/>
</pin_list>
<bind>
<StgValue><ssdm name=""/></StgValue>
</bind>
</comp>

<comp id="64" class="1001" name="const_64">
<pin_list>
<pin id="65" dir="1" index="0" bw="1" slack="0"/>
</pin_list>
<bind>
<StgValue><ssdm name=""/></StgValue>
</bind>
</comp>

<comp id="66" class="1001" name="const_66">
<pin_list>
<pin id="67" dir="1" index="0" bw="1" slack="0"/>
</pin_list>
<bind>
<StgValue><ssdm name=""/></StgValue>
</bind>
</comp>

<comp id="68" class="1001" name="const_68">
<pin_list>
<pin id="69" dir="1" index="0" bw="1" slack="0"/>
</pin_list>
<bind>
<StgValue><ssdm name=""/></StgValue>
</bind>
</comp>

<comp id="70" class="1001" name="const_70">
<pin_list>
<pin id="71" dir="1" index="0" bw="1" slack="0"/>
</pin_list>
<bind>
<StgValue><ssdm name=""/></StgValue>
</bind>
</comp>

<comp id="72" class="1001" name="const_72">
<pin_list>
<pin id="73" dir="1" index="0" bw="1" slack="0"/>
</pin_list>
<bind>
<StgValue><ssdm name=""/></StgValue>
</bind>
</comp>

<comp id="74" class="1001" name="const_74">
<pin_list>
<pin id="75" dir="1" index="0" bw="1" slack="0"/>
</pin_list>
<bind>
<StgValue><ssdm name=""/></StgValue>
</bind>
</comp>

<comp id="76" class="1001" name="const_76">
<pin_list>
<pin id="77" dir="1" index="0" bw="1" slack="0"/>
</pin_list>
<bind>
<StgValue><ssdm name=""/></StgValue>
</bind>
</comp>

<comp id="78" class="1001" name="const_78">
<pin_list>
<pin id="79" dir="1" index="0" bw="1" slack="0"/>
</pin_list>
<bind>
<StgValue><ssdm name="_ssdm_op_PartSelect.i11.i15.i32.i32"/></StgValue>
</bind>
</comp>

<comp id="80" class="1001" name="const_80">
<pin_list>
<pin id="81" dir="1" index="0" bw="1" slack="0"/>
</pin_list>
<bind>
<StgValue><ssdm name=""/></StgValue>
</bind>
</comp>

<comp id="82" class="1001" name="const_82">
<pin_list>
<pin id="83" dir="1" index="0" bw="1" slack="0"/>
</pin_list>
<bind>
<StgValue><ssdm name=""/></StgValue>
</bind>
</comp>

<comp id="84" class="1001" name="const_84">
<pin_list>
<pin id="85" dir="1" index="0" bw="1" slack="1"/>
</pin_list>
<bind>
<StgValue><ssdm name=""/></StgValue>
</bind>
</comp>

<comp id="86" class="1001" name="const_86">
<pin_list>
<pin id="87" dir="1" index="0" bw="1" slack="0"/>
</pin_list>
<bind>
<StgValue><ssdm name=""/></StgValue>
</bind>
</comp>

<comp id="88" class="1004" name="N_read_1_read_fu_88">
<pin_list>
<pin id="89" dir="0" index="0" bw="8" slack="0"/>
<pin id="90" dir="0" index="1" bw="8" slack="0"/>
<pin id="91" dir="1" index="2" bw="8" slack="1"/>
</pin_list>
<bind>
<opcode="read(1150) " fcode="read"/>
<opset="N_read_1/1 "/>
</bind>
</comp>

<comp id="94" class="1004" name="M_read_read_fu_94">
<pin_list>
<pin id="95" dir="0" index="0" bw="6" slack="0"/>
<pin id="96" dir="0" index="1" bw="6" slack="0"/>
<pin id="97" dir="1" index="2" bw="6" slack="0"/>
</pin_list>
<bind>
<opcode="read(1150) " fcode="read"/>
<opset="M_read/1 "/>
</bind>
</comp>

<comp id="100" class="1004" name="x_read_read_fu_100">
<pin_list>
<pin id="101" dir="0" index="0" bw="16" slack="0"/>
<pin id="102" dir="0" index="1" bw="16" slack="0"/>
<pin id="103" dir="1" index="2" bw="16" slack="0"/>
</pin_list>
<bind>
<opcode="read(1150) " fcode="read"/>
<opset="x_read/1 "/>
</bind>
</comp>

<comp id="106" class="1004" name="xf_division_lut_add_gep_fu_106">
<pin_list>
<pin id="107" dir="0" index="0" bw="16" slack="0"/>
<pin id="108" dir="0" index="1" bw="1" slack="0"/>
<pin id="109" dir="0" index="2" bw="11" slack="0"/>
<pin id="110" dir="1" index="3" bw="12" slack="0"/>
</pin_list>
<bind>
<opcode="getelementptr(29) " fcode="getelementptr"/>
<opset="xf_division_lut_add/1 "/>
</bind>
</comp>

<comp id="113" class="1004" name="grp_access_fu_113">
<pin_list>
<pin id="114" dir="0" index="0" bw="12" slack="0"/>
<pin id="115" dir="0" index="1" bw="16" slack="2147483647"/>
<pin id="116" dir="0" index="2" bw="0" slack="2147483647"/>
<pin id="117" dir="1" index="3" bw="16" slack="0"/>
</pin_list>
<bind>
<opcode="load(27) " fcode="load"/>
<opset="xf_division_lut_loa/1 "/>
</bind>
</comp>

<comp id="119" class="1005" name="pos_6_reg_119">
<pin_list>
<pin id="120" dir="0" index="0" bw="3" slack="2147483647"/>
<pin id="121" dir="1" index="1" bw="3" slack="2147483647"/>
</pin_list>
<bind>
<opset="pos_6 (phireg) "/>
</bind>
</comp>

<comp id="122" class="1004" name="pos_6_phi_fu_122">
<pin_list>
<pin id="123" dir="0" index="0" bw="1" slack="0"/>
<pin id="124" dir="0" index="1" bw="0" slack="2147483647"/>
<pin id="125" dir="0" index="2" bw="3" slack="0"/>
<pin id="126" dir="0" index="3" bw="0" slack="2147483647"/>
<pin id="127" dir="0" index="4" bw="1" slack="0"/>
<pin id="128" dir="0" index="5" bw="0" slack="2147483647"/>
<pin id="129" dir="0" index="6" bw="3" slack="0"/>
<pin id="130" dir="0" index="7" bw="0" slack="2147483647"/>
<pin id="131" dir="0" index="8" bw="1" slack="0"/>
<pin id="132" dir="0" index="9" bw="0" slack="2147483647"/>
<pin id="133" dir="0" index="10" bw="3" slack="0"/>
<pin id="134" dir="0" index="11" bw="0" slack="2147483647"/>
<pin id="135" dir="0" index="12" bw="1" slack="0"/>
<pin id="136" dir="0" index="13" bw="0" slack="2147483647"/>
<pin id="137" dir="0" index="14" bw="3" slack="0"/>
<pin id="138" dir="0" index="15" bw="0" slack="2147483647"/>
<pin id="139" dir="0" index="16" bw="3" slack="0"/>
<pin id="140" dir="0" index="17" bw="0" slack="2147483647"/>
<pin id="141" dir="0" index="18" bw="3" slack="0"/>
<pin id="142" dir="0" index="19" bw="0" slack="2147483647"/>
<pin id="143" dir="0" index="20" bw="3" slack="0"/>
<pin id="144" dir="0" index="21" bw="0" slack="2147483647"/>
<pin id="145" dir="0" index="22" bw="3" slack="0"/>
<pin id="146" dir="0" index="23" bw="0" slack="2147483647"/>
<pin id="147" dir="0" index="24" bw="3" slack="0"/>
<pin id="148" dir="0" index="25" bw="0" slack="2147483647"/>
<pin id="149" dir="1" index="26" bw="3" slack="0"/>
</pin_list>
<bind>
<opcode="phi(47) " fcode="phi"/>
<opset="pos_6/1 "/>
</bind>
</comp>

<comp id="159" class="1005" name="block_2_reg_159">
<pin_list>
<pin id="160" dir="0" index="0" bw="4" slack="2147483647"/>
<pin id="161" dir="1" index="1" bw="4" slack="2147483647"/>
</pin_list>
<bind>
<opset="block_2 (phireg) "/>
</bind>
</comp>

<comp id="162" class="1004" name="block_2_phi_fu_162">
<pin_list>
<pin id="163" dir="0" index="0" bw="1" slack="0"/>
<pin id="164" dir="0" index="1" bw="0" slack="2147483647"/>
<pin id="165" dir="0" index="2" bw="1" slack="0"/>
<pin id="166" dir="0" index="3" bw="0" slack="2147483647"/>
<pin id="167" dir="0" index="4" bw="4" slack="0"/>
<pin id="168" dir="0" index="5" bw="0" slack="2147483647"/>
<pin id="169" dir="0" index="6" bw="4" slack="0"/>
<pin id="170" dir="0" index="7" bw="0" slack="2147483647"/>
<pin id="171" dir="0" index="8" bw="4" slack="0"/>
<pin id="172" dir="0" index="9" bw="0" slack="2147483647"/>
<pin id="173" dir="0" index="10" bw="4" slack="0"/>
<pin id="174" dir="0" index="11" bw="0" slack="2147483647"/>
<pin id="175" dir="0" index="12" bw="3" slack="0"/>
<pin id="176" dir="0" index="13" bw="0" slack="2147483647"/>
<pin id="177" dir="0" index="14" bw="3" slack="0"/>
<pin id="178" dir="0" index="15" bw="0" slack="2147483647"/>
<pin id="179" dir="0" index="16" bw="3" slack="0"/>
<pin id="180" dir="0" index="17" bw="0" slack="2147483647"/>
<pin id="181" dir="0" index="18" bw="3" slack="0"/>
<pin id="182" dir="0" index="19" bw="0" slack="2147483647"/>
<pin id="183" dir="0" index="20" bw="4" slack="0"/>
<pin id="184" dir="0" index="21" bw="0" slack="2147483647"/>
<pin id="185" dir="0" index="22" bw="4" slack="0"/>
<pin id="186" dir="0" index="23" bw="0" slack="2147483647"/>
<pin id="187" dir="0" index="24" bw="1" slack="0"/>
<pin id="188" dir="0" index="25" bw="0" slack="2147483647"/>
<pin id="189" dir="1" index="26" bw="4" slack="0"/>
</pin_list>
<bind>
<opcode="phi(47) " fcode="phi"/>
<opset="block_2/1 "/>
</bind>
</comp>

<comp id="203" class="1005" name="index_0_in_in_reg_203">
<pin_list>
<pin id="204" dir="0" index="0" bw="15" slack="2147483647"/>
<pin id="205" dir="1" index="1" bw="15" slack="2147483647"/>
</pin_list>
<bind>
<opset="index_0_in_in (phireg) "/>
</bind>
</comp>

<comp id="206" class="1004" name="index_0_in_in_phi_fu_206">
<pin_list>
<pin id="207" dir="0" index="0" bw="15" slack="0"/>
<pin id="208" dir="0" index="1" bw="0" slack="2147483647"/>
<pin id="209" dir="0" index="2" bw="15" slack="0"/>
<pin id="210" dir="0" index="3" bw="0" slack="2147483647"/>
<pin id="211" dir="1" index="4" bw="15" slack="0"/>
</pin_list>
<bind>
<opcode="phi(47) " fcode="phi"/>
<opset="index_0_in_in/1 "/>
</bind>
</comp>

<comp id="212" class="1005" name="phi_ln311_reg_212">
<pin_list>
<pin id="213" dir="0" index="0" bw="8" slack="2147483647"/>
<pin id="214" dir="1" index="1" bw="8" slack="2147483647"/>
</pin_list>
<bind>
<opset="phi_ln311 (phireg) "/>
</bind>
</comp>

<comp id="215" class="1004" name="phi_ln311_phi_fu_215">
<pin_list>
<pin id="216" dir="0" index="0" bw="6" slack="0"/>
<pin id="217" dir="0" index="1" bw="0" slack="2147483647"/>
<pin id="218" dir="0" index="2" bw="8" slack="1"/>
<pin id="219" dir="0" index="3" bw="0" slack="2147483647"/>
<pin id="220" dir="1" index="4" bw="8" slack="0"/>
</pin_list>
<bind>
<opcode="phi(47) " fcode="phi"/>
<opset="phi_ln311/2 "/>
</bind>
</comp>

<comp id="221" class="1005" name="p_0_in_reg_221">
<pin_list>
<pin id="222" dir="0" index="0" bw="16" slack="1"/>
<pin id="223" dir="1" index="1" bw="16" slack="1"/>
</pin_list>
<bind>
<opset="p_0_in (phireg) "/>
</bind>
</comp>

<comp id="225" class="1004" name="p_0_in_phi_fu_225">
<pin_list>
<pin id="226" dir="0" index="0" bw="16" slack="0"/>
<pin id="227" dir="0" index="1" bw="0" slack="2147483647"/>
<pin id="228" dir="0" index="2" bw="1" slack="1"/>
<pin id="229" dir="0" index="3" bw="0" slack="2147483647"/>
<pin id="230" dir="1" index="4" bw="16" slack="0"/>
</pin_list>
<bind>
<opcode="phi(47) " fcode="phi"/>
<opset="p_0_in/2 "/>
</bind>
</comp>

<comp id="233" class="1004" name="tmpx_fu_233">
<pin_list>
<pin id="234" dir="0" index="0" bw="4" slack="0"/>
<pin id="235" dir="0" index="1" bw="16" slack="0"/>
<pin id="236" dir="0" index="2" bw="5" slack="0"/>
<pin id="237" dir="0" index="3" bw="5" slack="0"/>
<pin id="238" dir="1" index="4" bw="4" slack="0"/>
</pin_list>
<bind>
<opcode="partselect(1002) " fcode="partselect"/>
<opset="tmpx/1 "/>
</bind>
</comp>

<comp id="243" class="1004" name="tmpx_1_fu_243">
<pin_list>
<pin id="244" dir="0" index="0" bw="4" slack="0"/>
<pin id="245" dir="0" index="1" bw="16" slack="0"/>
<pin id="246" dir="0" index="2" bw="4" slack="0"/>
<pin id="247" dir="0" index="3" bw="4" slack="0"/>
<pin id="248" dir="1" index="4" bw="4" slack="0"/>
</pin_list>
<bind>
<opcode="partselect(1002) " fcode="partselect"/>
<opset="tmpx_1/1 "/>
</bind>
</comp>

<comp id="253" class="1004" name="tmpx_2_fu_253">
<pin_list>
<pin id="254" dir="0" index="0" bw="16" slack="0"/>
<pin id="255" dir="1" index="1" bw="4" slack="0"/>
</pin_list>
<bind>
<opcode="trunc(33) " fcode="trunc"/>
<opset="tmpx_2/1 "/>
</bind>
</comp>

<comp id="257" class="1004" name="icmp_ln242_fu_257">
<pin_list>
<pin id="258" dir="0" index="0" bw="16" slack="0"/>
<pin id="259" dir="0" index="1" bw="1" slack="0"/>
<pin id="260" dir="1" index="2" bw="1" slack="1"/>
</pin_list>
<bind>
<opcode="icmp(45) " fcode="icmp"/>
<opset="icmp_ln242/1 "/>
</bind>
</comp>

<comp id="263" class="1004" name="tmp_fu_263">
<pin_list>
<pin id="264" dir="0" index="0" bw="4" slack="0"/>
<pin id="265" dir="0" index="1" bw="16" slack="0"/>
<pin id="266" dir="0" index="2" bw="5" slack="0"/>
<pin id="267" dir="0" index="3" bw="5" slack="0"/>
<pin id="268" dir="1" index="4" bw="4" slack="0"/>
</pin_list>
<bind>
<opcode="partselect(1002) " fcode="partselect"/>
<opset="tmp/1 "/>
</bind>
</comp>

<comp id="273" class="1004" name="icmp_ln246_fu_273">
<pin_list>
<pin id="274" dir="0" index="0" bw="4" slack="0"/>
<pin id="275" dir="0" index="1" bw="1" slack="0"/>
<pin id="276" dir="1" index="2" bw="1" slack="2147483647"/>
</pin_list>
<bind>
<opcode="icmp(45) " fcode="icmp"/>
<opset="icmp_ln246/1 "/>
</bind>
</comp>

<comp id="279" class="1004" name="tmp_62_fu_279">
<pin_list>
<pin id="280" dir="0" index="0" bw="1" slack="0"/>
<pin id="281" dir="0" index="1" bw="16" slack="0"/>
<pin id="282" dir="0" index="2" bw="5" slack="0"/>
<pin id="283" dir="1" index="3" bw="1" slack="2147483647"/>
</pin_list>
<bind>
<opcode="bitselect(1000) " fcode="bitselect"/>
<opset="tmp_62/1 "/>
</bind>
</comp>

<comp id="287" class="1004" name="tmp_64_fu_287">
<pin_list>
<pin id="288" dir="0" index="0" bw="2" slack="0"/>
<pin id="289" dir="0" index="1" bw="16" slack="0"/>
<pin id="290" dir="0" index="2" bw="5" slack="0"/>
<pin id="291" dir="0" index="3" bw="5" slack="0"/>
<pin id="292" dir="1" index="4" bw="2" slack="0"/>
</pin_list>
<bind>
<opcode="partselect(1002) " fcode="partselect"/>
<opset="tmp_64/1 "/>
</bind>
</comp>

<comp id="297" class="1004" name="icmp_ln253_fu_297">
<pin_list>
<pin id="298" dir="0" index="0" bw="2" slack="0"/>
<pin id="299" dir="0" index="1" bw="1" slack="0"/>
<pin id="300" dir="1" index="2" bw="1" slack="2147483647"/>
</pin_list>
<bind>
<opcode="icmp(45) " fcode="icmp"/>
<opset="icmp_ln253/1 "/>
</bind>
</comp>

<comp id="303" class="1004" name="tmp_68_fu_303">
<pin_list>
<pin id="304" dir="0" index="0" bw="3" slack="0"/>
<pin id="305" dir="0" index="1" bw="16" slack="0"/>
<pin id="306" dir="0" index="2" bw="5" slack="0"/>
<pin id="307" dir="0" index="3" bw="5" slack="0"/>
<pin id="308" dir="1" index="4" bw="3" slack="0"/>
</pin_list>
<bind>
<opcode="partselect(1002) " fcode="partselect"/>
<opset="tmp_68/1 "/>
</bind>
</comp>

<comp id="313" class="1004" name="icmp_ln253_1_fu_313">
<pin_list>
<pin id="314" dir="0" index="0" bw="3" slack="0"/>
<pin id="315" dir="0" index="1" bw="1" slack="0"/>
<pin id="316" dir="1" index="2" bw="1" slack="0"/>
</pin_list>
<bind>
<opcode="icmp(45) " fcode="icmp"/>
<opset="icmp_ln253_1/1 "/>
</bind>
</comp>

<comp id="319" class="1004" name="select_ln253_fu_319">
<pin_list>
<pin id="320" dir="0" index="0" bw="1" slack="0"/>
<pin id="321" dir="0" index="1" bw="3" slack="0"/>
<pin id="322" dir="0" index="2" bw="3" slack="0"/>
<pin id="323" dir="1" index="3" bw="3" slack="0"/>
</pin_list>
<bind>
<opcode="select(49) " fcode="select"/>
<opset="select_ln253/1 "/>
</bind>
</comp>

<comp id="328" class="1004" name="icmp_ln259_fu_328">
<pin_list>
<pin id="329" dir="0" index="0" bw="4" slack="0"/>
<pin id="330" dir="0" index="1" bw="1" slack="0"/>
<pin id="331" dir="1" index="2" bw="1" slack="2147483647"/>
</pin_list>
<bind>
<opcode="icmp(45) " fcode="icmp"/>
<opset="icmp_ln259/1 "/>
</bind>
</comp>

<comp id="334" class="1004" name="tmp_63_fu_334">
<pin_list>
<pin id="335" dir="0" index="0" bw="1" slack="0"/>
<pin id="336" dir="0" index="1" bw="16" slack="0"/>
<pin id="337" dir="0" index="2" bw="5" slack="0"/>
<pin id="338" dir="1" index="3" bw="1" slack="2147483647"/>
</pin_list>
<bind>
<opcode="bitselect(1000) " fcode="bitselect"/>
<opset="tmp_63/1 "/>
</bind>
</comp>

<comp id="342" class="1004" name="tmp_67_fu_342">
<pin_list>
<pin id="343" dir="0" index="0" bw="2" slack="0"/>
<pin id="344" dir="0" index="1" bw="16" slack="0"/>
<pin id="345" dir="0" index="2" bw="5" slack="0"/>
<pin id="346" dir="0" index="3" bw="5" slack="0"/>
<pin id="347" dir="1" index="4" bw="2" slack="0"/>
</pin_list>
<bind>
<opcode="partselect(1002) " fcode="partselect"/>
<opset="tmp_67/1 "/>
</bind>
</comp>

<comp id="352" class="1004" name="icmp_ln266_fu_352">
<pin_list>
<pin id="353" dir="0" index="0" bw="2" slack="0"/>
<pin id="354" dir="0" index="1" bw="1" slack="0"/>
<pin id="355" dir="1" index="2" bw="1" slack="2147483647"/>
</pin_list>
<bind>
<opcode="icmp(45) " fcode="icmp"/>
<opset="icmp_ln266/1 "/>
</bind>
</comp>

<comp id="358" class="1004" name="tmp_71_fu_358">
<pin_list>
<pin id="359" dir="0" index="0" bw="3" slack="0"/>
<pin id="360" dir="0" index="1" bw="16" slack="0"/>
<pin id="361" dir="0" index="2" bw="5" slack="0"/>
<pin id="362" dir="0" index="3" bw="5" slack="0"/>
<pin id="363" dir="1" index="4" bw="3" slack="0"/>
</pin_list>
<bind>
<opcode="partselect(1002) " fcode="partselect"/>
<opset="tmp_71/1 "/>
</bind>
</comp>

<comp id="368" class="1004" name="icmp_ln266_1_fu_368">
<pin_list>
<pin id="369" dir="0" index="0" bw="3" slack="0"/>
<pin id="370" dir="0" index="1" bw="1" slack="0"/>
<pin id="371" dir="1" index="2" bw="1" slack="0"/>
</pin_list>
<bind>
<opcode="icmp(45) " fcode="icmp"/>
<opset="icmp_ln266_1/1 "/>
</bind>
</comp>

<comp id="374" class="1004" name="select_ln266_fu_374">
<pin_list>
<pin id="375" dir="0" index="0" bw="1" slack="0"/>
<pin id="376" dir="0" index="1" bw="3" slack="0"/>
<pin id="377" dir="0" index="2" bw="3" slack="0"/>
<pin id="378" dir="1" index="3" bw="3" slack="0"/>
</pin_list>
<bind>
<opcode="select(49) " fcode="select"/>
<opset="select_ln266/1 "/>
</bind>
</comp>

<comp id="383" class="1004" name="icmp_ln272_fu_383">
<pin_list>
<pin id="384" dir="0" index="0" bw="4" slack="0"/>
<pin id="385" dir="0" index="1" bw="1" slack="0"/>
<pin id="386" dir="1" index="2" bw="1" slack="2147483647"/>
</pin_list>
<bind>
<opcode="icmp(45) " fcode="icmp"/>
<opset="icmp_ln272/1 "/>
</bind>
</comp>

<comp id="389" class="1004" name="tmp_66_fu_389">
<pin_list>
<pin id="390" dir="0" index="0" bw="1" slack="0"/>
<pin id="391" dir="0" index="1" bw="16" slack="0"/>
<pin id="392" dir="0" index="2" bw="4" slack="0"/>
<pin id="393" dir="1" index="3" bw="1" slack="2147483647"/>
</pin_list>
<bind>
<opcode="bitselect(1000) " fcode="bitselect"/>
<opset="tmp_66/1 "/>
</bind>
</comp>

<comp id="397" class="1004" name="tmp_70_fu_397">
<pin_list>
<pin id="398" dir="0" index="0" bw="2" slack="0"/>
<pin id="399" dir="0" index="1" bw="16" slack="0"/>
<pin id="400" dir="0" index="2" bw="4" slack="0"/>
<pin id="401" dir="0" index="3" bw="4" slack="0"/>
<pin id="402" dir="1" index="4" bw="2" slack="0"/>
</pin_list>
<bind>
<opcode="partselect(1002) " fcode="partselect"/>
<opset="tmp_70/1 "/>
</bind>
</comp>

<comp id="407" class="1004" name="icmp_ln279_fu_407">
<pin_list>
<pin id="408" dir="0" index="0" bw="2" slack="0"/>
<pin id="409" dir="0" index="1" bw="1" slack="0"/>
<pin id="410" dir="1" index="2" bw="1" slack="2147483647"/>
</pin_list>
<bind>
<opcode="icmp(45) " fcode="icmp"/>
<opset="icmp_ln279/1 "/>
</bind>
</comp>

<comp id="413" class="1004" name="tmp_73_fu_413">
<pin_list>
<pin id="414" dir="0" index="0" bw="3" slack="0"/>
<pin id="415" dir="0" index="1" bw="16" slack="0"/>
<pin id="416" dir="0" index="2" bw="4" slack="0"/>
<pin id="417" dir="0" index="3" bw="4" slack="0"/>
<pin id="418" dir="1" index="4" bw="3" slack="0"/>
</pin_list>
<bind>
<opcode="partselect(1002) " fcode="partselect"/>
<opset="tmp_73/1 "/>
</bind>
</comp>

<comp id="423" class="1004" name="icmp_ln279_1_fu_423">
<pin_list>
<pin id="424" dir="0" index="0" bw="3" slack="0"/>
<pin id="425" dir="0" index="1" bw="1" slack="0"/>
<pin id="426" dir="1" index="2" bw="1" slack="0"/>
</pin_list>
<bind>
<opcode="icmp(45) " fcode="icmp"/>
<opset="icmp_ln279_1/1 "/>
</bind>
</comp>

<comp id="429" class="1004" name="select_ln279_fu_429">
<pin_list>
<pin id="430" dir="0" index="0" bw="1" slack="0"/>
<pin id="431" dir="0" index="1" bw="3" slack="0"/>
<pin id="432" dir="0" index="2" bw="3" slack="0"/>
<pin id="433" dir="1" index="3" bw="3" slack="0"/>
</pin_list>
<bind>
<opcode="select(49) " fcode="select"/>
<opset="select_ln279/1 "/>
</bind>
</comp>

<comp id="438" class="1004" name="tmp_65_fu_438">
<pin_list>
<pin id="439" dir="0" index="0" bw="1" slack="0"/>
<pin id="440" dir="0" index="1" bw="16" slack="0"/>
<pin id="441" dir="0" index="2" bw="3" slack="0"/>
<pin id="442" dir="1" index="3" bw="1" slack="2147483647"/>
</pin_list>
<bind>
<opcode="bitselect(1000) " fcode="bitselect"/>
<opset="tmp_65/1 "/>
</bind>
</comp>

<comp id="446" class="1004" name="tmp_69_fu_446">
<pin_list>
<pin id="447" dir="0" index="0" bw="2" slack="0"/>
<pin id="448" dir="0" index="1" bw="16" slack="0"/>
<pin id="449" dir="0" index="2" bw="3" slack="0"/>
<pin id="450" dir="0" index="3" bw="3" slack="0"/>
<pin id="451" dir="1" index="4" bw="2" slack="0"/>
</pin_list>
<bind>
<opcode="partselect(1002) " fcode="partselect"/>
<opset="tmp_69/1 "/>
</bind>
</comp>

<comp id="456" class="1004" name="icmp_ln292_fu_456">
<pin_list>
<pin id="457" dir="0" index="0" bw="2" slack="0"/>
<pin id="458" dir="0" index="1" bw="1" slack="0"/>
<pin id="459" dir="1" index="2" bw="1" slack="2147483647"/>
</pin_list>
<bind>
<opcode="icmp(45) " fcode="icmp"/>
<opset="icmp_ln292/1 "/>
</bind>
</comp>

<comp id="462" class="1004" name="tmp_72_fu_462">
<pin_list>
<pin id="463" dir="0" index="0" bw="3" slack="0"/>
<pin id="464" dir="0" index="1" bw="16" slack="0"/>
<pin id="465" dir="0" index="2" bw="1" slack="0"/>
<pin id="466" dir="0" index="3" bw="3" slack="0"/>
<pin id="467" dir="1" index="4" bw="3" slack="0"/>
</pin_list>
<bind>
<opcode="partselect(1002) " fcode="partselect"/>
<opset="tmp_72/1 "/>
</bind>
</comp>

<comp id="472" class="1004" name="icmp_ln292_1_fu_472">
<pin_list>
<pin id="473" dir="0" index="0" bw="3" slack="0"/>
<pin id="474" dir="0" index="1" bw="1" slack="0"/>
<pin id="475" dir="1" index="2" bw="1" slack="2147483647"/>
</pin_list>
<bind>
<opcode="icmp(45) " fcode="icmp"/>
<opset="icmp_ln292_1/1 "/>
</bind>
</comp>

<comp id="478" class="1004" name="icmp_ln292_2_fu_478">
<pin_list>
<pin id="479" dir="0" index="0" bw="4" slack="0"/>
<pin id="480" dir="0" index="1" bw="1" slack="0"/>
<pin id="481" dir="1" index="2" bw="1" slack="0"/>
</pin_list>
<bind>
<opcode="icmp(45) " fcode="icmp"/>
<opset="icmp_ln292_2/1 "/>
</bind>
</comp>

<comp id="484" class="1004" name="select_ln292_fu_484">
<pin_list>
<pin id="485" dir="0" index="0" bw="1" slack="0"/>
<pin id="486" dir="0" index="1" bw="1" slack="0"/>
<pin id="487" dir="0" index="2" bw="3" slack="0"/>
<pin id="488" dir="1" index="3" bw="3" slack="0"/>
</pin_list>
<bind>
<opcode="select(49) " fcode="select"/>
<opset="select_ln292/1 "/>
</bind>
</comp>

<comp id="493" class="1004" name="zext_ln299_fu_493">
<pin_list>
<pin id="494" dir="0" index="0" bw="3" slack="0"/>
<pin id="495" dir="1" index="1" bw="5" slack="0"/>
</pin_list>
<bind>
<opcode="zext(34) " fcode="zext"/>
<opset="zext_ln299/1 "/>
</bind>
</comp>

<comp id="497" class="1004" name="zext_ln299_1_fu_497">
<pin_list>
<pin id="498" dir="0" index="0" bw="4" slack="0"/>
<pin id="499" dir="1" index="1" bw="5" slack="0"/>
</pin_list>
<bind>
<opcode="zext(34) " fcode="zext"/>
<opset="zext_ln299_1/1 "/>
</bind>
</comp>

<comp id="501" class="1004" name="B_L_fu_501">
<pin_list>
<pin id="502" dir="0" index="0" bw="4" slack="0"/>
<pin id="503" dir="0" index="1" bw="3" slack="0"/>
<pin id="504" dir="1" index="2" bw="5" slack="0"/>
</pin_list>
<bind>
<opcode="add(8) " fcode="add"/>
<opset="B_L/1 "/>
</bind>
</comp>

<comp id="507" class="1004" name="zext_ln299_2_fu_507">
<pin_list>
<pin id="508" dir="0" index="0" bw="5" slack="0"/>
<pin id="509" dir="1" index="1" bw="6" slack="0"/>
</pin_list>
<bind>
<opcode="zext(34) " fcode="zext"/>
<opset="zext_ln299_2/1 "/>
</bind>
</comp>

<comp id="511" class="1004" name="icmp_ln301_fu_511">
<pin_list>
<pin id="512" dir="0" index="0" bw="5" slack="0"/>
<pin id="513" dir="0" index="1" bw="1" slack="0"/>
<pin id="514" dir="1" index="2" bw="1" slack="2147483647"/>
</pin_list>
<bind>
<opcode="icmp(45) " fcode="icmp"/>
<opset="icmp_ln301/1 "/>
</bind>
</comp>

<comp id="517" class="1004" name="trunc_ln301_fu_517">
<pin_list>
<pin id="518" dir="0" index="0" bw="16" slack="0"/>
<pin id="519" dir="1" index="1" bw="15" slack="0"/>
</pin_list>
<bind>
<opcode="trunc(33) " fcode="trunc"/>
<opset="trunc_ln301/1 "/>
</bind>
</comp>

<comp id="522" class="1004" name="add_ln302_fu_522">
<pin_list>
<pin id="523" dir="0" index="0" bw="5" slack="0"/>
<pin id="524" dir="0" index="1" bw="1" slack="0"/>
<pin id="525" dir="1" index="2" bw="5" slack="0"/>
</pin_list>
<bind>
<opcode="add(8) " fcode="add"/>
<opset="add_ln302/1 "/>
</bind>
</comp>

<comp id="528" class="1004" name="zext_ln302_fu_528">
<pin_list>
<pin id="529" dir="0" index="0" bw="5" slack="0"/>
<pin id="530" dir="1" index="1" bw="15" slack="0"/>
</pin_list>
<bind>
<opcode="zext(34) " fcode="zext"/>
<opset="zext_ln302/1 "/>
</bind>
</comp>

<comp id="532" class="1004" name="shl_ln302_fu_532">
<pin_list>
<pin id="533" dir="0" index="0" bw="15" slack="0"/>
<pin id="534" dir="0" index="1" bw="5" slack="0"/>
<pin id="535" dir="1" index="2" bw="15" slack="0"/>
</pin_list>
<bind>
<opcode="shl(20) " fcode="shl"/>
<opset="shl_ln302/1 "/>
</bind>
</comp>

<comp id="539" class="1004" name="index_fu_539">
<pin_list>
<pin id="540" dir="0" index="0" bw="11" slack="0"/>
<pin id="541" dir="0" index="1" bw="15" slack="0"/>
<pin id="542" dir="0" index="2" bw="4" slack="0"/>
<pin id="543" dir="0" index="3" bw="5" slack="0"/>
<pin id="544" dir="1" index="4" bw="11" slack="0"/>
</pin_list>
<bind>
<opcode="partselect(1002) " fcode="partselect"/>
<opset="index/1 "/>
</bind>
</comp>

<comp id="549" class="1004" name="zext_ln306_fu_549">
<pin_list>
<pin id="550" dir="0" index="0" bw="11" slack="0"/>
<pin id="551" dir="1" index="1" bw="64" slack="0"/>
</pin_list>
<bind>
<opcode="zext(34) " fcode="zext"/>
<opset="zext_ln306/1 "/>
</bind>
</comp>

<comp id="554" class="1004" name="add_ln307_fu_554">
<pin_list>
<pin id="555" dir="0" index="0" bw="6" slack="0"/>
<pin id="556" dir="0" index="1" bw="6" slack="0"/>
<pin id="557" dir="1" index="2" bw="6" slack="0"/>
</pin_list>
<bind>
<opcode="add(8) " fcode="add"/>
<opset="add_ln307/1 "/>
</bind>
</comp>

<comp id="560" class="1004" name="sub_ln307_fu_560">
<pin_list>
<pin id="561" dir="0" index="0" bw="6" slack="0"/>
<pin id="562" dir="0" index="1" bw="5" slack="0"/>
<pin id="563" dir="1" index="2" bw="6" slack="1"/>
</pin_list>
<bind>
<opcode="sub(10) " fcode="sub"/>
<opset="sub_ln307/1 "/>
</bind>
</comp>

<comp id="566" class="1004" name="zext_ln307_fu_566">
<pin_list>
<pin id="567" dir="0" index="0" bw="6" slack="1"/>
<pin id="568" dir="1" index="1" bw="8" slack="0"/>
</pin_list>
<bind>
<opcode="zext(34) " fcode="zext"/>
<opset="zext_ln307/2 "/>
</bind>
</comp>

<comp id="570" class="1004" name="val_fu_570">
<pin_list>
<pin id="571" dir="0" index="0" bw="16" slack="0"/>
<pin id="572" dir="1" index="1" bw="32" slack="0"/>
</pin_list>
<bind>
<opcode="zext(34) " fcode="zext"/>
<opset="val/2 "/>
</bind>
</comp>

<comp id="574" class="1004" name="mrv_fu_574">
<pin_list>
<pin id="575" dir="0" index="0" bw="40" slack="0"/>
<pin id="576" dir="0" index="1" bw="16" slack="0"/>
<pin id="577" dir="1" index="2" bw="40" slack="0"/>
</pin_list>
<bind>
<opcode="insertvalue(57) " fcode="insertvalue"/>
<opset="mrv/2 "/>
</bind>
</comp>

<comp id="580" class="1004" name="mrv_1_fu_580">
<pin_list>
<pin id="581" dir="0" index="0" bw="40" slack="0"/>
<pin id="582" dir="0" index="1" bw="8" slack="0"/>
<pin id="583" dir="1" index="2" bw="40" slack="2147483647"/>
</pin_list>
<bind>
<opcode="insertvalue(57) " fcode="insertvalue"/>
<opset="mrv_1/2 "/>
</bind>
</comp>

<comp id="586" class="1005" name="N_read_1_reg_586">
<pin_list>
<pin id="587" dir="0" index="0" bw="8" slack="1"/>
<pin id="588" dir="1" index="1" bw="8" slack="1"/>
</pin_list>
<bind>
<opset="N_read_1 "/>
</bind>
</comp>

<comp id="591" class="1005" name="icmp_ln242_reg_591">
<pin_list>
<pin id="592" dir="0" index="0" bw="1" slack="1"/>
<pin id="593" dir="1" index="1" bw="1" slack="2147483647"/>
</pin_list>
<bind>
<opset="icmp_ln242 "/>
</bind>
</comp>

<comp id="634" class="1005" name="xf_division_lut_add_reg_634">
<pin_list>
<pin id="635" dir="0" index="0" bw="12" slack="1"/>
<pin id="636" dir="1" index="1" bw="12" slack="1"/>
</pin_list>
<bind>
<opset="xf_division_lut_add "/>
</bind>
</comp>

<comp id="639" class="1005" name="sub_ln307_reg_639">
<pin_list>
<pin id="640" dir="0" index="0" bw="6" slack="1"/>
<pin id="641" dir="1" index="1" bw="6" slack="1"/>
</pin_list>
<bind>
<opset="sub_ln307 "/>
</bind>
</comp>

</comp_list>

<net_list>
<net id="92"><net_src comp="8" pin="0"/><net_sink comp="88" pin=0"/></net>

<net id="93"><net_src comp="4" pin="0"/><net_sink comp="88" pin=1"/></net>

<net id="98"><net_src comp="10" pin="0"/><net_sink comp="94" pin=0"/></net>

<net id="99"><net_src comp="2" pin="0"/><net_sink comp="94" pin=1"/></net>

<net id="104"><net_src comp="12" pin="0"/><net_sink comp="100" pin=0"/></net>

<net id="105"><net_src comp="0" pin="0"/><net_sink comp="100" pin=1"/></net>

<net id="111"><net_src comp="6" pin="0"/><net_sink comp="106" pin=0"/></net>

<net id="112"><net_src comp="80" pin="0"/><net_sink comp="106" pin=1"/></net>

<net id="118"><net_src comp="106" pin="3"/><net_sink comp="113" pin=0"/></net>

<net id="150"><net_src comp="64" pin="0"/><net_sink comp="122" pin=0"/></net>

<net id="151"><net_src comp="66" pin="0"/><net_sink comp="122" pin=2"/></net>

<net id="152"><net_src comp="64" pin="0"/><net_sink comp="122" pin=4"/></net>

<net id="153"><net_src comp="66" pin="0"/><net_sink comp="122" pin=6"/></net>

<net id="154"><net_src comp="64" pin="0"/><net_sink comp="122" pin=8"/></net>

<net id="155"><net_src comp="66" pin="0"/><net_sink comp="122" pin=10"/></net>

<net id="156"><net_src comp="64" pin="0"/><net_sink comp="122" pin=12"/></net>

<net id="157"><net_src comp="66" pin="0"/><net_sink comp="122" pin=14"/></net>

<net id="158"><net_src comp="48" pin="0"/><net_sink comp="122" pin=16"/></net>

<net id="190"><net_src comp="30" pin="0"/><net_sink comp="162" pin=0"/></net>

<net id="191"><net_src comp="30" pin="0"/><net_sink comp="162" pin=2"/></net>

<net id="192"><net_src comp="68" pin="0"/><net_sink comp="162" pin=4"/></net>

<net id="193"><net_src comp="68" pin="0"/><net_sink comp="162" pin=6"/></net>

<net id="194"><net_src comp="70" pin="0"/><net_sink comp="162" pin=8"/></net>

<net id="195"><net_src comp="70" pin="0"/><net_sink comp="162" pin=10"/></net>

<net id="196"><net_src comp="72" pin="0"/><net_sink comp="162" pin=12"/></net>

<net id="197"><net_src comp="72" pin="0"/><net_sink comp="162" pin=14"/></net>

<net id="198"><net_src comp="72" pin="0"/><net_sink comp="162" pin=16"/></net>

<net id="199"><net_src comp="72" pin="0"/><net_sink comp="162" pin=18"/></net>

<net id="200"><net_src comp="70" pin="0"/><net_sink comp="162" pin=20"/></net>

<net id="201"><net_src comp="68" pin="0"/><net_sink comp="162" pin=22"/></net>

<net id="202"><net_src comp="30" pin="0"/><net_sink comp="162" pin=24"/></net>

<net id="224"><net_src comp="84" pin="0"/><net_sink comp="221" pin=0"/></net>

<net id="231"><net_src comp="113" pin="3"/><net_sink comp="225" pin=0"/></net>

<net id="232"><net_src comp="221" pin="1"/><net_sink comp="225" pin=2"/></net>

<net id="239"><net_src comp="14" pin="0"/><net_sink comp="233" pin=0"/></net>

<net id="240"><net_src comp="100" pin="2"/><net_sink comp="233" pin=1"/></net>

<net id="241"><net_src comp="16" pin="0"/><net_sink comp="233" pin=2"/></net>

<net id="242"><net_src comp="18" pin="0"/><net_sink comp="233" pin=3"/></net>

<net id="249"><net_src comp="14" pin="0"/><net_sink comp="243" pin=0"/></net>

<net id="250"><net_src comp="100" pin="2"/><net_sink comp="243" pin=1"/></net>

<net id="251"><net_src comp="20" pin="0"/><net_sink comp="243" pin=2"/></net>

<net id="252"><net_src comp="22" pin="0"/><net_sink comp="243" pin=3"/></net>

<net id="256"><net_src comp="100" pin="2"/><net_sink comp="253" pin=0"/></net>

<net id="261"><net_src comp="100" pin="2"/><net_sink comp="257" pin=0"/></net>

<net id="262"><net_src comp="24" pin="0"/><net_sink comp="257" pin=1"/></net>

<net id="269"><net_src comp="14" pin="0"/><net_sink comp="263" pin=0"/></net>

<net id="270"><net_src comp="100" pin="2"/><net_sink comp="263" pin=1"/></net>

<net id="271"><net_src comp="26" pin="0"/><net_sink comp="263" pin=2"/></net>

<net id="272"><net_src comp="28" pin="0"/><net_sink comp="263" pin=3"/></net>

<net id="277"><net_src comp="263" pin="4"/><net_sink comp="273" pin=0"/></net>

<net id="278"><net_src comp="30" pin="0"/><net_sink comp="273" pin=1"/></net>

<net id="284"><net_src comp="32" pin="0"/><net_sink comp="279" pin=0"/></net>

<net id="285"><net_src comp="100" pin="2"/><net_sink comp="279" pin=1"/></net>

<net id="286"><net_src comp="28" pin="0"/><net_sink comp="279" pin=2"/></net>

<net id="293"><net_src comp="34" pin="0"/><net_sink comp="287" pin=0"/></net>

<net id="294"><net_src comp="100" pin="2"/><net_sink comp="287" pin=1"/></net>

<net id="295"><net_src comp="36" pin="0"/><net_sink comp="287" pin=2"/></net>

<net id="296"><net_src comp="28" pin="0"/><net_sink comp="287" pin=3"/></net>

<net id="301"><net_src comp="287" pin="4"/><net_sink comp="297" pin=0"/></net>

<net id="302"><net_src comp="38" pin="0"/><net_sink comp="297" pin=1"/></net>

<net id="309"><net_src comp="40" pin="0"/><net_sink comp="303" pin=0"/></net>

<net id="310"><net_src comp="100" pin="2"/><net_sink comp="303" pin=1"/></net>

<net id="311"><net_src comp="42" pin="0"/><net_sink comp="303" pin=2"/></net>

<net id="312"><net_src comp="28" pin="0"/><net_sink comp="303" pin=3"/></net>

<net id="317"><net_src comp="303" pin="4"/><net_sink comp="313" pin=0"/></net>

<net id="318"><net_src comp="44" pin="0"/><net_sink comp="313" pin=1"/></net>

<net id="324"><net_src comp="313" pin="2"/><net_sink comp="319" pin=0"/></net>

<net id="325"><net_src comp="46" pin="0"/><net_sink comp="319" pin=1"/></net>

<net id="326"><net_src comp="48" pin="0"/><net_sink comp="319" pin=2"/></net>

<net id="327"><net_src comp="319" pin="3"/><net_sink comp="122" pin=24"/></net>

<net id="332"><net_src comp="233" pin="4"/><net_sink comp="328" pin=0"/></net>

<net id="333"><net_src comp="30" pin="0"/><net_sink comp="328" pin=1"/></net>

<net id="339"><net_src comp="32" pin="0"/><net_sink comp="334" pin=0"/></net>

<net id="340"><net_src comp="100" pin="2"/><net_sink comp="334" pin=1"/></net>

<net id="341"><net_src comp="18" pin="0"/><net_sink comp="334" pin=2"/></net>

<net id="348"><net_src comp="34" pin="0"/><net_sink comp="342" pin=0"/></net>

<net id="349"><net_src comp="100" pin="2"/><net_sink comp="342" pin=1"/></net>

<net id="350"><net_src comp="50" pin="0"/><net_sink comp="342" pin=2"/></net>

<net id="351"><net_src comp="18" pin="0"/><net_sink comp="342" pin=3"/></net>

<net id="356"><net_src comp="342" pin="4"/><net_sink comp="352" pin=0"/></net>

<net id="357"><net_src comp="38" pin="0"/><net_sink comp="352" pin=1"/></net>

<net id="364"><net_src comp="40" pin="0"/><net_sink comp="358" pin=0"/></net>

<net id="365"><net_src comp="100" pin="2"/><net_sink comp="358" pin=1"/></net>

<net id="366"><net_src comp="52" pin="0"/><net_sink comp="358" pin=2"/></net>

<net id="367"><net_src comp="18" pin="0"/><net_sink comp="358" pin=3"/></net>

<net id="372"><net_src comp="358" pin="4"/><net_sink comp="368" pin=0"/></net>

<net id="373"><net_src comp="44" pin="0"/><net_sink comp="368" pin=1"/></net>

<net id="379"><net_src comp="368" pin="2"/><net_sink comp="374" pin=0"/></net>

<net id="380"><net_src comp="46" pin="0"/><net_sink comp="374" pin=1"/></net>

<net id="381"><net_src comp="48" pin="0"/><net_sink comp="374" pin=2"/></net>

<net id="382"><net_src comp="374" pin="3"/><net_sink comp="122" pin=22"/></net>

<net id="387"><net_src comp="243" pin="4"/><net_sink comp="383" pin=0"/></net>

<net id="388"><net_src comp="30" pin="0"/><net_sink comp="383" pin=1"/></net>

<net id="394"><net_src comp="32" pin="0"/><net_sink comp="389" pin=0"/></net>

<net id="395"><net_src comp="100" pin="2"/><net_sink comp="389" pin=1"/></net>

<net id="396"><net_src comp="22" pin="0"/><net_sink comp="389" pin=2"/></net>

<net id="403"><net_src comp="34" pin="0"/><net_sink comp="397" pin=0"/></net>

<net id="404"><net_src comp="100" pin="2"/><net_sink comp="397" pin=1"/></net>

<net id="405"><net_src comp="54" pin="0"/><net_sink comp="397" pin=2"/></net>

<net id="406"><net_src comp="22" pin="0"/><net_sink comp="397" pin=3"/></net>

<net id="411"><net_src comp="397" pin="4"/><net_sink comp="407" pin=0"/></net>

<net id="412"><net_src comp="38" pin="0"/><net_sink comp="407" pin=1"/></net>

<net id="419"><net_src comp="40" pin="0"/><net_sink comp="413" pin=0"/></net>

<net id="420"><net_src comp="100" pin="2"/><net_sink comp="413" pin=1"/></net>

<net id="421"><net_src comp="56" pin="0"/><net_sink comp="413" pin=2"/></net>

<net id="422"><net_src comp="22" pin="0"/><net_sink comp="413" pin=3"/></net>

<net id="427"><net_src comp="413" pin="4"/><net_sink comp="423" pin=0"/></net>

<net id="428"><net_src comp="44" pin="0"/><net_sink comp="423" pin=1"/></net>

<net id="434"><net_src comp="423" pin="2"/><net_sink comp="429" pin=0"/></net>

<net id="435"><net_src comp="46" pin="0"/><net_sink comp="429" pin=1"/></net>

<net id="436"><net_src comp="48" pin="0"/><net_sink comp="429" pin=2"/></net>

<net id="437"><net_src comp="429" pin="3"/><net_sink comp="122" pin=20"/></net>

<net id="443"><net_src comp="32" pin="0"/><net_sink comp="438" pin=0"/></net>

<net id="444"><net_src comp="100" pin="2"/><net_sink comp="438" pin=1"/></net>

<net id="445"><net_src comp="58" pin="0"/><net_sink comp="438" pin=2"/></net>

<net id="452"><net_src comp="34" pin="0"/><net_sink comp="446" pin=0"/></net>

<net id="453"><net_src comp="100" pin="2"/><net_sink comp="446" pin=1"/></net>

<net id="454"><net_src comp="60" pin="0"/><net_sink comp="446" pin=2"/></net>

<net id="455"><net_src comp="58" pin="0"/><net_sink comp="446" pin=3"/></net>

<net id="460"><net_src comp="446" pin="4"/><net_sink comp="456" pin=0"/></net>

<net id="461"><net_src comp="38" pin="0"/><net_sink comp="456" pin=1"/></net>

<net id="468"><net_src comp="40" pin="0"/><net_sink comp="462" pin=0"/></net>

<net id="469"><net_src comp="100" pin="2"/><net_sink comp="462" pin=1"/></net>

<net id="470"><net_src comp="62" pin="0"/><net_sink comp="462" pin=2"/></net>

<net id="471"><net_src comp="58" pin="0"/><net_sink comp="462" pin=3"/></net>

<net id="476"><net_src comp="462" pin="4"/><net_sink comp="472" pin=0"/></net>

<net id="477"><net_src comp="44" pin="0"/><net_sink comp="472" pin=1"/></net>

<net id="482"><net_src comp="253" pin="1"/><net_sink comp="478" pin=0"/></net>

<net id="483"><net_src comp="30" pin="0"/><net_sink comp="478" pin=1"/></net>

<net id="489"><net_src comp="478" pin="2"/><net_sink comp="484" pin=0"/></net>

<net id="490"><net_src comp="44" pin="0"/><net_sink comp="484" pin=1"/></net>

<net id="491"><net_src comp="46" pin="0"/><net_sink comp="484" pin=2"/></net>

<net id="492"><net_src comp="484" pin="3"/><net_sink comp="122" pin=18"/></net>

<net id="496"><net_src comp="122" pin="26"/><net_sink comp="493" pin=0"/></net>

<net id="500"><net_src comp="162" pin="26"/><net_sink comp="497" pin=0"/></net>

<net id="505"><net_src comp="497" pin="1"/><net_sink comp="501" pin=0"/></net>

<net id="506"><net_src comp="493" pin="1"/><net_sink comp="501" pin=1"/></net>

<net id="510"><net_src comp="501" pin="2"/><net_sink comp="507" pin=0"/></net>

<net id="515"><net_src comp="501" pin="2"/><net_sink comp="511" pin=0"/></net>

<net id="516"><net_src comp="74" pin="0"/><net_sink comp="511" pin=1"/></net>

<net id="520"><net_src comp="100" pin="2"/><net_sink comp="517" pin=0"/></net>

<net id="521"><net_src comp="517" pin="1"/><net_sink comp="206" pin=2"/></net>

<net id="526"><net_src comp="501" pin="2"/><net_sink comp="522" pin=0"/></net>

<net id="527"><net_src comp="76" pin="0"/><net_sink comp="522" pin=1"/></net>

<net id="531"><net_src comp="522" pin="2"/><net_sink comp="528" pin=0"/></net>

<net id="536"><net_src comp="517" pin="1"/><net_sink comp="532" pin=0"/></net>

<net id="537"><net_src comp="528" pin="1"/><net_sink comp="532" pin=1"/></net>

<net id="538"><net_src comp="532" pin="2"/><net_sink comp="206" pin=0"/></net>

<net id="545"><net_src comp="78" pin="0"/><net_sink comp="539" pin=0"/></net>

<net id="546"><net_src comp="206" pin="4"/><net_sink comp="539" pin=1"/></net>

<net id="547"><net_src comp="20" pin="0"/><net_sink comp="539" pin=2"/></net>

<net id="548"><net_src comp="36" pin="0"/><net_sink comp="539" pin=3"/></net>

<net id="552"><net_src comp="539" pin="4"/><net_sink comp="549" pin=0"/></net>

<net id="553"><net_src comp="549" pin="1"/><net_sink comp="106" pin=2"/></net>

<net id="558"><net_src comp="94" pin="2"/><net_sink comp="554" pin=0"/></net>

<net id="559"><net_src comp="82" pin="0"/><net_sink comp="554" pin=1"/></net>

<net id="564"><net_src comp="554" pin="2"/><net_sink comp="560" pin=0"/></net>

<net id="565"><net_src comp="507" pin="1"/><net_sink comp="560" pin=1"/></net>

<net id="569"><net_src comp="566" pin="1"/><net_sink comp="215" pin=0"/></net>

<net id="573"><net_src comp="225" pin="4"/><net_sink comp="570" pin=0"/></net>

<net id="578"><net_src comp="86" pin="0"/><net_sink comp="574" pin=0"/></net>

<net id="579"><net_src comp="570" pin="1"/><net_sink comp="574" pin=1"/></net>

<net id="584"><net_src comp="574" pin="2"/><net_sink comp="580" pin=0"/></net>

<net id="585"><net_src comp="215" pin="4"/><net_sink comp="580" pin=1"/></net>

<net id="589"><net_src comp="88" pin="2"/><net_sink comp="586" pin=0"/></net>

<net id="590"><net_src comp="586" pin="1"/><net_sink comp="215" pin=2"/></net>

<net id="594"><net_src comp="257" pin="2"/><net_sink comp="591" pin=0"/></net>

<net id="637"><net_src comp="106" pin="3"/><net_sink comp="634" pin=0"/></net>

<net id="638"><net_src comp="634" pin="1"/><net_sink comp="113" pin=0"/></net>

<net id="642"><net_src comp="560" pin="2"/><net_sink comp="639" pin=0"/></net>

<net id="643"><net_src comp="639" pin="1"/><net_sink comp="566" pin=0"/></net>

</net_list>

</model> 
---------------- Datapath Model END ------------------

* FSMD analyzer results:
  - Output states:
 - Input state : 
	Port: Inverse : x | {1 }
	Port: Inverse : M | {1 }
	Port: Inverse : N_read | {1 }
	Port: Inverse : xf_division_lut | {1 2 }
  - Chain level:
	State 1
		br_ln242 : 1
		icmp_ln246 : 1
		br_ln246 : 2
		br_ln253 : 1
		icmp_ln253 : 1
		br_ln253 : 2
		icmp_ln253_1 : 1
		select_ln253 : 2
		icmp_ln259 : 1
		br_ln259 : 2
		br_ln266 : 1
		icmp_ln266 : 1
		br_ln266 : 2
		icmp_ln266_1 : 1
		select_ln266 : 2
		icmp_ln272 : 1
		br_ln272 : 2
		br_ln279 : 1
		icmp_ln279 : 1
		br_ln279 : 2
		icmp_ln279_1 : 1
		select_ln279 : 2
		br_ln292 : 1
		icmp_ln292 : 1
		br_ln292 : 2
		icmp_ln292_1 : 1
		br_ln292 : 2
		icmp_ln292_2 : 1
		select_ln292 : 2
		pos_6 : 3
		block_2 : 3
		zext_ln299 : 4
		zext_ln299_1 : 4
		B_L : 5
		zext_ln299_2 : 6
		icmp_ln301 : 6
		br_ln301 : 7
		add_ln302 : 6
		zext_ln302 : 7
		shl_ln302 : 8
		index_0_in_in : 9
		index : 10
		zext_ln306 : 11
		xf_division_lut_add : 12
		xf_division_lut_loa : 13
		sub_ln307 : 7
	State 2
		phi_ln311 : 1
		p_0_in : 1
		val : 2
		mrv : 3
		mrv_1 : 4
		ret_ln311 : 5


============================================================
+ Verbose Summary: Datapath Resource usage 
============================================================

* Functional unit list:
|----------|---------------------|---------|---------|
| Operation|   Functional Unit   |    FF   |   LUT   |
|----------|---------------------|---------|---------|
|          |  icmp_ln242_fu_257  |    0    |    13   |
|          |  icmp_ln246_fu_273  |    0    |    9    |
|          |  icmp_ln253_fu_297  |    0    |    8    |
|          | icmp_ln253_1_fu_313 |    0    |    9    |
|          |  icmp_ln259_fu_328  |    0    |    9    |
|          |  icmp_ln266_fu_352  |    0    |    8    |
|   icmp   | icmp_ln266_1_fu_368 |    0    |    9    |
|          |  icmp_ln272_fu_383  |    0    |    9    |
|          |  icmp_ln279_fu_407  |    0    |    8    |
|          | icmp_ln279_1_fu_423 |    0    |    9    |
|          |  icmp_ln292_fu_456  |    0    |    8    |
|          | icmp_ln292_1_fu_472 |    0    |    9    |
|          | icmp_ln292_2_fu_478 |    0    |    9    |
|          |  icmp_ln301_fu_511  |    0    |    11   |
|----------|---------------------|---------|---------|
|          |      B_L_fu_501     |    0    |    13   |
|    add   |   add_ln302_fu_522  |    0    |    15   |
|          |   add_ln307_fu_554  |    0    |    8    |
|----------|---------------------|---------|---------|
|    shl   |   shl_ln302_fu_532  |    0    |    33   |
|----------|---------------------|---------|---------|
|          | select_ln253_fu_319 |    0    |    3    |
|  select  | select_ln266_fu_374 |    0    |    3    |
|          | select_ln279_fu_429 |    0    |    3    |
|          | select_ln292_fu_484 |    0    |    3    |
|----------|---------------------|---------|---------|
|    sub   |   sub_ln307_fu_560  |    0    |    8    |
|----------|---------------------|---------|---------|
|          | N_read_1_read_fu_88 |    0    |    0    |
|   read   |  M_read_read_fu_94  |    0    |    0    |
|          |  x_read_read_fu_100 |    0    |    0    |
|----------|---------------------|---------|---------|
|          |     tmpx_fu_233     |    0    |    0    |
|          |    tmpx_1_fu_243    |    0    |    0    |
|          |      tmp_fu_263     |    0    |    0    |
|          |    tmp_64_fu_287    |    0    |    0    |
|          |    tmp_68_fu_303    |    0    |    0    |
|partselect|    tmp_67_fu_342    |    0    |    0    |
|          |    tmp_71_fu_358    |    0    |    0    |
|          |    tmp_70_fu_397    |    0    |    0    |
|          |    tmp_73_fu_413    |    0    |    0    |
|          |    tmp_69_fu_446    |    0    |    0    |
|          |    tmp_72_fu_462    |    0    |    0    |
|          |     index_fu_539    |    0    |    0    |
|----------|---------------------|---------|---------|
|   trunc  |    tmpx_2_fu_253    |    0    |    0    |
|          |  trunc_ln301_fu_517 |    0    |    0    |
|----------|---------------------|---------|---------|
|          |    tmp_62_fu_279    |    0    |    0    |
| bitselect|    tmp_63_fu_334    |    0    |    0    |
|          |    tmp_66_fu_389    |    0    |    0    |
|          |    tmp_65_fu_438    |    0    |    0    |
|----------|---------------------|---------|---------|
|          |  zext_ln299_fu_493  |    0    |    0    |
|          | zext_ln299_1_fu_497 |    0    |    0    |
|          | zext_ln299_2_fu_507 |    0    |    0    |
|   zext   |  zext_ln302_fu_528  |    0    |    0    |
|          |  zext_ln306_fu_549  |    0    |    0    |
|          |  zext_ln307_fu_566  |    0    |    0    |
|          |      val_fu_570     |    0    |    0    |
|----------|---------------------|---------|---------|
|insertvalue|      mrv_fu_574     |    0    |    0    |
|          |     mrv_1_fu_580    |    0    |    0    |
|----------|---------------------|---------|---------|
|   Total  |                     |    0    |   217   |
|----------|---------------------|---------|---------|

Memories:
N/A

* Register list:
+---------------------------+--------+
|                           |   FF   |
+---------------------------+--------+
|      N_read_1_reg_586     |    8   |
|      block_2_reg_159      |    4   |
|     icmp_ln242_reg_591    |    1   |
|   index_0_in_in_reg_203   |   15   |
|       p_0_in_reg_221      |   16   |
|     phi_ln311_reg_212     |    8   |
|       pos_6_reg_119       |    3   |
|     sub_ln307_reg_639     |    6   |
|xf_division_lut_add_reg_634|   12   |
+---------------------------+--------+
|           Total           |   73   |
+---------------------------+--------+

* Multiplexer (MUX) list: 
|-------------------|------|------|------|--------||---------||---------|
|        Comp       |  Pin | Size |  BW  | S x BW ||  Delay  ||   LUT   |
|-------------------|------|------|------|--------||---------||---------|
| grp_access_fu_113 |  p0  |   2  |  12  |   24   ||    9    |
|-------------------|------|------|------|--------||---------||---------|
|       Total       |      |      |      |   24   ||  1.769  ||    9    |
|-------------------|------|------|------|--------||---------||---------|



* Summary:
+-----------+--------+--------+--------+
|           |  Delay |   FF   |   LUT  |
+-----------+--------+--------+--------+
|  Function |    -   |    0   |   217  |
|   Memory  |    -   |    -   |    -   |
|Multiplexer|    1   |    -   |    9   |
|  Register |    -   |   73   |    -   |
+-----------+--------+--------+--------+
|   Total   |    1   |   73   |   226  |
+-----------+--------+--------+--------+
