

================================================================
== Vivado HLS Report for 'minMaxLoc'
================================================================
* Date:           Wed Mar 18 11:33:43 2020

* Version:        2019.2.1 (Build 2724168 on Thu Dec 05 05:19:09 MST 2019)
* Project:        WeedD
* Solution:       solution1
* Product family: zynq
* Target device:  xc7z020-clg400-1


================================================================
== Performance Estimates
================================================================
+ Timing: 
    * Summary: 
    +--------+----------+----------+------------+
    |  Clock |  Target  | Estimated| Uncertainty|
    +--------+----------+----------+------------+
    |ap_clk  | 50.00 ns | 8.609 ns |   6.25 ns  |
    +--------+----------+----------+------------+

+ Latency: 
    * Summary: 
    +---------+---------+----------+----------+-------+-------+---------+
    |  Latency (cycles) |  Latency (absolute) |    Interval   | Pipeline|
    |   min   |   max   |    min   |    max   |  min  |  max  |   Type  |
    +---------+---------+----------+----------+-------+-------+---------+
    |    58142|    58142| 2.907 ms | 2.907 ms |  58142|  58142|   none  |
    +---------+---------+----------+----------+-------+-------+---------+

    + Detail: 
        * Instance: 
        N/A

        * Loop: 
        N/A

============================================================
+ Verbose Summary: Synthesis Manager
============================================================
InlineROM: 1
ExposeGlobal: 0
============================================================
+ Verbose Summary: CDFG Model
============================================================
IsTopModel: 0
ResetActiveHigh: 1
IsCombinational: 2
IsDatapathOnly: 0
HasWiredReturn: 1
HasMFsm: 0
HasVarLatency: 1
IsPipeline: 0
IsRtlPipelined: 0
IsInstanceOverlapped: 0
IsDontTouch: 0
HasImplIP: 0
IsGatedGlobalClock: 0


============================================================
+ Verbose Summary: Schedule
============================================================
* Number of FSM states : 2
* Pipeline : 0
* Dataflow Pipeline: 0

* FSM state transitions: 
1 --> 2 
2 --> 

* FSM state operations: 

State 1 <SV = 0> <Delay = 0.00>
ST_1 : Operation 3 [2/2] (0.00ns)   --->   "%p_max_val = call fastcc i32 @xFMinMaxLocKernel(i8* %p_src_data_V)" [D:/Xilinx/xfopencv-master/include\core/xf_min_max_loc.hpp:249]   --->   Operation 3 'call' 'p_max_val' <Predicate = true> <Delay = 0.00> <CoreType = "Generic">   --->   Core 0 '' <Latency = 0> <II = 1> <Delay = 1.00> <Generic> <Opcode : >

State 2 <SV = 1> <Delay = 3.17>
ST_2 : Operation 4 [1/1] (0.00ns)   --->   "call void (...)* @_ssdm_op_SpecInterface(i8* %p_src_data_V, [8 x i8]* @ap_fifo_str, i32 0, i32 0, [1 x i8]* @p_str, i32 0, i32 0, [1 x i8]* @p_str, [1 x i8]* @p_str, [1 x i8]* @p_str, i32 2, i32 2, i32 16, i32 16, [1 x i8]* @p_str, [1 x i8]* @p_str)"   --->   Operation 4 'specinterface' <Predicate = true> <Delay = 0.00>
ST_2 : Operation 5 [1/2] (3.17ns)   --->   "%p_max_val = call fastcc i32 @xFMinMaxLocKernel(i8* %p_src_data_V)" [D:/Xilinx/xfopencv-master/include\core/xf_min_max_loc.hpp:249]   --->   Operation 5 'call' 'p_max_val' <Predicate = true> <Delay = 3.17> <CoreType = "Generic">   --->   Core 0 '' <Latency = 0> <II = 1> <Delay = 1.00> <Generic> <Opcode : >
ST_2 : Operation 6 [1/1] (0.00ns)   --->   "ret i32 %p_max_val" [D:/Xilinx/xfopencv-master/include\core/xf_min_max_loc.hpp:257]   --->   Operation 6 'ret' <Predicate = true> <Delay = 0.00>


============================================================
+ Verbose Summary: Timing violations
============================================================
Target clock period: 50ns, clock uncertainty: 6.25ns.

 <State 1>: 0ns
The critical path consists of the following:

 <State 2>: 3.17ns
The critical path consists of the following:
	'call' operation ('_max_val', D:/Xilinx/xfopencv-master/include\core/xf_min_max_loc.hpp:249) to 'xFMinMaxLocKernel' [3]  (3.17 ns)


============================================================
+ Verbose Summary: Binding
============================================================
N/A
* FSMD analyzer results:
  - Output states:
 - Input state : 
  - Chain level:
	State 1
	State 2


============================================================
+ Verbose Summary: Datapath Resource usage 
============================================================
N/A
