

================================================================
== Vivado HLS Report for 'Threshold'
================================================================
* Date:           Wed Mar 18 11:33:58 2020

* Version:        2019.2.1 (Build 2724168 on Thu Dec 05 05:19:09 MST 2019)
* Project:        WeedD
* Solution:       solution1
* Product family: zynq
* Target device:  xc7z020-clg400-1


================================================================
== Performance Estimates
================================================================
+ Timing: 
    * Summary: 
    +--------+----------+----------+------------+
    |  Clock |  Target  | Estimated| Uncertainty|
    +--------+----------+----------+------------+
    |ap_clk  | 50.00 ns | 8.819 ns |   6.25 ns  |
    +--------+----------+----------+------------+

+ Latency: 
    * Summary: 
    +---------+---------+----------+----------+-------+-------+---------+
    |  Latency (cycles) |  Latency (absolute) |    Interval   | Pipeline|
    |   min   |   max   |    min   |    max   |  min  |  max  |   Type  |
    +---------+---------+----------+----------+-------+-------+---------+
    |    58141|    58141| 2.907 ms | 2.907 ms |  58141|  58141|   none  |
    +---------+---------+----------+----------+-------+-------+---------+

    + Detail: 
        * Instance: 
        N/A

        * Loop: 
        +------------+---------+---------+----------+-----------+-----------+------+----------+
        |            |  Latency (cycles) | Iteration|  Initiation Interval  | Trip |          |
        |  Loop Name |   min   |   max   |  Latency |  achieved |   target  | Count| Pipelined|
        +------------+---------+---------+----------+-----------+-----------+------+----------+
        |- rowLoop   |    58140|    58140|       323|          -|          -|   180|    no    |
        | + colLoop  |      320|      320|         2|          1|          1|   320|    yes   |
        +------------+---------+---------+----------+-----------+-----------+------+----------+

============================================================
+ Verbose Summary: Synthesis Manager
============================================================
InlineROM: 1
ExposeGlobal: 0
============================================================
+ Verbose Summary: CDFG Model
============================================================
IsTopModel: 0
ResetActiveHigh: 1
IsCombinational: 0
IsDatapathOnly: 0
HasWiredReturn: 1
HasMFsm: 0
HasVarLatency: 1
IsPipeline: 0
IsRtlPipelined: 0
IsInstanceOverlapped: 0
IsDontTouch: 0
HasImplIP: 0
IsGatedGlobalClock: 0

+ Individual pipeline summary: 
  * Pipeline-0: initiation interval (II) = 1, depth = 2


============================================================
+ Verbose Summary: Schedule
============================================================
* Number of FSM states : 5
* Pipeline : 1
  Pipeline-0 : II = 1, D = 2, States = { 3 4 }
* Dataflow Pipeline: 0

* FSM state transitions: 
1 --> 2 
2 --> 3 
3 --> 5 4 
4 --> 3 
5 --> 2 

* FSM state operations: 

State 1 <SV = 0> <Delay = 1.76>
ST_1 : Operation 6 [1/1] (0.00ns)   --->   "call void (...)* @_ssdm_op_SpecInterface(i8* %p_src_mat_data_V, [8 x i8]* @ap_fifo_str, i32 0, i32 0, [1 x i8]* @p_str, i32 0, i32 0, [1 x i8]* @p_str, [1 x i8]* @p_str, [1 x i8]* @p_str, i32 2, i32 2, i32 16, i32 16, [1 x i8]* @p_str, [1 x i8]* @p_str)"   --->   Operation 6 'specinterface' <Predicate = true> <Delay = 0.00>
ST_1 : Operation 7 [1/1] (0.00ns)   --->   "call void (...)* @_ssdm_op_SpecInterface(i1* %p_dst_mat_data_V, [8 x i8]* @ap_fifo_str, i32 0, i32 0, [1 x i8]* @p_str, i32 0, i32 0, [1 x i8]* @p_str, [1 x i8]* @p_str, [1 x i8]* @p_str, i32 2, i32 2, i32 16, i32 16, [1 x i8]* @p_str, [1 x i8]* @p_str)"   --->   Operation 7 'specinterface' <Predicate = true> <Delay = 0.00>
ST_1 : Operation 8 [1/1] (0.00ns)   --->   "%thresh_read = call i8 @_ssdm_op_Read.ap_auto.i8(i8 %thresh)" [D:/Xilinx/xfopencv-master/include\imgproc/xf_threshold.hpp:117]   --->   Operation 8 'read' 'thresh_read' <Predicate = true> <Delay = 0.00>
ST_1 : Operation 9 [1/1] (1.76ns)   --->   "br label %0" [D:/Xilinx/xfopencv-master/include\imgproc/xf_threshold.hpp:65->D:/Xilinx/xfopencv-master/include\imgproc/xf_threshold.hpp:138]   --->   Operation 9 'br' <Predicate = true> <Delay = 1.76>

State 2 <SV = 1> <Delay = 2.52>
ST_2 : Operation 10 [1/1] (0.00ns)   --->   "%t_V_13 = phi i8 [ 0, %._crit_edge ], [ %i_V, %rowLoop_end ]"   --->   Operation 10 'phi' 't_V_13' <Predicate = true> <Delay = 0.00>
ST_2 : Operation 11 [1/1] (1.55ns)   --->   "%icmp_ln887 = icmp ult i8 %t_V_13, -76" [D:/Xilinx/xfopencv-master/include\imgproc/xf_threshold.hpp:65->D:/Xilinx/xfopencv-master/include\imgproc/xf_threshold.hpp:138]   --->   Operation 11 'icmp' 'icmp_ln887' <Predicate = true> <Delay = 1.55> <Core = "Cmp">   --->   Core 25 'Cmp' <Latency = 0> <II = 1> <Delay = 1.55> <FuncUnit> <Opcode : 'icmp'> <InPorts = 2> <OutPorts = 1>
ST_2 : Operation 12 [1/1] (1.91ns)   --->   "%i_V = add i8 %t_V_13, 1" [D:/Xilinx/xfopencv-master/include\imgproc/xf_threshold.hpp:65->D:/Xilinx/xfopencv-master/include\imgproc/xf_threshold.hpp:138]   --->   Operation 12 'add' 'i_V' <Predicate = true> <Delay = 1.91> <Core = "AddSub">   --->   Core 14 'AddSub' <Latency = 0> <II = 1> <Delay = 1.91> <FuncUnit> <Opcode : 'add' 'sub'> <InPorts = 2> <OutPorts = 1>
ST_2 : Operation 13 [1/1] (0.00ns)   --->   "br i1 %icmp_ln887, label %rowLoop_begin, label %"xFThresholdKernel<0, 180, 320, 0, 1, 1, 1, 320>.exit"" [D:/Xilinx/xfopencv-master/include\imgproc/xf_threshold.hpp:65->D:/Xilinx/xfopencv-master/include\imgproc/xf_threshold.hpp:138]   --->   Operation 13 'br' <Predicate = true> <Delay = 0.00>
ST_2 : Operation 14 [1/1] (0.00ns)   --->   "call void (...)* @_ssdm_op_SpecLoopName([8 x i8]* @p_str57) nounwind" [D:/Xilinx/xfopencv-master/include\imgproc/xf_threshold.hpp:66->D:/Xilinx/xfopencv-master/include\imgproc/xf_threshold.hpp:138]   --->   Operation 14 'specloopname' <Predicate = (icmp_ln887)> <Delay = 0.00>
ST_2 : Operation 15 [1/1] (0.00ns)   --->   "%tmp_i = call i32 (...)* @_ssdm_op_SpecRegionBegin([8 x i8]* @p_str57)" [D:/Xilinx/xfopencv-master/include\imgproc/xf_threshold.hpp:66->D:/Xilinx/xfopencv-master/include\imgproc/xf_threshold.hpp:138]   --->   Operation 15 'specregionbegin' 'tmp_i' <Predicate = (icmp_ln887)> <Delay = 0.00>
ST_2 : Operation 16 [1/1] (0.00ns)   --->   "call void (...)* @_ssdm_op_SpecLoopTripCount(i32 180, i32 180, i32 0, [1 x i8]* @p_str) nounwind" [D:/Xilinx/xfopencv-master/include\imgproc/xf_threshold.hpp:67->D:/Xilinx/xfopencv-master/include\imgproc/xf_threshold.hpp:138]   --->   Operation 16 'speclooptripcount' <Predicate = (icmp_ln887)> <Delay = 0.00>
ST_2 : Operation 17 [1/1] (1.76ns)   --->   "br label %1" [D:/Xilinx/xfopencv-master/include\imgproc/xf_threshold.hpp:71->D:/Xilinx/xfopencv-master/include\imgproc/xf_threshold.hpp:138]   --->   Operation 17 'br' <Predicate = (icmp_ln887)> <Delay = 1.76>
ST_2 : Operation 18 [1/1] (0.00ns)   --->   "ret void" [D:/Xilinx/xfopencv-master/include\imgproc/xf_threshold.hpp:141]   --->   Operation 18 'ret' <Predicate = (!icmp_ln887)> <Delay = 0.00>

State 3 <SV = 2> <Delay = 1.82>
ST_3 : Operation 19 [1/1] (0.00ns)   --->   "%t_V = phi i9 [ 0, %rowLoop_begin ], [ %add_ln887, %colLoop ]" [D:/Xilinx/xfopencv-master/include\imgproc/xf_threshold.hpp:71->D:/Xilinx/xfopencv-master/include\imgproc/xf_threshold.hpp:138]   --->   Operation 19 'phi' 't_V' <Predicate = true> <Delay = 0.00>
ST_3 : Operation 20 [1/1] (1.66ns)   --->   "%icmp_ln71 = icmp eq i9 %t_V, -192" [D:/Xilinx/xfopencv-master/include\imgproc/xf_threshold.hpp:71->D:/Xilinx/xfopencv-master/include\imgproc/xf_threshold.hpp:138]   --->   Operation 20 'icmp' 'icmp_ln71' <Predicate = true> <Delay = 1.66> <Core = "Cmp">   --->   Core 25 'Cmp' <Latency = 0> <II = 1> <Delay = 1.55> <FuncUnit> <Opcode : 'icmp'> <InPorts = 2> <OutPorts = 1>
ST_3 : Operation 21 [1/1] (1.82ns)   --->   "%add_ln887 = add i9 %t_V, 1" [D:/Xilinx/xfopencv-master/include\imgproc/xf_threshold.hpp:71->D:/Xilinx/xfopencv-master/include\imgproc/xf_threshold.hpp:138]   --->   Operation 21 'add' 'add_ln887' <Predicate = true> <Delay = 1.82> <Core = "AddSub">   --->   Core 14 'AddSub' <Latency = 0> <II = 1> <Delay = 1.91> <FuncUnit> <Opcode : 'add' 'sub'> <InPorts = 2> <OutPorts = 1>
ST_3 : Operation 22 [1/1] (0.00ns)   --->   "br i1 %icmp_ln71, label %rowLoop_end, label %colLoop" [D:/Xilinx/xfopencv-master/include\imgproc/xf_threshold.hpp:71->D:/Xilinx/xfopencv-master/include\imgproc/xf_threshold.hpp:138]   --->   Operation 22 'br' <Predicate = true> <Delay = 0.00>

State 4 <SV = 3> <Delay = 8.81>
ST_4 : Operation 23 [1/1] (0.00ns)   --->   "call void (...)* @_ssdm_op_SpecLoopName([8 x i8]* @p_str58) nounwind" [D:/Xilinx/xfopencv-master/include\imgproc/xf_threshold.hpp:72->D:/Xilinx/xfopencv-master/include\imgproc/xf_threshold.hpp:138]   --->   Operation 23 'specloopname' <Predicate = (!icmp_ln71)> <Delay = 0.00>
ST_4 : Operation 24 [1/1] (0.00ns)   --->   "%tmp_15_i = call i32 (...)* @_ssdm_op_SpecRegionBegin([8 x i8]* @p_str58)" [D:/Xilinx/xfopencv-master/include\imgproc/xf_threshold.hpp:72->D:/Xilinx/xfopencv-master/include\imgproc/xf_threshold.hpp:138]   --->   Operation 24 'specregionbegin' 'tmp_15_i' <Predicate = (!icmp_ln71)> <Delay = 0.00>
ST_4 : Operation 25 [1/1] (0.00ns)   --->   "call void (...)* @_ssdm_op_SpecLoopTripCount(i32 320, i32 320, i32 0, [1 x i8]* @p_str) nounwind" [D:/Xilinx/xfopencv-master/include\imgproc/xf_threshold.hpp:73->D:/Xilinx/xfopencv-master/include\imgproc/xf_threshold.hpp:138]   --->   Operation 25 'speclooptripcount' <Predicate = (!icmp_ln71)> <Delay = 0.00>
ST_4 : Operation 26 [1/1] (0.00ns)   --->   "call void (...)* @_ssdm_op_SpecPipeline(i32 -1, i32 1, i32 1, i32 0, [1 x i8]* @p_str) nounwind" [D:/Xilinx/xfopencv-master/include\imgproc/xf_threshold.hpp:74->D:/Xilinx/xfopencv-master/include\imgproc/xf_threshold.hpp:138]   --->   Operation 26 'specpipeline' <Predicate = (!icmp_ln71)> <Delay = 0.00>
ST_4 : Operation 27 [1/1] (3.63ns)   --->   "%val_src_V = call i8 @_ssdm_op_Read.ap_fifo.volatile.i8P(i8* %p_src_mat_data_V)" [D:/Xilinx/xfopencv-master/include\common/xf_structs.h:622->D:/Xilinx/xfopencv-master/include\imgproc/xf_threshold.hpp:76->D:/Xilinx/xfopencv-master/include\imgproc/xf_threshold.hpp:138]   --->   Operation 27 'read' 'val_src_V' <Predicate = (!icmp_ln71)> <Delay = 3.63> <Core = "FIFO">   --->   Core 32 'FIFO' <Latency = 0> <II = 1> <Delay = 3.63> <Storage> <Opcode : 'read' 'write' 'nbread' 'nbwrite'> <Ports = 0> <Width = 1> <Depth = 1> <FIFO>
ST_4 : Operation 28 [1/1] (1.55ns)   --->   "%icmp_ln895 = icmp ugt i8 %val_src_V, %thresh_read" [D:/Xilinx/xfopencv-master/include\imgproc/xf_threshold.hpp:86->D:/Xilinx/xfopencv-master/include\imgproc/xf_threshold.hpp:138]   --->   Operation 28 'icmp' 'icmp_ln895' <Predicate = (!icmp_ln71)> <Delay = 1.55> <Core = "Cmp">   --->   Core 25 'Cmp' <Latency = 0> <II = 1> <Delay = 1.55> <FuncUnit> <Opcode : 'icmp'> <InPorts = 2> <OutPorts = 1>
ST_4 : Operation 29 [1/1] (3.63ns)   --->   "call void @_ssdm_op_Write.ap_fifo.volatile.i1P(i1* %p_dst_mat_data_V, i1 %icmp_ln895)" [D:/Xilinx/xfopencv-master/include\common/xf_structs.h:651->D:/Xilinx/xfopencv-master/include\imgproc/xf_threshold.hpp:105->D:/Xilinx/xfopencv-master/include\imgproc/xf_threshold.hpp:138]   --->   Operation 29 'write' <Predicate = (!icmp_ln71)> <Delay = 3.63> <Core = "FIFO">   --->   Core 32 'FIFO' <Latency = 0> <II = 1> <Delay = 3.63> <Storage> <Opcode : 'read' 'write' 'nbread' 'nbwrite'> <Ports = 0> <Width = 1> <Depth = 1> <FIFO>
ST_4 : Operation 30 [1/1] (0.00ns)   --->   "%empty = call i32 (...)* @_ssdm_op_SpecRegionEnd([8 x i8]* @p_str58, i32 %tmp_15_i)" [D:/Xilinx/xfopencv-master/include\imgproc/xf_threshold.hpp:106->D:/Xilinx/xfopencv-master/include\imgproc/xf_threshold.hpp:138]   --->   Operation 30 'specregionend' 'empty' <Predicate = (!icmp_ln71)> <Delay = 0.00>
ST_4 : Operation 31 [1/1] (0.00ns)   --->   "br label %1" [D:/Xilinx/xfopencv-master/include\imgproc/xf_threshold.hpp:71->D:/Xilinx/xfopencv-master/include\imgproc/xf_threshold.hpp:138]   --->   Operation 31 'br' <Predicate = (!icmp_ln71)> <Delay = 0.00>

State 5 <SV = 3> <Delay = 0.00>
ST_5 : Operation 32 [1/1] (0.00ns)   --->   "%empty_492 = call i32 (...)* @_ssdm_op_SpecRegionEnd([8 x i8]* @p_str57, i32 %tmp_i)" [D:/Xilinx/xfopencv-master/include\imgproc/xf_threshold.hpp:107->D:/Xilinx/xfopencv-master/include\imgproc/xf_threshold.hpp:138]   --->   Operation 32 'specregionend' 'empty_492' <Predicate = true> <Delay = 0.00>
ST_5 : Operation 33 [1/1] (0.00ns)   --->   "br label %0" [D:/Xilinx/xfopencv-master/include\imgproc/xf_threshold.hpp:65->D:/Xilinx/xfopencv-master/include\imgproc/xf_threshold.hpp:138]   --->   Operation 33 'br' <Predicate = true> <Delay = 0.00>


============================================================
+ Verbose Summary: Timing violations
============================================================
Target clock period: 50ns, clock uncertainty: 6.25ns.

 <State 1>: 1.77ns
The critical path consists of the following:
	multiplexor before 'phi' operation ('i.V') with incoming values : ('i.V', D:/Xilinx/xfopencv-master/include\imgproc/xf_threshold.hpp:65->D:/Xilinx/xfopencv-master/include\imgproc/xf_threshold.hpp:138) [9]  (1.77 ns)

 <State 2>: 2.53ns
The critical path consists of the following:
	'icmp' operation ('icmp_ln887', D:/Xilinx/xfopencv-master/include\imgproc/xf_threshold.hpp:65->D:/Xilinx/xfopencv-master/include\imgproc/xf_threshold.hpp:138) [10]  (1.55 ns)
	blocking operation 0.978 ns on control path)

 <State 3>: 1.82ns
The critical path consists of the following:
	'phi' operation ('t_V', D:/Xilinx/xfopencv-master/include\imgproc/xf_threshold.hpp:71->D:/Xilinx/xfopencv-master/include\imgproc/xf_threshold.hpp:138) with incoming values : ('add_ln887', D:/Xilinx/xfopencv-master/include\imgproc/xf_threshold.hpp:71->D:/Xilinx/xfopencv-master/include\imgproc/xf_threshold.hpp:138) [19]  (0 ns)
	'add' operation ('add_ln887', D:/Xilinx/xfopencv-master/include\imgproc/xf_threshold.hpp:71->D:/Xilinx/xfopencv-master/include\imgproc/xf_threshold.hpp:138) [21]  (1.82 ns)

 <State 4>: 8.82ns
The critical path consists of the following:
	fifo read on port 'p_src_mat_data_V' (D:/Xilinx/xfopencv-master/include\common/xf_structs.h:622->D:/Xilinx/xfopencv-master/include\imgproc/xf_threshold.hpp:76->D:/Xilinx/xfopencv-master/include\imgproc/xf_threshold.hpp:138) [28]  (3.63 ns)
	'icmp' operation ('icmp_ln895', D:/Xilinx/xfopencv-master/include\imgproc/xf_threshold.hpp:86->D:/Xilinx/xfopencv-master/include\imgproc/xf_threshold.hpp:138) [29]  (1.55 ns)
	fifo write on port 'p_dst_mat_data_V' (D:/Xilinx/xfopencv-master/include\common/xf_structs.h:651->D:/Xilinx/xfopencv-master/include\imgproc/xf_threshold.hpp:105->D:/Xilinx/xfopencv-master/include\imgproc/xf_threshold.hpp:138) [30]  (3.63 ns)

 <State 5>: 0ns
The critical path consists of the following:


============================================================
+ Verbose Summary: Binding
============================================================
N/A
* FSMD analyzer results:
  - Output states:
 - Input state : 
  - Chain level:
	State 1
	State 2
	State 3
	State 4
	State 5


============================================================
+ Verbose Summary: Datapath Resource usage 
============================================================
N/A
