

================================================================
== Vivado HLS Report for 'weed_detection'
================================================================
* Date:           Wed Mar 18 11:35:06 2020

* Version:        2019.2.1 (Build 2724168 on Thu Dec 05 05:19:09 MST 2019)
* Project:        WeedD
* Solution:       solution1
* Product family: zynq
* Target device:  xc7z020-clg400-1


================================================================
== Performance Estimates
================================================================
+ Timing: 
    * Summary: 
    +--------+----------+-----------+------------+
    |  Clock |  Target  | Estimated | Uncertainty|
    +--------+----------+-----------+------------+
    |ap_clk  | 50.00 ns | 43.397 ns |   6.25 ns  |
    +--------+----------+-----------+------------+

+ Latency: 
    * Summary: 
    +---------+---------+-----------+-----------+---------+---------+----------+
    |  Latency (cycles) |   Latency (absolute)  |      Interval     | Pipeline |
    |   min   |   max   |    min    |    max    |   min   |   max   |   Type   |
    +---------+---------+-----------+-----------+---------+---------+----------+
    |  2419233|  2419233| 0.121 sec | 0.121 sec |  2419202|  2419202| dataflow |
    +---------+---------+-----------+-----------+---------+---------+----------+

    + Detail: 
        * Instance: 
        +---------------------------------------+------------------------+---------+---------+-----------+-----------+---------+---------+----------+
        |                                       |                        |  Latency (cycles) |   Latency (absolute)  |      Interval     | Pipeline |
        |                Instance               |         Module         |   min   |   max   |    min    |    max    |   min   |   max   |   Type   |
        +---------------------------------------+------------------------+---------+---------+-----------+-----------+---------+---------+----------+
        |grp_get_crop_lines_fu_210              |get_crop_lines          |   135429|  2388939|  6.771 ms | 0.119 sec |   135429|  2388939|   none   |
        |grp_get_vegetation_image_4_fu_237      |get_vegetation_image_4  |  2419217|  2419217| 0.121 sec | 0.121 sec |  2419202|  2419202| dataflow |
        |grp_segment_image_fu_244               |segment_image           |   118530|   118530|  5.926 ms |  5.926 ms |   118530|   118530|   none   |
        |grp_resize_2_fu_252                    |resize_2                |   928050|   928050| 46.403 ms | 46.403 ms |   928050|   928050|   none   |
        |grp_sectors_weed_classif_fu_258        |sectors_weed_classif    |    59703|   497463|  2.985 ms | 24.873 ms |    59703|   497463|   none   |
        |grp_resizeNNBilinear_fu_267            |resizeNNBilinear        |   931453|   931453| 46.573 ms | 46.573 ms |   931453|   931453|   none   |
        |grp_remark_crop_lines_fu_273           |remark_crop_lines       |   144910|   146279|  7.245 ms |  7.314 ms |   144910|   146279|   none   |
        |grp_erode437_fu_280                    |erode437                |    59329|    59329|  2.966 ms |  2.966 ms |    59329|    59329|   none   |
        |grp_duplicateMat_2762_fu_286           |duplicateMat_2762       |   174963|   924003|  8.748 ms | 46.200 ms |   174962|   923762| dataflow |
        |grp_merge_fu_297                       |merge                   |    57967|   115206|  2.898 ms |  5.760 ms |    57962|   115206| dataflow |
        |grp_duplicateMat438_fu_304             |duplicateMat438         |    58144|    58144|  2.907 ms |  2.907 ms |    58142|    58142| dataflow |
        |grp_add_2749_fu_311                    |add_2749                |   923762|   923762| 46.188 ms | 46.188 ms |   923762|   923762|   none   |
        |grp_zero_0_180_320_1_s_fu_319          |zero_0_180_320_1_s      |    58141|    58141|  2.907 ms |  2.907 ms |    58141|    58141|   none   |
        |grp_get_12th_segment_fu_324            |get_12th_segment        |     7362|     7362|  0.368 ms |  0.368 ms |     7363|     7363| dataflow |
        |call_ln0_weed_detection_Block_fu_330   |weed_detection_Block    |        0|        0|    0 ns   |    0 ns   |        0|        0|   none   |
        |call_ln10_weed_detection_entry_fu_337  |weed_detection_entry    |        0|        0|    0 ns   |    0 ns   |        0|        0|   none   |
        +---------------------------------------+------------------------+---------+---------+-----------+-----------+---------+---------+----------+

        * Loop: 
        N/A

============================================================
+ Verbose Summary: Synthesis Manager
============================================================
InlineROM: 1
ExposeGlobal: 0
============================================================
+ Verbose Summary: CDFG Model
============================================================
IsTopModel: 0
ResetActiveHigh: 1
IsCombinational: 2
IsDatapathOnly: 0
HasWiredReturn: 1
HasMFsm: 0
HasVarLatency: 1
IsPipeline: 0
IsRtlPipelined: 0
IsInstanceOverlapped: 0
IsDontTouch: 0
HasImplIP: 0
IsGatedGlobalClock: 0


============================================================
+ Verbose Summary: Schedule
============================================================
* Number of FSM states : 27
* Pipeline : 0
* Dataflow Pipeline: 1
  DF-Pipeline-0: Size = 27, States = { 1 2 3 4 5 6 7 8 9 10 11 12 13 14 15 16 17 18 19 20 21 22 23 24 25 26 27 }

* FSM state transitions: 
1 --> 2 
2 --> 3 
3 --> 4 
4 --> 5 
5 --> 6 
6 --> 7 
7 --> 8 
8 --> 9 
9 --> 10 
10 --> 11 
11 --> 12 
12 --> 13 
13 --> 14 
14 --> 15 
15 --> 16 
16 --> 17 
17 --> 18 
18 --> 19 
19 --> 20 
20 --> 21 
21 --> 22 
22 --> 23 
23 --> 24 
24 --> 25 
25 --> 26 
26 --> 27 
27 --> 

* FSM state operations: 

State 1 <SV = 0> <Delay = 3.63>
ST_1 : Operation 28 [1/1] (0.00ns)   --->   "%resized_cols_channel = alloca i10, align 2"   --->   Operation 28 'alloca' 'resized_cols_channel' <Predicate = true> <Delay = 0.00> <Core = "FIFO">   --->   Core 32 'FIFO' <Latency = 0> <II = 1> <Delay = 3.63> <Storage> <Opcode : 'read' 'write' 'nbread' 'nbwrite'> <Ports = 0> <Width = 24> <Depth = 1> <FIFO>
ST_1 : Operation 29 [1/1] (0.00ns)   --->   "%img_in_cols_c = alloca i12, align 2" [weed_detection.cpp:10]   --->   Operation 29 'alloca' 'img_in_cols_c' <Predicate = true> <Delay = 0.00> <Core = "FIFO">   --->   Core 32 'FIFO' <Latency = 0> <II = 1> <Delay = 3.63> <Storage> <Opcode : 'read' 'write' 'nbread' 'nbwrite'> <Ports = 0> <Width = 24> <Depth = 1> <FIFO>
ST_1 : Operation 30 [1/1] (0.00ns)   --->   "%img_in_0_cols_channe = alloca i12, align 2"   --->   Operation 30 'alloca' 'img_in_0_cols_channe' <Predicate = true> <Delay = 0.00> <Core = "FIFO">   --->   Core 32 'FIFO' <Latency = 0> <II = 1> <Delay = 3.63> <Storage> <Opcode : 'read' 'write' 'nbread' 'nbwrite'> <Ports = 0> <Width = 24> <Depth = 1> <FIFO>
ST_1 : Operation 31 [1/1] (0.00ns)   --->   "%img_in_0_rows_channe = alloca i11, align 2"   --->   Operation 31 'alloca' 'img_in_0_rows_channe' <Predicate = true> <Delay = 0.00> <Core = "FIFO">   --->   Core 32 'FIFO' <Latency = 0> <II = 1> <Delay = 3.63> <Storage> <Opcode : 'read' 'write' 'nbread' 'nbwrite'> <Ports = 0> <Width = 24> <Depth = 1> <FIFO>
ST_1 : Operation 32 [1/1] (0.00ns)   --->   "%img_in_0_data_V = alloca i24, align 4" [weed_detection.cpp:15]   --->   Operation 32 'alloca' 'img_in_0_data_V' <Predicate = true> <Delay = 0.00> <Core = "FIFO">   --->   Core 32 'FIFO' <Latency = 0> <II = 1> <Delay = 3.63> <Storage> <Opcode : 'read' 'write' 'nbread' 'nbwrite'> <Ports = 0> <Width = 24> <Depth = 1> <FIFO>
ST_1 : Operation 33 [1/1] (0.00ns)   --->   "%img_in_1_data_V = alloca i24, align 4" [weed_detection.cpp:17]   --->   Operation 33 'alloca' 'img_in_1_data_V' <Predicate = true> <Delay = 0.00> <Core = "FIFO">   --->   Core 32 'FIFO' <Latency = 0> <II = 1> <Delay = 3.63> <Storage> <Opcode : 'read' 'write' 'nbread' 'nbwrite'> <Ports = 0> <Width = 24> <Depth = 1> <FIFO>
ST_1 : Operation 34 [1/1] (0.00ns)   --->   "%resized_data_V = alloca i24, align 4" [weed_detection.cpp:20]   --->   Operation 34 'alloca' 'resized_data_V' <Predicate = true> <Delay = 0.00> <Core = "FIFO">   --->   Core 32 'FIFO' <Latency = 0> <II = 1> <Delay = 3.63> <Storage> <Opcode : 'read' 'write' 'nbread' 'nbwrite'> <Ports = 0> <Width = 24> <Depth = 1> <FIFO>
ST_1 : Operation 35 [1/1] (0.00ns)   --->   "%veg_img_data_V = alloca i8, align 1" [weed_detection.cpp:23]   --->   Operation 35 'alloca' 'veg_img_data_V' <Predicate = true> <Delay = 0.00> <Core = "FIFO">   --->   Core 32 'FIFO' <Latency = 0> <II = 1> <Delay = 3.63> <Storage> <Opcode : 'read' 'write' 'nbread' 'nbwrite'> <Ports = 0> <Width = 24> <Depth = 1> <FIFO>
ST_1 : Operation 36 [1/1] (0.00ns)   --->   "%segmented_data_V = alloca i1, align 1" [weed_detection.cpp:25]   --->   Operation 36 'alloca' 'segmented_data_V' <Predicate = true> <Delay = 0.00> <Core = "FIFO">   --->   Core 32 'FIFO' <Latency = 0> <II = 1> <Delay = 3.63> <Storage> <Opcode : 'read' 'write' 'nbread' 'nbwrite'> <Ports = 0> <Width = 24> <Depth = 1> <FIFO>
ST_1 : Operation 37 [1/1] (0.00ns)   --->   "%eroded_0a_data_V = alloca i8, align 1" [weed_detection.cpp:28]   --->   Operation 37 'alloca' 'eroded_0a_data_V' <Predicate = true> <Delay = 0.00> <Core = "FIFO">   --->   Core 32 'FIFO' <Latency = 0> <II = 1> <Delay = 3.63> <Storage> <Opcode : 'read' 'write' 'nbread' 'nbwrite'> <Ports = 0> <Width = 24> <Depth = 1> <FIFO>
ST_1 : Operation 38 [1/1] (0.00ns)   --->   "%eroded_0b_data_V = alloca i8, align 1" [weed_detection.cpp:30]   --->   Operation 38 'alloca' 'eroded_0b_data_V' <Predicate = true> <Delay = 0.00> <Core = "FIFO">   --->   Core 32 'FIFO' <Latency = 0> <II = 1> <Delay = 3.63> <Storage> <Opcode : 'read' 'write' 'nbread' 'nbwrite'> <Ports = 0> <Width = 24> <Depth = 1> <FIFO>
ST_1 : Operation 39 [1/1] (0.00ns)   --->   "%eroded_1_data_V = alloca i8, align 1" [weed_detection.cpp:33]   --->   Operation 39 'alloca' 'eroded_1_data_V' <Predicate = true> <Delay = 0.00> <Core = "FIFO">   --->   Core 32 'FIFO' <Latency = 0> <II = 1> <Delay = 3.63> <Storage> <Opcode : 'read' 'write' 'nbread' 'nbwrite'> <Ports = 0> <Width = 24> <Depth = 1> <FIFO>
ST_1 : Operation 40 [1/1] (0.00ns)   --->   "%eroded_1a_data_V = alloca i8, align 1" [weed_detection.cpp:35]   --->   Operation 40 'alloca' 'eroded_1a_data_V' <Predicate = true> <Delay = 0.00> <Core = "FIFO">   --->   Core 32 'FIFO' <Latency = 0> <II = 1> <Delay = 3.63> <Storage> <Opcode : 'read' 'write' 'nbread' 'nbwrite'> <Ports = 0> <Width = 24> <Depth = 1> <FIFO>
ST_1 : Operation 41 [1/1] (0.00ns)   --->   "%eroded_1b_data_V = alloca i8, align 1" [weed_detection.cpp:37]   --->   Operation 41 'alloca' 'eroded_1b_data_V' <Predicate = true> <Delay = 0.00> <Core = "FIFO">   --->   Core 32 'FIFO' <Latency = 0> <II = 1> <Delay = 3.63> <Storage> <Opcode : 'read' 'write' 'nbread' 'nbwrite'> <Ports = 0> <Width = 24> <Depth = 1> <FIFO>
ST_1 : Operation 42 [1/1] (0.00ns)   --->   "%bottom_data_V = alloca i8, align 1" [weed_detection.cpp:40]   --->   Operation 42 'alloca' 'bottom_data_V' <Predicate = true> <Delay = 0.00> <Core = "FIFO">   --->   Core 32 'FIFO' <Latency = 0> <II = 1> <Delay = 3.63> <Storage> <Opcode : 'read' 'write' 'nbread' 'nbwrite'> <Ports = 0> <Width = 24> <Depth = 1> <FIFO>
ST_1 : Operation 43 [1/1] (0.00ns)   --->   "%weed_mask_tmp_data_V = alloca i2, align 1" [weed_detection.cpp:45]   --->   Operation 43 'alloca' 'weed_mask_tmp_data_V' <Predicate = true> <Delay = 0.00> <Core = "FIFO">   --->   Core 32 'FIFO' <Latency = 0> <II = 1> <Delay = 3.63> <Storage> <Opcode : 'read' 'write' 'nbread' 'nbwrite'> <Ports = 0> <Width = 24> <Depth = 1> <FIFO>
ST_1 : Operation 44 [1/1] (0.00ns)   --->   "%weed_mask_out_data_V = alloca i8, align 1" [weed_detection.cpp:47]   --->   Operation 44 'alloca' 'weed_mask_out_data_V' <Predicate = true> <Delay = 0.00> <Core = "FIFO">   --->   Core 32 'FIFO' <Latency = 0> <II = 1> <Delay = 3.63> <Storage> <Opcode : 'read' 'write' 'nbread' 'nbwrite'> <Ports = 0> <Width = 24> <Depth = 1> <FIFO>
ST_1 : Operation 45 [1/1] (0.00ns)   --->   "%zero_data_V = alloca i8, align 1" [weed_detection.cpp:50]   --->   Operation 45 'alloca' 'zero_data_V' <Predicate = true> <Delay = 0.00> <Core = "FIFO">   --->   Core 32 'FIFO' <Latency = 0> <II = 1> <Delay = 3.63> <Storage> <Opcode : 'read' 'write' 'nbread' 'nbwrite'> <Ports = 0> <Width = 24> <Depth = 1> <FIFO>
ST_1 : Operation 46 [1/1] (0.00ns)   --->   "%mask_img_out_data_V = alloca i24, align 4" [weed_detection.cpp:57]   --->   Operation 46 'alloca' 'mask_img_out_data_V' <Predicate = true> <Delay = 0.00> <Core = "FIFO">   --->   Core 32 'FIFO' <Latency = 0> <II = 1> <Delay = 3.63> <Storage> <Opcode : 'read' 'write' 'nbread' 'nbwrite'> <Ports = 0> <Width = 24> <Depth = 1> <FIFO>
ST_1 : Operation 47 [1/1] (0.00ns)   --->   "%rs_mask_img_out_data = alloca i24, align 4" [weed_detection.cpp:59]   --->   Operation 47 'alloca' 'rs_mask_img_out_data' <Predicate = true> <Delay = 0.00> <Core = "FIFO">   --->   Core 32 'FIFO' <Latency = 0> <II = 1> <Delay = 3.63> <Storage> <Opcode : 'read' 'write' 'nbread' 'nbwrite'> <Ports = 0> <Width = 24> <Depth = 1> <FIFO>
ST_1 : Operation 48 [1/1] (3.63ns)   --->   "call void @weed_detection.entry(i12* %img_in_cols, i12* %img_in_cols_c)" [weed_detection.cpp:10]   --->   Operation 48 'call' <Predicate = true> <Delay = 3.63> <CoreType = "Generic">   --->   Core 0 '' <Latency = 0> <II = 1> <Delay = 1.00> <Generic> <Opcode : >
ST_1 : Operation 49 [1/1] (0.00ns)   --->   "call fastcc void @weed_detection_Block(i11* nocapture %img_in_0_rows_channe, i12* nocapture %img_in_0_cols_channe, i10* %resized_cols_channel)"   --->   Operation 49 'call' <Predicate = true> <Delay = 0.00> <CoreType = "Generic">   --->   Core 0 '' <Latency = 0> <II = 1> <Delay = 1.00> <Generic> <Opcode : >

State 2 <SV = 1> <Delay = 0.00>
ST_2 : Operation 50 [2/2] (0.00ns)   --->   "call fastcc void @duplicateMat_2762(i12* nocapture %img_in_cols_c, i24* %img_in_data_V, i11* nocapture %img_in_0_rows_channe, i12* nocapture %img_in_0_cols_channe, i24* %img_in_0_data_V, i24* %img_in_1_data_V)" [weed_detection.cpp:64]   --->   Operation 50 'call' <Predicate = true> <Delay = 0.00> <CoreType = "Generic">   --->   Core 0 '' <Latency = 0> <II = 1> <Delay = 1.00> <Generic> <Opcode : >
ST_2 : Operation 51 [2/2] (0.00ns)   --->   "call fastcc void @"zero<0, 180, 320, 1>"(i8* %zero_data_V)" [weed_detection.cpp:97]   --->   Operation 51 'call' <Predicate = true> <Delay = 0.00> <CoreType = "Generic">   --->   Core 0 '' <Latency = 0> <II = 1> <Delay = 1.00> <Generic> <Opcode : >

State 3 <SV = 2> <Delay = 0.00>
ST_3 : Operation 52 [1/2] (0.00ns)   --->   "call fastcc void @duplicateMat_2762(i12* nocapture %img_in_cols_c, i24* %img_in_data_V, i11* nocapture %img_in_0_rows_channe, i12* nocapture %img_in_0_cols_channe, i24* %img_in_0_data_V, i24* %img_in_1_data_V)" [weed_detection.cpp:64]   --->   Operation 52 'call' <Predicate = true> <Delay = 0.00> <CoreType = "Generic">   --->   Core 0 '' <Latency = 0> <II = 1> <Delay = 1.00> <Generic> <Opcode : >
ST_3 : Operation 53 [1/2] (0.00ns)   --->   "call fastcc void @"zero<0, 180, 320, 1>"(i8* %zero_data_V)" [weed_detection.cpp:97]   --->   Operation 53 'call' <Predicate = true> <Delay = 0.00> <CoreType = "Generic">   --->   Core 0 '' <Latency = 0> <II = 1> <Delay = 1.00> <Generic> <Opcode : >

State 4 <SV = 3> <Delay = 0.00>
ST_4 : Operation 54 [2/2] (0.00ns)   --->   "call fastcc void @resizeNNBilinear(i24* %img_in_0_data_V, i24* %resized_data_V)" [weed_detection.cpp:67]   --->   Operation 54 'call' <Predicate = true> <Delay = 0.00> <CoreType = "Generic">   --->   Core 0 '' <Latency = 0> <II = 1> <Delay = 1.00> <Generic> <Opcode : >

State 5 <SV = 4> <Delay = 0.00>
ST_5 : Operation 55 [1/2] (0.00ns)   --->   "call fastcc void @resizeNNBilinear(i24* %img_in_0_data_V, i24* %resized_data_V)" [weed_detection.cpp:67]   --->   Operation 55 'call' <Predicate = true> <Delay = 0.00> <CoreType = "Generic">   --->   Core 0 '' <Latency = 0> <II = 1> <Delay = 1.00> <Generic> <Opcode : >

State 6 <SV = 5> <Delay = 0.00>
ST_6 : Operation 56 [2/2] (0.00ns)   --->   "call fastcc void @get_vegetation_image.4(i10* nocapture %resized_cols_channel, i24* %resized_data_V, i8* %veg_img_data_V)" [weed_detection.cpp:70]   --->   Operation 56 'call' <Predicate = true> <Delay = 0.00> <CoreType = "Generic">   --->   Core 0 '' <Latency = 0> <II = 1> <Delay = 1.00> <Generic> <Opcode : >

State 7 <SV = 6> <Delay = 0.00>
ST_7 : Operation 57 [1/2] (0.00ns)   --->   "call fastcc void @get_vegetation_image.4(i10* nocapture %resized_cols_channel, i24* %resized_data_V, i8* %veg_img_data_V)" [weed_detection.cpp:70]   --->   Operation 57 'call' <Predicate = true> <Delay = 0.00> <CoreType = "Generic">   --->   Core 0 '' <Latency = 0> <II = 1> <Delay = 1.00> <Generic> <Opcode : >

State 8 <SV = 7> <Delay = 0.00>
ST_8 : Operation 58 [2/2] (0.00ns)   --->   "call fastcc void @segment_image(i8* %veg_img_data_V, i1* %segmented_data_V)" [weed_detection.cpp:73]   --->   Operation 58 'call' <Predicate = true> <Delay = 0.00> <CoreType = "Generic">   --->   Core 0 '' <Latency = 0> <II = 1> <Delay = 1.00> <Generic> <Opcode : >

State 9 <SV = 8> <Delay = 0.00>
ST_9 : Operation 59 [1/2] (0.00ns)   --->   "call fastcc void @segment_image(i8* %veg_img_data_V, i1* %segmented_data_V)" [weed_detection.cpp:73]   --->   Operation 59 'call' <Predicate = true> <Delay = 0.00> <CoreType = "Generic">   --->   Core 0 '' <Latency = 0> <II = 1> <Delay = 1.00> <Generic> <Opcode : >

State 10 <SV = 9> <Delay = 0.00>
ST_10 : Operation 60 [2/2] (0.00ns)   --->   "call fastcc void @erode437(i1* %segmented_data_V, i8* %eroded_0a_data_V)" [weed_detection.cpp:75]   --->   Operation 60 'call' <Predicate = true> <Delay = 0.00> <CoreType = "Generic">   --->   Core 0 '' <Latency = 0> <II = 1> <Delay = 1.00> <Generic> <Opcode : >

State 11 <SV = 10> <Delay = 0.00>
ST_11 : Operation 61 [1/2] (0.00ns)   --->   "call fastcc void @erode437(i1* %segmented_data_V, i8* %eroded_0a_data_V)" [weed_detection.cpp:75]   --->   Operation 61 'call' <Predicate = true> <Delay = 0.00> <CoreType = "Generic">   --->   Core 0 '' <Latency = 0> <II = 1> <Delay = 1.00> <Generic> <Opcode : >

State 12 <SV = 11> <Delay = 0.00>
ST_12 : Operation 62 [2/2] (0.00ns)   --->   "call fastcc void @remark_crop_lines(i8* %eroded_0a_data_V, i8* %eroded_1_data_V, i8* %eroded_0b_data_V)" [weed_detection.cpp:78]   --->   Operation 62 'call' <Predicate = true> <Delay = 0.00> <CoreType = "Generic">   --->   Core 0 '' <Latency = 0> <II = 1> <Delay = 1.00> <Generic> <Opcode : >

State 13 <SV = 12> <Delay = 0.00>
ST_13 : Operation 63 [1/2] (0.00ns)   --->   "call fastcc void @remark_crop_lines(i8* %eroded_0a_data_V, i8* %eroded_1_data_V, i8* %eroded_0b_data_V)" [weed_detection.cpp:78]   --->   Operation 63 'call' <Predicate = true> <Delay = 0.00> <CoreType = "Generic">   --->   Core 0 '' <Latency = 0> <II = 1> <Delay = 1.00> <Generic> <Opcode : >

State 14 <SV = 13> <Delay = 0.00>
ST_14 : Operation 64 [2/2] (0.00ns)   --->   "call fastcc void @duplicateMat438(i8* %eroded_1_data_V, i8* %eroded_1a_data_V, i8* %eroded_1b_data_V)" [weed_detection.cpp:80]   --->   Operation 64 'call' <Predicate = true> <Delay = 0.00> <CoreType = "Generic">   --->   Core 0 '' <Latency = 0> <II = 1> <Delay = 1.00> <Generic> <Opcode : >

State 15 <SV = 14> <Delay = 0.00>
ST_15 : Operation 65 [1/2] (0.00ns)   --->   "call fastcc void @duplicateMat438(i8* %eroded_1_data_V, i8* %eroded_1a_data_V, i8* %eroded_1b_data_V)" [weed_detection.cpp:80]   --->   Operation 65 'call' <Predicate = true> <Delay = 0.00> <CoreType = "Generic">   --->   Core 0 '' <Latency = 0> <II = 1> <Delay = 1.00> <Generic> <Opcode : >

State 16 <SV = 15> <Delay = 0.00>
ST_16 : Operation 66 [2/2] (0.00ns)   --->   "call fastcc void @get_12th_segment(i8* %eroded_1a_data_V, i8* %bottom_data_V)" [weed_detection.cpp:85]   --->   Operation 66 'call' <Predicate = true> <Delay = 0.00> <CoreType = "Generic">   --->   Core 0 '' <Latency = 0> <II = 1> <Delay = 1.00> <Generic> <Opcode : >

State 17 <SV = 16> <Delay = 0.00>
ST_17 : Operation 67 [1/2] (0.00ns)   --->   "call fastcc void @get_12th_segment(i8* %eroded_1a_data_V, i8* %bottom_data_V)" [weed_detection.cpp:85]   --->   Operation 67 'call' <Predicate = true> <Delay = 0.00> <CoreType = "Generic">   --->   Core 0 '' <Latency = 0> <II = 1> <Delay = 1.00> <Generic> <Opcode : >

State 18 <SV = 17> <Delay = 0.00>
ST_18 : Operation 68 [2/2] (0.00ns)   --->   "call fastcc void @get_crop_lines(i8* %bottom_data_V, i8* %eroded_1b_data_V, i2* %weed_mask_tmp_data_V)" [weed_detection.cpp:89]   --->   Operation 68 'call' <Predicate = true> <Delay = 0.00> <CoreType = "Generic">   --->   Core 0 '' <Latency = 0> <II = 1> <Delay = 1.00> <Generic> <Opcode : >

State 19 <SV = 18> <Delay = 0.00>
ST_19 : Operation 69 [1/2] (0.00ns)   --->   "call fastcc void @get_crop_lines(i8* %bottom_data_V, i8* %eroded_1b_data_V, i2* %weed_mask_tmp_data_V)" [weed_detection.cpp:89]   --->   Operation 69 'call' <Predicate = true> <Delay = 0.00> <CoreType = "Generic">   --->   Core 0 '' <Latency = 0> <II = 1> <Delay = 1.00> <Generic> <Opcode : >

State 20 <SV = 19> <Delay = 0.00>
ST_20 : Operation 70 [2/2] (0.00ns)   --->   "call fastcc void @sectors_weed_classif(i2* %weed_mask_tmp_data_V, i8* %weed_mask_out_data_V, i8* %eroded_0b_data_V)" [weed_detection.cpp:94]   --->   Operation 70 'call' <Predicate = true> <Delay = 0.00> <CoreType = "Generic">   --->   Core 0 '' <Latency = 0> <II = 1> <Delay = 1.00> <Generic> <Opcode : >

State 21 <SV = 20> <Delay = 0.00>
ST_21 : Operation 71 [1/2] (0.00ns)   --->   "call fastcc void @sectors_weed_classif(i2* %weed_mask_tmp_data_V, i8* %weed_mask_out_data_V, i8* %eroded_0b_data_V)" [weed_detection.cpp:94]   --->   Operation 71 'call' <Predicate = true> <Delay = 0.00> <CoreType = "Generic">   --->   Core 0 '' <Latency = 0> <II = 1> <Delay = 1.00> <Generic> <Opcode : >

State 22 <SV = 21> <Delay = 0.00>
ST_22 : Operation 72 [2/2] (0.00ns)   --->   "call fastcc void @merge(i8* %weed_mask_out_data_V, i8* %zero_data_V, i24* %mask_img_out_data_V)" [weed_detection.cpp:100]   --->   Operation 72 'call' <Predicate = true> <Delay = 0.00> <CoreType = "Generic">   --->   Core 0 '' <Latency = 0> <II = 1> <Delay = 1.00> <Generic> <Opcode : >

State 23 <SV = 22> <Delay = 0.00>
ST_23 : Operation 73 [1/2] (0.00ns)   --->   "call fastcc void @merge(i8* %weed_mask_out_data_V, i8* %zero_data_V, i24* %mask_img_out_data_V)" [weed_detection.cpp:100]   --->   Operation 73 'call' <Predicate = true> <Delay = 0.00> <CoreType = "Generic">   --->   Core 0 '' <Latency = 0> <II = 1> <Delay = 1.00> <Generic> <Opcode : >

State 24 <SV = 23> <Delay = 0.00>
ST_24 : Operation 74 [2/2] (0.00ns)   --->   "call fastcc void @resize_2(i24* %mask_img_out_data_V, i24* %rs_mask_img_out_data)" [weed_detection.cpp:103]   --->   Operation 74 'call' <Predicate = true> <Delay = 0.00> <CoreType = "Generic">   --->   Core 0 '' <Latency = 0> <II = 1> <Delay = 1.00> <Generic> <Opcode : >

State 25 <SV = 24> <Delay = 0.00>
ST_25 : Operation 75 [1/2] (0.00ns)   --->   "call fastcc void @resize_2(i24* %mask_img_out_data_V, i24* %rs_mask_img_out_data)" [weed_detection.cpp:103]   --->   Operation 75 'call' <Predicate = true> <Delay = 0.00> <CoreType = "Generic">   --->   Core 0 '' <Latency = 0> <II = 1> <Delay = 1.00> <Generic> <Opcode : >

State 26 <SV = 25> <Delay = 0.00>
ST_26 : Operation 76 [2/2] (0.00ns)   --->   "call fastcc void @add_2749(i24* %img_in_1_data_V, i24* %rs_mask_img_out_data, i24* %img_out_data_V)" [weed_detection.cpp:105]   --->   Operation 76 'call' <Predicate = true> <Delay = 0.00> <CoreType = "Generic">   --->   Core 0 '' <Latency = 0> <II = 1> <Delay = 1.00> <Generic> <Opcode : >

State 27 <SV = 26> <Delay = 0.00>
ST_27 : Operation 77 [1/1] (0.00ns)   --->   "call void (...)* @_ssdm_op_SpecInterface(i24* %img_out_data_V, [8 x i8]* @ap_fifo_str, i32 0, i32 0, [1 x i8]* @p_str, i32 0, i32 0, [1 x i8]* @p_str, [1 x i8]* @p_str, [1 x i8]* @p_str, i32 2, i32 2, i32 16, i32 16, [1 x i8]* @p_str, [1 x i8]* @p_str)"   --->   Operation 77 'specinterface' <Predicate = true> <Delay = 0.00>
ST_27 : Operation 78 [1/1] (0.00ns)   --->   "call void (...)* @_ssdm_op_SpecInterface(i24* %img_in_data_V, [8 x i8]* @ap_fifo_str, i32 0, i32 0, [1 x i8]* @p_str, i32 0, i32 0, [1 x i8]* @p_str, [1 x i8]* @p_str, [1 x i8]* @p_str, i32 2, i32 2, i32 16, i32 16, [1 x i8]* @p_str, [1 x i8]* @p_str)"   --->   Operation 78 'specinterface' <Predicate = true> <Delay = 0.00>
ST_27 : Operation 79 [1/1] (0.00ns)   --->   "call void (...)* @_ssdm_op_SpecDataflowPipeline(i32 -1, i32 0, [1 x i8]* @p_str) nounwind" [weed_detection.cpp:12]   --->   Operation 79 'specdataflowpipeline' <Predicate = true> <Delay = 0.00>
ST_27 : Operation 80 [1/1] (0.00ns)   --->   "%empty = call i32 (...)* @_ssdm_op_SpecChannel([24 x i8]* @img_in_0_OC_data_OC_s, i32 1, [1 x i8]* @p_str, [1 x i8]* @p_str, i32 1, i32 921600, i24* %img_in_0_data_V, i24* %img_in_0_data_V)"   --->   Operation 80 'specchannel' 'empty' <Predicate = true> <Delay = 0.00>
ST_27 : Operation 81 [1/1] (0.00ns)   --->   "call void (...)* @_ssdm_op_SpecInterface(i24* %img_in_0_data_V, [8 x i8]* @ap_fifo_str, i32 0, i32 0, [1 x i8]* @p_str, i32 0, i32 0, [1 x i8]* @p_str, [1 x i8]* @p_str, [1 x i8]* @p_str, i32 2, i32 2, i32 16, i32 16, [1 x i8]* @p_str, [1 x i8]* @p_str)"   --->   Operation 81 'specinterface' <Predicate = true> <Delay = 0.00>
ST_27 : Operation 82 [1/1] (0.00ns)   --->   "%empty_112 = call i32 (...)* @_ssdm_op_SpecChannel([24 x i8]* @img_in_1_OC_data_OC_s, i32 1, [1 x i8]* @p_str, [1 x i8]* @p_str, i32 1, i32 921600, i24* %img_in_1_data_V, i24* %img_in_1_data_V)"   --->   Operation 82 'specchannel' 'empty_112' <Predicate = true> <Delay = 0.00>
ST_27 : Operation 83 [1/1] (0.00ns)   --->   "call void (...)* @_ssdm_op_SpecInterface(i24* %img_in_1_data_V, [8 x i8]* @ap_fifo_str, i32 0, i32 0, [1 x i8]* @p_str, i32 0, i32 0, [1 x i8]* @p_str, [1 x i8]* @p_str, [1 x i8]* @p_str, i32 2, i32 2, i32 16, i32 16, [1 x i8]* @p_str, [1 x i8]* @p_str)"   --->   Operation 83 'specinterface' <Predicate = true> <Delay = 0.00>
ST_27 : Operation 84 [1/1] (0.00ns)   --->   "%empty_113 = call i32 (...)* @_ssdm_op_SpecChannel([23 x i8]* @resized_OC_data_OC_V, i32 1, [1 x i8]* @p_str, [1 x i8]* @p_str, i32 1, i32 57600, i24* %resized_data_V, i24* %resized_data_V)"   --->   Operation 84 'specchannel' 'empty_113' <Predicate = true> <Delay = 0.00>
ST_27 : Operation 85 [1/1] (0.00ns)   --->   "call void (...)* @_ssdm_op_SpecInterface(i24* %resized_data_V, [8 x i8]* @ap_fifo_str, i32 0, i32 0, [1 x i8]* @p_str, i32 0, i32 0, [1 x i8]* @p_str, [1 x i8]* @p_str, [1 x i8]* @p_str, i32 2, i32 2, i32 16, i32 16, [1 x i8]* @p_str, [1 x i8]* @p_str)"   --->   Operation 85 'specinterface' <Predicate = true> <Delay = 0.00>
ST_27 : Operation 86 [1/1] (0.00ns)   --->   "%empty_114 = call i32 (...)* @_ssdm_op_SpecChannel([23 x i8]* @veg_img_OC_data_OC_V, i32 1, [1 x i8]* @p_str, [1 x i8]* @p_str, i32 1, i32 57600, i8* %veg_img_data_V, i8* %veg_img_data_V)"   --->   Operation 86 'specchannel' 'empty_114' <Predicate = true> <Delay = 0.00>
ST_27 : Operation 87 [1/1] (0.00ns)   --->   "call void (...)* @_ssdm_op_SpecInterface(i8* %veg_img_data_V, [8 x i8]* @ap_fifo_str, i32 0, i32 0, [1 x i8]* @p_str, i32 0, i32 0, [1 x i8]* @p_str, [1 x i8]* @p_str, [1 x i8]* @p_str, i32 2, i32 2, i32 16, i32 16, [1 x i8]* @p_str, [1 x i8]* @p_str)"   --->   Operation 87 'specinterface' <Predicate = true> <Delay = 0.00>
ST_27 : Operation 88 [1/1] (0.00ns)   --->   "%empty_115 = call i32 (...)* @_ssdm_op_SpecChannel([25 x i8]* @segmented_OC_data_OC, i32 1, [1 x i8]* @p_str, [1 x i8]* @p_str, i32 1, i32 57600, i1* %segmented_data_V, i1* %segmented_data_V)"   --->   Operation 88 'specchannel' 'empty_115' <Predicate = true> <Delay = 0.00>
ST_27 : Operation 89 [1/1] (0.00ns)   --->   "call void (...)* @_ssdm_op_SpecInterface(i1* %segmented_data_V, [8 x i8]* @ap_fifo_str, i32 0, i32 0, [1 x i8]* @p_str, i32 0, i32 0, [1 x i8]* @p_str, [1 x i8]* @p_str, [1 x i8]* @p_str, i32 2, i32 2, i32 16, i32 16, [1 x i8]* @p_str, [1 x i8]* @p_str)"   --->   Operation 89 'specinterface' <Predicate = true> <Delay = 0.00>
ST_27 : Operation 90 [1/1] (0.00ns)   --->   "%empty_116 = call i32 (...)* @_ssdm_op_SpecChannel([25 x i8]* @eroded_0a_OC_data_OC, i32 1, [1 x i8]* @p_str, [1 x i8]* @p_str, i32 1, i32 57600, i8* %eroded_0a_data_V, i8* %eroded_0a_data_V)"   --->   Operation 90 'specchannel' 'empty_116' <Predicate = true> <Delay = 0.00>
ST_27 : Operation 91 [1/1] (0.00ns)   --->   "call void (...)* @_ssdm_op_SpecInterface(i8* %eroded_0a_data_V, [8 x i8]* @ap_fifo_str, i32 0, i32 0, [1 x i8]* @p_str, i32 0, i32 0, [1 x i8]* @p_str, [1 x i8]* @p_str, [1 x i8]* @p_str, i32 2, i32 2, i32 16, i32 16, [1 x i8]* @p_str, [1 x i8]* @p_str)"   --->   Operation 91 'specinterface' <Predicate = true> <Delay = 0.00>
ST_27 : Operation 92 [1/1] (0.00ns)   --->   "%empty_117 = call i32 (...)* @_ssdm_op_SpecChannel([25 x i8]* @eroded_0b_OC_data_OC, i32 1, [1 x i8]* @p_str, [1 x i8]* @p_str, i32 1, i32 57600, i8* %eroded_0b_data_V, i8* %eroded_0b_data_V)"   --->   Operation 92 'specchannel' 'empty_117' <Predicate = true> <Delay = 0.00>
ST_27 : Operation 93 [1/1] (0.00ns)   --->   "call void (...)* @_ssdm_op_SpecInterface(i8* %eroded_0b_data_V, [8 x i8]* @ap_fifo_str, i32 0, i32 0, [1 x i8]* @p_str, i32 0, i32 0, [1 x i8]* @p_str, [1 x i8]* @p_str, [1 x i8]* @p_str, i32 2, i32 2, i32 16, i32 16, [1 x i8]* @p_str, [1 x i8]* @p_str)"   --->   Operation 93 'specinterface' <Predicate = true> <Delay = 0.00>
ST_27 : Operation 94 [1/1] (0.00ns)   --->   "%empty_118 = call i32 (...)* @_ssdm_op_SpecChannel([24 x i8]* @eroded_1_OC_data_OC_s, i32 1, [1 x i8]* @p_str, [1 x i8]* @p_str, i32 1, i32 57600, i8* %eroded_1_data_V, i8* %eroded_1_data_V)"   --->   Operation 94 'specchannel' 'empty_118' <Predicate = true> <Delay = 0.00>
ST_27 : Operation 95 [1/1] (0.00ns)   --->   "call void (...)* @_ssdm_op_SpecInterface(i8* %eroded_1_data_V, [8 x i8]* @ap_fifo_str, i32 0, i32 0, [1 x i8]* @p_str, i32 0, i32 0, [1 x i8]* @p_str, [1 x i8]* @p_str, [1 x i8]* @p_str, i32 2, i32 2, i32 16, i32 16, [1 x i8]* @p_str, [1 x i8]* @p_str)"   --->   Operation 95 'specinterface' <Predicate = true> <Delay = 0.00>
ST_27 : Operation 96 [1/1] (0.00ns)   --->   "%empty_119 = call i32 (...)* @_ssdm_op_SpecChannel([25 x i8]* @eroded_1a_OC_data_OC, i32 1, [1 x i8]* @p_str, [1 x i8]* @p_str, i32 1, i32 57600, i8* %eroded_1a_data_V, i8* %eroded_1a_data_V)"   --->   Operation 96 'specchannel' 'empty_119' <Predicate = true> <Delay = 0.00>
ST_27 : Operation 97 [1/1] (0.00ns)   --->   "call void (...)* @_ssdm_op_SpecInterface(i8* %eroded_1a_data_V, [8 x i8]* @ap_fifo_str, i32 0, i32 0, [1 x i8]* @p_str, i32 0, i32 0, [1 x i8]* @p_str, [1 x i8]* @p_str, [1 x i8]* @p_str, i32 2, i32 2, i32 16, i32 16, [1 x i8]* @p_str, [1 x i8]* @p_str)"   --->   Operation 97 'specinterface' <Predicate = true> <Delay = 0.00>
ST_27 : Operation 98 [1/1] (0.00ns)   --->   "%empty_120 = call i32 (...)* @_ssdm_op_SpecChannel([25 x i8]* @eroded_1b_OC_data_OC, i32 1, [1 x i8]* @p_str, [1 x i8]* @p_str, i32 1, i32 57600, i8* %eroded_1b_data_V, i8* %eroded_1b_data_V)"   --->   Operation 98 'specchannel' 'empty_120' <Predicate = true> <Delay = 0.00>
ST_27 : Operation 99 [1/1] (0.00ns)   --->   "call void (...)* @_ssdm_op_SpecInterface(i8* %eroded_1b_data_V, [8 x i8]* @ap_fifo_str, i32 0, i32 0, [1 x i8]* @p_str, i32 0, i32 0, [1 x i8]* @p_str, [1 x i8]* @p_str, [1 x i8]* @p_str, i32 2, i32 2, i32 16, i32 16, [1 x i8]* @p_str, [1 x i8]* @p_str)"   --->   Operation 99 'specinterface' <Predicate = true> <Delay = 0.00>
ST_27 : Operation 100 [1/1] (0.00ns)   --->   "%empty_121 = call i32 (...)* @_ssdm_op_SpecChannel([22 x i8]* @bottom_OC_data_OC_V_s, i32 1, [1 x i8]* @p_str, [1 x i8]* @p_str, i32 1, i32 7360, i8* %bottom_data_V, i8* %bottom_data_V)"   --->   Operation 100 'specchannel' 'empty_121' <Predicate = true> <Delay = 0.00>
ST_27 : Operation 101 [1/1] (0.00ns)   --->   "call void (...)* @_ssdm_op_SpecInterface(i8* %bottom_data_V, [8 x i8]* @ap_fifo_str, i32 0, i32 0, [1 x i8]* @p_str, i32 0, i32 0, [1 x i8]* @p_str, [1 x i8]* @p_str, [1 x i8]* @p_str, i32 2, i32 2, i32 16, i32 16, [1 x i8]* @p_str, [1 x i8]* @p_str)"   --->   Operation 101 'specinterface' <Predicate = true> <Delay = 0.00>
ST_27 : Operation 102 [1/1] (0.00ns)   --->   "%empty_122 = call i32 (...)* @_ssdm_op_SpecChannel([29 x i8]* @weed_mask_tmp_OC_dat, i32 1, [1 x i8]* @p_str, [1 x i8]* @p_str, i32 1, i32 57600, i2* %weed_mask_tmp_data_V, i2* %weed_mask_tmp_data_V)"   --->   Operation 102 'specchannel' 'empty_122' <Predicate = true> <Delay = 0.00>
ST_27 : Operation 103 [1/1] (0.00ns)   --->   "call void (...)* @_ssdm_op_SpecInterface(i2* %weed_mask_tmp_data_V, [8 x i8]* @ap_fifo_str, i32 0, i32 0, [1 x i8]* @p_str, i32 0, i32 0, [1 x i8]* @p_str, [1 x i8]* @p_str, [1 x i8]* @p_str, i32 2, i32 2, i32 16, i32 16, [1 x i8]* @p_str, [1 x i8]* @p_str)"   --->   Operation 103 'specinterface' <Predicate = true> <Delay = 0.00>
ST_27 : Operation 104 [1/1] (0.00ns)   --->   "%empty_123 = call i32 (...)* @_ssdm_op_SpecChannel([29 x i8]* @weed_mask_out_OC_dat, i32 1, [1 x i8]* @p_str, [1 x i8]* @p_str, i32 1, i32 57600, i8* %weed_mask_out_data_V, i8* %weed_mask_out_data_V)"   --->   Operation 104 'specchannel' 'empty_123' <Predicate = true> <Delay = 0.00>
ST_27 : Operation 105 [1/1] (0.00ns)   --->   "call void (...)* @_ssdm_op_SpecInterface(i8* %weed_mask_out_data_V, [8 x i8]* @ap_fifo_str, i32 0, i32 0, [1 x i8]* @p_str, i32 0, i32 0, [1 x i8]* @p_str, [1 x i8]* @p_str, [1 x i8]* @p_str, i32 2, i32 2, i32 16, i32 16, [1 x i8]* @p_str, [1 x i8]* @p_str)"   --->   Operation 105 'specinterface' <Predicate = true> <Delay = 0.00>
ST_27 : Operation 106 [1/1] (0.00ns)   --->   "%empty_124 = call i32 (...)* @_ssdm_op_SpecChannel([20 x i8]* @zero_OC_data_OC_V_OC, i32 1, [1 x i8]* @p_str, [1 x i8]* @p_str, i32 1, i32 57600, i8* %zero_data_V, i8* %zero_data_V)"   --->   Operation 106 'specchannel' 'empty_124' <Predicate = true> <Delay = 0.00>
ST_27 : Operation 107 [1/1] (0.00ns)   --->   "call void (...)* @_ssdm_op_SpecInterface(i8* %zero_data_V, [8 x i8]* @ap_fifo_str, i32 0, i32 0, [1 x i8]* @p_str, i32 0, i32 0, [1 x i8]* @p_str, [1 x i8]* @p_str, [1 x i8]* @p_str, i32 2, i32 2, i32 16, i32 16, [1 x i8]* @p_str, [1 x i8]* @p_str)"   --->   Operation 107 'specinterface' <Predicate = true> <Delay = 0.00>
ST_27 : Operation 108 [1/1] (0.00ns)   --->   "%empty_125 = call i32 (...)* @_ssdm_op_SpecChannel([28 x i8]* @mask_img_out_OC_data, i32 1, [1 x i8]* @p_str, [1 x i8]* @p_str, i32 1, i32 57600, i24* %mask_img_out_data_V, i24* %mask_img_out_data_V)"   --->   Operation 108 'specchannel' 'empty_125' <Predicate = true> <Delay = 0.00>
ST_27 : Operation 109 [1/1] (0.00ns)   --->   "call void (...)* @_ssdm_op_SpecInterface(i24* %mask_img_out_data_V, [8 x i8]* @ap_fifo_str, i32 0, i32 0, [1 x i8]* @p_str, i32 0, i32 0, [1 x i8]* @p_str, [1 x i8]* @p_str, [1 x i8]* @p_str, i32 2, i32 2, i32 16, i32 16, [1 x i8]* @p_str, [1 x i8]* @p_str)"   --->   Operation 109 'specinterface' <Predicate = true> <Delay = 0.00>
ST_27 : Operation 110 [1/1] (0.00ns)   --->   "%empty_126 = call i32 (...)* @_ssdm_op_SpecChannel([31 x i8]* @rs_mask_img_out_OC_d, i32 1, [1 x i8]* @p_str, [1 x i8]* @p_str, i32 1, i32 921600, i24* %rs_mask_img_out_data, i24* %rs_mask_img_out_data)"   --->   Operation 110 'specchannel' 'empty_126' <Predicate = true> <Delay = 0.00>
ST_27 : Operation 111 [1/1] (0.00ns)   --->   "call void (...)* @_ssdm_op_SpecInterface(i24* %rs_mask_img_out_data, [8 x i8]* @ap_fifo_str, i32 0, i32 0, [1 x i8]* @p_str, i32 0, i32 0, [1 x i8]* @p_str, [1 x i8]* @p_str, [1 x i8]* @p_str, i32 2, i32 2, i32 16, i32 16, [1 x i8]* @p_str, [1 x i8]* @p_str)"   --->   Operation 111 'specinterface' <Predicate = true> <Delay = 0.00>
ST_27 : Operation 112 [1/1] (0.00ns)   --->   "%empty_127 = call i32 (...)* @_ssdm_op_SpecChannel([14 x i8]* @img_in_OC_cols_c_str, i32 1, [1 x i8]* @p_str, [1 x i8]* @p_str, i32 3, i32 0, i12* %img_in_cols_c, i12* %img_in_cols_c)" [weed_detection.cpp:10]   --->   Operation 112 'specchannel' 'empty_127' <Predicate = true> <Delay = 0.00>
ST_27 : Operation 113 [1/1] (0.00ns)   --->   "call void (...)* @_ssdm_op_SpecInterface(i12* %img_in_cols_c, [8 x i8]* @ap_fifo_str, i32 0, i32 0, [1 x i8]* @p_str, i32 0, i32 0, [1 x i8]* @p_str, [1 x i8]* @p_str, [1 x i8]* @p_str, i32 2, i32 2, i32 16, i32 16, [1 x i8]* @p_str, [1 x i8]* @p_str)" [weed_detection.cpp:10]   --->   Operation 113 'specinterface' <Predicate = true> <Delay = 0.00>
ST_27 : Operation 114 [1/1] (0.00ns)   --->   "%empty_128 = call i32 (...)* @_ssdm_op_SpecChannel([23 x i8]* @resized_OC_cols_OC_c, i32 1, [1 x i8]* @p_str, [1 x i8]* @p_str, i32 4, i32 0, i10* %resized_cols_channel, i10* %resized_cols_channel)"   --->   Operation 114 'specchannel' 'empty_128' <Predicate = true> <Delay = 0.00>
ST_27 : Operation 115 [1/1] (0.00ns)   --->   "call void (...)* @_ssdm_op_SpecInterface(i10* %resized_cols_channel, [8 x i8]* @ap_fifo_str, i32 0, i32 0, [1 x i8]* @p_str, i32 0, i32 0, [1 x i8]* @p_str, [1 x i8]* @p_str, [1 x i8]* @p_str, i32 2, i32 2, i32 16, i32 16, [1 x i8]* @p_str, [1 x i8]* @p_str)"   --->   Operation 115 'specinterface' <Predicate = true> <Delay = 0.00>
ST_27 : Operation 116 [1/2] (0.00ns)   --->   "call fastcc void @add_2749(i24* %img_in_1_data_V, i24* %rs_mask_img_out_data, i24* %img_out_data_V)" [weed_detection.cpp:105]   --->   Operation 116 'call' <Predicate = true> <Delay = 0.00> <CoreType = "Generic">   --->   Core 0 '' <Latency = 0> <II = 1> <Delay = 1.00> <Generic> <Opcode : >
ST_27 : Operation 117 [1/1] (0.00ns)   --->   "ret void" [weed_detection.cpp:106]   --->   Operation 117 'ret' <Predicate = true> <Delay = 0.00>


============================================================
+ Verbose Summary: Binding
============================================================
STG Binding: 
---------------- STG Properties BEGIN ----------------
- Is combinational: 0
- Is one-state seq: 0
- Is datapath-only: 0
- Is pipelined: 0
- Is top level: 0
Port [ Return ] is wired: 1; IO mode=ap_ctrl_hs:ce=0
Port [ img_in_cols]:  wired=1; compound=0; hidden=0; nouse=0; global=0; static=0; extern=0; dir=0; type=0; pingpong=0; private_global=0; IO mode=ap_none:ce=0
Port [ img_in_data_V]:  wired=1; compound=1; hidden=0; nouse=0; global=0; static=0; extern=0; dir=0; type=3; pingpong=0; private_global=0; IO mode=ap_fifo:ce=0
Port [ img_out_data_V]:  wired=1; compound=1; hidden=0; nouse=0; global=0; static=0; extern=0; dir=1; type=3; pingpong=0; private_global=0; IO mode=ap_fifo:ce=0
Port [ xf_division_lut]:  wired=0; compound=1; hidden=1; nouse=1; global=1; static=1; extern=0; dir=0; type=1; pingpong=0; private_global=0; linkage=7; visibility=0; MemPort=[1]; IO mode=ap_memory:ce=0
Port [ histogram]:  wired=0; compound=1; hidden=1; nouse=1; global=1; static=1; extern=0; dir=2; type=1; pingpong=0; private_global=0; linkage=7; visibility=0; MemPort=[22]; IO mode=ap_memory:ce=0
Port [ smoothed]:  wired=0; compound=1; hidden=1; nouse=1; global=1; static=1; extern=0; dir=2; type=1; pingpong=0; private_global=0; linkage=7; visibility=0; MemPort=[23]; IO mode=ap_memory:ce=0
Port [ line_bases]:  wired=0; compound=1; hidden=1; nouse=1; global=1; static=1; extern=0; dir=2; type=1; pingpong=0; private_global=0; linkage=7; visibility=0; MemPort=[20]; IO mode=ap_memory:ce=0
Port [ segments647]:  wired=0; compound=1; hidden=1; nouse=1; global=1; static=1; extern=0; dir=0; type=1; pingpong=0; private_global=0; linkage=7; visibility=0; MemPort=[11111]; IO mode=ap_memory:ce=0
Port [ last_c]:  wired=0; compound=1; hidden=1; nouse=1; global=1; static=1; extern=0; dir=2; type=1; pingpong=0; private_global=0; linkage=7; visibility=0; MemPort=[23]; IO mode=ap_memory:ce=0
Port [ centroids]:  wired=0; compound=1; hidden=1; nouse=1; global=1; static=1; extern=0; dir=2; type=1; pingpong=0; private_global=0; linkage=7; visibility=0; MemPort=[23]; IO mode=ap_memory:ce=0
Port [ segments648]:  wired=0; compound=1; hidden=1; nouse=1; global=1; static=1; extern=0; dir=0; type=1; pingpong=0; private_global=0; linkage=7; visibility=0; MemPort=[11111]; IO mode=ap_memory:ce=0
Port [ last_centroids]:  wired=0; compound=1; hidden=1; nouse=1; global=1; static=1; extern=0; dir=2; type=1; pingpong=0; private_global=0; linkage=7; visibility=0; MemPort=[23]; IO mode=ap_memory:ce=0
Port [ line_centroids]:  wired=0; compound=1; hidden=1; nouse=1; global=1; static=1; extern=0; dir=2; type=1; pingpong=0; private_global=0; linkage=7; visibility=0; MemPort=[23]; IO mode=ap_memory:ce=0
Port [ lines]:  wired=0; compound=1; hidden=1; nouse=1; global=1; static=1; extern=0; dir=2; type=1; pingpong=0; private_global=0; linkage=7; visibility=0; MemPort=[23]; IO mode=ap_memory:ce=0
Port [ segments]:  wired=0; compound=1; hidden=1; nouse=1; global=1; static=1; extern=0; dir=0; type=1; pingpong=0; private_global=0; linkage=7; visibility=0; MemPort=[11]; IO mode=ap_memory:ce=0
---------------- STG Properties END ------------------

---------------- Datapath Model BEGIN ----------------

<LifeTime>
<method=bitvector/>
resized_cols_channel      (alloca              ) [ 0111111111111111111111111111]
img_in_cols_c             (alloca              ) [ 0111111111111111111111111111]
img_in_0_cols_channe      (alloca              ) [ 0111000000000000000000000000]
img_in_0_rows_channe      (alloca              ) [ 0111000000000000000000000000]
img_in_0_data_V           (alloca              ) [ 0011111111111111111111111111]
img_in_1_data_V           (alloca              ) [ 0011111111111111111111111111]
resized_data_V            (alloca              ) [ 0011111111111111111111111111]
veg_img_data_V            (alloca              ) [ 0011111111111111111111111111]
segmented_data_V          (alloca              ) [ 0011111111111111111111111111]
eroded_0a_data_V          (alloca              ) [ 0011111111111111111111111111]
eroded_0b_data_V          (alloca              ) [ 0011111111111111111111111111]
eroded_1_data_V           (alloca              ) [ 0011111111111111111111111111]
eroded_1a_data_V          (alloca              ) [ 0011111111111111111111111111]
eroded_1b_data_V          (alloca              ) [ 0011111111111111111111111111]
bottom_data_V             (alloca              ) [ 0011111111111111111111111111]
weed_mask_tmp_data_V      (alloca              ) [ 0011111111111111111111111111]
weed_mask_out_data_V      (alloca              ) [ 0011111111111111111111111111]
zero_data_V               (alloca              ) [ 0011111111111111111111111111]
mask_img_out_data_V       (alloca              ) [ 0011111111111111111111111111]
rs_mask_img_out_data      (alloca              ) [ 0011111111111111111111111111]
call_ln10                 (call                ) [ 0000000000000000000000000000]
call_ln0                  (call                ) [ 0000000000000000000000000000]
call_ln64                 (call                ) [ 0000000000000000000000000000]
call_ln97                 (call                ) [ 0000000000000000000000000000]
call_ln67                 (call                ) [ 0000000000000000000000000000]
call_ln70                 (call                ) [ 0000000000000000000000000000]
call_ln73                 (call                ) [ 0000000000000000000000000000]
call_ln75                 (call                ) [ 0000000000000000000000000000]
call_ln78                 (call                ) [ 0000000000000000000000000000]
call_ln80                 (call                ) [ 0000000000000000000000000000]
call_ln85                 (call                ) [ 0000000000000000000000000000]
call_ln89                 (call                ) [ 0000000000000000000000000000]
call_ln94                 (call                ) [ 0000000000000000000000000000]
call_ln100                (call                ) [ 0000000000000000000000000000]
call_ln103                (call                ) [ 0000000000000000000000000000]
specinterface_ln0         (specinterface       ) [ 0000000000000000000000000000]
specinterface_ln0         (specinterface       ) [ 0000000000000000000000000000]
specdataflowpipeline_ln12 (specdataflowpipeline) [ 0000000000000000000000000000]
empty                     (specchannel         ) [ 0000000000000000000000000000]
specinterface_ln0         (specinterface       ) [ 0000000000000000000000000000]
empty_112                 (specchannel         ) [ 0000000000000000000000000000]
specinterface_ln0         (specinterface       ) [ 0000000000000000000000000000]
empty_113                 (specchannel         ) [ 0000000000000000000000000000]
specinterface_ln0         (specinterface       ) [ 0000000000000000000000000000]
empty_114                 (specchannel         ) [ 0000000000000000000000000000]
specinterface_ln0         (specinterface       ) [ 0000000000000000000000000000]
empty_115                 (specchannel         ) [ 0000000000000000000000000000]
specinterface_ln0         (specinterface       ) [ 0000000000000000000000000000]
empty_116                 (specchannel         ) [ 0000000000000000000000000000]
specinterface_ln0         (specinterface       ) [ 0000000000000000000000000000]
empty_117                 (specchannel         ) [ 0000000000000000000000000000]
specinterface_ln0         (specinterface       ) [ 0000000000000000000000000000]
empty_118                 (specchannel         ) [ 0000000000000000000000000000]
specinterface_ln0         (specinterface       ) [ 0000000000000000000000000000]
empty_119                 (specchannel         ) [ 0000000000000000000000000000]
specinterface_ln0         (specinterface       ) [ 0000000000000000000000000000]
empty_120                 (specchannel         ) [ 0000000000000000000000000000]
specinterface_ln0         (specinterface       ) [ 0000000000000000000000000000]
empty_121                 (specchannel         ) [ 0000000000000000000000000000]
specinterface_ln0         (specinterface       ) [ 0000000000000000000000000000]
empty_122                 (specchannel         ) [ 0000000000000000000000000000]
specinterface_ln0         (specinterface       ) [ 0000000000000000000000000000]
empty_123                 (specchannel         ) [ 0000000000000000000000000000]
specinterface_ln0         (specinterface       ) [ 0000000000000000000000000000]
empty_124                 (specchannel         ) [ 0000000000000000000000000000]
specinterface_ln0         (specinterface       ) [ 0000000000000000000000000000]
empty_125                 (specchannel         ) [ 0000000000000000000000000000]
specinterface_ln0         (specinterface       ) [ 0000000000000000000000000000]
empty_126                 (specchannel         ) [ 0000000000000000000000000000]
specinterface_ln0         (specinterface       ) [ 0000000000000000000000000000]
empty_127                 (specchannel         ) [ 0000000000000000000000000000]
specinterface_ln10        (specinterface       ) [ 0000000000000000000000000000]
empty_128                 (specchannel         ) [ 0000000000000000000000000000]
specinterface_ln0         (specinterface       ) [ 0000000000000000000000000000]
call_ln105                (call                ) [ 0000000000000000000000000000]
ret_ln106                 (ret                 ) [ 0000000000000000000000000000]
</LifeTime>

<model>

<comp_list>
<comp id="0" class="1000" name="img_in_cols">
<pin_list>
<pin id="1" dir="1" index="0" bw="1" slack="0"/>
</pin_list>
<bind>
<StgValue><ssdm name="img_in_cols"/></StgValue>
</bind>
</comp>

<comp id="2" class="1000" name="img_in_data_V">
<pin_list>
<pin id="3" dir="1" index="0" bw="1" slack="0"/>
</pin_list>
<bind>
<StgValue><ssdm name="img_in_data_V"/></StgValue>
</bind>
</comp>

<comp id="4" class="1000" name="img_out_data_V">
<pin_list>
<pin id="5" dir="1" index="0" bw="1" slack="0"/>
</pin_list>
<bind>
<StgValue><ssdm name="img_out_data_V"/></StgValue>
</bind>
</comp>

<comp id="6" class="1000" name="xf_division_lut">
<pin_list>
<pin id="7" dir="1" index="0" bw="1" slack="0"/>
</pin_list>
<bind>
<StgValue><ssdm name="xf_division_lut"/><MemPortTyVec>1 </MemPortTyVec>
</StgValue>
</bind>
</comp>

<comp id="8" class="1000" name="histogram">
<pin_list>
<pin id="9" dir="1" index="0" bw="1" slack="0"/>
</pin_list>
<bind>
<StgValue><ssdm name="histogram"/><MemPortTyVec>2 2 </MemPortTyVec>
</StgValue>
</bind>
</comp>

<comp id="10" class="1000" name="smoothed">
<pin_list>
<pin id="11" dir="1" index="0" bw="1" slack="0"/>
</pin_list>
<bind>
<StgValue><ssdm name="smoothed"/><MemPortTyVec>2 3 </MemPortTyVec>
</StgValue>
</bind>
</comp>

<comp id="12" class="1000" name="line_bases">
<pin_list>
<pin id="13" dir="1" index="0" bw="1" slack="0"/>
</pin_list>
<bind>
<StgValue><ssdm name="line_bases"/><MemPortTyVec>2 0 </MemPortTyVec>
</StgValue>
</bind>
</comp>

<comp id="14" class="1000" name="segments647">
<pin_list>
<pin id="15" dir="1" index="0" bw="1" slack="0"/>
</pin_list>
<bind>
<StgValue><ssdm name="segments647"/><MemPortTyVec>1 1 1 1 1 </MemPortTyVec>
</StgValue>
</bind>
</comp>

<comp id="16" class="1000" name="last_c">
<pin_list>
<pin id="17" dir="1" index="0" bw="1" slack="0"/>
</pin_list>
<bind>
<StgValue><ssdm name="last_c"/><MemPortTyVec>2 3 </MemPortTyVec>
</StgValue>
</bind>
</comp>

<comp id="18" class="1000" name="centroids">
<pin_list>
<pin id="19" dir="1" index="0" bw="1" slack="0"/>
</pin_list>
<bind>
<StgValue><ssdm name="centroids"/><MemPortTyVec>2 3 </MemPortTyVec>
</StgValue>
</bind>
</comp>

<comp id="20" class="1000" name="segments648">
<pin_list>
<pin id="21" dir="1" index="0" bw="1" slack="0"/>
</pin_list>
<bind>
<StgValue><ssdm name="segments648"/><MemPortTyVec>1 1 1 1 1 </MemPortTyVec>
</StgValue>
</bind>
</comp>

<comp id="22" class="1000" name="last_centroids">
<pin_list>
<pin id="23" dir="1" index="0" bw="1" slack="0"/>
</pin_list>
<bind>
<StgValue><ssdm name="last_centroids"/><MemPortTyVec>2 3 </MemPortTyVec>
</StgValue>
</bind>
</comp>

<comp id="24" class="1000" name="line_centroids">
<pin_list>
<pin id="25" dir="1" index="0" bw="1" slack="0"/>
</pin_list>
<bind>
<StgValue><ssdm name="line_centroids"/><MemPortTyVec>2 3 </MemPortTyVec>
</StgValue>
</bind>
</comp>

<comp id="26" class="1000" name="lines">
<pin_list>
<pin id="27" dir="1" index="0" bw="1" slack="0"/>
</pin_list>
<bind>
<StgValue><ssdm name="lines"/><MemPortTyVec>2 3 </MemPortTyVec>
</StgValue>
</bind>
</comp>

<comp id="28" class="1000" name="segments">
<pin_list>
<pin id="29" dir="1" index="0" bw="1" slack="0"/>
</pin_list>
<bind>
<StgValue><ssdm name="segments"/><MemPortTyVec>1 1 </MemPortTyVec>
</StgValue>
</bind>
</comp>

<comp id="30" class="1001" name="const_30">
<pin_list>
<pin id="31" dir="1" index="0" bw="1" slack="0"/>
</pin_list>
<bind>
<StgValue><ssdm name=""/></StgValue>
</bind>
</comp>

<comp id="32" class="1001" name="const_32">
<pin_list>
<pin id="33" dir="1" index="0" bw="1" slack="0"/>
</pin_list>
<bind>
<StgValue><ssdm name="weed_detection.entry"/></StgValue>
</bind>
</comp>

<comp id="34" class="1001" name="const_34">
<pin_list>
<pin id="35" dir="1" index="0" bw="1" slack="0"/>
</pin_list>
<bind>
<StgValue><ssdm name="weed_detection_Block"/></StgValue>
</bind>
</comp>

<comp id="36" class="1001" name="const_36">
<pin_list>
<pin id="37" dir="1" index="0" bw="1" slack="0"/>
</pin_list>
<bind>
<StgValue><ssdm name="duplicateMat_2762"/></StgValue>
</bind>
</comp>

<comp id="38" class="1001" name="const_38">
<pin_list>
<pin id="39" dir="1" index="0" bw="1" slack="0"/>
</pin_list>
<bind>
<StgValue><ssdm name="zero<0, 180, 320, 1>"/></StgValue>
</bind>
</comp>

<comp id="40" class="1001" name="const_40">
<pin_list>
<pin id="41" dir="1" index="0" bw="1" slack="0"/>
</pin_list>
<bind>
<StgValue><ssdm name="resizeNNBilinear"/></StgValue>
</bind>
</comp>

<comp id="42" class="1001" name="const_42">
<pin_list>
<pin id="43" dir="1" index="0" bw="1" slack="0"/>
</pin_list>
<bind>
<StgValue><ssdm name="get_vegetation_image.4"/></StgValue>
</bind>
</comp>

<comp id="44" class="1001" name="const_44">
<pin_list>
<pin id="45" dir="1" index="0" bw="1" slack="0"/>
</pin_list>
<bind>
<StgValue><ssdm name="segment_image"/></StgValue>
</bind>
</comp>

<comp id="46" class="1001" name="const_46">
<pin_list>
<pin id="47" dir="1" index="0" bw="1" slack="0"/>
</pin_list>
<bind>
<StgValue><ssdm name="erode437"/></StgValue>
</bind>
</comp>

<comp id="48" class="1001" name="const_48">
<pin_list>
<pin id="49" dir="1" index="0" bw="1" slack="0"/>
</pin_list>
<bind>
<StgValue><ssdm name="remark_crop_lines"/></StgValue>
</bind>
</comp>

<comp id="50" class="1001" name="const_50">
<pin_list>
<pin id="51" dir="1" index="0" bw="1" slack="0"/>
</pin_list>
<bind>
<StgValue><ssdm name="duplicateMat438"/></StgValue>
</bind>
</comp>

<comp id="52" class="1001" name="const_52">
<pin_list>
<pin id="53" dir="1" index="0" bw="1" slack="0"/>
</pin_list>
<bind>
<StgValue><ssdm name="get_12th_segment"/></StgValue>
</bind>
</comp>

<comp id="54" class="1001" name="const_54">
<pin_list>
<pin id="55" dir="1" index="0" bw="1" slack="0"/>
</pin_list>
<bind>
<StgValue><ssdm name="get_crop_lines"/></StgValue>
</bind>
</comp>

<comp id="56" class="1001" name="const_56">
<pin_list>
<pin id="57" dir="1" index="0" bw="1" slack="0"/>
</pin_list>
<bind>
<StgValue><ssdm name="sectors_weed_classif"/></StgValue>
</bind>
</comp>

<comp id="58" class="1001" name="const_58">
<pin_list>
<pin id="59" dir="1" index="0" bw="1" slack="0"/>
</pin_list>
<bind>
<StgValue><ssdm name="merge"/></StgValue>
</bind>
</comp>

<comp id="60" class="1001" name="const_60">
<pin_list>
<pin id="61" dir="1" index="0" bw="1" slack="0"/>
</pin_list>
<bind>
<StgValue><ssdm name="resize_2"/></StgValue>
</bind>
</comp>

<comp id="62" class="1001" name="const_62">
<pin_list>
<pin id="63" dir="1" index="0" bw="1" slack="0"/>
</pin_list>
<bind>
<StgValue><ssdm name="add_2749"/></StgValue>
</bind>
</comp>

<comp id="64" class="1001" name="const_64">
<pin_list>
<pin id="65" dir="1" index="0" bw="1" slack="2147483647"/>
</pin_list>
<bind>
<StgValue><ssdm name="_ssdm_op_SpecInterface"/></StgValue>
</bind>
</comp>

<comp id="66" class="1001" name="const_66">
<pin_list>
<pin id="67" dir="1" index="0" bw="1" slack="2147483647"/>
</pin_list>
<bind>
<StgValue><ssdm name="ap_fifo_str"/></StgValue>
</bind>
</comp>

<comp id="68" class="1001" name="const_68">
<pin_list>
<pin id="69" dir="1" index="0" bw="1" slack="2147483647"/>
</pin_list>
<bind>
<StgValue><ssdm name=""/></StgValue>
</bind>
</comp>

<comp id="70" class="1001" name="const_70">
<pin_list>
<pin id="71" dir="1" index="0" bw="1" slack="2147483647"/>
</pin_list>
<bind>
<StgValue><ssdm name="p_str"/></StgValue>
</bind>
</comp>

<comp id="72" class="1001" name="const_72">
<pin_list>
<pin id="73" dir="1" index="0" bw="1" slack="2147483647"/>
</pin_list>
<bind>
<StgValue><ssdm name=""/></StgValue>
</bind>
</comp>

<comp id="74" class="1001" name="const_74">
<pin_list>
<pin id="75" dir="1" index="0" bw="1" slack="2147483647"/>
</pin_list>
<bind>
<StgValue><ssdm name=""/></StgValue>
</bind>
</comp>

<comp id="76" class="1001" name="const_76">
<pin_list>
<pin id="77" dir="1" index="0" bw="1" slack="2147483647"/>
</pin_list>
<bind>
<StgValue><ssdm name="_ssdm_op_SpecDataflowPipeline"/></StgValue>
</bind>
</comp>

<comp id="78" class="1001" name="const_78">
<pin_list>
<pin id="79" dir="1" index="0" bw="1" slack="2147483647"/>
</pin_list>
<bind>
<StgValue><ssdm name=""/></StgValue>
</bind>
</comp>

<comp id="80" class="1001" name="const_80">
<pin_list>
<pin id="81" dir="1" index="0" bw="1" slack="2147483647"/>
</pin_list>
<bind>
<StgValue><ssdm name="_ssdm_op_SpecChannel"/></StgValue>
</bind>
</comp>

<comp id="82" class="1001" name="const_82">
<pin_list>
<pin id="83" dir="1" index="0" bw="1" slack="2147483647"/>
</pin_list>
<bind>
<StgValue><ssdm name="img_in_0_OC_data_OC_s"/></StgValue>
</bind>
</comp>

<comp id="84" class="1001" name="const_84">
<pin_list>
<pin id="85" dir="1" index="0" bw="1" slack="2147483647"/>
</pin_list>
<bind>
<StgValue><ssdm name=""/></StgValue>
</bind>
</comp>

<comp id="86" class="1001" name="const_86">
<pin_list>
<pin id="87" dir="1" index="0" bw="1" slack="2147483647"/>
</pin_list>
<bind>
<StgValue><ssdm name=""/></StgValue>
</bind>
</comp>

<comp id="88" class="1001" name="const_88">
<pin_list>
<pin id="89" dir="1" index="0" bw="1" slack="2147483647"/>
</pin_list>
<bind>
<StgValue><ssdm name="img_in_1_OC_data_OC_s"/></StgValue>
</bind>
</comp>

<comp id="90" class="1001" name="const_90">
<pin_list>
<pin id="91" dir="1" index="0" bw="1" slack="2147483647"/>
</pin_list>
<bind>
<StgValue><ssdm name="resized_OC_data_OC_V"/></StgValue>
</bind>
</comp>

<comp id="92" class="1001" name="const_92">
<pin_list>
<pin id="93" dir="1" index="0" bw="1" slack="2147483647"/>
</pin_list>
<bind>
<StgValue><ssdm name=""/></StgValue>
</bind>
</comp>

<comp id="94" class="1001" name="const_94">
<pin_list>
<pin id="95" dir="1" index="0" bw="1" slack="2147483647"/>
</pin_list>
<bind>
<StgValue><ssdm name="veg_img_OC_data_OC_V"/></StgValue>
</bind>
</comp>

<comp id="96" class="1001" name="const_96">
<pin_list>
<pin id="97" dir="1" index="0" bw="1" slack="2147483647"/>
</pin_list>
<bind>
<StgValue><ssdm name="segmented_OC_data_OC"/></StgValue>
</bind>
</comp>

<comp id="98" class="1001" name="const_98">
<pin_list>
<pin id="99" dir="1" index="0" bw="1" slack="2147483647"/>
</pin_list>
<bind>
<StgValue><ssdm name="eroded_0a_OC_data_OC"/></StgValue>
</bind>
</comp>

<comp id="100" class="1001" name="const_100">
<pin_list>
<pin id="101" dir="1" index="0" bw="1" slack="2147483647"/>
</pin_list>
<bind>
<StgValue><ssdm name="eroded_0b_OC_data_OC"/></StgValue>
</bind>
</comp>

<comp id="102" class="1001" name="const_102">
<pin_list>
<pin id="103" dir="1" index="0" bw="1" slack="2147483647"/>
</pin_list>
<bind>
<StgValue><ssdm name="eroded_1_OC_data_OC_s"/></StgValue>
</bind>
</comp>

<comp id="104" class="1001" name="const_104">
<pin_list>
<pin id="105" dir="1" index="0" bw="1" slack="2147483647"/>
</pin_list>
<bind>
<StgValue><ssdm name="eroded_1a_OC_data_OC"/></StgValue>
</bind>
</comp>

<comp id="106" class="1001" name="const_106">
<pin_list>
<pin id="107" dir="1" index="0" bw="1" slack="2147483647"/>
</pin_list>
<bind>
<StgValue><ssdm name="eroded_1b_OC_data_OC"/></StgValue>
</bind>
</comp>

<comp id="108" class="1001" name="const_108">
<pin_list>
<pin id="109" dir="1" index="0" bw="1" slack="2147483647"/>
</pin_list>
<bind>
<StgValue><ssdm name="bottom_OC_data_OC_V_s"/></StgValue>
</bind>
</comp>

<comp id="110" class="1001" name="const_110">
<pin_list>
<pin id="111" dir="1" index="0" bw="1" slack="2147483647"/>
</pin_list>
<bind>
<StgValue><ssdm name=""/></StgValue>
</bind>
</comp>

<comp id="112" class="1001" name="const_112">
<pin_list>
<pin id="113" dir="1" index="0" bw="1" slack="2147483647"/>
</pin_list>
<bind>
<StgValue><ssdm name="weed_mask_tmp_OC_dat"/></StgValue>
</bind>
</comp>

<comp id="114" class="1001" name="const_114">
<pin_list>
<pin id="115" dir="1" index="0" bw="1" slack="2147483647"/>
</pin_list>
<bind>
<StgValue><ssdm name="weed_mask_out_OC_dat"/></StgValue>
</bind>
</comp>

<comp id="116" class="1001" name="const_116">
<pin_list>
<pin id="117" dir="1" index="0" bw="1" slack="2147483647"/>
</pin_list>
<bind>
<StgValue><ssdm name="zero_OC_data_OC_V_OC"/></StgValue>
</bind>
</comp>

<comp id="118" class="1001" name="const_118">
<pin_list>
<pin id="119" dir="1" index="0" bw="1" slack="2147483647"/>
</pin_list>
<bind>
<StgValue><ssdm name="mask_img_out_OC_data"/></StgValue>
</bind>
</comp>

<comp id="120" class="1001" name="const_120">
<pin_list>
<pin id="121" dir="1" index="0" bw="1" slack="2147483647"/>
</pin_list>
<bind>
<StgValue><ssdm name="rs_mask_img_out_OC_d"/></StgValue>
</bind>
</comp>

<comp id="122" class="1001" name="const_122">
<pin_list>
<pin id="123" dir="1" index="0" bw="1" slack="2147483647"/>
</pin_list>
<bind>
<StgValue><ssdm name="img_in_OC_cols_c_str"/></StgValue>
</bind>
</comp>

<comp id="124" class="1001" name="const_124">
<pin_list>
<pin id="125" dir="1" index="0" bw="1" slack="2147483647"/>
</pin_list>
<bind>
<StgValue><ssdm name=""/></StgValue>
</bind>
</comp>

<comp id="126" class="1001" name="const_126">
<pin_list>
<pin id="127" dir="1" index="0" bw="1" slack="2147483647"/>
</pin_list>
<bind>
<StgValue><ssdm name="resized_OC_cols_OC_c"/></StgValue>
</bind>
</comp>

<comp id="128" class="1001" name="const_128">
<pin_list>
<pin id="129" dir="1" index="0" bw="1" slack="2147483647"/>
</pin_list>
<bind>
<StgValue><ssdm name=""/></StgValue>
</bind>
</comp>

<comp id="130" class="1004" name="resized_cols_channel_fu_130">
<pin_list>
<pin id="131" dir="0" index="0" bw="1" slack="0"/>
<pin id="132" dir="1" index="1" bw="10" slack="0"/>
</pin_list>
<bind>
<opcode="alloca(26) " fcode="alloca"/>
<opset="resized_cols_channel/1 "/>
</bind>
</comp>

<comp id="134" class="1004" name="img_in_cols_c_fu_134">
<pin_list>
<pin id="135" dir="0" index="0" bw="1" slack="0"/>
<pin id="136" dir="1" index="1" bw="12" slack="0"/>
</pin_list>
<bind>
<opcode="alloca(26) " fcode="alloca"/>
<opset="img_in_cols_c/1 "/>
</bind>
</comp>

<comp id="138" class="1004" name="img_in_0_cols_channe_fu_138">
<pin_list>
<pin id="139" dir="0" index="0" bw="1" slack="0"/>
<pin id="140" dir="1" index="1" bw="12" slack="0"/>
</pin_list>
<bind>
<opcode="alloca(26) " fcode="alloca"/>
<opset="img_in_0_cols_channe/1 "/>
</bind>
</comp>

<comp id="142" class="1004" name="img_in_0_rows_channe_fu_142">
<pin_list>
<pin id="143" dir="0" index="0" bw="1" slack="0"/>
<pin id="144" dir="1" index="1" bw="11" slack="0"/>
</pin_list>
<bind>
<opcode="alloca(26) " fcode="alloca"/>
<opset="img_in_0_rows_channe/1 "/>
</bind>
</comp>

<comp id="146" class="1004" name="img_in_0_data_V_fu_146">
<pin_list>
<pin id="147" dir="0" index="0" bw="1" slack="0"/>
<pin id="148" dir="1" index="1" bw="24" slack="1"/>
</pin_list>
<bind>
<opcode="alloca(26) " fcode="alloca"/>
<opset="img_in_0_data_V/1 "/>
</bind>
</comp>

<comp id="150" class="1004" name="img_in_1_data_V_fu_150">
<pin_list>
<pin id="151" dir="0" index="0" bw="1" slack="0"/>
<pin id="152" dir="1" index="1" bw="24" slack="1"/>
</pin_list>
<bind>
<opcode="alloca(26) " fcode="alloca"/>
<opset="img_in_1_data_V/1 "/>
</bind>
</comp>

<comp id="154" class="1004" name="resized_data_V_fu_154">
<pin_list>
<pin id="155" dir="0" index="0" bw="1" slack="0"/>
<pin id="156" dir="1" index="1" bw="24" slack="3"/>
</pin_list>
<bind>
<opcode="alloca(26) " fcode="alloca"/>
<opset="resized_data_V/1 "/>
</bind>
</comp>

<comp id="158" class="1004" name="veg_img_data_V_fu_158">
<pin_list>
<pin id="159" dir="0" index="0" bw="1" slack="0"/>
<pin id="160" dir="1" index="1" bw="8" slack="5"/>
</pin_list>
<bind>
<opcode="alloca(26) " fcode="alloca"/>
<opset="veg_img_data_V/1 "/>
</bind>
</comp>

<comp id="162" class="1004" name="segmented_data_V_fu_162">
<pin_list>
<pin id="163" dir="0" index="0" bw="1" slack="0"/>
<pin id="164" dir="1" index="1" bw="1" slack="7"/>
</pin_list>
<bind>
<opcode="alloca(26) " fcode="alloca"/>
<opset="segmented_data_V/1 "/>
</bind>
</comp>

<comp id="166" class="1004" name="eroded_0a_data_V_fu_166">
<pin_list>
<pin id="167" dir="0" index="0" bw="1" slack="0"/>
<pin id="168" dir="1" index="1" bw="8" slack="9"/>
</pin_list>
<bind>
<opcode="alloca(26) " fcode="alloca"/>
<opset="eroded_0a_data_V/1 "/>
</bind>
</comp>

<comp id="170" class="1004" name="eroded_0b_data_V_fu_170">
<pin_list>
<pin id="171" dir="0" index="0" bw="1" slack="0"/>
<pin id="172" dir="1" index="1" bw="8" slack="11"/>
</pin_list>
<bind>
<opcode="alloca(26) " fcode="alloca"/>
<opset="eroded_0b_data_V/1 "/>
</bind>
</comp>

<comp id="174" class="1004" name="eroded_1_data_V_fu_174">
<pin_list>
<pin id="175" dir="0" index="0" bw="1" slack="0"/>
<pin id="176" dir="1" index="1" bw="8" slack="11"/>
</pin_list>
<bind>
<opcode="alloca(26) " fcode="alloca"/>
<opset="eroded_1_data_V/1 "/>
</bind>
</comp>

<comp id="178" class="1004" name="eroded_1a_data_V_fu_178">
<pin_list>
<pin id="179" dir="0" index="0" bw="1" slack="0"/>
<pin id="180" dir="1" index="1" bw="8" slack="13"/>
</pin_list>
<bind>
<opcode="alloca(26) " fcode="alloca"/>
<opset="eroded_1a_data_V/1 "/>
</bind>
</comp>

<comp id="182" class="1004" name="eroded_1b_data_V_fu_182">
<pin_list>
<pin id="183" dir="0" index="0" bw="1" slack="0"/>
<pin id="184" dir="1" index="1" bw="8" slack="13"/>
</pin_list>
<bind>
<opcode="alloca(26) " fcode="alloca"/>
<opset="eroded_1b_data_V/1 "/>
</bind>
</comp>

<comp id="186" class="1004" name="bottom_data_V_fu_186">
<pin_list>
<pin id="187" dir="0" index="0" bw="1" slack="0"/>
<pin id="188" dir="1" index="1" bw="8" slack="15"/>
</pin_list>
<bind>
<opcode="alloca(26) " fcode="alloca"/>
<opset="bottom_data_V/1 "/>
</bind>
</comp>

<comp id="190" class="1004" name="weed_mask_tmp_data_V_fu_190">
<pin_list>
<pin id="191" dir="0" index="0" bw="1" slack="0"/>
<pin id="192" dir="1" index="1" bw="2" slack="17"/>
</pin_list>
<bind>
<opcode="alloca(26) " fcode="alloca"/>
<opset="weed_mask_tmp_data_V/1 "/>
</bind>
</comp>

<comp id="194" class="1004" name="weed_mask_out_data_V_fu_194">
<pin_list>
<pin id="195" dir="0" index="0" bw="1" slack="0"/>
<pin id="196" dir="1" index="1" bw="8" slack="19"/>
</pin_list>
<bind>
<opcode="alloca(26) " fcode="alloca"/>
<opset="weed_mask_out_data_V/1 "/>
</bind>
</comp>

<comp id="198" class="1004" name="zero_data_V_fu_198">
<pin_list>
<pin id="199" dir="0" index="0" bw="1" slack="0"/>
<pin id="200" dir="1" index="1" bw="8" slack="1"/>
</pin_list>
<bind>
<opcode="alloca(26) " fcode="alloca"/>
<opset="zero_data_V/1 "/>
</bind>
</comp>

<comp id="202" class="1004" name="mask_img_out_data_V_fu_202">
<pin_list>
<pin id="203" dir="0" index="0" bw="1" slack="0"/>
<pin id="204" dir="1" index="1" bw="24" slack="21"/>
</pin_list>
<bind>
<opcode="alloca(26) " fcode="alloca"/>
<opset="mask_img_out_data_V/1 "/>
</bind>
</comp>

<comp id="206" class="1004" name="rs_mask_img_out_data_fu_206">
<pin_list>
<pin id="207" dir="0" index="0" bw="1" slack="0"/>
<pin id="208" dir="1" index="1" bw="24" slack="23"/>
</pin_list>
<bind>
<opcode="alloca(26) " fcode="alloca"/>
<opset="rs_mask_img_out_data/1 "/>
</bind>
</comp>

<comp id="210" class="1004" name="grp_get_crop_lines_fu_210">
<pin_list>
<pin id="211" dir="0" index="0" bw="0" slack="0"/>
<pin id="212" dir="0" index="1" bw="8" slack="17"/>
<pin id="213" dir="0" index="2" bw="8" slack="17"/>
<pin id="214" dir="0" index="3" bw="2" slack="17"/>
<pin id="215" dir="0" index="4" bw="8" slack="0"/>
<pin id="216" dir="0" index="5" bw="8" slack="0"/>
<pin id="217" dir="0" index="6" bw="17" slack="0"/>
<pin id="218" dir="0" index="7" bw="8" slack="0"/>
<pin id="219" dir="0" index="8" bw="48" slack="0"/>
<pin id="220" dir="0" index="9" bw="48" slack="0"/>
<pin id="221" dir="0" index="10" bw="8" slack="0"/>
<pin id="222" dir="0" index="11" bw="48" slack="0"/>
<pin id="223" dir="0" index="12" bw="48" slack="0"/>
<pin id="224" dir="0" index="13" bw="57" slack="0"/>
<pin id="225" dir="1" index="14" bw="0" slack="2147483647"/>
</pin_list>
<bind>
<opcode="call(48) " fcode="call"/>
<opset="call_ln89/18 "/>
</bind>
</comp>

<comp id="237" class="1004" name="grp_get_vegetation_image_4_fu_237">
<pin_list>
<pin id="238" dir="0" index="0" bw="0" slack="0"/>
<pin id="239" dir="0" index="1" bw="10" slack="5"/>
<pin id="240" dir="0" index="2" bw="24" slack="5"/>
<pin id="241" dir="0" index="3" bw="8" slack="5"/>
<pin id="242" dir="1" index="4" bw="0" slack="2147483647"/>
</pin_list>
<bind>
<opcode="call(48) " fcode="call"/>
<opset="call_ln70/6 "/>
</bind>
</comp>

<comp id="244" class="1004" name="grp_segment_image_fu_244">
<pin_list>
<pin id="245" dir="0" index="0" bw="0" slack="0"/>
<pin id="246" dir="0" index="1" bw="8" slack="7"/>
<pin id="247" dir="0" index="2" bw="1" slack="7"/>
<pin id="248" dir="0" index="3" bw="16" slack="0"/>
<pin id="249" dir="1" index="4" bw="0" slack="2147483647"/>
</pin_list>
<bind>
<opcode="call(48) " fcode="call"/>
<opset="call_ln73/8 "/>
</bind>
</comp>

<comp id="252" class="1004" name="grp_resize_2_fu_252">
<pin_list>
<pin id="253" dir="0" index="0" bw="0" slack="0"/>
<pin id="254" dir="0" index="1" bw="24" slack="23"/>
<pin id="255" dir="0" index="2" bw="24" slack="23"/>
<pin id="256" dir="1" index="3" bw="0" slack="2147483647"/>
</pin_list>
<bind>
<opcode="call(48) " fcode="call"/>
<opset="call_ln103/24 "/>
</bind>
</comp>

<comp id="258" class="1004" name="grp_sectors_weed_classif_fu_258">
<pin_list>
<pin id="259" dir="0" index="0" bw="0" slack="0"/>
<pin id="260" dir="0" index="1" bw="2" slack="19"/>
<pin id="261" dir="0" index="2" bw="8" slack="19"/>
<pin id="262" dir="0" index="3" bw="8" slack="19"/>
<pin id="263" dir="0" index="4" bw="8" slack="0"/>
<pin id="264" dir="1" index="5" bw="0" slack="2147483647"/>
</pin_list>
<bind>
<opcode="call(48) " fcode="call"/>
<opset="call_ln94/20 "/>
</bind>
</comp>

<comp id="267" class="1004" name="grp_resizeNNBilinear_fu_267">
<pin_list>
<pin id="268" dir="0" index="0" bw="0" slack="0"/>
<pin id="269" dir="0" index="1" bw="24" slack="3"/>
<pin id="270" dir="0" index="2" bw="24" slack="3"/>
<pin id="271" dir="1" index="3" bw="0" slack="2147483647"/>
</pin_list>
<bind>
<opcode="call(48) " fcode="call"/>
<opset="call_ln67/4 "/>
</bind>
</comp>

<comp id="273" class="1004" name="grp_remark_crop_lines_fu_273">
<pin_list>
<pin id="274" dir="0" index="0" bw="0" slack="0"/>
<pin id="275" dir="0" index="1" bw="8" slack="11"/>
<pin id="276" dir="0" index="2" bw="8" slack="11"/>
<pin id="277" dir="0" index="3" bw="8" slack="11"/>
<pin id="278" dir="1" index="4" bw="0" slack="2147483647"/>
</pin_list>
<bind>
<opcode="call(48) " fcode="call"/>
<opset="call_ln78/12 "/>
</bind>
</comp>

<comp id="280" class="1004" name="grp_erode437_fu_280">
<pin_list>
<pin id="281" dir="0" index="0" bw="0" slack="0"/>
<pin id="282" dir="0" index="1" bw="1" slack="9"/>
<pin id="283" dir="0" index="2" bw="8" slack="9"/>
<pin id="284" dir="1" index="3" bw="0" slack="2147483647"/>
</pin_list>
<bind>
<opcode="call(48) " fcode="call"/>
<opset="call_ln75/10 "/>
</bind>
</comp>

<comp id="286" class="1004" name="grp_duplicateMat_2762_fu_286">
<pin_list>
<pin id="287" dir="0" index="0" bw="0" slack="0"/>
<pin id="288" dir="0" index="1" bw="12" slack="1"/>
<pin id="289" dir="0" index="2" bw="24" slack="0"/>
<pin id="290" dir="0" index="3" bw="11" slack="1"/>
<pin id="291" dir="0" index="4" bw="12" slack="1"/>
<pin id="292" dir="0" index="5" bw="24" slack="1"/>
<pin id="293" dir="0" index="6" bw="24" slack="1"/>
<pin id="294" dir="1" index="7" bw="0" slack="2147483647"/>
</pin_list>
<bind>
<opcode="call(48) " fcode="call"/>
<opset="call_ln64/2 "/>
</bind>
</comp>

<comp id="297" class="1004" name="grp_merge_fu_297">
<pin_list>
<pin id="298" dir="0" index="0" bw="0" slack="0"/>
<pin id="299" dir="0" index="1" bw="8" slack="21"/>
<pin id="300" dir="0" index="2" bw="8" slack="21"/>
<pin id="301" dir="0" index="3" bw="24" slack="21"/>
<pin id="302" dir="1" index="4" bw="0" slack="2147483647"/>
</pin_list>
<bind>
<opcode="call(48) " fcode="call"/>
<opset="call_ln100/22 "/>
</bind>
</comp>

<comp id="304" class="1004" name="grp_duplicateMat438_fu_304">
<pin_list>
<pin id="305" dir="0" index="0" bw="0" slack="0"/>
<pin id="306" dir="0" index="1" bw="8" slack="13"/>
<pin id="307" dir="0" index="2" bw="8" slack="13"/>
<pin id="308" dir="0" index="3" bw="8" slack="13"/>
<pin id="309" dir="1" index="4" bw="0" slack="2147483647"/>
</pin_list>
<bind>
<opcode="call(48) " fcode="call"/>
<opset="call_ln80/14 "/>
</bind>
</comp>

<comp id="311" class="1004" name="grp_add_2749_fu_311">
<pin_list>
<pin id="312" dir="0" index="0" bw="0" slack="0"/>
<pin id="313" dir="0" index="1" bw="24" slack="25"/>
<pin id="314" dir="0" index="2" bw="24" slack="25"/>
<pin id="315" dir="0" index="3" bw="24" slack="0"/>
<pin id="316" dir="1" index="4" bw="0" slack="2147483647"/>
</pin_list>
<bind>
<opcode="call(48) " fcode="call"/>
<opset="call_ln105/26 "/>
</bind>
</comp>

<comp id="319" class="1004" name="grp_zero_0_180_320_1_s_fu_319">
<pin_list>
<pin id="320" dir="0" index="0" bw="0" slack="0"/>
<pin id="321" dir="0" index="1" bw="8" slack="1"/>
<pin id="322" dir="1" index="2" bw="0" slack="2147483647"/>
</pin_list>
<bind>
<opcode="call(48) " fcode="call"/>
<opset="call_ln97/2 "/>
</bind>
</comp>

<comp id="324" class="1004" name="grp_get_12th_segment_fu_324">
<pin_list>
<pin id="325" dir="0" index="0" bw="0" slack="0"/>
<pin id="326" dir="0" index="1" bw="8" slack="15"/>
<pin id="327" dir="0" index="2" bw="8" slack="15"/>
<pin id="328" dir="1" index="3" bw="0" slack="2147483647"/>
</pin_list>
<bind>
<opcode="call(48) " fcode="call"/>
<opset="call_ln85/16 "/>
</bind>
</comp>

<comp id="330" class="1004" name="call_ln0_weed_detection_Block_fu_330">
<pin_list>
<pin id="331" dir="0" index="0" bw="0" slack="0"/>
<pin id="332" dir="0" index="1" bw="11" slack="0"/>
<pin id="333" dir="0" index="2" bw="12" slack="0"/>
<pin id="334" dir="0" index="3" bw="10" slack="0"/>
<pin id="335" dir="1" index="4" bw="0" slack="2147483647"/>
</pin_list>
<bind>
<opcode="call(48) " fcode="call"/>
<opset="call_ln0/1 "/>
</bind>
</comp>

<comp id="337" class="1004" name="call_ln10_weed_detection_entry_fu_337">
<pin_list>
<pin id="338" dir="0" index="0" bw="0" slack="0"/>
<pin id="339" dir="0" index="1" bw="12" slack="0"/>
<pin id="340" dir="0" index="2" bw="12" slack="0"/>
<pin id="341" dir="1" index="3" bw="0" slack="2147483647"/>
</pin_list>
<bind>
<opcode="call(48) " fcode="call"/>
<opset="call_ln10/1 "/>
</bind>
</comp>

<comp id="344" class="1005" name="resized_cols_channel_reg_344">
<pin_list>
<pin id="345" dir="0" index="0" bw="10" slack="0"/>
<pin id="346" dir="1" index="1" bw="10" slack="0"/>
</pin_list>
<bind>
<opset="resized_cols_channel "/>
</bind>
</comp>

<comp id="350" class="1005" name="img_in_cols_c_reg_350">
<pin_list>
<pin id="351" dir="0" index="0" bw="12" slack="0"/>
<pin id="352" dir="1" index="1" bw="12" slack="0"/>
</pin_list>
<bind>
<opset="img_in_cols_c "/>
</bind>
</comp>

<comp id="356" class="1005" name="img_in_0_cols_channe_reg_356">
<pin_list>
<pin id="357" dir="0" index="0" bw="12" slack="0"/>
<pin id="358" dir="1" index="1" bw="12" slack="0"/>
</pin_list>
<bind>
<opset="img_in_0_cols_channe "/>
</bind>
</comp>

<comp id="362" class="1005" name="img_in_0_rows_channe_reg_362">
<pin_list>
<pin id="363" dir="0" index="0" bw="11" slack="0"/>
<pin id="364" dir="1" index="1" bw="11" slack="0"/>
</pin_list>
<bind>
<opset="img_in_0_rows_channe "/>
</bind>
</comp>

<comp id="368" class="1005" name="img_in_0_data_V_reg_368">
<pin_list>
<pin id="369" dir="0" index="0" bw="24" slack="1"/>
<pin id="370" dir="1" index="1" bw="24" slack="1"/>
</pin_list>
<bind>
<opset="img_in_0_data_V "/>
</bind>
</comp>

<comp id="374" class="1005" name="img_in_1_data_V_reg_374">
<pin_list>
<pin id="375" dir="0" index="0" bw="24" slack="1"/>
<pin id="376" dir="1" index="1" bw="24" slack="1"/>
</pin_list>
<bind>
<opset="img_in_1_data_V "/>
</bind>
</comp>

<comp id="380" class="1005" name="resized_data_V_reg_380">
<pin_list>
<pin id="381" dir="0" index="0" bw="24" slack="3"/>
<pin id="382" dir="1" index="1" bw="24" slack="3"/>
</pin_list>
<bind>
<opset="resized_data_V "/>
</bind>
</comp>

<comp id="386" class="1005" name="veg_img_data_V_reg_386">
<pin_list>
<pin id="387" dir="0" index="0" bw="8" slack="5"/>
<pin id="388" dir="1" index="1" bw="8" slack="5"/>
</pin_list>
<bind>
<opset="veg_img_data_V "/>
</bind>
</comp>

<comp id="392" class="1005" name="segmented_data_V_reg_392">
<pin_list>
<pin id="393" dir="0" index="0" bw="1" slack="7"/>
<pin id="394" dir="1" index="1" bw="1" slack="7"/>
</pin_list>
<bind>
<opset="segmented_data_V "/>
</bind>
</comp>

<comp id="398" class="1005" name="eroded_0a_data_V_reg_398">
<pin_list>
<pin id="399" dir="0" index="0" bw="8" slack="9"/>
<pin id="400" dir="1" index="1" bw="8" slack="9"/>
</pin_list>
<bind>
<opset="eroded_0a_data_V "/>
</bind>
</comp>

<comp id="404" class="1005" name="eroded_0b_data_V_reg_404">
<pin_list>
<pin id="405" dir="0" index="0" bw="8" slack="11"/>
<pin id="406" dir="1" index="1" bw="8" slack="11"/>
</pin_list>
<bind>
<opset="eroded_0b_data_V "/>
</bind>
</comp>

<comp id="410" class="1005" name="eroded_1_data_V_reg_410">
<pin_list>
<pin id="411" dir="0" index="0" bw="8" slack="11"/>
<pin id="412" dir="1" index="1" bw="8" slack="11"/>
</pin_list>
<bind>
<opset="eroded_1_data_V "/>
</bind>
</comp>

<comp id="416" class="1005" name="eroded_1a_data_V_reg_416">
<pin_list>
<pin id="417" dir="0" index="0" bw="8" slack="13"/>
<pin id="418" dir="1" index="1" bw="8" slack="13"/>
</pin_list>
<bind>
<opset="eroded_1a_data_V "/>
</bind>
</comp>

<comp id="422" class="1005" name="eroded_1b_data_V_reg_422">
<pin_list>
<pin id="423" dir="0" index="0" bw="8" slack="13"/>
<pin id="424" dir="1" index="1" bw="8" slack="13"/>
</pin_list>
<bind>
<opset="eroded_1b_data_V "/>
</bind>
</comp>

<comp id="428" class="1005" name="bottom_data_V_reg_428">
<pin_list>
<pin id="429" dir="0" index="0" bw="8" slack="15"/>
<pin id="430" dir="1" index="1" bw="8" slack="15"/>
</pin_list>
<bind>
<opset="bottom_data_V "/>
</bind>
</comp>

<comp id="434" class="1005" name="weed_mask_tmp_data_V_reg_434">
<pin_list>
<pin id="435" dir="0" index="0" bw="2" slack="17"/>
<pin id="436" dir="1" index="1" bw="2" slack="17"/>
</pin_list>
<bind>
<opset="weed_mask_tmp_data_V "/>
</bind>
</comp>

<comp id="440" class="1005" name="weed_mask_out_data_V_reg_440">
<pin_list>
<pin id="441" dir="0" index="0" bw="8" slack="19"/>
<pin id="442" dir="1" index="1" bw="8" slack="19"/>
</pin_list>
<bind>
<opset="weed_mask_out_data_V "/>
</bind>
</comp>

<comp id="446" class="1005" name="zero_data_V_reg_446">
<pin_list>
<pin id="447" dir="0" index="0" bw="8" slack="1"/>
<pin id="448" dir="1" index="1" bw="8" slack="1"/>
</pin_list>
<bind>
<opset="zero_data_V "/>
</bind>
</comp>

<comp id="452" class="1005" name="mask_img_out_data_V_reg_452">
<pin_list>
<pin id="453" dir="0" index="0" bw="24" slack="21"/>
<pin id="454" dir="1" index="1" bw="24" slack="21"/>
</pin_list>
<bind>
<opset="mask_img_out_data_V "/>
</bind>
</comp>

<comp id="458" class="1005" name="rs_mask_img_out_data_reg_458">
<pin_list>
<pin id="459" dir="0" index="0" bw="24" slack="23"/>
<pin id="460" dir="1" index="1" bw="24" slack="23"/>
</pin_list>
<bind>
<opset="rs_mask_img_out_data "/>
</bind>
</comp>

</comp_list>

<net_list>
<net id="133"><net_src comp="30" pin="0"/><net_sink comp="130" pin=0"/></net>

<net id="137"><net_src comp="30" pin="0"/><net_sink comp="134" pin=0"/></net>

<net id="141"><net_src comp="30" pin="0"/><net_sink comp="138" pin=0"/></net>

<net id="145"><net_src comp="30" pin="0"/><net_sink comp="142" pin=0"/></net>

<net id="149"><net_src comp="30" pin="0"/><net_sink comp="146" pin=0"/></net>

<net id="153"><net_src comp="30" pin="0"/><net_sink comp="150" pin=0"/></net>

<net id="157"><net_src comp="30" pin="0"/><net_sink comp="154" pin=0"/></net>

<net id="161"><net_src comp="30" pin="0"/><net_sink comp="158" pin=0"/></net>

<net id="165"><net_src comp="30" pin="0"/><net_sink comp="162" pin=0"/></net>

<net id="169"><net_src comp="30" pin="0"/><net_sink comp="166" pin=0"/></net>

<net id="173"><net_src comp="30" pin="0"/><net_sink comp="170" pin=0"/></net>

<net id="177"><net_src comp="30" pin="0"/><net_sink comp="174" pin=0"/></net>

<net id="181"><net_src comp="30" pin="0"/><net_sink comp="178" pin=0"/></net>

<net id="185"><net_src comp="30" pin="0"/><net_sink comp="182" pin=0"/></net>

<net id="189"><net_src comp="30" pin="0"/><net_sink comp="186" pin=0"/></net>

<net id="193"><net_src comp="30" pin="0"/><net_sink comp="190" pin=0"/></net>

<net id="197"><net_src comp="30" pin="0"/><net_sink comp="194" pin=0"/></net>

<net id="201"><net_src comp="30" pin="0"/><net_sink comp="198" pin=0"/></net>

<net id="205"><net_src comp="30" pin="0"/><net_sink comp="202" pin=0"/></net>

<net id="209"><net_src comp="30" pin="0"/><net_sink comp="206" pin=0"/></net>

<net id="226"><net_src comp="54" pin="0"/><net_sink comp="210" pin=0"/></net>

<net id="227"><net_src comp="8" pin="0"/><net_sink comp="210" pin=4"/></net>

<net id="228"><net_src comp="10" pin="0"/><net_sink comp="210" pin=5"/></net>

<net id="229"><net_src comp="12" pin="0"/><net_sink comp="210" pin=6"/></net>

<net id="230"><net_src comp="14" pin="0"/><net_sink comp="210" pin=7"/></net>

<net id="231"><net_src comp="16" pin="0"/><net_sink comp="210" pin=8"/></net>

<net id="232"><net_src comp="18" pin="0"/><net_sink comp="210" pin=9"/></net>

<net id="233"><net_src comp="20" pin="0"/><net_sink comp="210" pin=10"/></net>

<net id="234"><net_src comp="22" pin="0"/><net_sink comp="210" pin=11"/></net>

<net id="235"><net_src comp="24" pin="0"/><net_sink comp="210" pin=12"/></net>

<net id="236"><net_src comp="26" pin="0"/><net_sink comp="210" pin=13"/></net>

<net id="243"><net_src comp="42" pin="0"/><net_sink comp="237" pin=0"/></net>

<net id="250"><net_src comp="44" pin="0"/><net_sink comp="244" pin=0"/></net>

<net id="251"><net_src comp="6" pin="0"/><net_sink comp="244" pin=3"/></net>

<net id="257"><net_src comp="60" pin="0"/><net_sink comp="252" pin=0"/></net>

<net id="265"><net_src comp="56" pin="0"/><net_sink comp="258" pin=0"/></net>

<net id="266"><net_src comp="28" pin="0"/><net_sink comp="258" pin=4"/></net>

<net id="272"><net_src comp="40" pin="0"/><net_sink comp="267" pin=0"/></net>

<net id="279"><net_src comp="48" pin="0"/><net_sink comp="273" pin=0"/></net>

<net id="285"><net_src comp="46" pin="0"/><net_sink comp="280" pin=0"/></net>

<net id="295"><net_src comp="36" pin="0"/><net_sink comp="286" pin=0"/></net>

<net id="296"><net_src comp="2" pin="0"/><net_sink comp="286" pin=2"/></net>

<net id="303"><net_src comp="58" pin="0"/><net_sink comp="297" pin=0"/></net>

<net id="310"><net_src comp="50" pin="0"/><net_sink comp="304" pin=0"/></net>

<net id="317"><net_src comp="62" pin="0"/><net_sink comp="311" pin=0"/></net>

<net id="318"><net_src comp="4" pin="0"/><net_sink comp="311" pin=3"/></net>

<net id="323"><net_src comp="38" pin="0"/><net_sink comp="319" pin=0"/></net>

<net id="329"><net_src comp="52" pin="0"/><net_sink comp="324" pin=0"/></net>

<net id="336"><net_src comp="34" pin="0"/><net_sink comp="330" pin=0"/></net>

<net id="342"><net_src comp="32" pin="0"/><net_sink comp="337" pin=0"/></net>

<net id="343"><net_src comp="0" pin="0"/><net_sink comp="337" pin=1"/></net>

<net id="347"><net_src comp="130" pin="1"/><net_sink comp="344" pin=0"/></net>

<net id="348"><net_src comp="344" pin="1"/><net_sink comp="330" pin=3"/></net>

<net id="349"><net_src comp="344" pin="1"/><net_sink comp="237" pin=1"/></net>

<net id="353"><net_src comp="134" pin="1"/><net_sink comp="350" pin=0"/></net>

<net id="354"><net_src comp="350" pin="1"/><net_sink comp="337" pin=2"/></net>

<net id="355"><net_src comp="350" pin="1"/><net_sink comp="286" pin=1"/></net>

<net id="359"><net_src comp="138" pin="1"/><net_sink comp="356" pin=0"/></net>

<net id="360"><net_src comp="356" pin="1"/><net_sink comp="330" pin=2"/></net>

<net id="361"><net_src comp="356" pin="1"/><net_sink comp="286" pin=4"/></net>

<net id="365"><net_src comp="142" pin="1"/><net_sink comp="362" pin=0"/></net>

<net id="366"><net_src comp="362" pin="1"/><net_sink comp="330" pin=1"/></net>

<net id="367"><net_src comp="362" pin="1"/><net_sink comp="286" pin=3"/></net>

<net id="371"><net_src comp="146" pin="1"/><net_sink comp="368" pin=0"/></net>

<net id="372"><net_src comp="368" pin="1"/><net_sink comp="286" pin=5"/></net>

<net id="373"><net_src comp="368" pin="1"/><net_sink comp="267" pin=1"/></net>

<net id="377"><net_src comp="150" pin="1"/><net_sink comp="374" pin=0"/></net>

<net id="378"><net_src comp="374" pin="1"/><net_sink comp="286" pin=6"/></net>

<net id="379"><net_src comp="374" pin="1"/><net_sink comp="311" pin=1"/></net>

<net id="383"><net_src comp="154" pin="1"/><net_sink comp="380" pin=0"/></net>

<net id="384"><net_src comp="380" pin="1"/><net_sink comp="267" pin=2"/></net>

<net id="385"><net_src comp="380" pin="1"/><net_sink comp="237" pin=2"/></net>

<net id="389"><net_src comp="158" pin="1"/><net_sink comp="386" pin=0"/></net>

<net id="390"><net_src comp="386" pin="1"/><net_sink comp="237" pin=3"/></net>

<net id="391"><net_src comp="386" pin="1"/><net_sink comp="244" pin=1"/></net>

<net id="395"><net_src comp="162" pin="1"/><net_sink comp="392" pin=0"/></net>

<net id="396"><net_src comp="392" pin="1"/><net_sink comp="244" pin=2"/></net>

<net id="397"><net_src comp="392" pin="1"/><net_sink comp="280" pin=1"/></net>

<net id="401"><net_src comp="166" pin="1"/><net_sink comp="398" pin=0"/></net>

<net id="402"><net_src comp="398" pin="1"/><net_sink comp="280" pin=2"/></net>

<net id="403"><net_src comp="398" pin="1"/><net_sink comp="273" pin=1"/></net>

<net id="407"><net_src comp="170" pin="1"/><net_sink comp="404" pin=0"/></net>

<net id="408"><net_src comp="404" pin="1"/><net_sink comp="273" pin=3"/></net>

<net id="409"><net_src comp="404" pin="1"/><net_sink comp="258" pin=3"/></net>

<net id="413"><net_src comp="174" pin="1"/><net_sink comp="410" pin=0"/></net>

<net id="414"><net_src comp="410" pin="1"/><net_sink comp="273" pin=2"/></net>

<net id="415"><net_src comp="410" pin="1"/><net_sink comp="304" pin=1"/></net>

<net id="419"><net_src comp="178" pin="1"/><net_sink comp="416" pin=0"/></net>

<net id="420"><net_src comp="416" pin="1"/><net_sink comp="304" pin=2"/></net>

<net id="421"><net_src comp="416" pin="1"/><net_sink comp="324" pin=1"/></net>

<net id="425"><net_src comp="182" pin="1"/><net_sink comp="422" pin=0"/></net>

<net id="426"><net_src comp="422" pin="1"/><net_sink comp="304" pin=3"/></net>

<net id="427"><net_src comp="422" pin="1"/><net_sink comp="210" pin=2"/></net>

<net id="431"><net_src comp="186" pin="1"/><net_sink comp="428" pin=0"/></net>

<net id="432"><net_src comp="428" pin="1"/><net_sink comp="324" pin=2"/></net>

<net id="433"><net_src comp="428" pin="1"/><net_sink comp="210" pin=1"/></net>

<net id="437"><net_src comp="190" pin="1"/><net_sink comp="434" pin=0"/></net>

<net id="438"><net_src comp="434" pin="1"/><net_sink comp="210" pin=3"/></net>

<net id="439"><net_src comp="434" pin="1"/><net_sink comp="258" pin=1"/></net>

<net id="443"><net_src comp="194" pin="1"/><net_sink comp="440" pin=0"/></net>

<net id="444"><net_src comp="440" pin="1"/><net_sink comp="258" pin=2"/></net>

<net id="445"><net_src comp="440" pin="1"/><net_sink comp="297" pin=1"/></net>

<net id="449"><net_src comp="198" pin="1"/><net_sink comp="446" pin=0"/></net>

<net id="450"><net_src comp="446" pin="1"/><net_sink comp="319" pin=1"/></net>

<net id="451"><net_src comp="446" pin="1"/><net_sink comp="297" pin=2"/></net>

<net id="455"><net_src comp="202" pin="1"/><net_sink comp="452" pin=0"/></net>

<net id="456"><net_src comp="452" pin="1"/><net_sink comp="297" pin=3"/></net>

<net id="457"><net_src comp="452" pin="1"/><net_sink comp="252" pin=1"/></net>

<net id="461"><net_src comp="206" pin="1"/><net_sink comp="458" pin=0"/></net>

<net id="462"><net_src comp="458" pin="1"/><net_sink comp="252" pin=2"/></net>

<net id="463"><net_src comp="458" pin="1"/><net_sink comp="311" pin=2"/></net>

</net_list>

</model> 
---------------- Datapath Model END ------------------

* FSMD analyzer results:
  - Output states:
	Port: img_out_data_V | {26 27 }
	Port: histogram | {18 19 }
	Port: smoothed | {18 19 }
	Port: line_bases | {18 19 }
	Port: last_c | {18 19 }
	Port: centroids | {18 19 }
	Port: last_centroids | {18 19 }
	Port: line_centroids | {18 19 }
	Port: lines | {18 19 }
 - Input state : 
	Port: weed_detection : img_in_cols | {1 }
	Port: weed_detection : img_in_data_V | {2 3 }
	Port: weed_detection : xf_division_lut | {8 9 }
	Port: weed_detection : histogram | {18 19 }
	Port: weed_detection : smoothed | {18 19 }
	Port: weed_detection : line_bases | {18 19 }
	Port: weed_detection : segments647 | {18 19 }
	Port: weed_detection : last_c | {18 19 }
	Port: weed_detection : centroids | {18 19 }
	Port: weed_detection : segments648 | {18 19 }
	Port: weed_detection : last_centroids | {18 19 }
	Port: weed_detection : line_centroids | {18 19 }
	Port: weed_detection : lines | {18 19 }
	Port: weed_detection : segments | {20 21 }
  - Chain level:
	State 1
		call_ln10 : 1
		call_ln0 : 1
	State 2
	State 3
	State 4
	State 5
	State 6
	State 7
	State 8
	State 9
	State 10
	State 11
	State 12
	State 13
	State 14
	State 15
	State 16
	State 17
	State 18
	State 19
	State 20
	State 21
	State 22
	State 23
	State 24
	State 25
	State 26
	State 27


============================================================
+ Verbose Summary: Datapath Resource usage 
============================================================

* Functional unit list:
|----------|---------------------------------------|---------|---------|---------|---------|---------|---------|
| Operation|            Functional Unit            |   BRAM  |  DSP48E |  Delay  |    FF   |   LUT   |   URAM  |
|----------|---------------------------------------|---------|---------|---------|---------|---------|---------|
|          |       grp_get_crop_lines_fu_210       |    4    |    45   | 243.933 |  11827  |  11668  |    0    |
|          |   grp_get_vegetation_image_4_fu_237   |    0    |    3    |  24.766 |   4885  |   5753  |    0    |
|          |        grp_segment_image_fu_244       |    4    |    47   | 30.7135 |   1788  |   4998  |    0    |
|          |          grp_resize_2_fu_252          |    15   |    34   | 44.4314 |   2235  |   4253  |    0    |
|          |    grp_sectors_weed_classif_fu_258    |    2    |    0    |  26.901 |   2730  |   2335  |    0    |
|          |      grp_resizeNNBilinear_fu_267      |    9    |    14   | 70.0432 |   2121  |   2735  |    0    |
|          |      grp_remark_crop_lines_fu_273     |    35   |    4    |  33.794 |   969   |   1107  |    0    |
|   call   |          grp_erode437_fu_280          |    3    |    0    | 26.6265 |   297   |   458   |    0    |
|          |      grp_duplicateMat_2762_fu_286     |    0    |    0    |    0    |   392   |   226   |    0    |
|          |            grp_merge_fu_297           |    0    |    1    |  3.538  |   254   |   159   |    0    |
|          |       grp_duplicateMat438_fu_304      |    0    |    0    |    0    |   186   |   166   |    0    |
|          |          grp_add_2749_fu_311          |    0    |    0    |    0    |    44   |   167   |    0    |
|          |     grp_zero_0_180_320_1_s_fu_319     |    0    |    0    |    0    |    36   |    54   |    0    |
|          |      grp_get_12th_segment_fu_324      |    0    |    0    |    0    |    27   |    30   |    0    |
|          |  call_ln0_weed_detection_Block_fu_330 |    0    |    0    |    0    |    0    |    0    |    0    |
|          | call_ln10_weed_detection_entry_fu_337 |    0    |    0    |    0    |    0    |    0    |    0    |
|----------|---------------------------------------|---------|---------|---------|---------|---------|---------|
|   Total  |                                       |    72   |   148   | 504.747 |  27791  |  34109  |    0    |
|----------|---------------------------------------|---------|---------|---------|---------|---------|---------|

Memories:
N/A

* Register list:
+----------------------------+--------+
|                            |   FF   |
+----------------------------+--------+
|    bottom_data_V_reg_428   |    8   |
|  eroded_0a_data_V_reg_398  |    8   |
|  eroded_0b_data_V_reg_404  |    8   |
|   eroded_1_data_V_reg_410  |    8   |
|  eroded_1a_data_V_reg_416  |    8   |
|  eroded_1b_data_V_reg_422  |    8   |
|img_in_0_cols_channe_reg_356|   12   |
|   img_in_0_data_V_reg_368  |   24   |
|img_in_0_rows_channe_reg_362|   11   |
|   img_in_1_data_V_reg_374  |   24   |
|    img_in_cols_c_reg_350   |   12   |
| mask_img_out_data_V_reg_452|   24   |
|resized_cols_channel_reg_344|   10   |
|   resized_data_V_reg_380   |   24   |
|rs_mask_img_out_data_reg_458|   24   |
|  segmented_data_V_reg_392  |    1   |
|   veg_img_data_V_reg_386   |    8   |
|weed_mask_out_data_V_reg_440|    8   |
|weed_mask_tmp_data_V_reg_434|    2   |
|     zero_data_V_reg_446    |    8   |
+----------------------------+--------+
|            Total           |   240  |
+----------------------------+--------+

* Multiplexer (MUX) list: 
|--------|------|------|------|--------|
|  Comp  |  Pin | Size |  BW  | S x BW |
|--------|------|------|------|--------|
|  Total |      |      |      |    0   |
|--------|------|------|------|--------|



* Summary:
+-----------+--------+--------+--------+--------+--------+--------+
|           |  BRAM  | DSP48E |  Delay |   FF   |   LUT  |  URAM  |
+-----------+--------+--------+--------+--------+--------+--------+
|  Function |   72   |   148  |   504  |  27791 |  34109 |    0   |
|   Memory  |    -   |    -   |    -   |    -   |    -   |    -   |
|Multiplexer|    -   |    -   |    -   |    -   |    -   |    -   |
|  Register |    -   |    -   |    -   |   240  |    -   |    -   |
+-----------+--------+--------+--------+--------+--------+--------+
|   Total   |   72   |   148  |   504  |  28031 |  34109 |    0   |
+-----------+--------+--------+--------+--------+--------+--------+
