

================================================================
== Vivado HLS Report for 'xFDuplicate637'
================================================================
* Date:           Wed Mar 18 11:34:05 2020

* Version:        2019.2.1 (Build 2724168 on Thu Dec 05 05:19:09 MST 2019)
* Project:        WeedD
* Solution:       solution1
* Product family: zynq
* Target device:  xc7z020-clg400-1


================================================================
== Performance Estimates
================================================================
+ Timing: 
    * Summary: 
    +--------+----------+----------+------------+
    |  Clock |  Target  | Estimated| Uncertainty|
    +--------+----------+----------+------------+
    |ap_clk  | 50.00 ns | 7.268 ns |   6.25 ns  |
    +--------+----------+----------+------------+

+ Latency: 
    * Summary: 
    +---------+---------+----------+----------+-------+-------+---------+
    |  Latency (cycles) |  Latency (absolute) |    Interval   | Pipeline|
    |   min   |   max   |    min   |    max   |  min  |  max  |   Type  |
    +---------+---------+----------+----------+-------+-------+---------+
    |    43741|    43741| 2.187 ms | 2.187 ms |  43741|  43741|   none  |
    +---------+---------+----------+----------+-------+-------+---------+

    + Detail: 
        * Instance: 
        N/A

        * Loop: 
        +-------------+---------+---------+----------+-----------+-----------+------+----------+
        |             |  Latency (cycles) | Iteration|  Initiation Interval  | Trip |          |
        |  Loop Name  |   min   |   max   |  Latency |  achieved |   target  | Count| Pipelined|
        +-------------+---------+---------+----------+-----------+-----------+------+----------+
        |- Row_Loop   |    43740|    43740|       243|          -|          -|   180|    no    |
        | + Col_Loop  |      240|      240|         2|          1|          1|   240|    yes   |
        +-------------+---------+---------+----------+-----------+-----------+------+----------+

============================================================
+ Verbose Summary: Synthesis Manager
============================================================
InlineROM: 1
ExposeGlobal: 0
============================================================
+ Verbose Summary: CDFG Model
============================================================
IsTopModel: 0
ResetActiveHigh: 1
IsCombinational: 2
IsDatapathOnly: 0
HasWiredReturn: 1
HasMFsm: 0
HasVarLatency: 1
IsPipeline: 0
IsRtlPipelined: 0
IsInstanceOverlapped: 0
IsDontTouch: 0
HasImplIP: 0
IsGatedGlobalClock: 0

+ Individual pipeline summary: 
  * Pipeline-0: initiation interval (II) = 1, depth = 2


============================================================
+ Verbose Summary: Schedule
============================================================
* Number of FSM states : 5
* Pipeline : 1
  Pipeline-0 : II = 1, D = 2, States = { 3 4 }
* Dataflow Pipeline: 0

* FSM state transitions: 
1 --> 2 
2 --> 3 
3 --> 5 4 
4 --> 3 
5 --> 2 

* FSM state operations: 

State 1 <SV = 0> <Delay = 3.63>
ST_1 : Operation 6 [1/1] (0.00ns)   --->   "call void (...)* @_ssdm_op_SpecInterface(i8* %dst1_V_V, [8 x i8]* @ap_fifo_str, i32 0, i32 0, [1 x i8]* @p_str, i32 0, i32 0, [1 x i8]* @p_str, [1 x i8]* @p_str, [1 x i8]* @p_str, i32 2, i32 2, i32 16, i32 16, [1 x i8]* @p_str, [1 x i8]* @p_str)"   --->   Operation 6 'specinterface' <Predicate = true> <Delay = 0.00>
ST_1 : Operation 7 [1/1] (0.00ns)   --->   "call void (...)* @_ssdm_op_SpecInterface(i8* %dst_V_V, [8 x i8]* @ap_fifo_str, i32 0, i32 0, [1 x i8]* @p_str, i32 0, i32 0, [1 x i8]* @p_str, [1 x i8]* @p_str, [1 x i8]* @p_str, i32 2, i32 2, i32 16, i32 16, [1 x i8]* @p_str, [1 x i8]* @p_str)"   --->   Operation 7 'specinterface' <Predicate = true> <Delay = 0.00>
ST_1 : Operation 8 [1/1] (0.00ns)   --->   "call void (...)* @_ssdm_op_SpecInterface(i8* %src_V_V, [8 x i8]* @ap_fifo_str, i32 0, i32 0, [1 x i8]* @p_str, i32 0, i32 0, [1 x i8]* @p_str, [1 x i8]* @p_str, [1 x i8]* @p_str, i32 2, i32 2, i32 16, i32 16, [1 x i8]* @p_str, [1 x i8]* @p_str)"   --->   Operation 8 'specinterface' <Predicate = true> <Delay = 0.00>
ST_1 : Operation 9 [1/1] (0.00ns)   --->   "call void (...)* @_ssdm_op_SpecInterface(i10* %p_src_cols_read, [8 x i8]* @ap_fifo_str, i32 0, i32 0, [1 x i8]* @p_str, i32 0, i32 0, [1 x i8]* @p_str, [1 x i8]* @p_str, [1 x i8]* @p_str, i32 2, i32 2, i32 16, i32 16, [1 x i8]* @p_str, [11 x i8]* @ScalarProp_str)"   --->   Operation 9 'specinterface' <Predicate = true> <Delay = 0.00>
ST_1 : Operation 10 [1/1] (0.00ns)   --->   "call void (...)* @_ssdm_op_SpecInterface(i9* %p_src_rows_read, [8 x i8]* @ap_fifo_str, i32 0, i32 0, [1 x i8]* @p_str, i32 0, i32 0, [1 x i8]* @p_str, [1 x i8]* @p_str, [1 x i8]* @p_str, i32 2, i32 2, i32 16, i32 16, [1 x i8]* @p_str, [11 x i8]* @ScalarProp_str)"   --->   Operation 10 'specinterface' <Predicate = true> <Delay = 0.00>
ST_1 : Operation 11 [1/1] (3.63ns)   --->   "%p_src_rows_read_1 = call i9 @_ssdm_op_Read.ap_fifo.i9P(i9* %p_src_rows_read)" [D:/Xilinx/xfopencv-master/include\imgproc/xf_duplicateimage.hpp:104]   --->   Operation 11 'read' 'p_src_rows_read_1' <Predicate = true> <Delay = 3.63> <Core = "FIFO">   --->   Core 32 'FIFO' <Latency = 0> <II = 1> <Delay = 3.63> <Storage> <Opcode : 'read' 'write' 'nbread' 'nbwrite'> <Ports = 0> <Width = 10> <Depth = 1> <FIFO>
ST_1 : Operation 12 [1/1] (3.63ns)   --->   "%p_src_cols_read_1 = call i10 @_ssdm_op_Read.ap_fifo.i10P(i10* %p_src_cols_read)" [D:/Xilinx/xfopencv-master/include\imgproc/xf_duplicateimage.hpp:104]   --->   Operation 12 'read' 'p_src_cols_read_1' <Predicate = true> <Delay = 3.63> <Core = "FIFO">   --->   Core 32 'FIFO' <Latency = 0> <II = 1> <Delay = 3.63> <Storage> <Opcode : 'read' 'write' 'nbread' 'nbwrite'> <Ports = 0> <Width = 10> <Depth = 1> <FIFO>
ST_1 : Operation 13 [1/1] (0.00ns)   --->   "%sext_ln104 = sext i9 %p_src_rows_read_1 to i14" [D:/Xilinx/xfopencv-master/include\imgproc/xf_duplicateimage.hpp:104->D:/Xilinx/xfopencv-master/include\imgproc/xf_duplicateimage.hpp:79]   --->   Operation 13 'sext' 'sext_ln104' <Predicate = true> <Delay = 0.00>
ST_1 : Operation 14 [1/1] (0.00ns)   --->   "%empty = sext i10 %p_src_cols_read_1 to i14" [D:/Xilinx/xfopencv-master/include\imgproc/xf_duplicateimage.hpp:104]   --->   Operation 14 'sext' 'empty' <Predicate = true> <Delay = 0.00>
ST_1 : Operation 15 [1/1] (1.76ns)   --->   "br label %0" [D:/Xilinx/xfopencv-master/include\imgproc/xf_duplicateimage.hpp:52->D:/Xilinx/xfopencv-master/include\imgproc/xf_duplicateimage.hpp:104->D:/Xilinx/xfopencv-master/include\imgproc/xf_duplicateimage.hpp:79]   --->   Operation 15 'br' <Predicate = true> <Delay = 1.76>

State 2 <SV = 1> <Delay = 3.07>
ST_2 : Operation 16 [1/1] (0.00ns)   --->   "%t_V_10 = phi i13 [ 0, %entry ], [ %row_V, %Row_Loop_end ]"   --->   Operation 16 'phi' 't_V_10' <Predicate = true> <Delay = 0.00>
ST_2 : Operation 17 [1/1] (0.00ns)   --->   "%zext_ln887 = zext i13 %t_V_10 to i14" [D:/Xilinx/xfopencv-master/include\imgproc/xf_duplicateimage.hpp:52->D:/Xilinx/xfopencv-master/include\imgproc/xf_duplicateimage.hpp:104->D:/Xilinx/xfopencv-master/include\imgproc/xf_duplicateimage.hpp:79]   --->   Operation 17 'zext' 'zext_ln887' <Predicate = true> <Delay = 0.00>
ST_2 : Operation 18 [1/1] (2.09ns)   --->   "%icmp_ln887 = icmp ult i14 %zext_ln887, %sext_ln104" [D:/Xilinx/xfopencv-master/include\imgproc/xf_duplicateimage.hpp:52->D:/Xilinx/xfopencv-master/include\imgproc/xf_duplicateimage.hpp:104->D:/Xilinx/xfopencv-master/include\imgproc/xf_duplicateimage.hpp:79]   --->   Operation 18 'icmp' 'icmp_ln887' <Predicate = true> <Delay = 2.09> <Core = "Cmp">   --->   Core 25 'Cmp' <Latency = 0> <II = 1> <Delay = 2.09> <FuncUnit> <Opcode : 'icmp'> <InPorts = 2> <OutPorts = 1>
ST_2 : Operation 19 [1/1] (1.67ns)   --->   "%row_V = add i13 %t_V_10, 1" [D:/Xilinx/xfopencv-master/include\imgproc/xf_duplicateimage.hpp:52->D:/Xilinx/xfopencv-master/include\imgproc/xf_duplicateimage.hpp:104->D:/Xilinx/xfopencv-master/include\imgproc/xf_duplicateimage.hpp:79]   --->   Operation 19 'add' 'row_V' <Predicate = true> <Delay = 1.67> <Core = "AddSub">   --->   Core 14 'AddSub' <Latency = 0> <II = 1> <Delay = 1.67> <FuncUnit> <Opcode : 'add' 'sub'> <InPorts = 2> <OutPorts = 1>
ST_2 : Operation 20 [1/1] (0.00ns)   --->   "br i1 %icmp_ln887, label %Row_Loop_begin, label %.exit" [D:/Xilinx/xfopencv-master/include\imgproc/xf_duplicateimage.hpp:52->D:/Xilinx/xfopencv-master/include\imgproc/xf_duplicateimage.hpp:104->D:/Xilinx/xfopencv-master/include\imgproc/xf_duplicateimage.hpp:79]   --->   Operation 20 'br' <Predicate = true> <Delay = 0.00>
ST_2 : Operation 21 [1/1] (0.00ns)   --->   "call void (...)* @_ssdm_op_SpecLoopName([9 x i8]* @p_str116) nounwind" [D:/Xilinx/xfopencv-master/include\imgproc/xf_duplicateimage.hpp:53->D:/Xilinx/xfopencv-master/include\imgproc/xf_duplicateimage.hpp:104->D:/Xilinx/xfopencv-master/include\imgproc/xf_duplicateimage.hpp:79]   --->   Operation 21 'specloopname' <Predicate = (icmp_ln887)> <Delay = 0.00>
ST_2 : Operation 22 [1/1] (0.00ns)   --->   "%tmp_i_i = call i32 (...)* @_ssdm_op_SpecRegionBegin([9 x i8]* @p_str116)" [D:/Xilinx/xfopencv-master/include\imgproc/xf_duplicateimage.hpp:53->D:/Xilinx/xfopencv-master/include\imgproc/xf_duplicateimage.hpp:104->D:/Xilinx/xfopencv-master/include\imgproc/xf_duplicateimage.hpp:79]   --->   Operation 22 'specregionbegin' 'tmp_i_i' <Predicate = (icmp_ln887)> <Delay = 0.00>
ST_2 : Operation 23 [1/1] (0.00ns)   --->   "call void (...)* @_ssdm_op_SpecLoopTripCount(i32 180, i32 180, i32 0, [1 x i8]* @p_str) nounwind" [D:/Xilinx/xfopencv-master/include\imgproc/xf_duplicateimage.hpp:54->D:/Xilinx/xfopencv-master/include\imgproc/xf_duplicateimage.hpp:104->D:/Xilinx/xfopencv-master/include\imgproc/xf_duplicateimage.hpp:79]   --->   Operation 23 'speclooptripcount' <Predicate = (icmp_ln887)> <Delay = 0.00>
ST_2 : Operation 24 [1/1] (1.76ns)   --->   "br label %1" [D:/Xilinx/xfopencv-master/include\imgproc/xf_duplicateimage.hpp:57->D:/Xilinx/xfopencv-master/include\imgproc/xf_duplicateimage.hpp:104->D:/Xilinx/xfopencv-master/include\imgproc/xf_duplicateimage.hpp:79]   --->   Operation 24 'br' <Predicate = (icmp_ln887)> <Delay = 1.76>
ST_2 : Operation 25 [1/1] (0.00ns)   --->   "ret void" [D:/Xilinx/xfopencv-master/include\imgproc/xf_duplicateimage.hpp:79]   --->   Operation 25 'ret' <Predicate = (!icmp_ln887)> <Delay = 0.00>

State 3 <SV = 2> <Delay = 2.20>
ST_3 : Operation 26 [1/1] (0.00ns)   --->   "%t_V = phi i14 [ 0, %Row_Loop_begin ], [ %add_ln887, %Col_Loop ]" [D:/Xilinx/xfopencv-master/include\imgproc/xf_duplicateimage.hpp:57->D:/Xilinx/xfopencv-master/include\imgproc/xf_duplicateimage.hpp:104->D:/Xilinx/xfopencv-master/include\imgproc/xf_duplicateimage.hpp:79]   --->   Operation 26 'phi' 't_V' <Predicate = true> <Delay = 0.00>
ST_3 : Operation 27 [1/1] (2.20ns)   --->   "%icmp_ln57 = icmp eq i14 %t_V, %empty" [D:/Xilinx/xfopencv-master/include\imgproc/xf_duplicateimage.hpp:57->D:/Xilinx/xfopencv-master/include\imgproc/xf_duplicateimage.hpp:104->D:/Xilinx/xfopencv-master/include\imgproc/xf_duplicateimage.hpp:79]   --->   Operation 27 'icmp' 'icmp_ln57' <Predicate = true> <Delay = 2.20> <Core = "Cmp">   --->   Core 25 'Cmp' <Latency = 0> <II = 1> <Delay = 2.09> <FuncUnit> <Opcode : 'icmp'> <InPorts = 2> <OutPorts = 1>
ST_3 : Operation 28 [1/1] (1.81ns)   --->   "%add_ln887 = add i14 %t_V, 1" [D:/Xilinx/xfopencv-master/include\imgproc/xf_duplicateimage.hpp:57->D:/Xilinx/xfopencv-master/include\imgproc/xf_duplicateimage.hpp:104->D:/Xilinx/xfopencv-master/include\imgproc/xf_duplicateimage.hpp:79]   --->   Operation 28 'add' 'add_ln887' <Predicate = true> <Delay = 1.81> <Core = "AddSub">   --->   Core 14 'AddSub' <Latency = 0> <II = 1> <Delay = 1.67> <FuncUnit> <Opcode : 'add' 'sub'> <InPorts = 2> <OutPorts = 1>
ST_3 : Operation 29 [1/1] (0.00ns)   --->   "br i1 %icmp_ln57, label %Row_Loop_end, label %Col_Loop" [D:/Xilinx/xfopencv-master/include\imgproc/xf_duplicateimage.hpp:57->D:/Xilinx/xfopencv-master/include\imgproc/xf_duplicateimage.hpp:104->D:/Xilinx/xfopencv-master/include\imgproc/xf_duplicateimage.hpp:79]   --->   Operation 29 'br' <Predicate = true> <Delay = 0.00>

State 4 <SV = 3> <Delay = 7.26>
ST_4 : Operation 30 [1/1] (0.00ns)   --->   "call void (...)* @_ssdm_op_SpecLoopName([9 x i8]* @p_str117) nounwind" [D:/Xilinx/xfopencv-master/include\imgproc/xf_duplicateimage.hpp:58->D:/Xilinx/xfopencv-master/include\imgproc/xf_duplicateimage.hpp:104->D:/Xilinx/xfopencv-master/include\imgproc/xf_duplicateimage.hpp:79]   --->   Operation 30 'specloopname' <Predicate = (!icmp_ln57)> <Delay = 0.00>
ST_4 : Operation 31 [1/1] (0.00ns)   --->   "%tmp_23_i_i = call i32 (...)* @_ssdm_op_SpecRegionBegin([9 x i8]* @p_str117)" [D:/Xilinx/xfopencv-master/include\imgproc/xf_duplicateimage.hpp:58->D:/Xilinx/xfopencv-master/include\imgproc/xf_duplicateimage.hpp:104->D:/Xilinx/xfopencv-master/include\imgproc/xf_duplicateimage.hpp:79]   --->   Operation 31 'specregionbegin' 'tmp_23_i_i' <Predicate = (!icmp_ln57)> <Delay = 0.00>
ST_4 : Operation 32 [1/1] (0.00ns)   --->   "call void (...)* @_ssdm_op_SpecLoopTripCount(i32 240, i32 240, i32 240, [1 x i8]* @p_str) nounwind" [D:/Xilinx/xfopencv-master/include\imgproc/xf_duplicateimage.hpp:59->D:/Xilinx/xfopencv-master/include\imgproc/xf_duplicateimage.hpp:104->D:/Xilinx/xfopencv-master/include\imgproc/xf_duplicateimage.hpp:79]   --->   Operation 32 'speclooptripcount' <Predicate = (!icmp_ln57)> <Delay = 0.00>
ST_4 : Operation 33 [1/1] (0.00ns)   --->   "call void (...)* @_ssdm_op_SpecPipeline(i32 -1, i32 1, i32 1, i32 0, [1 x i8]* @p_str) nounwind" [D:/Xilinx/xfopencv-master/include\imgproc/xf_duplicateimage.hpp:60->D:/Xilinx/xfopencv-master/include\imgproc/xf_duplicateimage.hpp:104->D:/Xilinx/xfopencv-master/include\imgproc/xf_duplicateimage.hpp:79]   --->   Operation 33 'specpipeline' <Predicate = (!icmp_ln57)> <Delay = 0.00>
ST_4 : Operation 34 [1/1] (3.63ns)   --->   "%tmp_V = call i8 @_ssdm_op_Read.ap_fifo.volatile.i8P(i8* %src_V_V)" [D:/Xilinx/xfopencv-master/include\imgproc/xf_duplicateimage.hpp:62->D:/Xilinx/xfopencv-master/include\imgproc/xf_duplicateimage.hpp:104->D:/Xilinx/xfopencv-master/include\imgproc/xf_duplicateimage.hpp:79]   --->   Operation 34 'read' 'tmp_V' <Predicate = (!icmp_ln57)> <Delay = 3.63> <Core = "FIFO">   --->   Core 32 'FIFO' <Latency = 0> <II = 1> <Delay = 3.63> <Storage> <Opcode : 'read' 'write' 'nbread' 'nbwrite'> <Ports = 0> <Width = 10> <Depth = 1> <FIFO>
ST_4 : Operation 35 [1/1] (3.63ns)   --->   "call void @_ssdm_op_Write.ap_fifo.volatile.i8P(i8* %dst_V_V, i8 %tmp_V)" [D:/Xilinx/xfopencv-master/include\imgproc/xf_duplicateimage.hpp:63->D:/Xilinx/xfopencv-master/include\imgproc/xf_duplicateimage.hpp:104->D:/Xilinx/xfopencv-master/include\imgproc/xf_duplicateimage.hpp:79]   --->   Operation 35 'write' <Predicate = (!icmp_ln57)> <Delay = 3.63> <Core = "FIFO">   --->   Core 32 'FIFO' <Latency = 0> <II = 1> <Delay = 3.63> <Storage> <Opcode : 'read' 'write' 'nbread' 'nbwrite'> <Ports = 0> <Width = 10> <Depth = 1> <FIFO>
ST_4 : Operation 36 [1/1] (3.63ns)   --->   "call void @_ssdm_op_Write.ap_fifo.volatile.i8P(i8* %dst1_V_V, i8 %tmp_V)" [D:/Xilinx/xfopencv-master/include\imgproc/xf_duplicateimage.hpp:64->D:/Xilinx/xfopencv-master/include\imgproc/xf_duplicateimage.hpp:104->D:/Xilinx/xfopencv-master/include\imgproc/xf_duplicateimage.hpp:79]   --->   Operation 36 'write' <Predicate = (!icmp_ln57)> <Delay = 3.63> <Core = "FIFO">   --->   Core 32 'FIFO' <Latency = 0> <II = 1> <Delay = 3.63> <Storage> <Opcode : 'read' 'write' 'nbread' 'nbwrite'> <Ports = 0> <Width = 10> <Depth = 1> <FIFO>
ST_4 : Operation 37 [1/1] (0.00ns)   --->   "%empty_106 = call i32 (...)* @_ssdm_op_SpecRegionEnd([9 x i8]* @p_str117, i32 %tmp_23_i_i)" [D:/Xilinx/xfopencv-master/include\imgproc/xf_duplicateimage.hpp:65->D:/Xilinx/xfopencv-master/include\imgproc/xf_duplicateimage.hpp:104->D:/Xilinx/xfopencv-master/include\imgproc/xf_duplicateimage.hpp:79]   --->   Operation 37 'specregionend' 'empty_106' <Predicate = (!icmp_ln57)> <Delay = 0.00>
ST_4 : Operation 38 [1/1] (0.00ns)   --->   "br label %1" [D:/Xilinx/xfopencv-master/include\imgproc/xf_duplicateimage.hpp:57->D:/Xilinx/xfopencv-master/include\imgproc/xf_duplicateimage.hpp:104->D:/Xilinx/xfopencv-master/include\imgproc/xf_duplicateimage.hpp:79]   --->   Operation 38 'br' <Predicate = (!icmp_ln57)> <Delay = 0.00>

State 5 <SV = 3> <Delay = 0.00>
ST_5 : Operation 39 [1/1] (0.00ns)   --->   "%empty_107 = call i32 (...)* @_ssdm_op_SpecRegionEnd([9 x i8]* @p_str116, i32 %tmp_i_i)" [D:/Xilinx/xfopencv-master/include\imgproc/xf_duplicateimage.hpp:66->D:/Xilinx/xfopencv-master/include\imgproc/xf_duplicateimage.hpp:104->D:/Xilinx/xfopencv-master/include\imgproc/xf_duplicateimage.hpp:79]   --->   Operation 39 'specregionend' 'empty_107' <Predicate = true> <Delay = 0.00>
ST_5 : Operation 40 [1/1] (0.00ns)   --->   "br label %0" [D:/Xilinx/xfopencv-master/include\imgproc/xf_duplicateimage.hpp:52->D:/Xilinx/xfopencv-master/include\imgproc/xf_duplicateimage.hpp:104->D:/Xilinx/xfopencv-master/include\imgproc/xf_duplicateimage.hpp:79]   --->   Operation 40 'br' <Predicate = true> <Delay = 0.00>


============================================================
+ Verbose Summary: Timing violations
============================================================
Target clock period: 50ns, clock uncertainty: 6.25ns.

 <State 1>: 3.63ns
The critical path consists of the following:
	fifo read on port 'p_src_rows_read' (D:/Xilinx/xfopencv-master/include\imgproc/xf_duplicateimage.hpp:104) [11]  (3.63 ns)

 <State 2>: 3.08ns
The critical path consists of the following:
	'icmp' operation ('icmp_ln887', D:/Xilinx/xfopencv-master/include\imgproc/xf_duplicateimage.hpp:52->D:/Xilinx/xfopencv-master/include\imgproc/xf_duplicateimage.hpp:104->D:/Xilinx/xfopencv-master/include\imgproc/xf_duplicateimage.hpp:79) [19]  (2.1 ns)
	blocking operation 0.978 ns on control path)

 <State 3>: 2.21ns
The critical path consists of the following:
	'phi' operation ('t_V', D:/Xilinx/xfopencv-master/include\imgproc/xf_duplicateimage.hpp:57->D:/Xilinx/xfopencv-master/include\imgproc/xf_duplicateimage.hpp:104->D:/Xilinx/xfopencv-master/include\imgproc/xf_duplicateimage.hpp:79) with incoming values : ('add_ln887', D:/Xilinx/xfopencv-master/include\imgproc/xf_duplicateimage.hpp:57->D:/Xilinx/xfopencv-master/include\imgproc/xf_duplicateimage.hpp:104->D:/Xilinx/xfopencv-master/include\imgproc/xf_duplicateimage.hpp:79) [28]  (0 ns)
	'icmp' operation ('icmp_ln57', D:/Xilinx/xfopencv-master/include\imgproc/xf_duplicateimage.hpp:57->D:/Xilinx/xfopencv-master/include\imgproc/xf_duplicateimage.hpp:104->D:/Xilinx/xfopencv-master/include\imgproc/xf_duplicateimage.hpp:79) [29]  (2.21 ns)

 <State 4>: 7.27ns
The critical path consists of the following:
	fifo read on port 'src_V_V' (D:/Xilinx/xfopencv-master/include\imgproc/xf_duplicateimage.hpp:62->D:/Xilinx/xfopencv-master/include\imgproc/xf_duplicateimage.hpp:104->D:/Xilinx/xfopencv-master/include\imgproc/xf_duplicateimage.hpp:79) [37]  (3.63 ns)
	fifo write on port 'dst_V_V' (D:/Xilinx/xfopencv-master/include\imgproc/xf_duplicateimage.hpp:63->D:/Xilinx/xfopencv-master/include\imgproc/xf_duplicateimage.hpp:104->D:/Xilinx/xfopencv-master/include\imgproc/xf_duplicateimage.hpp:79) [38]  (3.63 ns)

 <State 5>: 0ns
The critical path consists of the following:


============================================================
+ Verbose Summary: Binding
============================================================
N/A
* FSMD analyzer results:
  - Output states:
 - Input state : 
  - Chain level:
	State 1
	State 2
	State 3
	State 4
	State 5


============================================================
+ Verbose Summary: Datapath Resource usage 
============================================================
N/A
