

================================================================
== Vivado HLS Report for 'xFUDivAreaUp_2'
================================================================
* Date:           Wed Mar 18 11:34:53 2020

* Version:        2019.2.1 (Build 2724168 on Thu Dec 05 05:19:09 MST 2019)
* Project:        WeedD
* Solution:       solution1
* Product family: zynq
* Target device:  xc7z020-clg400-1


================================================================
== Performance Estimates
================================================================
+ Timing: 
    * Summary: 
    +--------+----------+----------+------------+
    |  Clock |  Target  | Estimated| Uncertainty|
    +--------+----------+----------+------------+
    |ap_clk  | 50.00 ns | 4.486 ns |   6.25 ns  |
    +--------+----------+----------+------------+

+ Latency: 
    * Summary: 
    +---------+---------+----------+----------+-----+-----+---------+
    |  Latency (cycles) |  Latency (absolute) |  Interval | Pipeline|
    |   min   |   max   |    min   |    max   | min | max |   Type  |
    +---------+---------+----------+----------+-----+-----+---------+
    |       48|       48| 2.400 us | 2.400 us |   48|   48|   none  |
    +---------+---------+----------+----------+-----+-----+---------+

    + Detail: 
        * Instance: 
        N/A

        * Loop: 
        N/A

============================================================
+ Verbose Summary: Synthesis Manager
============================================================
InlineROM: 1
ExposeGlobal: 0
============================================================
+ Verbose Summary: CDFG Model
============================================================
IsTopModel: 0
ResetActiveHigh: 1
IsCombinational: 0
IsDatapathOnly: 0
HasWiredReturn: 1
HasMFsm: 0
HasVarLatency: 1
IsPipeline: 0
IsRtlPipelined: 0
IsInstanceOverlapped: 0
IsDontTouch: 0
HasImplIP: 0
IsGatedGlobalClock: 0


============================================================
+ Verbose Summary: Schedule
============================================================
* Number of FSM states : 49
* Pipeline : 0
* Dataflow Pipeline: 0

* FSM state transitions: 
1 --> 2 
2 --> 3 
3 --> 4 
4 --> 5 
5 --> 6 
6 --> 7 
7 --> 8 
8 --> 9 
9 --> 10 
10 --> 11 
11 --> 12 
12 --> 13 
13 --> 14 
14 --> 15 
15 --> 16 
16 --> 17 
17 --> 18 
18 --> 19 
19 --> 20 
20 --> 21 
21 --> 22 
22 --> 23 
23 --> 24 
24 --> 25 
25 --> 26 
26 --> 27 
27 --> 28 
28 --> 29 
29 --> 30 
30 --> 31 
31 --> 32 
32 --> 33 
33 --> 34 
34 --> 35 
35 --> 36 
36 --> 37 
37 --> 38 
38 --> 39 
39 --> 40 
40 --> 41 
41 --> 42 
42 --> 43 
43 --> 44 
44 --> 45 
45 --> 46 
46 --> 47 
47 --> 48 
48 --> 49 
49 --> 

* FSM state operations: 

State 1 <SV = 0> <Delay = 4.48>
ST_1 : Operation 50 [1/1] (0.00ns)   --->   "%in_d_read = call i12 @_ssdm_op_Read.ap_auto.i12(i12 %in_d) nounwind"   --->   Operation 50 'read' 'in_d_read' <Predicate = true> <Delay = 0.00>
ST_1 : Operation 51 [1/1] (0.00ns)   --->   "%in_n_read = call i45 @_ssdm_op_Read.ap_auto.i45(i45 %in_n) nounwind"   --->   Operation 51 'read' 'in_n_read' <Predicate = true> <Delay = 0.00>
ST_1 : Operation 52 [1/1] (0.00ns)   --->   "%in_d_cast = sext i12 %in_d_read to i16"   --->   Operation 52 'sext' 'in_d_cast' <Predicate = true> <Delay = 0.00>
ST_1 : Operation 53 [1/1] (0.00ns)   --->   "%zext_ln622 = zext i16 %in_d_cast to i45" [./xf_resize_2.hpp:622]   --->   Operation 53 'zext' 'zext_ln622' <Predicate = true> <Delay = 0.00>
ST_1 : Operation 54 [49/49] (4.48ns)   --->   "%out_res = udiv i45 %in_n_read, %zext_ln622" [./xf_resize_2.hpp:622]   --->   Operation 54 'udiv' 'out_res' <Predicate = true> <Delay = 4.48> <Core = "DivnS_SEQ">   --->   Core 24 'DivnS_SEQ' <Latency = 48> <II = 38> <Delay = 4.48> <FuncUnit> <Opcode : 'sdiv' 'srem' 'udiv' 'urem'> <InPorts = 2> <OutPorts = 1>

State 2 <SV = 1> <Delay = 4.48>
ST_2 : Operation 55 [48/49] (4.48ns)   --->   "%out_res = udiv i45 %in_n_read, %zext_ln622" [./xf_resize_2.hpp:622]   --->   Operation 55 'udiv' 'out_res' <Predicate = true> <Delay = 4.48> <Core = "DivnS_SEQ">   --->   Core 24 'DivnS_SEQ' <Latency = 48> <II = 38> <Delay = 4.48> <FuncUnit> <Opcode : 'sdiv' 'srem' 'udiv' 'urem'> <InPorts = 2> <OutPorts = 1>

State 3 <SV = 2> <Delay = 4.48>
ST_3 : Operation 56 [47/49] (4.48ns)   --->   "%out_res = udiv i45 %in_n_read, %zext_ln622" [./xf_resize_2.hpp:622]   --->   Operation 56 'udiv' 'out_res' <Predicate = true> <Delay = 4.48> <Core = "DivnS_SEQ">   --->   Core 24 'DivnS_SEQ' <Latency = 48> <II = 38> <Delay = 4.48> <FuncUnit> <Opcode : 'sdiv' 'srem' 'udiv' 'urem'> <InPorts = 2> <OutPorts = 1>

State 4 <SV = 3> <Delay = 4.48>
ST_4 : Operation 57 [46/49] (4.48ns)   --->   "%out_res = udiv i45 %in_n_read, %zext_ln622" [./xf_resize_2.hpp:622]   --->   Operation 57 'udiv' 'out_res' <Predicate = true> <Delay = 4.48> <Core = "DivnS_SEQ">   --->   Core 24 'DivnS_SEQ' <Latency = 48> <II = 38> <Delay = 4.48> <FuncUnit> <Opcode : 'sdiv' 'srem' 'udiv' 'urem'> <InPorts = 2> <OutPorts = 1>

State 5 <SV = 4> <Delay = 4.48>
ST_5 : Operation 58 [45/49] (4.48ns)   --->   "%out_res = udiv i45 %in_n_read, %zext_ln622" [./xf_resize_2.hpp:622]   --->   Operation 58 'udiv' 'out_res' <Predicate = true> <Delay = 4.48> <Core = "DivnS_SEQ">   --->   Core 24 'DivnS_SEQ' <Latency = 48> <II = 38> <Delay = 4.48> <FuncUnit> <Opcode : 'sdiv' 'srem' 'udiv' 'urem'> <InPorts = 2> <OutPorts = 1>

State 6 <SV = 5> <Delay = 4.48>
ST_6 : Operation 59 [44/49] (4.48ns)   --->   "%out_res = udiv i45 %in_n_read, %zext_ln622" [./xf_resize_2.hpp:622]   --->   Operation 59 'udiv' 'out_res' <Predicate = true> <Delay = 4.48> <Core = "DivnS_SEQ">   --->   Core 24 'DivnS_SEQ' <Latency = 48> <II = 38> <Delay = 4.48> <FuncUnit> <Opcode : 'sdiv' 'srem' 'udiv' 'urem'> <InPorts = 2> <OutPorts = 1>

State 7 <SV = 6> <Delay = 4.48>
ST_7 : Operation 60 [43/49] (4.48ns)   --->   "%out_res = udiv i45 %in_n_read, %zext_ln622" [./xf_resize_2.hpp:622]   --->   Operation 60 'udiv' 'out_res' <Predicate = true> <Delay = 4.48> <Core = "DivnS_SEQ">   --->   Core 24 'DivnS_SEQ' <Latency = 48> <II = 38> <Delay = 4.48> <FuncUnit> <Opcode : 'sdiv' 'srem' 'udiv' 'urem'> <InPorts = 2> <OutPorts = 1>

State 8 <SV = 7> <Delay = 4.48>
ST_8 : Operation 61 [42/49] (4.48ns)   --->   "%out_res = udiv i45 %in_n_read, %zext_ln622" [./xf_resize_2.hpp:622]   --->   Operation 61 'udiv' 'out_res' <Predicate = true> <Delay = 4.48> <Core = "DivnS_SEQ">   --->   Core 24 'DivnS_SEQ' <Latency = 48> <II = 38> <Delay = 4.48> <FuncUnit> <Opcode : 'sdiv' 'srem' 'udiv' 'urem'> <InPorts = 2> <OutPorts = 1>

State 9 <SV = 8> <Delay = 4.48>
ST_9 : Operation 62 [41/49] (4.48ns)   --->   "%out_res = udiv i45 %in_n_read, %zext_ln622" [./xf_resize_2.hpp:622]   --->   Operation 62 'udiv' 'out_res' <Predicate = true> <Delay = 4.48> <Core = "DivnS_SEQ">   --->   Core 24 'DivnS_SEQ' <Latency = 48> <II = 38> <Delay = 4.48> <FuncUnit> <Opcode : 'sdiv' 'srem' 'udiv' 'urem'> <InPorts = 2> <OutPorts = 1>

State 10 <SV = 9> <Delay = 4.48>
ST_10 : Operation 63 [40/49] (4.48ns)   --->   "%out_res = udiv i45 %in_n_read, %zext_ln622" [./xf_resize_2.hpp:622]   --->   Operation 63 'udiv' 'out_res' <Predicate = true> <Delay = 4.48> <Core = "DivnS_SEQ">   --->   Core 24 'DivnS_SEQ' <Latency = 48> <II = 38> <Delay = 4.48> <FuncUnit> <Opcode : 'sdiv' 'srem' 'udiv' 'urem'> <InPorts = 2> <OutPorts = 1>

State 11 <SV = 10> <Delay = 4.48>
ST_11 : Operation 64 [39/49] (4.48ns)   --->   "%out_res = udiv i45 %in_n_read, %zext_ln622" [./xf_resize_2.hpp:622]   --->   Operation 64 'udiv' 'out_res' <Predicate = true> <Delay = 4.48> <Core = "DivnS_SEQ">   --->   Core 24 'DivnS_SEQ' <Latency = 48> <II = 38> <Delay = 4.48> <FuncUnit> <Opcode : 'sdiv' 'srem' 'udiv' 'urem'> <InPorts = 2> <OutPorts = 1>

State 12 <SV = 11> <Delay = 4.48>
ST_12 : Operation 65 [38/49] (4.48ns)   --->   "%out_res = udiv i45 %in_n_read, %zext_ln622" [./xf_resize_2.hpp:622]   --->   Operation 65 'udiv' 'out_res' <Predicate = true> <Delay = 4.48> <Core = "DivnS_SEQ">   --->   Core 24 'DivnS_SEQ' <Latency = 48> <II = 38> <Delay = 4.48> <FuncUnit> <Opcode : 'sdiv' 'srem' 'udiv' 'urem'> <InPorts = 2> <OutPorts = 1>

State 13 <SV = 12> <Delay = 4.48>
ST_13 : Operation 66 [37/49] (4.48ns)   --->   "%out_res = udiv i45 %in_n_read, %zext_ln622" [./xf_resize_2.hpp:622]   --->   Operation 66 'udiv' 'out_res' <Predicate = true> <Delay = 4.48> <Core = "DivnS_SEQ">   --->   Core 24 'DivnS_SEQ' <Latency = 48> <II = 38> <Delay = 4.48> <FuncUnit> <Opcode : 'sdiv' 'srem' 'udiv' 'urem'> <InPorts = 2> <OutPorts = 1>

State 14 <SV = 13> <Delay = 4.48>
ST_14 : Operation 67 [36/49] (4.48ns)   --->   "%out_res = udiv i45 %in_n_read, %zext_ln622" [./xf_resize_2.hpp:622]   --->   Operation 67 'udiv' 'out_res' <Predicate = true> <Delay = 4.48> <Core = "DivnS_SEQ">   --->   Core 24 'DivnS_SEQ' <Latency = 48> <II = 38> <Delay = 4.48> <FuncUnit> <Opcode : 'sdiv' 'srem' 'udiv' 'urem'> <InPorts = 2> <OutPorts = 1>

State 15 <SV = 14> <Delay = 4.48>
ST_15 : Operation 68 [35/49] (4.48ns)   --->   "%out_res = udiv i45 %in_n_read, %zext_ln622" [./xf_resize_2.hpp:622]   --->   Operation 68 'udiv' 'out_res' <Predicate = true> <Delay = 4.48> <Core = "DivnS_SEQ">   --->   Core 24 'DivnS_SEQ' <Latency = 48> <II = 38> <Delay = 4.48> <FuncUnit> <Opcode : 'sdiv' 'srem' 'udiv' 'urem'> <InPorts = 2> <OutPorts = 1>

State 16 <SV = 15> <Delay = 4.48>
ST_16 : Operation 69 [34/49] (4.48ns)   --->   "%out_res = udiv i45 %in_n_read, %zext_ln622" [./xf_resize_2.hpp:622]   --->   Operation 69 'udiv' 'out_res' <Predicate = true> <Delay = 4.48> <Core = "DivnS_SEQ">   --->   Core 24 'DivnS_SEQ' <Latency = 48> <II = 38> <Delay = 4.48> <FuncUnit> <Opcode : 'sdiv' 'srem' 'udiv' 'urem'> <InPorts = 2> <OutPorts = 1>

State 17 <SV = 16> <Delay = 4.48>
ST_17 : Operation 70 [33/49] (4.48ns)   --->   "%out_res = udiv i45 %in_n_read, %zext_ln622" [./xf_resize_2.hpp:622]   --->   Operation 70 'udiv' 'out_res' <Predicate = true> <Delay = 4.48> <Core = "DivnS_SEQ">   --->   Core 24 'DivnS_SEQ' <Latency = 48> <II = 38> <Delay = 4.48> <FuncUnit> <Opcode : 'sdiv' 'srem' 'udiv' 'urem'> <InPorts = 2> <OutPorts = 1>

State 18 <SV = 17> <Delay = 4.48>
ST_18 : Operation 71 [32/49] (4.48ns)   --->   "%out_res = udiv i45 %in_n_read, %zext_ln622" [./xf_resize_2.hpp:622]   --->   Operation 71 'udiv' 'out_res' <Predicate = true> <Delay = 4.48> <Core = "DivnS_SEQ">   --->   Core 24 'DivnS_SEQ' <Latency = 48> <II = 38> <Delay = 4.48> <FuncUnit> <Opcode : 'sdiv' 'srem' 'udiv' 'urem'> <InPorts = 2> <OutPorts = 1>

State 19 <SV = 18> <Delay = 4.48>
ST_19 : Operation 72 [31/49] (4.48ns)   --->   "%out_res = udiv i45 %in_n_read, %zext_ln622" [./xf_resize_2.hpp:622]   --->   Operation 72 'udiv' 'out_res' <Predicate = true> <Delay = 4.48> <Core = "DivnS_SEQ">   --->   Core 24 'DivnS_SEQ' <Latency = 48> <II = 38> <Delay = 4.48> <FuncUnit> <Opcode : 'sdiv' 'srem' 'udiv' 'urem'> <InPorts = 2> <OutPorts = 1>

State 20 <SV = 19> <Delay = 4.48>
ST_20 : Operation 73 [30/49] (4.48ns)   --->   "%out_res = udiv i45 %in_n_read, %zext_ln622" [./xf_resize_2.hpp:622]   --->   Operation 73 'udiv' 'out_res' <Predicate = true> <Delay = 4.48> <Core = "DivnS_SEQ">   --->   Core 24 'DivnS_SEQ' <Latency = 48> <II = 38> <Delay = 4.48> <FuncUnit> <Opcode : 'sdiv' 'srem' 'udiv' 'urem'> <InPorts = 2> <OutPorts = 1>

State 21 <SV = 20> <Delay = 4.48>
ST_21 : Operation 74 [29/49] (4.48ns)   --->   "%out_res = udiv i45 %in_n_read, %zext_ln622" [./xf_resize_2.hpp:622]   --->   Operation 74 'udiv' 'out_res' <Predicate = true> <Delay = 4.48> <Core = "DivnS_SEQ">   --->   Core 24 'DivnS_SEQ' <Latency = 48> <II = 38> <Delay = 4.48> <FuncUnit> <Opcode : 'sdiv' 'srem' 'udiv' 'urem'> <InPorts = 2> <OutPorts = 1>

State 22 <SV = 21> <Delay = 4.48>
ST_22 : Operation 75 [28/49] (4.48ns)   --->   "%out_res = udiv i45 %in_n_read, %zext_ln622" [./xf_resize_2.hpp:622]   --->   Operation 75 'udiv' 'out_res' <Predicate = true> <Delay = 4.48> <Core = "DivnS_SEQ">   --->   Core 24 'DivnS_SEQ' <Latency = 48> <II = 38> <Delay = 4.48> <FuncUnit> <Opcode : 'sdiv' 'srem' 'udiv' 'urem'> <InPorts = 2> <OutPorts = 1>

State 23 <SV = 22> <Delay = 4.48>
ST_23 : Operation 76 [27/49] (4.48ns)   --->   "%out_res = udiv i45 %in_n_read, %zext_ln622" [./xf_resize_2.hpp:622]   --->   Operation 76 'udiv' 'out_res' <Predicate = true> <Delay = 4.48> <Core = "DivnS_SEQ">   --->   Core 24 'DivnS_SEQ' <Latency = 48> <II = 38> <Delay = 4.48> <FuncUnit> <Opcode : 'sdiv' 'srem' 'udiv' 'urem'> <InPorts = 2> <OutPorts = 1>

State 24 <SV = 23> <Delay = 4.48>
ST_24 : Operation 77 [26/49] (4.48ns)   --->   "%out_res = udiv i45 %in_n_read, %zext_ln622" [./xf_resize_2.hpp:622]   --->   Operation 77 'udiv' 'out_res' <Predicate = true> <Delay = 4.48> <Core = "DivnS_SEQ">   --->   Core 24 'DivnS_SEQ' <Latency = 48> <II = 38> <Delay = 4.48> <FuncUnit> <Opcode : 'sdiv' 'srem' 'udiv' 'urem'> <InPorts = 2> <OutPorts = 1>

State 25 <SV = 24> <Delay = 4.48>
ST_25 : Operation 78 [25/49] (4.48ns)   --->   "%out_res = udiv i45 %in_n_read, %zext_ln622" [./xf_resize_2.hpp:622]   --->   Operation 78 'udiv' 'out_res' <Predicate = true> <Delay = 4.48> <Core = "DivnS_SEQ">   --->   Core 24 'DivnS_SEQ' <Latency = 48> <II = 38> <Delay = 4.48> <FuncUnit> <Opcode : 'sdiv' 'srem' 'udiv' 'urem'> <InPorts = 2> <OutPorts = 1>

State 26 <SV = 25> <Delay = 4.48>
ST_26 : Operation 79 [24/49] (4.48ns)   --->   "%out_res = udiv i45 %in_n_read, %zext_ln622" [./xf_resize_2.hpp:622]   --->   Operation 79 'udiv' 'out_res' <Predicate = true> <Delay = 4.48> <Core = "DivnS_SEQ">   --->   Core 24 'DivnS_SEQ' <Latency = 48> <II = 38> <Delay = 4.48> <FuncUnit> <Opcode : 'sdiv' 'srem' 'udiv' 'urem'> <InPorts = 2> <OutPorts = 1>

State 27 <SV = 26> <Delay = 4.48>
ST_27 : Operation 80 [23/49] (4.48ns)   --->   "%out_res = udiv i45 %in_n_read, %zext_ln622" [./xf_resize_2.hpp:622]   --->   Operation 80 'udiv' 'out_res' <Predicate = true> <Delay = 4.48> <Core = "DivnS_SEQ">   --->   Core 24 'DivnS_SEQ' <Latency = 48> <II = 38> <Delay = 4.48> <FuncUnit> <Opcode : 'sdiv' 'srem' 'udiv' 'urem'> <InPorts = 2> <OutPorts = 1>

State 28 <SV = 27> <Delay = 4.48>
ST_28 : Operation 81 [22/49] (4.48ns)   --->   "%out_res = udiv i45 %in_n_read, %zext_ln622" [./xf_resize_2.hpp:622]   --->   Operation 81 'udiv' 'out_res' <Predicate = true> <Delay = 4.48> <Core = "DivnS_SEQ">   --->   Core 24 'DivnS_SEQ' <Latency = 48> <II = 38> <Delay = 4.48> <FuncUnit> <Opcode : 'sdiv' 'srem' 'udiv' 'urem'> <InPorts = 2> <OutPorts = 1>

State 29 <SV = 28> <Delay = 4.48>
ST_29 : Operation 82 [21/49] (4.48ns)   --->   "%out_res = udiv i45 %in_n_read, %zext_ln622" [./xf_resize_2.hpp:622]   --->   Operation 82 'udiv' 'out_res' <Predicate = true> <Delay = 4.48> <Core = "DivnS_SEQ">   --->   Core 24 'DivnS_SEQ' <Latency = 48> <II = 38> <Delay = 4.48> <FuncUnit> <Opcode : 'sdiv' 'srem' 'udiv' 'urem'> <InPorts = 2> <OutPorts = 1>

State 30 <SV = 29> <Delay = 4.48>
ST_30 : Operation 83 [20/49] (4.48ns)   --->   "%out_res = udiv i45 %in_n_read, %zext_ln622" [./xf_resize_2.hpp:622]   --->   Operation 83 'udiv' 'out_res' <Predicate = true> <Delay = 4.48> <Core = "DivnS_SEQ">   --->   Core 24 'DivnS_SEQ' <Latency = 48> <II = 38> <Delay = 4.48> <FuncUnit> <Opcode : 'sdiv' 'srem' 'udiv' 'urem'> <InPorts = 2> <OutPorts = 1>

State 31 <SV = 30> <Delay = 4.48>
ST_31 : Operation 84 [19/49] (4.48ns)   --->   "%out_res = udiv i45 %in_n_read, %zext_ln622" [./xf_resize_2.hpp:622]   --->   Operation 84 'udiv' 'out_res' <Predicate = true> <Delay = 4.48> <Core = "DivnS_SEQ">   --->   Core 24 'DivnS_SEQ' <Latency = 48> <II = 38> <Delay = 4.48> <FuncUnit> <Opcode : 'sdiv' 'srem' 'udiv' 'urem'> <InPorts = 2> <OutPorts = 1>

State 32 <SV = 31> <Delay = 4.48>
ST_32 : Operation 85 [18/49] (4.48ns)   --->   "%out_res = udiv i45 %in_n_read, %zext_ln622" [./xf_resize_2.hpp:622]   --->   Operation 85 'udiv' 'out_res' <Predicate = true> <Delay = 4.48> <Core = "DivnS_SEQ">   --->   Core 24 'DivnS_SEQ' <Latency = 48> <II = 38> <Delay = 4.48> <FuncUnit> <Opcode : 'sdiv' 'srem' 'udiv' 'urem'> <InPorts = 2> <OutPorts = 1>

State 33 <SV = 32> <Delay = 4.48>
ST_33 : Operation 86 [17/49] (4.48ns)   --->   "%out_res = udiv i45 %in_n_read, %zext_ln622" [./xf_resize_2.hpp:622]   --->   Operation 86 'udiv' 'out_res' <Predicate = true> <Delay = 4.48> <Core = "DivnS_SEQ">   --->   Core 24 'DivnS_SEQ' <Latency = 48> <II = 38> <Delay = 4.48> <FuncUnit> <Opcode : 'sdiv' 'srem' 'udiv' 'urem'> <InPorts = 2> <OutPorts = 1>

State 34 <SV = 33> <Delay = 4.48>
ST_34 : Operation 87 [16/49] (4.48ns)   --->   "%out_res = udiv i45 %in_n_read, %zext_ln622" [./xf_resize_2.hpp:622]   --->   Operation 87 'udiv' 'out_res' <Predicate = true> <Delay = 4.48> <Core = "DivnS_SEQ">   --->   Core 24 'DivnS_SEQ' <Latency = 48> <II = 38> <Delay = 4.48> <FuncUnit> <Opcode : 'sdiv' 'srem' 'udiv' 'urem'> <InPorts = 2> <OutPorts = 1>

State 35 <SV = 34> <Delay = 4.48>
ST_35 : Operation 88 [15/49] (4.48ns)   --->   "%out_res = udiv i45 %in_n_read, %zext_ln622" [./xf_resize_2.hpp:622]   --->   Operation 88 'udiv' 'out_res' <Predicate = true> <Delay = 4.48> <Core = "DivnS_SEQ">   --->   Core 24 'DivnS_SEQ' <Latency = 48> <II = 38> <Delay = 4.48> <FuncUnit> <Opcode : 'sdiv' 'srem' 'udiv' 'urem'> <InPorts = 2> <OutPorts = 1>

State 36 <SV = 35> <Delay = 4.48>
ST_36 : Operation 89 [14/49] (4.48ns)   --->   "%out_res = udiv i45 %in_n_read, %zext_ln622" [./xf_resize_2.hpp:622]   --->   Operation 89 'udiv' 'out_res' <Predicate = true> <Delay = 4.48> <Core = "DivnS_SEQ">   --->   Core 24 'DivnS_SEQ' <Latency = 48> <II = 38> <Delay = 4.48> <FuncUnit> <Opcode : 'sdiv' 'srem' 'udiv' 'urem'> <InPorts = 2> <OutPorts = 1>

State 37 <SV = 36> <Delay = 4.48>
ST_37 : Operation 90 [13/49] (4.48ns)   --->   "%out_res = udiv i45 %in_n_read, %zext_ln622" [./xf_resize_2.hpp:622]   --->   Operation 90 'udiv' 'out_res' <Predicate = true> <Delay = 4.48> <Core = "DivnS_SEQ">   --->   Core 24 'DivnS_SEQ' <Latency = 48> <II = 38> <Delay = 4.48> <FuncUnit> <Opcode : 'sdiv' 'srem' 'udiv' 'urem'> <InPorts = 2> <OutPorts = 1>

State 38 <SV = 37> <Delay = 4.48>
ST_38 : Operation 91 [12/49] (4.48ns)   --->   "%out_res = udiv i45 %in_n_read, %zext_ln622" [./xf_resize_2.hpp:622]   --->   Operation 91 'udiv' 'out_res' <Predicate = true> <Delay = 4.48> <Core = "DivnS_SEQ">   --->   Core 24 'DivnS_SEQ' <Latency = 48> <II = 38> <Delay = 4.48> <FuncUnit> <Opcode : 'sdiv' 'srem' 'udiv' 'urem'> <InPorts = 2> <OutPorts = 1>

State 39 <SV = 38> <Delay = 4.48>
ST_39 : Operation 92 [11/49] (4.48ns)   --->   "%out_res = udiv i45 %in_n_read, %zext_ln622" [./xf_resize_2.hpp:622]   --->   Operation 92 'udiv' 'out_res' <Predicate = true> <Delay = 4.48> <Core = "DivnS_SEQ">   --->   Core 24 'DivnS_SEQ' <Latency = 48> <II = 38> <Delay = 4.48> <FuncUnit> <Opcode : 'sdiv' 'srem' 'udiv' 'urem'> <InPorts = 2> <OutPorts = 1>

State 40 <SV = 39> <Delay = 4.48>
ST_40 : Operation 93 [10/49] (4.48ns)   --->   "%out_res = udiv i45 %in_n_read, %zext_ln622" [./xf_resize_2.hpp:622]   --->   Operation 93 'udiv' 'out_res' <Predicate = true> <Delay = 4.48> <Core = "DivnS_SEQ">   --->   Core 24 'DivnS_SEQ' <Latency = 48> <II = 38> <Delay = 4.48> <FuncUnit> <Opcode : 'sdiv' 'srem' 'udiv' 'urem'> <InPorts = 2> <OutPorts = 1>

State 41 <SV = 40> <Delay = 4.48>
ST_41 : Operation 94 [9/49] (4.48ns)   --->   "%out_res = udiv i45 %in_n_read, %zext_ln622" [./xf_resize_2.hpp:622]   --->   Operation 94 'udiv' 'out_res' <Predicate = true> <Delay = 4.48> <Core = "DivnS_SEQ">   --->   Core 24 'DivnS_SEQ' <Latency = 48> <II = 38> <Delay = 4.48> <FuncUnit> <Opcode : 'sdiv' 'srem' 'udiv' 'urem'> <InPorts = 2> <OutPorts = 1>

State 42 <SV = 41> <Delay = 4.48>
ST_42 : Operation 95 [8/49] (4.48ns)   --->   "%out_res = udiv i45 %in_n_read, %zext_ln622" [./xf_resize_2.hpp:622]   --->   Operation 95 'udiv' 'out_res' <Predicate = true> <Delay = 4.48> <Core = "DivnS_SEQ">   --->   Core 24 'DivnS_SEQ' <Latency = 48> <II = 38> <Delay = 4.48> <FuncUnit> <Opcode : 'sdiv' 'srem' 'udiv' 'urem'> <InPorts = 2> <OutPorts = 1>

State 43 <SV = 42> <Delay = 4.48>
ST_43 : Operation 96 [7/49] (4.48ns)   --->   "%out_res = udiv i45 %in_n_read, %zext_ln622" [./xf_resize_2.hpp:622]   --->   Operation 96 'udiv' 'out_res' <Predicate = true> <Delay = 4.48> <Core = "DivnS_SEQ">   --->   Core 24 'DivnS_SEQ' <Latency = 48> <II = 38> <Delay = 4.48> <FuncUnit> <Opcode : 'sdiv' 'srem' 'udiv' 'urem'> <InPorts = 2> <OutPorts = 1>

State 44 <SV = 43> <Delay = 4.48>
ST_44 : Operation 97 [6/49] (4.48ns)   --->   "%out_res = udiv i45 %in_n_read, %zext_ln622" [./xf_resize_2.hpp:622]   --->   Operation 97 'udiv' 'out_res' <Predicate = true> <Delay = 4.48> <Core = "DivnS_SEQ">   --->   Core 24 'DivnS_SEQ' <Latency = 48> <II = 38> <Delay = 4.48> <FuncUnit> <Opcode : 'sdiv' 'srem' 'udiv' 'urem'> <InPorts = 2> <OutPorts = 1>

State 45 <SV = 44> <Delay = 4.48>
ST_45 : Operation 98 [5/49] (4.48ns)   --->   "%out_res = udiv i45 %in_n_read, %zext_ln622" [./xf_resize_2.hpp:622]   --->   Operation 98 'udiv' 'out_res' <Predicate = true> <Delay = 4.48> <Core = "DivnS_SEQ">   --->   Core 24 'DivnS_SEQ' <Latency = 48> <II = 38> <Delay = 4.48> <FuncUnit> <Opcode : 'sdiv' 'srem' 'udiv' 'urem'> <InPorts = 2> <OutPorts = 1>

State 46 <SV = 45> <Delay = 4.48>
ST_46 : Operation 99 [4/49] (4.48ns)   --->   "%out_res = udiv i45 %in_n_read, %zext_ln622" [./xf_resize_2.hpp:622]   --->   Operation 99 'udiv' 'out_res' <Predicate = true> <Delay = 4.48> <Core = "DivnS_SEQ">   --->   Core 24 'DivnS_SEQ' <Latency = 48> <II = 38> <Delay = 4.48> <FuncUnit> <Opcode : 'sdiv' 'srem' 'udiv' 'urem'> <InPorts = 2> <OutPorts = 1>

State 47 <SV = 46> <Delay = 4.48>
ST_47 : Operation 100 [3/49] (4.48ns)   --->   "%out_res = udiv i45 %in_n_read, %zext_ln622" [./xf_resize_2.hpp:622]   --->   Operation 100 'udiv' 'out_res' <Predicate = true> <Delay = 4.48> <Core = "DivnS_SEQ">   --->   Core 24 'DivnS_SEQ' <Latency = 48> <II = 38> <Delay = 4.48> <FuncUnit> <Opcode : 'sdiv' 'srem' 'udiv' 'urem'> <InPorts = 2> <OutPorts = 1>

State 48 <SV = 47> <Delay = 4.48>
ST_48 : Operation 101 [2/49] (4.48ns)   --->   "%out_res = udiv i45 %in_n_read, %zext_ln622" [./xf_resize_2.hpp:622]   --->   Operation 101 'udiv' 'out_res' <Predicate = true> <Delay = 4.48> <Core = "DivnS_SEQ">   --->   Core 24 'DivnS_SEQ' <Latency = 48> <II = 38> <Delay = 4.48> <FuncUnit> <Opcode : 'sdiv' 'srem' 'udiv' 'urem'> <InPorts = 2> <OutPorts = 1>

State 49 <SV = 48> <Delay = 4.48>
ST_49 : Operation 102 [1/49] (4.48ns)   --->   "%out_res = udiv i45 %in_n_read, %zext_ln622" [./xf_resize_2.hpp:622]   --->   Operation 102 'udiv' 'out_res' <Predicate = true> <Delay = 4.48> <Core = "DivnS_SEQ">   --->   Core 24 'DivnS_SEQ' <Latency = 48> <II = 38> <Delay = 4.48> <FuncUnit> <Opcode : 'sdiv' 'srem' 'udiv' 'urem'> <InPorts = 2> <OutPorts = 1>
ST_49 : Operation 103 [1/1] (0.00ns)   --->   "%trunc_ln623 = trunc i45 %out_res to i38" [./xf_resize_2.hpp:623]   --->   Operation 103 'trunc' 'trunc_ln623' <Predicate = true> <Delay = 0.00>
ST_49 : Operation 104 [1/1] (0.00ns)   --->   "ret i38 %trunc_ln623" [./xf_resize_2.hpp:623]   --->   Operation 104 'ret' <Predicate = true> <Delay = 0.00>


============================================================
+ Verbose Summary: Timing violations
============================================================
Target clock period: 50ns, clock uncertainty: 6.25ns.

 <State 1>: 4.49ns
The critical path consists of the following:
	wire read on port 'in_d' [3]  (0 ns)
	'udiv' operation ('out_res', ./xf_resize_2.hpp:622) [7]  (4.49 ns)

 <State 2>: 4.49ns
The critical path consists of the following:
	'udiv' operation ('out_res', ./xf_resize_2.hpp:622) [7]  (4.49 ns)

 <State 3>: 4.49ns
The critical path consists of the following:
	'udiv' operation ('out_res', ./xf_resize_2.hpp:622) [7]  (4.49 ns)

 <State 4>: 4.49ns
The critical path consists of the following:
	'udiv' operation ('out_res', ./xf_resize_2.hpp:622) [7]  (4.49 ns)

 <State 5>: 4.49ns
The critical path consists of the following:
	'udiv' operation ('out_res', ./xf_resize_2.hpp:622) [7]  (4.49 ns)

 <State 6>: 4.49ns
The critical path consists of the following:
	'udiv' operation ('out_res', ./xf_resize_2.hpp:622) [7]  (4.49 ns)

 <State 7>: 4.49ns
The critical path consists of the following:
	'udiv' operation ('out_res', ./xf_resize_2.hpp:622) [7]  (4.49 ns)

 <State 8>: 4.49ns
The critical path consists of the following:
	'udiv' operation ('out_res', ./xf_resize_2.hpp:622) [7]  (4.49 ns)

 <State 9>: 4.49ns
The critical path consists of the following:
	'udiv' operation ('out_res', ./xf_resize_2.hpp:622) [7]  (4.49 ns)

 <State 10>: 4.49ns
The critical path consists of the following:
	'udiv' operation ('out_res', ./xf_resize_2.hpp:622) [7]  (4.49 ns)

 <State 11>: 4.49ns
The critical path consists of the following:
	'udiv' operation ('out_res', ./xf_resize_2.hpp:622) [7]  (4.49 ns)

 <State 12>: 4.49ns
The critical path consists of the following:
	'udiv' operation ('out_res', ./xf_resize_2.hpp:622) [7]  (4.49 ns)

 <State 13>: 4.49ns
The critical path consists of the following:
	'udiv' operation ('out_res', ./xf_resize_2.hpp:622) [7]  (4.49 ns)

 <State 14>: 4.49ns
The critical path consists of the following:
	'udiv' operation ('out_res', ./xf_resize_2.hpp:622) [7]  (4.49 ns)

 <State 15>: 4.49ns
The critical path consists of the following:
	'udiv' operation ('out_res', ./xf_resize_2.hpp:622) [7]  (4.49 ns)

 <State 16>: 4.49ns
The critical path consists of the following:
	'udiv' operation ('out_res', ./xf_resize_2.hpp:622) [7]  (4.49 ns)

 <State 17>: 4.49ns
The critical path consists of the following:
	'udiv' operation ('out_res', ./xf_resize_2.hpp:622) [7]  (4.49 ns)

 <State 18>: 4.49ns
The critical path consists of the following:
	'udiv' operation ('out_res', ./xf_resize_2.hpp:622) [7]  (4.49 ns)

 <State 19>: 4.49ns
The critical path consists of the following:
	'udiv' operation ('out_res', ./xf_resize_2.hpp:622) [7]  (4.49 ns)

 <State 20>: 4.49ns
The critical path consists of the following:
	'udiv' operation ('out_res', ./xf_resize_2.hpp:622) [7]  (4.49 ns)

 <State 21>: 4.49ns
The critical path consists of the following:
	'udiv' operation ('out_res', ./xf_resize_2.hpp:622) [7]  (4.49 ns)

 <State 22>: 4.49ns
The critical path consists of the following:
	'udiv' operation ('out_res', ./xf_resize_2.hpp:622) [7]  (4.49 ns)

 <State 23>: 4.49ns
The critical path consists of the following:
	'udiv' operation ('out_res', ./xf_resize_2.hpp:622) [7]  (4.49 ns)

 <State 24>: 4.49ns
The critical path consists of the following:
	'udiv' operation ('out_res', ./xf_resize_2.hpp:622) [7]  (4.49 ns)

 <State 25>: 4.49ns
The critical path consists of the following:
	'udiv' operation ('out_res', ./xf_resize_2.hpp:622) [7]  (4.49 ns)

 <State 26>: 4.49ns
The critical path consists of the following:
	'udiv' operation ('out_res', ./xf_resize_2.hpp:622) [7]  (4.49 ns)

 <State 27>: 4.49ns
The critical path consists of the following:
	'udiv' operation ('out_res', ./xf_resize_2.hpp:622) [7]  (4.49 ns)

 <State 28>: 4.49ns
The critical path consists of the following:
	'udiv' operation ('out_res', ./xf_resize_2.hpp:622) [7]  (4.49 ns)

 <State 29>: 4.49ns
The critical path consists of the following:
	'udiv' operation ('out_res', ./xf_resize_2.hpp:622) [7]  (4.49 ns)

 <State 30>: 4.49ns
The critical path consists of the following:
	'udiv' operation ('out_res', ./xf_resize_2.hpp:622) [7]  (4.49 ns)

 <State 31>: 4.49ns
The critical path consists of the following:
	'udiv' operation ('out_res', ./xf_resize_2.hpp:622) [7]  (4.49 ns)

 <State 32>: 4.49ns
The critical path consists of the following:
	'udiv' operation ('out_res', ./xf_resize_2.hpp:622) [7]  (4.49 ns)

 <State 33>: 4.49ns
The critical path consists of the following:
	'udiv' operation ('out_res', ./xf_resize_2.hpp:622) [7]  (4.49 ns)

 <State 34>: 4.49ns
The critical path consists of the following:
	'udiv' operation ('out_res', ./xf_resize_2.hpp:622) [7]  (4.49 ns)

 <State 35>: 4.49ns
The critical path consists of the following:
	'udiv' operation ('out_res', ./xf_resize_2.hpp:622) [7]  (4.49 ns)

 <State 36>: 4.49ns
The critical path consists of the following:
	'udiv' operation ('out_res', ./xf_resize_2.hpp:622) [7]  (4.49 ns)

 <State 37>: 4.49ns
The critical path consists of the following:
	'udiv' operation ('out_res', ./xf_resize_2.hpp:622) [7]  (4.49 ns)

 <State 38>: 4.49ns
The critical path consists of the following:
	'udiv' operation ('out_res', ./xf_resize_2.hpp:622) [7]  (4.49 ns)

 <State 39>: 4.49ns
The critical path consists of the following:
	'udiv' operation ('out_res', ./xf_resize_2.hpp:622) [7]  (4.49 ns)

 <State 40>: 4.49ns
The critical path consists of the following:
	'udiv' operation ('out_res', ./xf_resize_2.hpp:622) [7]  (4.49 ns)

 <State 41>: 4.49ns
The critical path consists of the following:
	'udiv' operation ('out_res', ./xf_resize_2.hpp:622) [7]  (4.49 ns)

 <State 42>: 4.49ns
The critical path consists of the following:
	'udiv' operation ('out_res', ./xf_resize_2.hpp:622) [7]  (4.49 ns)

 <State 43>: 4.49ns
The critical path consists of the following:
	'udiv' operation ('out_res', ./xf_resize_2.hpp:622) [7]  (4.49 ns)

 <State 44>: 4.49ns
The critical path consists of the following:
	'udiv' operation ('out_res', ./xf_resize_2.hpp:622) [7]  (4.49 ns)

 <State 45>: 4.49ns
The critical path consists of the following:
	'udiv' operation ('out_res', ./xf_resize_2.hpp:622) [7]  (4.49 ns)

 <State 46>: 4.49ns
The critical path consists of the following:
	'udiv' operation ('out_res', ./xf_resize_2.hpp:622) [7]  (4.49 ns)

 <State 47>: 4.49ns
The critical path consists of the following:
	'udiv' operation ('out_res', ./xf_resize_2.hpp:622) [7]  (4.49 ns)

 <State 48>: 4.49ns
The critical path consists of the following:
	'udiv' operation ('out_res', ./xf_resize_2.hpp:622) [7]  (4.49 ns)

 <State 49>: 4.49ns
The critical path consists of the following:
	'udiv' operation ('out_res', ./xf_resize_2.hpp:622) [7]  (4.49 ns)


============================================================
+ Verbose Summary: Binding
============================================================
N/A
* FSMD analyzer results:
  - Output states:
 - Input state : 
  - Chain level:
	State 1
	State 2
	State 3
	State 4
	State 5
	State 6
	State 7
	State 8
	State 9
	State 10
	State 11
	State 12
	State 13
	State 14
	State 15
	State 16
	State 17
	State 18
	State 19
	State 20
	State 21
	State 22
	State 23
	State 24
	State 25
	State 26
	State 27
	State 28
	State 29
	State 30
	State 31
	State 32
	State 33
	State 34
	State 35
	State 36
	State 37
	State 38
	State 39
	State 40
	State 41
	State 42
	State 43
	State 44
	State 45
	State 46
	State 47
	State 48
	State 49


============================================================
+ Verbose Summary: Datapath Resource usage 
============================================================
N/A
