

================================================================
== Vivado HLS Report for 'convert_fp_to_8b770'
================================================================
* Date:           Wed Mar 18 11:35:43 2020

* Version:        2019.2.1 (Build 2724168 on Thu Dec 05 05:19:09 MST 2019)
* Project:        WeedD
* Solution:       solution1
* Product family: zynq
* Target device:  xc7z020-clg400-1


================================================================
== Performance Estimates
================================================================
+ Timing: 
    * Summary: 
    +--------+----------+-----------+------------+
    |  Clock |  Target  | Estimated | Uncertainty|
    +--------+----------+-----------+------------+
    |ap_clk  | 50.00 ns | 23.040 ns |   6.25 ns  |
    +--------+----------+-----------+------------+

+ Latency: 
    * Summary: 
    +---------+---------+----------+----------+-------+-------+---------+
    |  Latency (cycles) |  Latency (absolute) |    Interval   | Pipeline|
    |   min   |   max   |    min   |    max   |  min  |  max  |   Type  |
    +---------+---------+----------+----------+-------+-------+---------+
    |    57623|    57623| 2.881 ms | 2.881 ms |  57623|  57623|   none  |
    +---------+---------+----------+----------+-------+-------+---------+

    + Detail: 
        * Instance: 
        N/A

        * Loop: 
        +---------------------------+---------+---------+----------+-----------+-----------+-------+----------+
        |                           |  Latency (cycles) | Iteration|  Initiation Interval  |  Trip |          |
        |         Loop Name         |   min   |   max   |  Latency |  achieved |   target  | Count | Pipelined|
        +---------------------------+---------+---------+----------+-----------+-----------+-------+----------+
        |- convert_fp_to_8b_label1  |    57600|    57600|         2|          1|          1|  57600|    yes   |
        +---------------------------+---------+---------+----------+-----------+-----------+-------+----------+



================================================================
== Utilization Estimates
================================================================
* Summary: 
+-----------------+---------+-------+--------+-------+-----+
|       Name      | BRAM_18K| DSP48E|   FF   |  LUT  | URAM|
+-----------------+---------+-------+--------+-------+-----+
|DSP              |        -|      -|       -|      -|    -|
|Expression       |        -|      3|       0|    165|    -|
|FIFO             |        -|      -|       -|      -|    -|
|Instance         |        -|      -|     299|    181|    -|
|Memory           |        -|      -|       -|      -|    -|
|Multiplexer      |        -|      -|       -|    177|    -|
|Register         |        -|      -|     143|      -|    -|
+-----------------+---------+-------+--------+-------+-----+
|Total            |        0|      3|     442|    523|    0|
+-----------------+---------+-------+--------+-------+-----+
|Available        |      280|    220|  106400|  53200|    0|
+-----------------+---------+-------+--------+-------+-----+
|Utilization (%)  |        0|      1|   ~0   |   ~0  |    0|
+-----------------+---------+-------+--------+-------+-----+

+ Detail: 
    * Instance: 
    +---------------------------+----------------------+---------+-------+-----+-----+-----+
    |          Instance         |        Module        | BRAM_18K| DSP48E|  FF | LUT | URAM|
    +---------------------------+----------------------+---------+-------+-----+-----+-----+
    |ip_accel_app_sdivrcU_U203  |ip_accel_app_sdivrcU  |        0|      0|  299|  181|    0|
    +---------------------------+----------------------+---------+-------+-----+-----+-----+
    |Total                      |                      |        0|      0|  299|  181|    0|
    +---------------------------+----------------------+---------+-------+-----+-----+-----+

    * DSP48E: 
    N/A

    * Memory: 
    N/A

    * FIFO: 
    N/A

    * Expression: 
    +-----------------------------------+----------+-------+---+----+------------+------------+
    |           Variable Name           | Operation| DSP48E| FF| LUT| Bitwidth P0| Bitwidth P1|
    +-----------------------------------+----------+-------+---+----+------------+------------+
    |r_V_fu_161_p2                      |     *    |      3|  0|  26|          42|          24|
    |add_ln851_fu_194_p2                |     +    |      0|  0|  15|           1|           8|
    |i_fu_134_p2                        |     +    |      0|  0|  23|          16|           1|
    |ret_V_fu_152_p2                    |     -    |      0|  0|  49|          42|          42|
    |ap_block_pp0_stage0_01001          |    and   |      0|  0|   2|           1|           1|
    |icmp_ln59_fu_128_p2                |   icmp   |      0|  0|  13|          16|          14|
    |icmp_ln851_fu_178_p2               |   icmp   |      0|  0|  13|          16|           1|
    |ap_block_state1                    |    or    |      0|  0|   2|           1|           1|
    |ap_block_state24_pp0_stage0_iter1  |    or    |      0|  0|   2|           1|           1|
    |img_out_data_V_din                 |  select  |      0|  0|   8|           1|           8|
    |select_ln851_fu_200_p3             |  select  |      0|  0|   8|           1|           8|
    |ap_enable_pp0                      |    xor   |      0|  0|   2|           1|           2|
    |ap_enable_reg_pp0_iter1            |    xor   |      0|  0|   2|           2|           1|
    +-----------------------------------+----------+-------+---+----+------------+------------+
    |Total                              |          |      3|  0| 165|         141|         112|
    +-----------------------------------+----------+-------+---+----+------------+------------+

    * Multiplexer: 
    +-------------------------+-----+-----------+-----+-----------+
    |           Name          | LUT | Input Size| Bits| Total Bits|
    +-------------------------+-----+-----------+-----+-----------+
    |ap_NS_fsm                |  117|         25|    1|         25|
    |ap_done                  |    9|          2|    1|          2|
    |ap_enable_reg_pp0_iter1  |   15|          3|    1|          3|
    |i_0_i_i_i_reg_97         |    9|          2|   16|         32|
    |img_out_data_V_blk_n     |    9|          2|    1|          2|
    |min_value_V_c17_blk_n    |    9|          2|    1|          2|
    |veg_temp_data_V_blk_n    |    9|          2|    1|          2|
    +-------------------------+-----+-----------+-----+-----------+
    |Total                    |  177|         38|   22|         68|
    +-------------------------+-----+-----------+-----+-----------+

    * Register: 
    +-------------------------+----+----+-----+-----------+
    |           Name          | FF | LUT| Bits| Const Bits|
    +-------------------------+----+----+-----+-----------+
    |ap_CS_fsm                |  24|   0|   24|          0|
    |ap_done_reg              |   1|   0|    1|          0|
    |ap_enable_reg_pp0_iter0  |   1|   0|    1|          0|
    |ap_enable_reg_pp0_iter1  |   1|   0|    1|          0|
    |i_0_i_i_i_reg_97         |  16|   0|   16|          0|
    |icmp_ln59_reg_232        |   1|   0|    1|          0|
    |sext_ln59_reg_222        |  57|   0|   65|          8|
    |sext_ln703_reg_227       |  42|   0|   42|          0|
    +-------------------------+----+----+-----+-----------+
    |Total                    | 143|   0|  151|          8|
    +-------------------------+----+----+-----+-----------+



================================================================
== Interface
================================================================
* Summary: 
+-------------------------+-----+-----+------------+----------------------+--------------+
|        RTL Ports        | Dir | Bits|  Protocol  |     Source Object    |    C Type    |
+-------------------------+-----+-----+------------+----------------------+--------------+
|ap_clk                   |  in |    1| ap_ctrl_hs |  convert_fp_to_8b770 | return value |
|ap_rst                   |  in |    1| ap_ctrl_hs |  convert_fp_to_8b770 | return value |
|ap_start                 |  in |    1| ap_ctrl_hs |  convert_fp_to_8b770 | return value |
|ap_done                  | out |    1| ap_ctrl_hs |  convert_fp_to_8b770 | return value |
|ap_continue              |  in |    1| ap_ctrl_hs |  convert_fp_to_8b770 | return value |
|ap_idle                  | out |    1| ap_ctrl_hs |  convert_fp_to_8b770 | return value |
|ap_ready                 | out |    1| ap_ctrl_hs |  convert_fp_to_8b770 | return value |
|min_value_V_c17_dout     |  in |   28|   ap_fifo  |    min_value_V_c17   |    pointer   |
|min_value_V_c17_empty_n  |  in |    1|   ap_fifo  |    min_value_V_c17   |    pointer   |
|min_value_V_c17_read     | out |    1|   ap_fifo  |    min_value_V_c17   |    pointer   |
|sub_ln703_cast_loc_c     |  in |   24|   ap_none  | sub_ln703_cast_loc_c |    scalar    |
|veg_temp_data_V_dout     |  in |   32|   ap_fifo  |    veg_temp_data_V   |    pointer   |
|veg_temp_data_V_empty_n  |  in |    1|   ap_fifo  |    veg_temp_data_V   |    pointer   |
|veg_temp_data_V_read     | out |    1|   ap_fifo  |    veg_temp_data_V   |    pointer   |
|img_out_data_V_din       | out |    8|   ap_fifo  |    img_out_data_V    |    pointer   |
|img_out_data_V_full_n    |  in |    1|   ap_fifo  |    img_out_data_V    |    pointer   |
|img_out_data_V_write     | out |    1|   ap_fifo  |    img_out_data_V    |    pointer   |
+-------------------------+-----+-----+------------+----------------------+--------------+

