

================================================================
== Vivado HLS Report for 'duplicateMat438_Loop_1'
================================================================
* Date:           Wed Mar 18 11:36:05 2020

* Version:        2019.2.1 (Build 2724168 on Thu Dec 05 05:19:09 MST 2019)
* Project:        WeedD
* Solution:       solution1
* Product family: zynq
* Target device:  xc7z020-clg400-1


================================================================
== Performance Estimates
================================================================
+ Timing: 
    * Summary: 
    +--------+----------+----------+------------+
    |  Clock |  Target  | Estimated| Uncertainty|
    +--------+----------+----------+------------+
    |ap_clk  | 50.00 ns | 7.268 ns |   6.25 ns  |
    +--------+----------+----------+------------+

+ Latency: 
    * Summary: 
    +---------+---------+----------+----------+-------+-------+---------+
    |  Latency (cycles) |  Latency (absolute) |    Interval   | Pipeline|
    |   min   |   max   |    min   |    max   |  min  |  max  |   Type  |
    +---------+---------+----------+----------+-------+-------+---------+
    |    58141|    58141| 2.907 ms | 2.907 ms |  58141|  58141|   none  |
    +---------+---------+----------+----------+-------+-------+---------+

    + Detail: 
        * Instance: 
        +---------------------------+----------+---------+---------+----------+----------+-----+-----+----------+
        |                           |          |  Latency (cycles) |  Latency (absolute) |  Interval | Pipeline |
        |          Instance         |  Module  |   min   |   max   |    min   |    max   | min | max |   Type   |
        +---------------------------+----------+---------+---------+----------+----------+-----+-----+----------+
        |call_ln114_write797_fu_90  |write797  |        0|        0|   0 ns   |   0 ns   |    1|    1| function |
        |call_ln115_write797_fu_98  |write797  |        0|        0|   0 ns   |   0 ns   |    1|    1| function |
        +---------------------------+----------+---------+---------+----------+----------+-----+-----+----------+

        * Loop: 
        +-------------+---------+---------+----------+-----------+-----------+------+----------+
        |             |  Latency (cycles) | Iteration|  Initiation Interval  | Trip |          |
        |  Loop Name  |   min   |   max   |  Latency |  achieved |   target  | Count| Pipelined|
        +-------------+---------+---------+----------+-----------+-----------+------+----------+
        |- Loop 1     |    58140|    58140|       323|          -|          -|   180|    no    |
        | + Loop 1.1  |      320|      320|         2|          1|          1|   320|    yes   |
        +-------------+---------+---------+----------+-----------+-----------+------+----------+



================================================================
== Utilization Estimates
================================================================
* Summary: 
+-----------------+---------+-------+--------+-------+-----+
|       Name      | BRAM_18K| DSP48E|   FF   |  LUT  | URAM|
+-----------------+---------+-------+--------+-------+-----+
|DSP              |        -|      -|       -|      -|    -|
|Expression       |        -|      -|       0|     72|    -|
|FIFO             |        -|      -|       -|      -|    -|
|Instance         |        -|      -|       2|     22|    -|
|Memory           |        -|      -|       -|      -|    -|
|Multiplexer      |        -|      -|       -|    123|    -|
|Register         |        -|      -|      35|      -|    -|
+-----------------+---------+-------+--------+-------+-----+
|Total            |        0|      0|      37|    217|    0|
+-----------------+---------+-------+--------+-------+-----+
|Available        |      280|    220|  106400|  53200|    0|
+-----------------+---------+-------+--------+-------+-----+
|Utilization (%)  |        0|      0|   ~0   |   ~0  |    0|
+-----------------+---------+-------+--------+-------+-----+

+ Detail: 
    * Instance: 
    +---------------------------+----------+---------+-------+---+----+-----+
    |          Instance         |  Module  | BRAM_18K| DSP48E| FF| LUT| URAM|
    +---------------------------+----------+---------+-------+---+----+-----+
    |call_ln114_write797_fu_90  |write797  |        0|      0|  1|  11|    0|
    |call_ln115_write797_fu_98  |write797  |        0|      0|  1|  11|    0|
    +---------------------------+----------+---------+-------+---+----+-----+
    |Total                      |          |        0|      0|  2|  22|    0|
    +---------------------------+----------+---------+-------+---+----+-----+

    * DSP48E: 
    N/A

    * Memory: 
    N/A

    * FIFO: 
    N/A

    * Expression: 
    +-----------------------------------------------+----------+-------+---+----+------------+------------+
    |                 Variable Name                 | Operation| DSP48E| FF| LUT| Bitwidth P0| Bitwidth P1|
    +-----------------------------------------------+----------+-------+---+----+------------+------------+
    |i_fu_112_p2                                    |     +    |      0|  0|  15|           8|           1|
    |j_fu_124_p2                                    |     +    |      0|  0|  15|           9|           1|
    |ap_block_pp0_stage0_11001                      |    and   |      0|  0|   2|           1|           1|
    |ap_block_pp0_stage0_11001_ignoreCallOp27       |    and   |      0|  0|   2|           1|           1|
    |ap_block_pp0_stage0_11001_ignoreCallOp29       |    and   |      0|  0|   2|           1|           1|
    |icmp_ln106_fu_106_p2                           |   icmp   |      0|  0|  11|           8|           8|
    |icmp_ln109_fu_118_p2                           |   icmp   |      0|  0|  13|           9|           9|
    |ap_block_state1                                |    or    |      0|  0|   2|           1|           1|
    |ap_block_state4_pp0_stage0_iter1               |    or    |      0|  0|   2|           1|           1|
    |ap_block_state4_pp0_stage0_iter1_ignore_call3  |    or    |      0|  0|   2|           1|           1|
    |ap_block_state4_pp0_stage0_iter1_ignore_call5  |    or    |      0|  0|   2|           1|           1|
    |ap_enable_pp0                                  |    xor   |      0|  0|   2|           1|           2|
    |ap_enable_reg_pp0_iter1                        |    xor   |      0|  0|   2|           2|           1|
    +-----------------------------------------------+----------+-------+---+----+------------+------------+
    |Total                                          |          |      0|  0|  72|          44|          29|
    +-----------------------------------------------+----------+-------+---+----+------------+------------+

    * Multiplexer: 
    +-------------------------+----+-----------+-----+-----------+
    |           Name          | LUT| Input Size| Bits| Total Bits|
    +-------------------------+----+-----------+-----+-----------+
    |ap_NS_fsm                |  27|          5|    1|          5|
    |ap_done                  |   9|          2|    1|          2|
    |ap_enable_reg_pp0_iter1  |  15|          3|    1|          3|
    |dst1_V_V_blk_n           |   9|          2|    1|          2|
    |dst_V_V_blk_n            |   9|          2|    1|          2|
    |i1_0_reg_68              |   9|          2|    8|         16|
    |j2_0_reg_79              |   9|          2|    9|         18|
    |p_dst1_data_V_blk_n      |   9|          2|    1|          2|
    |p_dst1_data_V_write      |   9|          2|    1|          2|
    |p_dst2_data_V_blk_n      |   9|          2|    1|          2|
    |p_dst2_data_V_write      |   9|          2|    1|          2|
    +-------------------------+----+-----------+-----+-----------+
    |Total                    | 123|         26|   26|         56|
    +-------------------------+----+-----------+-----+-----------+

    * Register: 
    +----------------------------------------+---+----+-----+-----------+
    |                  Name                  | FF| LUT| Bits| Const Bits|
    +----------------------------------------+---+----+-----+-----------+
    |ap_CS_fsm                               |  4|   0|    4|          0|
    |ap_done_reg                             |  1|   0|    1|          0|
    |ap_enable_reg_pp0_iter0                 |  1|   0|    1|          0|
    |ap_enable_reg_pp0_iter1                 |  1|   0|    1|          0|
    |call_ln114_write797_fu_90_ap_start_reg  |  1|   0|    1|          0|
    |call_ln115_write797_fu_98_ap_start_reg  |  1|   0|    1|          0|
    |i1_0_reg_68                             |  8|   0|    8|          0|
    |i_reg_134                               |  8|   0|    8|          0|
    |icmp_ln109_reg_139                      |  1|   0|    1|          0|
    |j2_0_reg_79                             |  9|   0|    9|          0|
    +----------------------------------------+---+----+-----+-----------+
    |Total                                   | 35|   0|   35|          0|
    +----------------------------------------+---+----+-----+-----------+



================================================================
== Interface
================================================================
* Summary: 
+----------------------+-----+-----+------------+------------------------+--------------+
|       RTL Ports      | Dir | Bits|  Protocol  |      Source Object     |    C Type    |
+----------------------+-----+-----+------------+------------------------+--------------+
|ap_clk                |  in |    1| ap_ctrl_hs | duplicateMat438_Loop.1 | return value |
|ap_rst                |  in |    1| ap_ctrl_hs | duplicateMat438_Loop.1 | return value |
|ap_start              |  in |    1| ap_ctrl_hs | duplicateMat438_Loop.1 | return value |
|ap_done               | out |    1| ap_ctrl_hs | duplicateMat438_Loop.1 | return value |
|ap_continue           |  in |    1| ap_ctrl_hs | duplicateMat438_Loop.1 | return value |
|ap_idle               | out |    1| ap_ctrl_hs | duplicateMat438_Loop.1 | return value |
|ap_ready              | out |    1| ap_ctrl_hs | duplicateMat438_Loop.1 | return value |
|dst_V_V_dout          |  in |    8|   ap_fifo  |         dst_V_V        |    pointer   |
|dst_V_V_empty_n       |  in |    1|   ap_fifo  |         dst_V_V        |    pointer   |
|dst_V_V_read          | out |    1|   ap_fifo  |         dst_V_V        |    pointer   |
|p_dst1_data_V_din     | out |    8|   ap_fifo  |      p_dst1_data_V     |    pointer   |
|p_dst1_data_V_full_n  |  in |    1|   ap_fifo  |      p_dst1_data_V     |    pointer   |
|p_dst1_data_V_write   | out |    1|   ap_fifo  |      p_dst1_data_V     |    pointer   |
|dst1_V_V_dout         |  in |    8|   ap_fifo  |        dst1_V_V        |    pointer   |
|dst1_V_V_empty_n      |  in |    1|   ap_fifo  |        dst1_V_V        |    pointer   |
|dst1_V_V_read         | out |    1|   ap_fifo  |        dst1_V_V        |    pointer   |
|p_dst2_data_V_din     | out |    8|   ap_fifo  |      p_dst2_data_V     |    pointer   |
|p_dst2_data_V_full_n  |  in |    1|   ap_fifo  |      p_dst2_data_V     |    pointer   |
|p_dst2_data_V_write   | out |    1|   ap_fifo  |      p_dst2_data_V     |    pointer   |
+----------------------+-----+-----+------------+------------------------+--------------+

