

================================================================
== Vivado HLS Report for 'extract_micro_roi'
================================================================
* Date:           Wed Mar 18 11:36:09 2020

* Version:        2019.2.1 (Build 2724168 on Thu Dec 05 05:19:09 MST 2019)
* Project:        WeedD
* Solution:       solution1
* Product family: zynq
* Target device:  xc7z020-clg400-1


================================================================
== Performance Estimates
================================================================
+ Timing: 
    * Summary: 
    +--------+----------+----------+------------+
    |  Clock |  Target  | Estimated| Uncertainty|
    +--------+----------+----------+------------+
    |ap_clk  | 50.00 ns | 6.888 ns |   6.25 ns  |
    +--------+----------+----------+------------+

+ Latency: 
    * Summary: 
    +---------+---------+-----------+-----------+-----+-----+---------+
    |  Latency (cycles) |   Latency (absolute)  |  Interval | Pipeline|
    |   min   |   max   |    min    |    max    | min | max |   Type  |
    +---------+---------+-----------+-----------+-----+-----+---------+
    |      783|      783| 39.150 us | 39.150 us |  783|  783|   none  |
    +---------+---------+-----------+-----------+-----+-----+---------+

    + Detail: 
        * Instance: 
        N/A

        * Loop: 
        +-----------------------------+---------+---------+----------+-----------+-----------+------+----------+
        |                             |  Latency (cycles) | Iteration|  Initiation Interval  | Trip |          |
        |          Loop Name          |   min   |   max   |  Latency |  achieved |   target  | Count| Pipelined|
        +-----------------------------+---------+---------+----------+-----------+-----------+------+----------+
        |- Loop 1                     |      782|      782|        34|          -|          -|    23|    no    |
        | + extract_micro_roi_label6  |       32|       32|         1|          -|          -|    32|    no    |
        +-----------------------------+---------+---------+----------+-----------+-----------+------+----------+



================================================================
== Utilization Estimates
================================================================
* Summary: 
+-----------------+---------+-------+--------+-------+-----+
|       Name      | BRAM_18K| DSP48E|   FF   |  LUT  | URAM|
+-----------------+---------+-------+--------+-------+-----+
|DSP              |        -|      -|       -|      -|    -|
|Expression       |        -|      -|       0|    134|    -|
|FIFO             |        -|      -|       -|      -|    -|
|Instance         |        -|      -|       -|      -|    -|
|Memory           |        -|      -|       -|      -|    -|
|Multiplexer      |        -|      -|       -|     48|    -|
|Register         |        -|      -|      41|      -|    -|
+-----------------+---------+-------+--------+-------+-----+
|Total            |        0|      0|      41|    182|    0|
+-----------------+---------+-------+--------+-------+-----+
|Available        |      280|    220|  106400|  53200|    0|
+-----------------+---------+-------+--------+-------+-----+
|Utilization (%)  |        0|      0|   ~0   |   ~0  |    0|
+-----------------+---------+-------+--------+-------+-----+

+ Detail: 
    * Instance: 
    N/A

    * DSP48E: 
    N/A

    * Memory: 
    N/A

    * FIFO: 
    N/A

    * Expression: 
    +-------------------------------+----------+-------+---+----+------------+------------+
    |         Variable Name         | Operation| DSP48E| FF| LUT| Bitwidth P0| Bitwidth P1|
    +-------------------------------+----------+-------+---+----+------------+------------+
    |add_ln115_fu_205_p2            |     +    |      0|  0|  14|          10|          10|
    |h_fu_176_p2                    |     +    |      0|  0|  15|           6|           1|
    |p_h_fu_186_p2                  |     +    |      0|  0|  23|          16|          16|
    |p_v_fu_152_p2                  |     +    |      0|  0|  15|           8|           8|
    |v_fu_146_p2                    |     +    |      0|  0|  15|           5|           1|
    |and_ln114_fu_196_p2            |    and   |      0|  0|   2|           1|           1|
    |ap_block_state3                |    and   |      0|  0|   2|           1|           1|
    |ap_predicate_op38_read_state3  |    and   |      0|  0|   2|           1|           1|
    |icmp_ln110_fu_140_p2           |   icmp   |      0|  0|  11|           5|           5|
    |icmp_ln111_fu_170_p2           |   icmp   |      0|  0|  11|           6|           7|
    |icmp_ln114_1_fu_191_p2         |   icmp   |      0|  0|  13|          16|          16|
    |icmp_ln114_fu_157_p2           |   icmp   |      0|  0|  11|           8|           8|
    +-------------------------------+----------+-------+---+----+------------+------------+
    |Total                          |          |      0|  0| 134|          83|          75|
    +-------------------------------+----------+-------+---+----+------------+------------+

    * Multiplexer: 
    +------------------------+----+-----------+-----+-----------+
    |          Name          | LUT| Input Size| Bits| Total Bits|
    +------------------------+----+-----------+-----+-----------+
    |ap_NS_fsm               |  21|          4|    1|          4|
    |h_0_reg_117             |   9|          2|    6|         12|
    |img_in_mr_data_V_blk_n  |   9|          2|    1|          2|
    |v_0_reg_106             |   9|          2|    5|         10|
    +------------------------+----+-----------+-----+-----------+
    |Total                   |  48|         10|   13|         28|
    +------------------------+----+-----------+-----+-----------+

    * Register: 
    +---------------------+---+----+-----+-----------+
    |         Name        | FF| LUT| Bits| Const Bits|
    +---------------------+---+----+-----+-----------+
    |ap_CS_fsm            |  3|   0|    3|          0|
    |h_0_reg_117          |  6|   0|    6|          0|
    |icmp_ln114_reg_243   |  1|   0|    1|          0|
    |shl_ln_reg_248       |  5|   0|   10|          5|
    |trunc_ln110_reg_230  |  8|   0|    8|          0|
    |trunc_ln112_reg_225  |  8|   0|    8|          0|
    |v_0_reg_106          |  5|   0|    5|          0|
    |v_reg_238            |  5|   0|    5|          0|
    +---------------------+---+----+-----+-----------+
    |Total                | 41|   0|   46|          5|
    +---------------------+---+----+-----+-----------+



================================================================
== Interface
================================================================
* Summary: 
+---------------------------+-----+-----+------------+-------------------+--------------+
|         RTL Ports         | Dir | Bits|  Protocol  |   Source Object   |    C Type    |
+---------------------------+-----+-----+------------+-------------------+--------------+
|ap_clk                     |  in |    1| ap_ctrl_hs | extract_micro_roi | return value |
|ap_rst                     |  in |    1| ap_ctrl_hs | extract_micro_roi | return value |
|ap_start                   |  in |    1| ap_ctrl_hs | extract_micro_roi | return value |
|ap_done                    | out |    1| ap_ctrl_hs | extract_micro_roi | return value |
|ap_idle                    | out |    1| ap_ctrl_hs | extract_micro_roi | return value |
|ap_ready                   | out |    1| ap_ctrl_hs | extract_micro_roi | return value |
|img_in_mr_data_V_dout      |  in |    8|   ap_fifo  |  img_in_mr_data_V |    pointer   |
|img_in_mr_data_V_empty_n   |  in |    1|   ap_fifo  |  img_in_mr_data_V |    pointer   |
|img_in_mr_data_V_read      | out |    1|   ap_fifo  |  img_in_mr_data_V |    pointer   |
|x_top                      |  in |   10|   ap_none  |       x_top       |    scalar    |
|x_bottom                   |  in |   10|   ap_none  |      x_bottom     |    scalar    |
|y_left                     |  in |   16|   ap_none  |       y_left      |    scalar    |
|y_right                    |  in |   16|   ap_none  |      y_right      |    scalar    |
|micro_roi_data_V_address0  | out |   10|  ap_memory |  micro_roi_data_V |     array    |
|micro_roi_data_V_ce0       | out |    1|  ap_memory |  micro_roi_data_V |     array    |
|micro_roi_data_V_we0       | out |    1|  ap_memory |  micro_roi_data_V |     array    |
|micro_roi_data_V_d0        | out |    8|  ap_memory |  micro_roi_data_V |     array    |
+---------------------------+-----+-----+------------+-------------------+--------------+

