

================================================================
== Vivado HLS Report for 'extract_third_and_fo_1'
================================================================
* Date:           Wed Mar 18 11:36:16 2020

* Version:        2019.2.1 (Build 2724168 on Thu Dec 05 05:19:09 MST 2019)
* Project:        WeedD
* Solution:       solution1
* Product family: zynq
* Target device:  xc7z020-clg400-1


================================================================
== Performance Estimates
================================================================
+ Timing: 
    * Summary: 
    +--------+----------+-----------+------------+
    |  Clock |  Target  | Estimated | Uncertainty|
    +--------+----------+-----------+------------+
    |ap_clk  | 50.00 ns | 18.685 ns |   6.25 ns  |
    +--------+----------+-----------+------------+

+ Latency: 
    * Summary: 
    +---------+---------+----------+----------+-----+-------+---------+
    |  Latency (cycles) |  Latency (absolute) |   Interval  | Pipeline|
    |   min   |   max   |    min   |    max   | min |  max  |   Type  |
    +---------+---------+----------+----------+-----+-------+---------+
    |       50|    30050| 2.500 us | 1.502 ms |   50|  30050|   none  |
    +---------+---------+----------+----------+-----+-------+---------+

    + Detail: 
        * Instance: 
        +-------------------------------+--------------------+---------+---------+-----------+-----------+------+------+----------+
        |                               |                    |  Latency (cycles) |   Latency (absolute)  |   Interval  | Pipeline |
        |            Instance           |       Module       |   min   |   max   |    min    |    max    |  min |  max |   Type   |
        +-------------------------------+--------------------+---------+---------+-----------+-----------+------+------+----------+
        |grp_get_centroid_fh_fu_350     |get_centroid_fh     |     1540|     1574| 77.000 us | 78.700 us |  1538|  1538| dataflow |
        |grp_extract_micro_roi_fu_360   |extract_micro_roi   |      783|      783| 39.150 us | 39.150 us |   783|   783|   none   |
        |grp_get_last_centroids_fu_371  |get_last_centroids  |        8|        8|  0.400 us |  0.400 us |     9|     9| dataflow |
        +-------------------------------+--------------------+---------+---------+-----------+-----------+------+------+----------+

        * Loop: 
        +----------------------------------------+---------+---------+----------+-----------+-----------+------+----------+
        |                                        |  Latency (cycles) | Iteration|  Initiation Interval  | Trip |          |
        |                Loop Name               |   min   |   max   |  Latency |  achieved |   target  | Count| Pipelined|
        +----------------------------------------+---------+---------+----------+-----------+-----------+------+----------+
        |- extract_third_and_fourth_c_label13_L  |       49|    30049| 4 ~ 2504 |          -|          -|    12|    no    |
        | + least_squares_line_label10           |       60|       60|         5|          -|          -|    12|    no    |
        +----------------------------------------+---------+---------+----------+-----------+-----------+------+----------+



================================================================
== Utilization Estimates
================================================================
* Summary: 
+-----------------+---------+-------+--------+-------+-----+
|       Name      | BRAM_18K| DSP48E|   FF   |  LUT  | URAM|
+-----------------+---------+-------+--------+-------+-----+
|DSP              |        -|      2|       -|      -|    -|
|Expression       |        -|     12|       0|   1335|    -|
|FIFO             |        -|      -|       -|      -|    -|
|Instance         |        0|      -|    2834|   3205|    -|
|Memory           |        1|      -|     136|      5|    0|
|Multiplexer      |        -|      -|       -|    601|    -|
|Register         |        -|      -|     648|      -|    -|
+-----------------+---------+-------+--------+-------+-----+
|Total            |        1|     14|    3618|   5146|    0|
+-----------------+---------+-------+--------+-------+-----+
|Available        |      280|    220|  106400|  53200|    0|
+-----------------+---------+-------+--------+-------+-----+
|Utilization (%)  |    ~0   |      6|       3|      9|    0|
+-----------------+---------+-------+--------+-------+-----+

+ Detail: 
    * Instance: 
    +-------------------------------+----------------------+---------+-------+------+------+-----+
    |            Instance           |        Module        | BRAM_18K| DSP48E|  FF  |  LUT | URAM|
    +-------------------------------+----------------------+---------+-------+------+------+-----+
    |grp_extract_micro_roi_fu_360   |extract_micro_roi     |        0|      0|    41|   182|    0|
    |grp_get_centroid_fh_fu_350     |get_centroid_fh       |        0|      0|  1200|  1918|    0|
    |grp_get_last_centroids_fu_371  |get_last_centroids    |        0|      0|    26|   160|    0|
    |ip_accel_app_sdivNgs_U402      |ip_accel_app_sdivNgs  |        0|      0|   779|   469|    0|
    |ip_accel_app_udivOgC_U403      |ip_accel_app_udivOgC  |        0|      0|   394|   238|    0|
    |ip_accel_app_udivOgC_U404      |ip_accel_app_udivOgC  |        0|      0|   394|   238|    0|
    +-------------------------------+----------------------+---------+-------+------+------+-----+
    |Total                          |                      |        0|      0|  2834|  3205|    0|
    +-------------------------------+----------------------+---------+-------+------+------+-----+

    * DSP48E: 
    +---------------------------+----------------------+--------------+
    |          Instance         |        Module        |  Expression  |
    +---------------------------+----------------------+--------------+
    |ip_accel_app_mac_PgM_U405  |ip_accel_app_mac_PgM  | i0 + i1 * i1 |
    |ip_accel_app_mul_QgW_U406  |ip_accel_app_mul_QgW  |    i0 * i1   |
    +---------------------------+----------------------+--------------+

    * Memory: 
    +----------------------+----------------------+---------+----+----+-----+------+-----+------+-------------+
    |        Memory        |        Module        | BRAM_18K| FF | LUT| URAM| Words| Bits| Banks| W*Bits*Banks|
    +----------------------+----------------------+---------+----+----+-----+------+-----+------+-------------+
    |segments647_U         |extract_third_andKfY  |        0|  40|   2|    0|    13|    8|     1|          104|
    |last_c_U              |extract_third_andLf8  |        0|  96|   3|    0|     4|   48|     1|          192|
    |micro_roi_2_data_V_U  |extract_third_andMgi  |        1|   0|   0|    0|   736|    8|     1|         5888|
    +----------------------+----------------------+---------+----+----+-----+------+-----+------+-------------+
    |Total                 |                      |        1| 136|   5|    0|   753|   64|     3|         6184|
    +----------------------+----------------------+---------+----+----+-----+------+-----+------+-------------+

    * FIFO: 
    N/A

    * Expression: 
    +------------------------------------------------+----------+-------+---+----+------------+------------+
    |                  Variable Name                 | Operation| DSP48E| FF| LUT| Bitwidth P0| Bitwidth P1|
    +------------------------------------------------+----------+-------+---+----+------------+------------+
    |mul_ln190_fu_790_p2                             |     *    |      2|  0|  20|          16|          32|
    |mul_ln731_2_fu_697_p2                           |     *    |      4|  0|  20|          32|          32|
    |mul_ln731_3_fu_707_p2                           |     *    |      0|  0|  20|          32|           3|
    |mul_ln731_4_fu_716_p2                           |     *    |      4|  0|  20|          32|          32|
    |mul_ln731_fu_680_p2                             |     *    |      0|  0|  20|          32|           3|
    |r_V_fu_850_p2                                   |     *    |      2|  0|  20|          32|          24|
    |add_ln253_fu_445_p2                             |     +    |      0|  0|  13|           1|           4|
    |add_ln256_fu_392_p2                             |     +    |      0|  0|  12|           2|           3|
    |add_ln268_fu_1025_p2                            |     +    |      0|  0|  23|          16|          16|
    |add_ln272_1_fu_1047_p2                          |     +    |      0|  0|  13|           4|           4|
    |add_ln272_fu_1057_p2                            |     +    |      0|  0|  15|           5|           5|
    |add_ln703_fu_451_p2                             |     +    |      0|  0|  12|          10|          12|
    |add_ln851_6_fu_962_p2                           |     +    |      0|  0|  39|           1|          32|
    |add_ln851_fu_884_p2                             |     +    |      0|  0|  39|           1|          32|
    |i_fu_660_p2                                     |     +    |      0|  0|  13|           4|           1|
    |line_index_fu_1071_p2                           |     +    |      0|  0|  12|           3|           1|
    |ret_V_fu_929_p2                                 |     +    |      0|  0|  48|          41|          41|
    |seg_index_fu_457_p2                             |     +    |      0|  0|  12|           1|           3|
    |sum_x_fu_768_p2                                 |     +    |      0|  0|  39|          32|          32|
    |sum_xy_fu_796_p2                                |     +    |      0|  0|  39|          32|          32|
    |sum_y_fu_784_p2                                 |     +    |      0|  0|  39|          32|          32|
    |y_right_fu_993_p2                               |     +    |      0|  0|  39|          32|          32|
    |p_Val2_30_fu_906_p2                             |     -    |      0|  0|  39|          32|          32|
    |sub_ln254_1_fu_501_p2                           |     -    |      0|  0|  15|           5|           5|
    |sub_ln254_fu_427_p2                             |     -    |      0|  0|  15|           5|           5|
    |sub_ln271_1_fu_1039_p2                          |     -    |      0|  0|  23|          16|          16|
    |sub_ln271_2_fu_608_p2                           |     -    |      0|  0|  15|           8|           8|
    |sub_ln271_fu_433_p2                             |     -    |      0|  0|  15|           8|           8|
    |sub_ln731_4_fu_728_p2                           |     -    |      0|  0|  55|          48|          48|
    |sub_ln731_fu_722_p2                             |     -    |      0|  0|  55|          48|          48|
    |y_left_fu_988_p2                                |     -    |      0|  0|  39|          32|          32|
    |icmp_ln186_fu_654_p2                            |   icmp   |      0|  0|   9|           4|           4|
    |icmp_ln187_fu_666_p2                            |   icmp   |      0|  0|   9|           4|           4|
    |icmp_ln253_fu_439_p2                            |   icmp   |      0|  0|   9|           4|           4|
    |icmp_ln258_fu_463_p2                            |   icmp   |      0|  0|   9|           3|           3|
    |icmp_ln267_fu_1006_p2                           |   icmp   |      0|  0|  18|          32|           9|
    |icmp_ln851_7_fu_868_p2                          |   icmp   |      0|  0|  11|           8|           1|
    |icmp_ln851_fu_946_p2                            |   icmp   |      0|  0|  11|           8|           1|
    |ap_sync_grp_get_centroid_fh_fu_350_ap_done      |    or    |      0|  0|   2|           1|           1|
    |ap_sync_grp_get_centroid_fh_fu_350_ap_ready     |    or    |      0|  0|   2|           1|           1|
    |ap_sync_grp_get_last_centroids_fu_371_ap_done   |    or    |      0|  0|   2|           1|           1|
    |ap_sync_grp_get_last_centroids_fu_371_ap_ready  |    or    |      0|  0|   2|           1|           1|
    |select_ln253_1_fu_507_p3                        |  select  |      0|  0|   5|           1|           5|
    |select_ln253_2_fu_520_p3                        |  select  |      0|  0|   3|           1|           3|
    |select_ln253_3_fu_553_p3                        |  select  |      0|  0|   3|           1|           3|
    |select_ln253_4_fu_614_p3                        |  select  |      0|  0|   8|           1|           8|
    |select_ln253_5_fu_561_p3                        |  select  |      0|  0|   3|           1|           3|
    |select_ln253_6_fu_573_p3                        |  select  |      0|  0|  64|           1|          64|
    |select_ln253_7_fu_581_p3                        |  select  |      0|  0|  64|           1|          64|
    |select_ln253_8_fu_588_p3                        |  select  |      0|  0|  12|           1|          12|
    |select_ln253_fu_469_p3                          |  select  |      0|  0|   3|           1|           1|
    |select_ln268_1_fu_1030_p3                       |  select  |      0|  0|  16|           1|           9|
    |select_ln268_fu_1016_p3                         |  select  |      0|  0|  16|           1|           1|
    |select_ln850_fu_898_p3                          |  select  |      0|  0|  32|           1|          32|
    |select_ln851_6_fu_968_p3                        |  select  |      0|  0|  32|           1|          32|
    |select_ln851_fu_890_p3                          |  select  |      0|  0|  32|           1|          32|
    |sum_x_1_fu_802_p3                               |  select  |      0|  0|  32|           1|          32|
    |sum_xx_1_fu_823_p3                              |  select  |      0|  0|  32|           1|          32|
    |sum_xy_1_fu_816_p3                              |  select  |      0|  0|  32|           1|          32|
    |sum_y_1_fu_809_p3                               |  select  |      0|  0|  32|           1|          32|
    |y_temp_fu_976_p3                                |  select  |      0|  0|  32|           1|          32|
    +------------------------------------------------+----------+-------+---+----+------------+------------+
    |Total                                           |          |     12|  0|1335|         681|        1069|
    +------------------------------------------------+----------+-------+---+----+------------+------------+

    * Multiplexer: 
    +-----------------------------+-----+-----------+-----+-----------+
    |             Name            | LUT | Input Size| Bits| Total Bits|
    +-----------------------------+-----+-----------+-----+-----------+
    |ap_NS_fsm                    |  373|         85|    1|         85|
    |centroids_address0           |   15|          3|    7|         21|
    |centroids_ce0                |   15|          3|    1|          3|
    |eroded_data_V_read           |    9|          2|    1|          2|
    |i_0_i_reg_339                |    9|          2|    4|          8|
    |indvar_flatten_reg_258       |    9|          2|    4|          8|
    |last_c_address0              |   15|          3|    2|          6|
    |last_c_ce0                   |   15|          3|    1|          3|
    |last_c_we0                   |    9|          2|    1|          2|
    |line_index_0_reg_280         |    9|          2|    3|          6|
    |micro_roi_2_data_V_address0  |   15|          3|   10|         30|
    |micro_roi_2_data_V_ce0       |   15|          3|    1|          3|
    |micro_roi_2_data_V_we0       |    9|          2|    1|          2|
    |p_Val2_s_reg_269             |    9|          2|   12|         24|
    |seg_index_0_reg_246          |    9|          2|    3|          6|
    |segments647_address0         |   15|          3|    4|         12|
    |segments647_address1         |   15|          3|    4|         12|
    |sum_x_0_i_reg_291            |    9|          2|   32|         64|
    |sum_xx_0_i_reg_327           |    9|          2|   32|         64|
    |sum_xy_0_i_reg_315           |    9|          2|   32|         64|
    |sum_y_0_i_reg_303            |    9|          2|   32|         64|
    +-----------------------------+-----+-----------+-----+-----------+
    |Total                        |  601|        133|  188|        489|
    +-----------------------------+-----+-----------+-----+-----------+

    * Register: 
    +----------------------------------------------------+----+----+-----+-----------+
    |                        Name                        | FF | LUT| Bits| Const Bits|
    +----------------------------------------------------+----+----+-----+-----------+
    |add_ln253_reg_1137                                  |   4|   0|    4|          0|
    |add_ln256_reg_1103                                  |   3|   0|    3|          0|
    |ap_CS_fsm                                           |  84|   0|   84|          0|
    |ap_sync_reg_grp_get_centroid_fh_fu_350_ap_done      |   1|   0|    1|          0|
    |ap_sync_reg_grp_get_centroid_fh_fu_350_ap_ready     |   1|   0|    1|          0|
    |ap_sync_reg_grp_get_last_centroids_fu_371_ap_done   |   1|   0|    1|          0|
    |ap_sync_reg_grp_get_last_centroids_fu_371_ap_ready  |   1|   0|    1|          0|
    |c_fu_122                                            |  48|   0|   48|          0|
    |grp_extract_micro_roi_fu_360_ap_start_reg           |   1|   0|    1|          0|
    |grp_get_centroid_fh_fu_350_ap_start_reg             |   1|   0|    1|          0|
    |grp_get_last_centroids_fu_371_ap_start_reg          |   1|   0|    1|          0|
    |i_0_i_reg_339                                       |   4|   0|    4|          0|
    |i_reg_1267                                          |   4|   0|    4|          0|
    |icmp_ln187_reg_1272                                 |   1|   0|    1|          0|
    |icmp_ln258_reg_1142                                 |   1|   0|    1|          0|
    |indvar_flatten_reg_258                              |   4|   0|    4|          0|
    |line_index_0_reg_280                                |   3|   0|    3|          0|
    |p_Val2_30_reg_1331                                  |  32|   0|   32|          0|
    |p_Val2_s_reg_269                                    |  12|   0|   12|          0|
    |reg_383                                             |   8|   0|    8|          0|
    |seg_index_0_reg_246                                 |   3|   0|    3|          0|
    |select_ln253_1_reg_1154                             |   4|   0|    5|          1|
    |select_ln253_2_reg_1164                             |   3|   0|    3|          0|
    |select_ln253_3_reg_1174                             |   3|   0|    3|          0|
    |select_ln253_4_reg_1217                             |   8|   0|    8|          0|
    |select_ln253_5_reg_1179                             |   3|   0|    3|          0|
    |select_ln253_8_reg_1201                             |  12|   0|   12|          0|
    |select_ln253_reg_1147                               |   3|   0|    3|          0|
    |select_ln268_1_reg_1348                             |  16|   0|   16|          0|
    |select_ln268_reg_1341                               |  16|   0|   16|          0|
    |sub_ln271_1_reg_1354                                |  16|   0|   16|          0|
    |sub_ln271_reg_1129                                  |   8|   0|    8|          0|
    |sum_x_0_i_reg_291                                   |  32|   0|   32|          0|
    |sum_x_1_reg_1301                                    |  32|   0|   32|          0|
    |sum_xx_0_i_reg_327                                  |  32|   0|   32|          0|
    |sum_xy_0_i_reg_315                                  |  32|   0|   32|          0|
    |sum_xy_1_reg_1311                                   |  32|   0|   32|          0|
    |sum_y_0_i_reg_303                                   |  32|   0|   32|          0|
    |sum_y_1_reg_1306                                    |  32|   0|   32|          0|
    |tmp_V_reg_1326                                      |  32|   0|   32|          0|
    |tmp_reg_1260                                        |   1|   0|    1|          0|
    |trunc_ln254_reg_1098                                |   2|   0|    2|          0|
    |udiv_ln196_reg_1321                                 |  32|   0|   32|          0|
    |zext_ln253_1_reg_1222                               |   8|   0|   32|         24|
    |zext_ln253_2_reg_1237                               |   3|   0|    4|          1|
    |zext_ln253_3_reg_1243                               |   3|   0|   35|         32|
    |zext_ln253_4_reg_1249                               |   3|   0|   32|         29|
    |zext_ln253_5_reg_1255                               |   4|   0|   16|         12|
    |zext_ln253_8_reg_1227                               |   8|   0|   10|          2|
    |zext_ln253_9_reg_1232                               |   8|   0|   10|          2|
    |zext_ln253_reg_1211                                 |   4|   0|   32|         28|
    |zext_ln256_1_reg_1118                               |   3|   0|   64|         61|
    |zext_ln256_reg_1108                                 |   3|   0|   64|         61|
    +----------------------------------------------------+----+----+-----+-----------+
    |Total                                               | 648|   0|  901|        253|
    +----------------------------------------------------+----+----+-----+-----------+



================================================================
== Interface
================================================================
* Summary: 
+----------------------------+-----+-----+------------+------------------------+--------------+
|          RTL Ports         | Dir | Bits|  Protocol  |      Source Object     |    C Type    |
+----------------------------+-----+-----+------------+------------------------+--------------+
|ap_clk                      |  in |    1| ap_ctrl_hs | extract_third_and_fo.1 | return value |
|ap_rst                      |  in |    1| ap_ctrl_hs | extract_third_and_fo.1 | return value |
|ap_start                    |  in |    1| ap_ctrl_hs | extract_third_and_fo.1 | return value |
|ap_done                     | out |    1| ap_ctrl_hs | extract_third_and_fo.1 | return value |
|ap_idle                     | out |    1| ap_ctrl_hs | extract_third_and_fo.1 | return value |
|ap_ready                    | out |    1| ap_ctrl_hs | extract_third_and_fo.1 | return value |
|line_bases_active_address0  | out |    3|  ap_memory |    line_bases_active   |     array    |
|line_bases_active_ce0       | out |    1|  ap_memory |    line_bases_active   |     array    |
|line_bases_active_q0        |  in |   17|  ap_memory |    line_bases_active   |     array    |
|eroded_data_V_dout          |  in |    8|   ap_fifo  |      eroded_data_V     |    pointer   |
|eroded_data_V_empty_n       |  in |    1|   ap_fifo  |      eroded_data_V     |    pointer   |
|eroded_data_V_read          | out |    1|   ap_fifo  |      eroded_data_V     |    pointer   |
|centroids_address0          | out |    7|  ap_memory |        centroids       |     array    |
|centroids_ce0               | out |    1|  ap_memory |        centroids       |     array    |
|centroids_we0               | out |    1|  ap_memory |        centroids       |     array    |
|centroids_d0                | out |   48|  ap_memory |        centroids       |     array    |
|centroids_q0                |  in |   48|  ap_memory |        centroids       |     array    |
+----------------------------+-----+-----+------------+------------------------+--------------+

