

================================================================
== Vivado HLS Report for 'extract_channels'
================================================================
* Date:           Wed Mar 18 11:35:34 2020

* Version:        2019.2.1 (Build 2724168 on Thu Dec 05 05:19:09 MST 2019)
* Project:        WeedD
* Solution:       solution1
* Product family: zynq
* Target device:  xc7z020-clg400-1


================================================================
== Performance Estimates
================================================================
+ Timing: 
    * Summary: 
    +--------+----------+-----------+------------+
    |  Clock |  Target  | Estimated | Uncertainty|
    +--------+----------+-----------+------------+
    |ap_clk  | 50.00 ns | 14.141 ns |   6.25 ns  |
    +--------+----------+-----------+------------+

+ Latency: 
    * Summary: 
    +---------+---------+----------+----------+-------+-------+----------+
    |  Latency (cycles) |  Latency (absolute) |    Interval   | Pipeline |
    |   min   |   max   |    min   |    max   |  min  |  max  |   Type   |
    +---------+---------+----------+----------+-------+-------+----------+
    |    58142|    58142| 2.907 ms | 2.907 ms |  58143|  58143| dataflow |
    +---------+---------+----------+----------+-------+-------+----------+

    + Detail: 
        * Instance: 
        +----------------------+-------------------+---------+---------+----------+----------+-------+-------+---------+
        |                      |                   |  Latency (cycles) |  Latency (absolute) |    Interval   | Pipeline|
        |       Instance       |       Module      |   min   |   max   |    min   |    max   |  min  |  max  |   Type  |
        +----------------------+-------------------+---------+---------+----------+----------+-------+-------+---------+
        |extractChannel432_U0  |extractChannel432  |    58142|    58142| 2.907 ms | 2.907 ms |  58142|  58142|   none  |
        |extractChannel433_U0  |extractChannel433  |    58142|    58142| 2.907 ms | 2.907 ms |  58142|  58142|   none  |
        |extractChannel434_U0  |extractChannel434  |    58142|    58142| 2.907 ms | 2.907 ms |  58142|  58142|   none  |
        +----------------------+-------------------+---------+---------+----------+----------+-------+-------+---------+

        * Loop: 
        N/A



================================================================
== Utilization Estimates
================================================================
* Summary: 
+-----------------+---------+-------+--------+-------+-----+
|       Name      | BRAM_18K| DSP48E|   FF   |  LUT  | URAM|
+-----------------+---------+-------+--------+-------+-----+
|DSP              |        -|      -|       -|      -|    -|
|Expression       |        -|      -|       0|     50|    -|
|FIFO             |        -|      -|       -|      -|    -|
|Instance         |        -|      -|     120|   1857|    -|
|Memory           |        -|      -|       -|      -|    -|
|Multiplexer      |        -|      -|       -|     54|    -|
|Register         |        -|      -|       9|      -|    -|
+-----------------+---------+-------+--------+-------+-----+
|Total            |        0|      0|     129|   1961|    0|
+-----------------+---------+-------+--------+-------+-----+
|Available        |      280|    220|  106400|  53200|    0|
+-----------------+---------+-------+--------+-------+-----+
|Utilization (%)  |        0|      0|   ~0   |      3|    0|
+-----------------+---------+-------+--------+-------+-----+

+ Detail: 
    * Instance: 
    +----------------------+-------------------+---------+-------+----+-----+-----+
    |       Instance       |       Module      | BRAM_18K| DSP48E| FF | LUT | URAM|
    +----------------------+-------------------+---------+-------+----+-----+-----+
    |extractChannel432_U0  |extractChannel432  |        0|      0|  40|  619|    0|
    |extractChannel433_U0  |extractChannel433  |        0|      0|  40|  619|    0|
    |extractChannel434_U0  |extractChannel434  |        0|      0|  40|  619|    0|
    +----------------------+-------------------+---------+-------+----+-----+-----+
    |Total                 |                   |        0|      0| 120| 1857|    0|
    +----------------------+-------------------+---------+-------+----+-----+-----+

    * DSP48E: 
    N/A

    * Memory: 
    N/A

    * FIFO: 
    N/A

    * Expression: 
    +---------------------------------------+----------+-------+---+----+------------+------------+
    |             Variable Name             | Operation| DSP48E| FF| LUT| Bitwidth P0| Bitwidth P1|
    +---------------------------------------+----------+-------+---+----+------------+------------+
    |extractChannel432_U0_ap_ready_count    |     +    |      0|  0|  10|           2|           1|
    |extractChannel433_U0_ap_ready_count    |     +    |      0|  0|  10|           2|           1|
    |extractChannel434_U0_ap_ready_count    |     +    |      0|  0|  10|           2|           1|
    |ap_idle                                |    and   |      0|  0|   2|           1|           1|
    |ap_sync_continue                       |    and   |      0|  0|   2|           1|           1|
    |ap_sync_done                           |    and   |      0|  0|   2|           1|           1|
    |ap_sync_ready                          |    and   |      0|  0|   2|           1|           1|
    |extractChannel432_U0_ap_start          |    and   |      0|  0|   2|           1|           1|
    |extractChannel433_U0_ap_start          |    and   |      0|  0|   2|           1|           1|
    |extractChannel434_U0_ap_start          |    and   |      0|  0|   2|           1|           1|
    |ap_sync_extractChannel432_U0_ap_ready  |    or    |      0|  0|   2|           1|           1|
    |ap_sync_extractChannel433_U0_ap_ready  |    or    |      0|  0|   2|           1|           1|
    |ap_sync_extractChannel434_U0_ap_ready  |    or    |      0|  0|   2|           1|           1|
    +---------------------------------------+----------+-------+---+----+------------+------------+
    |Total                                  |          |      0|  0|  50|          16|          13|
    +---------------------------------------+----------+-------+---+----+------------+------------+

    * Multiplexer: 
    +-------------------------------------------+----+-----------+-----+-----------+
    |                    Name                   | LUT| Input Size| Bits| Total Bits|
    +-------------------------------------------+----+-----------+-----+-----------+
    |ap_sync_reg_extractChannel432_U0_ap_ready  |   9|          2|    1|          2|
    |ap_sync_reg_extractChannel433_U0_ap_ready  |   9|          2|    1|          2|
    |ap_sync_reg_extractChannel434_U0_ap_ready  |   9|          2|    1|          2|
    |extractChannel432_U0_ap_ready_count        |   9|          2|    2|          4|
    |extractChannel433_U0_ap_ready_count        |   9|          2|    2|          4|
    |extractChannel434_U0_ap_ready_count        |   9|          2|    2|          4|
    +-------------------------------------------+----+-----------+-----+-----------+
    |Total                                      |  54|         12|    9|         18|
    +-------------------------------------------+----+-----------+-----+-----------+

    * Register: 
    +-------------------------------------------+---+----+-----+-----------+
    |                    Name                   | FF| LUT| Bits| Const Bits|
    +-------------------------------------------+---+----+-----+-----------+
    |ap_sync_reg_extractChannel432_U0_ap_ready  |  1|   0|    1|          0|
    |ap_sync_reg_extractChannel433_U0_ap_ready  |  1|   0|    1|          0|
    |ap_sync_reg_extractChannel434_U0_ap_ready  |  1|   0|    1|          0|
    |extractChannel432_U0_ap_ready_count        |  2|   0|    2|          0|
    |extractChannel433_U0_ap_ready_count        |  2|   0|    2|          0|
    |extractChannel434_U0_ap_ready_count        |  2|   0|    2|          0|
    +-------------------------------------------+---+----+-----+-----------+
    |Total                                      |  9|   0|    9|          0|
    +-------------------------------------------+---+----+-----+-----------+



================================================================
== Interface
================================================================
* Summary: 
+-------------------------+-----+-----+------------+------------------+--------------+
|        RTL Ports        | Dir | Bits|  Protocol  |   Source Object  |    C Type    |
+-------------------------+-----+-----+------------+------------------+--------------+
|img_in_0_data_V_dout     |  in |   24|   ap_fifo  |  img_in_0_data_V |    pointer   |
|img_in_0_data_V_empty_n  |  in |    1|   ap_fifo  |  img_in_0_data_V |    pointer   |
|img_in_0_data_V_read     | out |    1|   ap_fifo  |  img_in_0_data_V |    pointer   |
|img_in_1_data_V_dout     |  in |   24|   ap_fifo  |  img_in_1_data_V |    pointer   |
|img_in_1_data_V_empty_n  |  in |    1|   ap_fifo  |  img_in_1_data_V |    pointer   |
|img_in_1_data_V_read     | out |    1|   ap_fifo  |  img_in_1_data_V |    pointer   |
|img_in_2_data_V_dout     |  in |   24|   ap_fifo  |  img_in_2_data_V |    pointer   |
|img_in_2_data_V_empty_n  |  in |    1|   ap_fifo  |  img_in_2_data_V |    pointer   |
|img_in_2_data_V_read     | out |    1|   ap_fifo  |  img_in_2_data_V |    pointer   |
|r_channel_data_V_din     | out |    8|   ap_fifo  | r_channel_data_V |    pointer   |
|r_channel_data_V_full_n  |  in |    1|   ap_fifo  | r_channel_data_V |    pointer   |
|r_channel_data_V_write   | out |    1|   ap_fifo  | r_channel_data_V |    pointer   |
|g_channel_data_V_din     | out |    8|   ap_fifo  | g_channel_data_V |    pointer   |
|g_channel_data_V_full_n  |  in |    1|   ap_fifo  | g_channel_data_V |    pointer   |
|g_channel_data_V_write   | out |    1|   ap_fifo  | g_channel_data_V |    pointer   |
|b_channel_data_V_din     | out |    8|   ap_fifo  | b_channel_data_V |    pointer   |
|b_channel_data_V_full_n  |  in |    1|   ap_fifo  | b_channel_data_V |    pointer   |
|b_channel_data_V_write   | out |    1|   ap_fifo  | b_channel_data_V |    pointer   |
|ap_clk                   |  in |    1| ap_ctrl_hs | extract_channels | return value |
|ap_rst                   |  in |    1| ap_ctrl_hs | extract_channels | return value |
|ap_start                 |  in |    1| ap_ctrl_hs | extract_channels | return value |
|ap_done                  | out |    1| ap_ctrl_hs | extract_channels | return value |
|ap_ready                 | out |    1| ap_ctrl_hs | extract_channels | return value |
|ap_idle                  | out |    1| ap_ctrl_hs | extract_channels | return value |
|ap_continue              |  in |    1| ap_ctrl_hs | extract_channels | return value |
+-------------------------+-----+-----+------------+------------------+--------------+

