

================================================================
== Vivado HLS Report for 'get_exg_image'
================================================================
* Date:           Wed Mar 18 11:35:40 2020

* Version:        2019.2.1 (Build 2724168 on Thu Dec 05 05:19:09 MST 2019)
* Project:        WeedD
* Solution:       solution1
* Product family: zynq
* Target device:  xc7z020-clg400-1


================================================================
== Performance Estimates
================================================================
+ Timing: 
    * Summary: 
    +--------+----------+-----------+------------+
    |  Clock |  Target  | Estimated | Uncertainty|
    +--------+----------+-----------+------------+
    |ap_clk  | 50.00 ns | 43.397 ns |   6.25 ns  |
    +--------+----------+-----------+------------+

+ Latency: 
    * Summary: 
    +---------+---------+-----------+-----------+---------+---------+---------+
    |  Latency (cycles) |   Latency (absolute)  |      Interval     | Pipeline|
    |   min   |   max   |    min    |    max    |   min   |   max   |   Type  |
    +---------+---------+-----------+-----------+---------+---------+---------+
    |  2419201|  2419201| 0.121 sec | 0.121 sec |  2419201|  2419201|   none  |
    +---------+---------+-----------+-----------+---------+---------+---------+

    + Detail: 
        * Instance: 
        N/A

        * Loop: 
        +------------------------+---------+---------+----------+-----------+-----------+-------+----------+
        |                        |  Latency (cycles) | Iteration|  Initiation Interval  |  Trip |          |
        |        Loop Name       |   min   |   max   |  Latency |  achieved |   target  | Count | Pipelined|
        +------------------------+---------+---------+----------+-----------+-----------+-------+----------+
        |- get_exg_image_label4  |  2419200|  2419200|        42|          -|          -|  57600|    no    |
        +------------------------+---------+---------+----------+-----------+-----------+-------+----------+



================================================================
== Utilization Estimates
================================================================
* Summary: 
+-----------------+---------+-------+--------+-------+-----+
|       Name      | BRAM_18K| DSP48E|   FF   |  LUT  | URAM|
+-----------------+---------+-------+--------+-------+-----+
|DSP              |        -|      -|       -|      -|    -|
|Expression       |        -|      -|      73|   1968|    -|
|FIFO             |        -|      -|       -|      -|    -|
|Instance         |        -|      -|    2115|   1278|    -|
|Memory           |        -|      -|       -|      -|    -|
|Multiplexer      |        -|      -|       -|    328|    -|
|Register         |        -|      -|     562|      -|    -|
+-----------------+---------+-------+--------+-------+-----+
|Total            |        0|      0|    2750|   3574|    0|
+-----------------+---------+-------+--------+-------+-----+
|Available        |      280|    220|  106400|  53200|    0|
+-----------------+---------+-------+--------+-------+-----+
|Utilization (%)  |        0|      0|       2|      6|    0|
+-----------------+---------+-------+--------+-------+-----+

+ Detail: 
    * Instance: 
    +---------------------------+----------------------+---------+-------+-----+-----+-----+
    |          Instance         |        Module        | BRAM_18K| DSP48E|  FF | LUT | URAM|
    +---------------------------+----------------------+---------+-------+-----+-----+-----+
    |ip_accel_app_sdivpcA_U182  |ip_accel_app_sdivpcA  |        0|      0|  394|  238|    0|
    |ip_accel_app_sdivpcA_U183  |ip_accel_app_sdivpcA  |        0|      0|  394|  238|    0|
    |ip_accel_app_sdivpcA_U184  |ip_accel_app_sdivpcA  |        0|      0|  394|  238|    0|
    |ip_accel_app_sdivqcK_U185  |ip_accel_app_sdivqcK  |        0|      0|  311|  188|    0|
    |ip_accel_app_sdivqcK_U186  |ip_accel_app_sdivqcK  |        0|      0|  311|  188|    0|
    |ip_accel_app_sdivqcK_U187  |ip_accel_app_sdivqcK  |        0|      0|  311|  188|    0|
    +---------------------------+----------------------+---------+-------+-----+-----+-----+
    |Total                      |                      |        0|      0| 2115| 1278|    0|
    +---------------------------+----------------------+---------+-------+-----+-----+-----+

    * DSP48E: 
    N/A

    * Memory: 
    N/A

    * FIFO: 
    N/A

    * Expression: 
    +---------------------------+----------+-------+----+-----+------------+------------+
    |       Variable Name       | Operation| DSP48E| FF | LUT | Bitwidth P0| Bitwidth P1|
    +---------------------------+----------+-------+----+-----+------------+------------+
    |add_ln954_fu_704_p2        |     +    |      0|   0|   39|           6|          32|
    |add_ln964_fu_790_p2        |     +    |      0|   0|   40|           8|           8|
    |i_fu_284_p2                |     +    |      0|   0|   23|          16|           1|
    |lsb_index_fu_596_p2        |     +    |      0|   0|   39|           6|          32|
    |m_1_fu_744_p2              |     +    |      0|   0|   39|          32|          32|
    |ret_V_15_fu_333_p2         |     +    |      0|   0|   14|          10|          10|
    |ret_V_19_fu_351_p2         |     +    |      0|   0|   13|          11|          11|
    |sh_amt_1_fu_898_p2         |     -    |      0|   0|   15|           1|           9|
    |sh_amt_fu_866_p2           |     -    |      0|   0|   15|           8|           9|
    |sub_ln461_fu_1062_p2       |     -    |      0|   0|   39|           1|          32|
    |sub_ln703_fu_450_p2        |     -    |      0|   0|   34|          27|          27|
    |sub_ln939_fu_488_p2        |     -    |      0|   0|   33|           1|          26|
    |sub_ln944_fu_590_p2        |     -    |      0|   0|   39|           6|          32|
    |sub_ln947_fu_622_p2        |     -    |      0|   0|   15|           5|           6|
    |sub_ln954_fu_716_p2        |     -    |      0|   0|   39|           5|          32|
    |sub_ln964_fu_784_p2        |     -    |      0|   0|   40|           6|           8|
    |tmp_V_9_fu_460_p2          |     -    |      0|   0|   34|          27|          27|
    |a_fu_650_p2                |    and   |      0|   0|    2|           1|           1|
    |and_ln282_fu_958_p2        |    and   |      0|   0|    2|           1|           1|
    |and_ln284_fu_984_p2        |    and   |      0|   0|    2|           1|           1|
    |and_ln285_1_fu_1048_p2     |    and   |      0|   0|    2|           1|           1|
    |and_ln285_fu_990_p2        |    and   |      0|   0|    2|           1|           1|
    |and_ln295_fu_1020_p2       |    and   |      0|   0|    2|           1|           1|
    |and_ln949_fu_678_p2        |    and   |      0|   0|    2|           1|           1|
    |p_Result_6_fu_638_p2       |    and   |      0|   0|   56|          56|          56|
    |tmp_i_fu_578_p3            |   cttz   |      0|  73|   71|          64|           0|
    |icmp_ln1494_fu_528_p2      |   icmp   |      0|   0|   29|          56|          56|
    |icmp_ln1495_fu_502_p2      |   icmp   |      0|   0|   29|          56|          56|
    |icmp_ln1498_fu_365_p2      |   icmp   |      0|   0|   13|          11|           1|
    |icmp_ln278_fu_860_p2       |   icmp   |      0|   0|   18|          31|           1|
    |icmp_ln282_fu_876_p2       |   icmp   |      0|   0|   11|           8|           8|
    |icmp_ln284_fu_886_p2       |   icmp   |      0|   0|   13|           9|           1|
    |icmp_ln285_fu_892_p2       |   icmp   |      0|   0|   13|           9|           5|
    |icmp_ln295_fu_918_p2       |   icmp   |      0|   0|    9|           3|           1|
    |icmp_ln40_fu_278_p2        |   icmp   |      0|   0|   13|          16|          14|
    |icmp_ln935_fu_474_p2       |   icmp   |      0|   0|   18|          27|          27|
    |icmp_ln947_1_fu_644_p2     |   icmp   |      0|   0|   29|          56|           1|
    |icmp_ln947_fu_612_p2       |   icmp   |      0|   0|   18|          31|           1|
    |icmp_ln954_fu_698_p2       |   icmp   |      0|   0|   18|          32|           1|
    |lshr_ln286_fu_924_p2       |   lshr   |      0|   0|   69|          24|          24|
    |lshr_ln947_fu_632_p2       |   lshr   |      0|   0|  166|           2|          56|
    |lshr_ln954_fu_710_p2       |   lshr   |      0|   0|  101|          32|          32|
    |ap_block_state1            |    or    |      0|   0|    2|           1|           1|
    |ap_block_state2            |    or    |      0|   0|    2|           1|           1|
    |or_ln282_fu_972_p2         |    or    |      0|   0|    2|           1|           1|
    |or_ln284_fu_1008_p2        |    or    |      0|   0|    2|           1|           1|
    |or_ln949_fu_684_p2         |    or    |      0|   0|    2|           1|           1|
    |denominator_V_1_fu_371_p3  |  select  |      0|   0|   19|           1|           9|
    |m_fu_736_p3                |  select  |      0|   0|   32|           1|          32|
    |reg_V_fu_815_p3            |  select  |      0|   0|   32|           1|           1|
    |select_ln278_fu_1034_p3    |  select  |      0|   0|   32|           1|           1|
    |select_ln282_fu_964_p3     |  select  |      0|   0|   24|           1|          24|
    |select_ln285_1_fu_1054_p3  |  select  |      0|   0|   32|           1|          32|
    |select_ln285_fu_996_p3     |  select  |      0|   0|   24|           1|          24|
    |select_ln288_fu_938_p3     |  select  |      0|   0|    2|           1|           2|
    |select_ln295_fu_1026_p3    |  select  |      0|   0|   32|           1|          32|
    |select_ln50_1_fu_520_p3    |  select  |      0|   0|   56|           1|          56|
    |select_ln50_fu_512_p3      |  select  |      0|   0|   29|           1|          29|
    |select_ln51_1_fu_546_p3    |  select  |      0|   0|   56|           1|          56|
    |select_ln51_fu_538_p3      |  select  |      0|   0|   28|           1|          28|
    |select_ln964_fu_772_p3     |  select  |      0|   0|    7|           1|           7|
    |tmp_V_10_fu_494_p3         |  select  |      0|   0|   26|           1|          26|
    |veg_img_data_V_din         |  select  |      0|   0|   32|           1|          32|
    |shl_ln297_fu_946_p2        |    shl   |      0|   0|  101|          32|          32|
    |shl_ln954_fu_726_p2        |    shl   |      0|   0|  166|          56|          56|
    |xor_ln278_fu_952_p2        |    xor   |      0|   0|    2|           1|           2|
    |xor_ln282_fu_978_p2        |    xor   |      0|   0|    2|           1|           2|
    |xor_ln284_fu_1014_p2       |    xor   |      0|   0|    2|           1|           2|
    |xor_ln285_fu_1042_p2       |    xor   |      0|   0|    2|           1|           2|
    |xor_ln949_fu_664_p2        |    xor   |      0|   0|    2|           1|           2|
    +---------------------------+----------+-------+----+-----+------------+------------+
    |Total                      |          |      0|  73| 1968|         820|        1176|
    +---------------------------+----------+-------+----+-----+------------+------------+

    * Multiplexer: 
    +----------------------------+-----+-----------+-----+-----------+
    |            Name            | LUT | Input Size| Bits| Total Bits|
    +----------------------------+-----+-----------+-----+-----------+
    |ap_NS_fsm                   |  193|         44|    1|         44|
    |ap_done                     |    9|          2|    1|          2|
    |b_channel_data_V_blk_n      |    9|          2|    1|          2|
    |g_channel_data_V_blk_n      |    9|          2|    1|          2|
    |i_0_i_reg_267               |    9|          2|   16|         32|
    |max_b_blk_n                 |    9|          2|    1|          2|
    |max_g_blk_n                 |    9|          2|    1|          2|
    |max_r_blk_n                 |    9|          2|    1|          2|
    |max_value_V_dc_0_reg_230    |    9|          2|   29|         58|
    |max_value_V_load_i_reg_255  |    9|          2|   56|        112|
    |max_value_V_out_blk_n       |    9|          2|    1|          2|
    |min_value_V_dc_0_reg_217    |    9|          2|   28|         56|
    |min_value_V_load_i_reg_243  |    9|          2|   56|        112|
    |min_value_V_out_blk_n       |    9|          2|    1|          2|
    |r_channel_data_V_blk_n      |    9|          2|    1|          2|
    |veg_img_data_V_blk_n        |    9|          2|    1|          2|
    +----------------------------+-----+-----------+-----+-----------+
    |Total                       |  328|         74|  196|        434|
    +----------------------------+-----+-----------+-----+-----------+

    * Register: 
    +----------------------------+----+----+-----+-----------+
    |            Name            | FF | LUT| Bits| Const Bits|
    +----------------------------+----+----+-----+-----------+
    |ap_CS_fsm                   |  43|   0|   43|          0|
    |ap_done_reg                 |   1|   0|    1|          0|
    |i_0_i_reg_267               |  16|   0|   16|          0|
    |i_reg_1095                  |  16|   0|   16|          0|
    |icmp_ln935_reg_1152         |   1|   0|    1|          0|
    |max_b_read_reg_1087         |  32|   0|   32|          0|
    |max_g_read_reg_1082         |  32|   0|   32|          0|
    |max_r_read_reg_1077         |  32|   0|   32|          0|
    |max_value_V_dc_0_reg_230    |  29|   0|   29|          0|
    |max_value_V_load_i_reg_255  |  56|   0|   56|          0|
    |min_value_V_dc_0_reg_217    |  28|   0|   28|          0|
    |min_value_V_load_i_reg_243  |  56|   0|   56|          0|
    |p_Result_9_reg_1157         |   1|   0|    1|          0|
    |select_ln50_1_reg_1173      |  56|   0|   56|          0|
    |select_ln50_reg_1168        |  29|   0|   29|          0|
    |select_ln51_1_reg_1183      |  56|   0|   56|          0|
    |select_ln51_reg_1178        |  28|   0|   28|          0|
    |tmp_V_10_reg_1162           |  26|   0|   26|          0|
    |tmp_V_7_reg_1100            |   8|   0|    8|          0|
    |tmp_V_8_reg_1120            |   8|   0|    8|          0|
    |tmp_V_reg_1110              |   8|   0|    8|          0|
    +----------------------------+----+----+-----+-----------+
    |Total                       | 562|   0|  562|          0|
    +----------------------------+----+----+-----+-----------+



================================================================
== Interface
================================================================
* Summary: 
+--------------------------+-----+-----+------------+------------------+--------------+
|         RTL Ports        | Dir | Bits|  Protocol  |   Source Object  |    C Type    |
+--------------------------+-----+-----+------------+------------------+--------------+
|ap_clk                    |  in |    1| ap_ctrl_hs |   get_exg_image  | return value |
|ap_rst                    |  in |    1| ap_ctrl_hs |   get_exg_image  | return value |
|ap_start                  |  in |    1| ap_ctrl_hs |   get_exg_image  | return value |
|ap_done                   | out |    1| ap_ctrl_hs |   get_exg_image  | return value |
|ap_continue               |  in |    1| ap_ctrl_hs |   get_exg_image  | return value |
|ap_idle                   | out |    1| ap_ctrl_hs |   get_exg_image  | return value |
|ap_ready                  | out |    1| ap_ctrl_hs |   get_exg_image  | return value |
|r_channel_data_V_dout     |  in |    8|   ap_fifo  | r_channel_data_V |    pointer   |
|r_channel_data_V_empty_n  |  in |    1|   ap_fifo  | r_channel_data_V |    pointer   |
|r_channel_data_V_read     | out |    1|   ap_fifo  | r_channel_data_V |    pointer   |
|g_channel_data_V_dout     |  in |    8|   ap_fifo  | g_channel_data_V |    pointer   |
|g_channel_data_V_empty_n  |  in |    1|   ap_fifo  | g_channel_data_V |    pointer   |
|g_channel_data_V_read     | out |    1|   ap_fifo  | g_channel_data_V |    pointer   |
|b_channel_data_V_dout     |  in |    8|   ap_fifo  | b_channel_data_V |    pointer   |
|b_channel_data_V_empty_n  |  in |    1|   ap_fifo  | b_channel_data_V |    pointer   |
|b_channel_data_V_read     | out |    1|   ap_fifo  | b_channel_data_V |    pointer   |
|max_r_dout                |  in |   32|   ap_fifo  |       max_r      |    pointer   |
|max_r_empty_n             |  in |    1|   ap_fifo  |       max_r      |    pointer   |
|max_r_read                | out |    1|   ap_fifo  |       max_r      |    pointer   |
|max_g_dout                |  in |   32|   ap_fifo  |       max_g      |    pointer   |
|max_g_empty_n             |  in |    1|   ap_fifo  |       max_g      |    pointer   |
|max_g_read                | out |    1|   ap_fifo  |       max_g      |    pointer   |
|max_b_dout                |  in |   32|   ap_fifo  |       max_b      |    pointer   |
|max_b_empty_n             |  in |    1|   ap_fifo  |       max_b      |    pointer   |
|max_b_read                | out |    1|   ap_fifo  |       max_b      |    pointer   |
|veg_img_data_V_din        | out |   32|   ap_fifo  |  veg_img_data_V  |    pointer   |
|veg_img_data_V_full_n     |  in |    1|   ap_fifo  |  veg_img_data_V  |    pointer   |
|veg_img_data_V_write      | out |    1|   ap_fifo  |  veg_img_data_V  |    pointer   |
|min_value_V_out_din       | out |   28|   ap_fifo  |  min_value_V_out |    pointer   |
|min_value_V_out_full_n    |  in |    1|   ap_fifo  |  min_value_V_out |    pointer   |
|min_value_V_out_write     | out |    1|   ap_fifo  |  min_value_V_out |    pointer   |
|max_value_V_out_din       | out |   29|   ap_fifo  |  max_value_V_out |    pointer   |
|max_value_V_out_full_n    |  in |    1|   ap_fifo  |  max_value_V_out |    pointer   |
|max_value_V_out_write     | out |    1|   ap_fifo  |  max_value_V_out |    pointer   |
+--------------------------+-----+-----+------------+------------------+--------------+

