

================================================================
== Vivado HLS Report for 'get_crop_lines'
================================================================
* Date:           Wed Mar 18 11:36:26 2020

* Version:        2019.2.1 (Build 2724168 on Thu Dec 05 05:19:09 MST 2019)
* Project:        WeedD
* Solution:       solution1
* Product family: zynq
* Target device:  xc7z020-clg400-1


================================================================
== Performance Estimates
================================================================
+ Timing: 
    * Summary: 
    +--------+----------+-----------+------------+
    |  Clock |  Target  | Estimated | Uncertainty|
    +--------+----------+-----------+------------+
    |ap_clk  | 50.00 ns | 18.685 ns |   6.25 ns  |
    +--------+----------+-----------+------------+

+ Latency: 
    * Summary: 
    +---------+---------+----------+-----------+--------+---------+---------+
    |  Latency (cycles) |  Latency (absolute)  |     Interval     | Pipeline|
    |   min   |   max   |    min   |    max    |   min  |   max   |   Type  |
    +---------+---------+----------+-----------+--------+---------+---------+
    |   135429|  2388939| 6.771 ms | 0.119 sec |  135429|  2388939|   none  |
    +---------+---------+----------+-----------+--------+---------+---------+

    + Detail: 
        * Instance: 
        +----------------------------+------------------+---------+---------+----------+-----------+--------+---------+---------+
        |                            |                  |  Latency (cycles) |  Latency (absolute)  |     Interval     | Pipeline|
        |          Instance          |      Module      |   min   |   max   |    min   |    max    |   min  |   max   |   Type  |
        +----------------------------+------------------+---------+---------+----------+-----------+--------+---------+---------+
        |grp_extr_half_1_cent_fu_48  |extr_half_1_cent  |       89|    58415| 4.450 us |  2.921 ms |      89|    58415|   none  |
        |grp_extr_half_2_cent_fu_62  |extr_half_2_cent  |      194|   120146| 9.700 us |  6.007 ms |     194|   120146|   none  |
        |grp_get_lines_lsl_fu_76     |get_lines_lsl     |       19|      691| 0.950 us | 34.550 us |      19|      691|   none  |
        |grp_get_line_bases_fu_88    |get_line_bases    |    19557|    20517| 0.978 ms |  1.026 ms |   19557|    20517|   none  |
        |grp_get_weed_mask_fu_100    |get_weed_mask     |   115561|  2189161| 5.778 ms | 0.109 sec |  115561|  2189161|   none  |
        +----------------------------+------------------+---------+---------+----------+-----------+--------+---------+---------+

        * Loop: 
        N/A



================================================================
== Utilization Estimates
================================================================
* Summary: 
+-----------------+---------+-------+--------+-------+-----+
|       Name      | BRAM_18K| DSP48E|   FF   |  LUT  | URAM|
+-----------------+---------+-------+--------+-------+-----+
|DSP              |        -|      -|       -|      -|    -|
|Expression       |        -|      -|       0|      2|    -|
|FIFO             |        -|      -|       -|      -|    -|
|Instance         |        6|     45|    9831|  16410|    0|
|Memory           |        3|      -|     114|      6|    0|
|Multiplexer      |        -|      -|       -|    293|    -|
|Register         |        -|      -|      18|      -|    -|
+-----------------+---------+-------+--------+-------+-----+
|Total            |        9|     45|    9963|  16711|    0|
+-----------------+---------+-------+--------+-------+-----+
|Available        |      280|    220|  106400|  53200|    0|
+-----------------+---------+-------+--------+-------+-----+
|Utilization (%)  |        3|     20|       9|     31|    0|
+-----------------+---------+-------+--------+-------+-----+

+ Detail: 
    * Instance: 
    +----------------------------+------------------+---------+-------+------+------+-----+
    |          Instance          |      Module      | BRAM_18K| DSP48E|  FF  |  LUT | URAM|
    +----------------------------+------------------+---------+-------+------+------+-----+
    |grp_extr_half_1_cent_fu_48  |extr_half_1_cent  |        3|     14|  5091|  8094|    0|
    |grp_extr_half_2_cent_fu_62  |extr_half_2_cent  |        1|     14|  2898|  4484|    0|
    |grp_get_line_bases_fu_88    |get_line_bases    |        2|      0|   310|  1035|    0|
    |grp_get_lines_lsl_fu_76     |get_lines_lsl     |        0|     16|  1336|  2119|    0|
    |grp_get_weed_mask_fu_100    |get_weed_mask     |        0|      1|   196|   678|    0|
    +----------------------------+------------------+---------+-------+------+------+-----+
    |Total                       |                  |        6|     45|  9831| 16410|    0|
    +----------------------------+------------------+---------+-------+------+------+-----+

    * DSP48E: 
    N/A

    * Memory: 
    +--------------+----------------------+---------+-----+----+-----+------+-----+------+-------------+
    |    Memory    |        Module        | BRAM_18K|  FF | LUT| URAM| Words| Bits| Banks| W*Bits*Banks|
    +--------------+----------------------+---------+-----+----+-----+------+-----+------+-------------+
    |centroids_U   |get_crop_lines_ce1iI  |        2|    0|   0|    0|    72|   48|     1|         3456|
    |line_bases_U  |get_crop_lines_li0iy  |        1|    0|   0|    0|     6|   17|     1|          102|
    |lines_U       |get_crop_lines_li2iS  |        0|  114|   6|    0|     6|   57|     1|          342|
    +--------------+----------------------+---------+-----+----+-----+------+-----+------+-------------+
    |Total         |                      |        3|  114|   6|    0|    84|  122|     3|         3900|
    +--------------+----------------------+---------+-----+----+-----+------+-----+------+-------------+

    * FIFO: 
    N/A

    * Expression: 
    +-----------------+----------+-------+---+----+------------+------------+
    |  Variable Name  | Operation| DSP48E| FF| LUT| Bitwidth P0| Bitwidth P1|
    +-----------------+----------+-------+---+----+------------+------------+
    |ap_block_state1  |    or    |      0|  0|   2|           1|           1|
    +-----------------+----------+-------+---+----+------------+------------+
    |Total            |          |      0|  0|   2|           1|           1|
    +-----------------+----------+-------+---+----+------------+------------+

    * Multiplexer: 
    +----------------------------+----+-----------+-----+-----------+
    |            Name            | LUT| Input Size| Bits| Total Bits|
    +----------------------------+----+-----------+-----+-----------+
    |ap_NS_fsm                   |  50|         11|    1|         11|
    |ap_done                     |   9|          2|    1|          2|
    |bottom_data_V_read          |   9|          2|    1|          2|
    |centroids_address0          |  21|          4|    7|         28|
    |centroids_ce0               |  21|          4|    1|          4|
    |centroids_d0                |  15|          3|   48|        144|
    |centroids_we0               |  15|          3|    1|          3|
    |eroded_data_V_read          |  15|          3|    1|          3|
    |line_bases_address0         |  27|          5|    3|         15|
    |line_bases_ce0              |  27|          5|    1|          5|
    |line_bases_ce1              |   9|          2|    1|          2|
    |line_bases_we0              |   9|          2|    1|          2|
    |line_bases_we1              |   9|          2|    1|          2|
    |lines_address0              |  15|          3|    3|          9|
    |lines_ce0                   |  15|          3|    1|          3|
    |lines_we0                   |   9|          2|    1|          2|
    |real_start                  |   9|          2|    1|          2|
    |weed_mask_tmp_data_V_write  |   9|          2|    1|          2|
    +----------------------------+----+-----------+-----+-----------+
    |Total                       | 293|         60|   75|        241|
    +----------------------------+----+-----------+-----+-----------+

    * Register: 
    +-----------------------------------------+----+----+-----+-----------+
    |                   Name                  | FF | LUT| Bits| Const Bits|
    +-----------------------------------------+----+----+-----+-----------+
    |ap_CS_fsm                                |  10|   0|   10|          0|
    |ap_done_reg                              |   1|   0|    1|          0|
    |grp_extr_half_1_cent_fu_48_ap_start_reg  |   1|   0|    1|          0|
    |grp_extr_half_2_cent_fu_62_ap_start_reg  |   1|   0|    1|          0|
    |grp_get_line_bases_fu_88_ap_start_reg    |   1|   0|    1|          0|
    |grp_get_lines_lsl_fu_76_ap_start_reg     |   1|   0|    1|          0|
    |grp_get_weed_mask_fu_100_ap_start_reg    |   1|   0|    1|          0|
    |lines_founded_reg_109                    |   1|   0|    1|          0|
    |start_once_reg                           |   1|   0|    1|          0|
    +-----------------------------------------+----+----+-----+-----------+
    |Total                                    |  18|   0|   18|          0|
    +-----------------------------------------+----+----+-----+-----------+



================================================================
== Interface
================================================================
* Summary: 
+-----------------------------+-----+-----+------------+----------------------+--------------+
|          RTL Ports          | Dir | Bits|  Protocol  |     Source Object    |    C Type    |
+-----------------------------+-----+-----+------------+----------------------+--------------+
|ap_clk                       |  in |    1| ap_ctrl_hs |    get_crop_lines    | return value |
|ap_rst                       |  in |    1| ap_ctrl_hs |    get_crop_lines    | return value |
|ap_start                     |  in |    1| ap_ctrl_hs |    get_crop_lines    | return value |
|start_full_n                 |  in |    1| ap_ctrl_hs |    get_crop_lines    | return value |
|ap_done                      | out |    1| ap_ctrl_hs |    get_crop_lines    | return value |
|ap_continue                  |  in |    1| ap_ctrl_hs |    get_crop_lines    | return value |
|ap_idle                      | out |    1| ap_ctrl_hs |    get_crop_lines    | return value |
|ap_ready                     | out |    1| ap_ctrl_hs |    get_crop_lines    | return value |
|start_out                    | out |    1| ap_ctrl_hs |    get_crop_lines    | return value |
|start_write                  | out |    1| ap_ctrl_hs |    get_crop_lines    | return value |
|bottom_data_V_dout           |  in |    8|   ap_fifo  |     bottom_data_V    |    pointer   |
|bottom_data_V_empty_n        |  in |    1|   ap_fifo  |     bottom_data_V    |    pointer   |
|bottom_data_V_read           | out |    1|   ap_fifo  |     bottom_data_V    |    pointer   |
|eroded_data_V_dout           |  in |    8|   ap_fifo  |     eroded_data_V    |    pointer   |
|eroded_data_V_empty_n        |  in |    1|   ap_fifo  |     eroded_data_V    |    pointer   |
|eroded_data_V_read           | out |    1|   ap_fifo  |     eroded_data_V    |    pointer   |
|weed_mask_tmp_data_V_din     | out |    2|   ap_fifo  | weed_mask_tmp_data_V |    pointer   |
|weed_mask_tmp_data_V_full_n  |  in |    1|   ap_fifo  | weed_mask_tmp_data_V |    pointer   |
|weed_mask_tmp_data_V_write   | out |    1|   ap_fifo  | weed_mask_tmp_data_V |    pointer   |
+-----------------------------+-----+-----+------------+----------------------+--------------+

