

================================================================
== Vivado HLS Report for 'get_total_vegetation'
================================================================
* Date:           Wed Mar 18 11:35:56 2020

* Version:        2019.2.1 (Build 2724168 on Thu Dec 05 05:19:09 MST 2019)
* Project:        WeedD
* Solution:       solution1
* Product family: zynq
* Target device:  xc7z020-clg400-1


================================================================
== Performance Estimates
================================================================
+ Timing: 
    * Summary: 
    +--------+----------+----------+------------+
    |  Clock |  Target  | Estimated| Uncertainty|
    +--------+----------+----------+------------+
    |ap_clk  | 50.00 ns | 5.499 ns |   6.25 ns  |
    +--------+----------+----------+------------+

+ Latency: 
    * Summary: 
    +---------+---------+----------+----------+-------+-------+---------+
    |  Latency (cycles) |  Latency (absolute) |    Interval   | Pipeline|
    |   min   |   max   |    min   |    max   |  min  |  max  |   Type  |
    +---------+---------+----------+----------+-------+-------+---------+
    |    28802|    28802| 1.440 ms | 1.440 ms |  28802|  28802|   none  |
    +---------+---------+----------+----------+-------+-------+---------+

    + Detail: 
        * Instance: 
        N/A

        * Loop: 
        +-------------------------------+---------+---------+----------+-----------+-----------+-------+----------+
        |                               |  Latency (cycles) | Iteration|  Initiation Interval  |  Trip |          |
        |           Loop Name           |   min   |   max   |  Latency |  achieved |   target  | Count | Pipelined|
        +-------------------------------+---------+---------+----------+-----------+-----------+-------+----------+
        |- get_total_vegetation_label0  |    28800|    28800|         2|          1|          1|  28800|    yes   |
        +-------------------------------+---------+---------+----------+-----------+-----------+-------+----------+



================================================================
== Utilization Estimates
================================================================
* Summary: 
+-----------------+---------+-------+--------+-------+-----+
|       Name      | BRAM_18K| DSP48E|   FF   |  LUT  | URAM|
+-----------------+---------+-------+--------+-------+-----+
|DSP              |        -|      -|       -|      -|    -|
|Expression       |        -|      -|       0|    106|    -|
|FIFO             |        -|      -|       -|      -|    -|
|Instance         |        -|      -|       -|      -|    -|
|Memory           |        -|      -|       -|      -|    -|
|Multiplexer      |        -|      -|       -|     63|    -|
|Register         |        -|      -|      46|      -|    -|
+-----------------+---------+-------+--------+-------+-----+
|Total            |        0|      0|      46|    169|    0|
+-----------------+---------+-------+--------+-------+-----+
|Available        |      280|    220|  106400|  53200|    0|
+-----------------+---------+-------+--------+-------+-----+
|Utilization (%)  |        0|      0|   ~0   |   ~0  |    0|
+-----------------+---------+-------+--------+-------+-----+

+ Detail: 
    * Instance: 
    N/A

    * DSP48E: 
    N/A

    * Memory: 
    N/A

    * FIFO: 
    N/A

    * Expression: 
    +-------------------------+----------+-------+---+----+------------+------------+
    |      Variable Name      | Operation| DSP48E| FF| LUT| Bitwidth P0| Bitwidth P1|
    +-------------------------+----------+-------+---+----+------------+------------+
    |i_fu_80_p2               |     +    |      0|  0|  21|          15|           1|
    |total1_V_fu_97_p2        |     +    |      0|  0|  31|          24|           9|
    |icmp_ln122_fu_74_p2      |   icmp   |      0|  0|  13|          15|          13|
    |icmp_ln895_fu_91_p2      |   icmp   |      0|  0|  11|           8|           1|
    |ap_block_state1          |    or    |      0|  0|   2|           1|           1|
    |select_ln123_fu_103_p3   |  select  |      0|  0|  24|           1|          24|
    |ap_enable_pp0            |    xor   |      0|  0|   2|           1|           2|
    |ap_enable_reg_pp0_iter1  |    xor   |      0|  0|   2|           2|           1|
    +-------------------------+----------+-------+---+----+------------+------------+
    |Total                    |          |      0|  0| 106|          67|          52|
    +-------------------------+----------+-------+---+----+------------+------------+

    * Multiplexer: 
    +-------------------------+----+-----------+-----+-----------+
    |           Name          | LUT| Input Size| Bits| Total Bits|
    +-------------------------+----+-----------+-----+-----------+
    |ap_NS_fsm                |  21|          4|    1|          4|
    |ap_done                  |   9|          2|    1|          2|
    |ap_enable_reg_pp0_iter1  |  15|          3|    1|          3|
    |i_0_i_i_reg_63           |   9|          2|   15|         30|
    |p_Val2_s_reg_51          |   9|          2|   24|         48|
    +-------------------------+----+-----------+-----+-----------+
    |Total                    |  63|         13|   42|         87|
    +-------------------------+----+-----------+-----+-----------+

    * Register: 
    +-------------------------+----+----+-----+-----------+
    |           Name          | FF | LUT| Bits| Const Bits|
    +-------------------------+----+----+-----+-----------+
    |ap_CS_fsm                |   3|   0|    3|          0|
    |ap_done_reg              |   1|   0|    1|          0|
    |ap_enable_reg_pp0_iter0  |   1|   0|    1|          0|
    |ap_enable_reg_pp0_iter1  |   1|   0|    1|          0|
    |i_0_i_i_reg_63           |  15|   0|   15|          0|
    |icmp_ln122_reg_111       |   1|   0|    1|          0|
    |p_Val2_s_reg_51          |  24|   0|   24|          0|
    +-------------------------+----+----+-----+-----------+
    |Total                    |  46|   0|   46|          0|
    +-------------------------+----+----+-----+-----------+



================================================================
== Interface
================================================================
* Summary: 
+------------------------+-----+-----+------------+----------------------+--------------+
|        RTL Ports       | Dir | Bits|  Protocol  |     Source Object    |    C Type    |
+------------------------+-----+-----+------------+----------------------+--------------+
|ap_clk                  |  in |    1| ap_ctrl_hs | get_total_vegetation | return value |
|ap_rst                  |  in |    1| ap_ctrl_hs | get_total_vegetation | return value |
|ap_start                |  in |    1| ap_ctrl_hs | get_total_vegetation | return value |
|ap_done                 | out |    1| ap_ctrl_hs | get_total_vegetation | return value |
|ap_continue             |  in |    1| ap_ctrl_hs | get_total_vegetation | return value |
|ap_idle                 | out |    1| ap_ctrl_hs | get_total_vegetation | return value |
|ap_ready                | out |    1| ap_ctrl_hs | get_total_vegetation | return value |
|ap_return               | out |   24| ap_ctrl_hs | get_total_vegetation | return value |
|img_in_data_V_address0  | out |   16|  ap_memory |     img_in_data_V    |     array    |
|img_in_data_V_ce0       | out |    1|  ap_memory |     img_in_data_V    |     array    |
|img_in_data_V_q0        |  in |    8|  ap_memory |     img_in_data_V    |     array    |
+------------------------+-----+-----+------------+----------------------+--------------+

