

================================================================
== Vivado HLS Report for 'get_weed_mask'
================================================================
* Date:           Wed Mar 18 11:36:25 2020

* Version:        2019.2.1 (Build 2724168 on Thu Dec 05 05:19:09 MST 2019)
* Project:        WeedD
* Solution:       solution1
* Product family: zynq
* Target device:  xc7z020-clg400-1


================================================================
== Performance Estimates
================================================================
+ Timing: 
    * Summary: 
    +--------+----------+-----------+------------+
    |  Clock |  Target  | Estimated | Uncertainty|
    +--------+----------+-----------+------------+
    |ap_clk  | 50.00 ns | 15.536 ns |   6.25 ns  |
    +--------+----------+-----------+------------+

+ Latency: 
    * Summary: 
    +---------+---------+----------+-----------+--------+---------+---------+
    |  Latency (cycles) |  Latency (absolute)  |     Interval     | Pipeline|
    |   min   |   max   |    min   |    max    |   min  |   max   |   Type  |
    +---------+---------+----------+-----------+--------+---------+---------+
    |   115561|  2189161| 5.778 ms | 0.109 sec |  115561|  2189161|   none  |
    +---------+---------+----------+-----------+--------+---------+---------+

    + Detail: 
        * Instance: 
        +------------------------------+-------------------+---------+---------+----------+----------+-----+-----+---------+
        |                              |                   |  Latency (cycles) |  Latency (absolute) |  Interval | Pipeline|
        |           Instance           |       Module      |   min   |   max   |    min   |    max   | min | max |   Type  |
        +------------------------------+-------------------+---------+---------+----------+----------+-----+-----+---------+
        |grp_is_crop_or_furrow_fu_117  |is_crop_or_furrow  |        4|       36| 0.200 us | 1.800 us |    4|   36|   none  |
        +------------------------------+-------------------+---------+---------+----------+----------+-----+-----+---------+

        * Loop: 
        +----------------------------+---------+---------+-------------+-----------+-----------+------+----------+
        |                            |  Latency (cycles) |  Iteration  |  Initiation Interval  | Trip |          |
        |          Loop Name         |   min   |   max   |   Latency   |  achieved |   target  | Count| Pipelined|
        +----------------------------+---------+---------+-------------+-----------+-----------+------+----------+
        |- get_weed_mask_label17     |   115560|  2189160| 642 ~ 12162 |          -|          -|   180|    no    |
        | + get_weed_mask_label17.1  |      640|    12160|    2 ~ 38   |          -|          -|   320|    no    |
        +----------------------------+---------+---------+-------------+-----------+-----------+------+----------+



================================================================
== Utilization Estimates
================================================================
* Summary: 
+-----------------+---------+-------+--------+-------+-----+
|       Name      | BRAM_18K| DSP48E|   FF   |  LUT  | URAM|
+-----------------+---------+-------+--------+-------+-----+
|DSP              |        -|      -|       -|      -|    -|
|Expression       |        -|      -|       0|     80|    -|
|FIFO             |        -|      -|       -|      -|    -|
|Instance         |        -|      1|     145|    520|    -|
|Memory           |        -|      -|       -|      -|    -|
|Multiplexer      |        -|      -|       -|     78|    -|
|Register         |        -|      -|      51|      -|    -|
+-----------------+---------+-------+--------+-------+-----+
|Total            |        0|      1|     196|    678|    0|
+-----------------+---------+-------+--------+-------+-----+
|Available        |      280|    220|  106400|  53200|    0|
+-----------------+---------+-------+--------+-------+-----+
|Utilization (%)  |        0|   ~0  |   ~0   |      1|    0|
+-----------------+---------+-------+--------+-------+-----+

+ Detail: 
    * Instance: 
    +------------------------------+-------------------+---------+-------+-----+-----+-----+
    |           Instance           |       Module      | BRAM_18K| DSP48E|  FF | LUT | URAM|
    +------------------------------+-------------------+---------+-------+-----+-----+-----+
    |grp_is_crop_or_furrow_fu_117  |is_crop_or_furrow  |        0|      1|  145|  520|    0|
    +------------------------------+-------------------+---------+-------+-----+-----+-----+
    |Total                         |                   |        0|      1|  145|  520|    0|
    +------------------------------+-------------------+---------+-------+-----+-----+-----+

    * DSP48E: 
    N/A

    * Memory: 
    N/A

    * FIFO: 
    N/A

    * Expression: 
    +---------------------------------+----------+-------+---+----+------------+------------+
    |          Variable Name          | Operation| DSP48E| FF| LUT| Bitwidth P0| Bitwidth P1|
    +---------------------------------+----------+-------+---+----+------------+------------+
    |add_ln703_fu_158_p2              |     +    |      0|  0|  19|          14|           7|
    |h_2_fu_152_p2                    |     +    |      0|  0|  15|           9|           1|
    |v_2_fu_164_p2                    |     +    |      0|  0|  15|           9|           2|
    |ap_block_state4_on_subcall_done  |    and   |      0|  0|   2|           1|           1|
    |ap_condition_118                 |    and   |      0|  0|   2|           1|           1|
    |ap_predicate_op34_write_state4   |    and   |      0|  0|   2|           1|           1|
    |icmp_ln413_fu_146_p2             |   icmp   |      0|  0|  13|           9|           9|
    |icmp_ln415_fu_170_p2             |   icmp   |      0|  0|   8|           2|           2|
    |ap_block_state4                  |    or    |      0|  0|   2|           1|           1|
    |ap_predicate_op32_write_state4   |    or    |      0|  0|   2|           1|           1|
    +---------------------------------+----------+-------+---+----+------------+------------+
    |Total                            |          |      0|  0|  80|          48|          26|
    +---------------------------------+----------+-------+---+----+------------+------------+

    * Multiplexer: 
    +----------------------------+----+-----------+-----+-----------+
    |            Name            | LUT| Input Size| Bits| Total Bits|
    +----------------------------+----+-----------+-----+-----------+
    |ap_NS_fsm                   |  27|          5|    1|          5|
    |h_reg_105                   |   9|          2|    9|         18|
    |p_Val2_s_reg_81             |   9|          2|   14|         28|
    |v_reg_93                    |   9|          2|    9|         18|
    |weed_mask_tmp_data_V_blk_n  |   9|          2|    1|          2|
    |weed_mask_tmp_data_V_din    |  15|          3|    2|          6|
    +----------------------------+----+-----------+-----+-----------+
    |Total                       |  78|         16|   36|         77|
    +----------------------------+----+-----------+-----+-----------+

    * Register: 
    +-------------------------------------------+----+----+-----+-----------+
    |                    Name                   | FF | LUT| Bits| Const Bits|
    +-------------------------------------------+----+----+-----+-----------+
    |ap_CS_fsm                                  |   4|   0|    4|          0|
    |grp_is_crop_or_furrow_fu_117_ap_start_reg  |   1|   0|    1|          0|
    |h_2_reg_191                                |   9|   0|    9|          0|
    |h_reg_105                                  |   9|   0|    9|          0|
    |p_Val2_s_reg_81                            |  14|   0|   14|          0|
    |tmp_6_reg_183                              |   5|   0|    5|          0|
    |v_reg_93                                   |   9|   0|    9|          0|
    +-------------------------------------------+----+----+-----+-----------+
    |Total                                      |  51|   0|   51|          0|
    +-------------------------------------------+----+----+-----+-----------+



================================================================
== Interface
================================================================
* Summary: 
+-----------------------------+-----+-----+------------+----------------------+--------------+
|          RTL Ports          | Dir | Bits|  Protocol  |     Source Object    |    C Type    |
+-----------------------------+-----+-----+------------+----------------------+--------------+
|ap_clk                       |  in |    1| ap_ctrl_hs |     get_weed_mask    | return value |
|ap_rst                       |  in |    1| ap_ctrl_hs |     get_weed_mask    | return value |
|ap_start                     |  in |    1| ap_ctrl_hs |     get_weed_mask    | return value |
|ap_done                      | out |    1| ap_ctrl_hs |     get_weed_mask    | return value |
|ap_idle                      | out |    1| ap_ctrl_hs |     get_weed_mask    | return value |
|ap_ready                     | out |    1| ap_ctrl_hs |     get_weed_mask    | return value |
|weed_mask_tmp_data_V_din     | out |    2|   ap_fifo  | weed_mask_tmp_data_V |    pointer   |
|weed_mask_tmp_data_V_full_n  |  in |    1|   ap_fifo  | weed_mask_tmp_data_V |    pointer   |
|weed_mask_tmp_data_V_write   | out |    1|   ap_fifo  | weed_mask_tmp_data_V |    pointer   |
|lines_founded_read           |  in |    1|   ap_none  |  lines_founded_read  |    scalar    |
|lines_address0               | out |    3|  ap_memory |         lines        |     array    |
|lines_ce0                    | out |    1|  ap_memory |         lines        |     array    |
|lines_q0                     |  in |   57|  ap_memory |         lines        |     array    |
+-----------------------------+-----+-----+------------+----------------------+--------------+

