

================================================================
== Vivado HLS Report for 'get_vegetation_image_3'
================================================================
* Date:           Wed Mar 18 11:35:41 2020

* Version:        2019.2.1 (Build 2724168 on Thu Dec 05 05:19:09 MST 2019)
* Project:        WeedD
* Solution:       solution1
* Product family: zynq
* Target device:  xc7z020-clg400-1


================================================================
== Performance Estimates
================================================================
+ Timing: 
    * Summary: 
    +--------+----------+----------+------------+
    |  Clock |  Target  | Estimated| Uncertainty|
    +--------+----------+----------+------------+
    |ap_clk  | 50.00 ns | 3.634 ns |   6.25 ns  |
    +--------+----------+----------+------------+

+ Latency: 
    * Summary: 
    +---------+---------+----------+----------+-----+-----+---------+
    |  Latency (cycles) |  Latency (absolute) |  Interval | Pipeline|
    |   min   |   max   |    min   |    max   | min | max |   Type  |
    +---------+---------+----------+----------+-----+-----+---------+
    |        0|        0|   0 ns   |   0 ns   |    0|    0|   none  |
    +---------+---------+----------+----------+-----+-----+---------+

    + Detail: 
        * Instance: 
        N/A

        * Loop: 
        N/A



================================================================
== Utilization Estimates
================================================================
* Summary: 
+-----------------+---------+-------+--------+-------+-----+
|       Name      | BRAM_18K| DSP48E|   FF   |  LUT  | URAM|
+-----------------+---------+-------+--------+-------+-----+
|DSP              |        -|      -|       -|      -|    -|
|Expression       |        -|      -|       0|      2|    -|
|FIFO             |        -|      -|       -|      -|    -|
|Instance         |        -|      -|       -|      -|    -|
|Memory           |        -|      -|       -|      -|    -|
|Multiplexer      |        -|      -|       -|     27|    -|
|Register         |        -|      -|      26|      -|    -|
+-----------------+---------+-------+--------+-------+-----+
|Total            |        0|      0|      26|     29|    0|
+-----------------+---------+-------+--------+-------+-----+
|Available        |      280|    220|  106400|  53200|    0|
+-----------------+---------+-------+--------+-------+-----+
|Utilization (%)  |        0|      0|   ~0   |   ~0  |    0|
+-----------------+---------+-------+--------+-------+-----+

+ Detail: 
    * Instance: 
    N/A

    * DSP48E: 
    N/A

    * Memory: 
    N/A

    * FIFO: 
    N/A

    * Expression: 
    +-----------------+----------+-------+---+----+------------+------------+
    |  Variable Name  | Operation| DSP48E| FF| LUT| Bitwidth P0| Bitwidth P1|
    +-----------------+----------+-------+---+----+------------+------------+
    |ap_block_state1  |    or    |      0|  0|   2|           1|           1|
    +-----------------+----------+-------+---+----+------------+------------+
    |Total            |          |      0|  0|   2|           1|           1|
    +-----------------+----------+-------+---+----+------------+------------+

    * Multiplexer: 
    +-------------------+----+-----------+-----+-----------+
    |        Name       | LUT| Input Size| Bits| Total Bits|
    +-------------------+----+-----------+-----+-----------+
    |ap_done            |   9|          2|    1|          2|
    |ap_return          |   9|          2|   24|         48|
    |max_value_V_blk_n  |   9|          2|    1|          2|
    +-------------------+----+-----------+-----+-----------+
    |Total              |  27|          6|   26|         52|
    +-------------------+----+-----------+-----+-----------+

    * Register: 
    +----------------+----+----+-----+-----------+
    |      Name      | FF | LUT| Bits| Const Bits|
    +----------------+----+----+-----+-----------+
    |ap_CS_fsm       |   1|   0|    1|          0|
    |ap_done_reg     |   1|   0|    1|          0|
    |ap_return_preg  |  24|   0|   24|          0|
    +----------------+----+----+-----+-----------+
    |Total           |  26|   0|   26|          0|
    +----------------+----+----+-----+-----------+



================================================================
== Interface
================================================================
* Summary: 
+---------------------+-----+-----+------------+------------------------+--------------+
|      RTL Ports      | Dir | Bits|  Protocol  |      Source Object     |    C Type    |
+---------------------+-----+-----+------------+------------------------+--------------+
|ap_clk               |  in |    1| ap_ctrl_hs | get_vegetation_image.3 | return value |
|ap_rst               |  in |    1| ap_ctrl_hs | get_vegetation_image.3 | return value |
|ap_start             |  in |    1| ap_ctrl_hs | get_vegetation_image.3 | return value |
|ap_done              | out |    1| ap_ctrl_hs | get_vegetation_image.3 | return value |
|ap_continue          |  in |    1| ap_ctrl_hs | get_vegetation_image.3 | return value |
|ap_idle              | out |    1| ap_ctrl_hs | get_vegetation_image.3 | return value |
|ap_ready             | out |    1| ap_ctrl_hs | get_vegetation_image.3 | return value |
|ap_return            | out |   24| ap_ctrl_hs | get_vegetation_image.3 | return value |
|max_value_V_dout     |  in |   29|   ap_fifo  |       max_value_V      |    pointer   |
|max_value_V_empty_n  |  in |    1|   ap_fifo  |       max_value_V      |    pointer   |
|max_value_V_read     | out |    1|   ap_fifo  |       max_value_V      |    pointer   |
+---------------------+-----+-----+------------+------------------------+--------------+

