

================================================================
== Vivado HLS Report for 'get_line_bases'
================================================================
* Date:           Wed Mar 18 11:36:08 2020

* Version:        2019.2.1 (Build 2724168 on Thu Dec 05 05:19:09 MST 2019)
* Project:        WeedD
* Solution:       solution1
* Product family: zynq
* Target device:  xc7z020-clg400-1


================================================================
== Performance Estimates
================================================================
+ Timing: 
    * Summary: 
    +--------+----------+----------+------------+
    |  Clock |  Target  | Estimated| Uncertainty|
    +--------+----------+----------+------------+
    |ap_clk  | 50.00 ns | 8.542 ns |   6.25 ns  |
    +--------+----------+----------+------------+

+ Latency: 
    * Summary: 
    +---------+---------+----------+----------+-------+-------+---------+
    |  Latency (cycles) |  Latency (absolute) |    Interval   | Pipeline|
    |   min   |   max   |    min   |    max   |  min  |  max  |   Type  |
    +---------+---------+----------+----------+-------+-------+---------+
    |    19557|    20517| 0.978 ms | 1.026 ms |  19557|  20517|   none  |
    +---------+---------+----------+----------+-------+-------+---------+

    + Detail: 
        * Instance: 
        N/A

        * Loop: 
        +----------------------------+---------+---------+----------+-----------+-----------+------+----------+
        |                            |  Latency (cycles) | Iteration|  Initiation Interval  | Trip |          |
        |          Loop Name         |   min   |   max   |  Latency |  achieved |   target  | Count| Pipelined|
        +----------------------------+---------+---------+----------+-----------+-----------+------+----------+
        |- get_line_bases_label4     |      320|      320|         1|          1|          1|   320|    yes   |
        |- get_histogram_label3      |     7383|     7383|        47|         23|          1|   320|    yes   |
        |- get_line_bases_label5     |    10880|    10880|        34|          -|          -|   320|    no    |
        | + get_line_bases_label5.1  |       32|       32|         2|          -|          -|    16|    no    |
        |- get_line_bases_label0     |        6|        6|         2|          1|          1|     6|    yes   |
        |- get_line_bases_label3     |      960|     1920|   3 ~ 6  |          -|          -|   320|    no    |
        +----------------------------+---------+---------+----------+-----------+-----------+------+----------+



================================================================
== Utilization Estimates
================================================================
* Summary: 
+-----------------+---------+-------+--------+-------+-----+
|       Name      | BRAM_18K| DSP48E|   FF   |  LUT  | URAM|
+-----------------+---------+-------+--------+-------+-----+
|DSP              |        -|      -|       -|      -|    -|
|Expression       |        -|      -|       0|    514|    -|
|FIFO             |        -|      -|       -|      -|    -|
|Instance         |        -|      -|       -|      -|    -|
|Memory           |        2|      -|       0|      0|    0|
|Multiplexer      |        -|      -|       -|    521|    -|
|Register         |        -|      -|     310|      -|    -|
+-----------------+---------+-------+--------+-------+-----+
|Total            |        2|      0|     310|   1035|    0|
+-----------------+---------+-------+--------+-------+-----+
|Available        |      280|    220|  106400|  53200|    0|
+-----------------+---------+-------+--------+-------+-----+
|Utilization (%)  |    ~0   |      0|   ~0   |      1|    0|
+-----------------+---------+-------+--------+-------+-----+

+ Detail: 
    * Instance: 
    N/A

    * DSP48E: 
    N/A

    * Memory: 
    +-------------+----------------------+---------+---+----+-----+------+-----+------+-------------+
    |    Memory   |        Module        | BRAM_18K| FF| LUT| URAM| Words| Bits| Banks| W*Bits*Banks|
    +-------------+----------------------+---------+---+----+-----+------+-----+------+-------------+
    |histogram_U  |get_line_bases_hiFfa  |        1|  0|   0|    0|   320|    8|     1|         2560|
    |smoothed_U   |get_line_bases_smGfk  |        1|  0|   0|    0|   320|    8|     1|         2560|
    +-------------+----------------------+---------+---+----+-----+------+-----+------+-------------+
    |Total        |                      |        2|  0|   0|    0|   640|   16|     2|         5120|
    +-------------+----------------------+---------+---+----+-----+------+-----+------+-------------+

    * FIFO: 
    N/A

    * Expression: 
    +-----------------------------------+----------+-------+---+----+------------+------------+
    |           Variable Name           | Operation| DSP48E| FF| LUT| Bitwidth P0| Bitwidth P1|
    +-----------------------------------+----------+-------+---+----+------------+------------+
    |add_ln61_fu_665_p2                 |     +    |      0|  0|  15|           2|           9|
    |add_ln86_fu_726_p2                 |     +    |      0|  0|  14|          10|           2|
    |grp_fu_397_p2                      |     +    |      0|  0|  15|           8|           1|
    |grp_fu_404_p2                      |     +    |      0|  0|  15|           8|           1|
    |grp_fu_438_p2                      |     +    |      0|  0|  15|           8|           1|
    |h_fu_472_p2                        |     +    |      0|  0|  15|           9|           1|
    |i_4_fu_603_p2                      |     +    |      0|  0|  12|           3|           1|
    |i_5_fu_635_p2                      |     +    |      0|  0|  15|           9|           1|
    |i_fu_455_p2                        |     +    |      0|  0|  15|           9|           1|
    |last_max_dist_fu_856_p2            |     +    |      0|  0|  23|          16|           1|
    |meceta_counter_fu_703_p2           |     +    |      0|  0|  23|          16|           1|
    |p_tmp_fu_751_p2                    |     +    |      0|  0|  23|          16|          16|
    |tmp_fu_525_p2                      |     +    |      0|  0|  14|          10|          10|
    |total_fu_583_p2                    |     +    |      0|  0|  23|          16|          16|
    |x_fu_505_p2                        |     +    |      0|  0|  15|           5|           1|
    |y_fu_489_p2                        |     +    |      0|  0|  15|           9|           1|
    |sub_ln75_fu_763_p2                 |     -    |      0|  0|  24|          17|          17|
    |and_ln40_fu_573_p2                 |    and   |      0|  0|   2|           1|           1|
    |and_ln86_fu_837_p2                 |    and   |      0|  0|   2|           1|           1|
    |ap_block_pp1_stage0_11001          |    and   |      0|  0|   2|           1|           1|
    |ap_block_pp1_stage10_11001         |    and   |      0|  0|   2|           1|           1|
    |ap_block_state10_pp1_stage6_iter0  |    and   |      0|  0|   2|           1|           1|
    |grp_fu_391_p2                      |   icmp   |      0|  0|  11|           8|           1|
    |grp_fu_430_p2                      |   icmp   |      0|  0|  11|           8|           8|
    |icmp_ln18_fu_466_p2                |   icmp   |      0|  0|  13|           9|           9|
    |icmp_ln30_fu_449_p2                |   icmp   |      0|  0|  13|           9|           9|
    |icmp_ln36_fu_483_p2                |   icmp   |      0|  0|  13|           9|           9|
    |icmp_ln38_fu_499_p2                |   icmp   |      0|  0|  11|           5|           6|
    |icmp_ln40_fu_568_p2                |   icmp   |      0|  0|  13|          10|           9|
    |icmp_ln47_fu_597_p2                |   icmp   |      0|  0|   9|           3|           3|
    |icmp_ln53_fu_629_p2                |   icmp   |      0|  0|  13|           9|           9|
    |icmp_ln54_1_fu_652_p2              |   icmp   |      0|  0|  11|           8|           1|
    |icmp_ln54_fu_646_p2                |   icmp   |      0|  0|  11|           8|           1|
    |icmp_ln62_fu_801_p2                |   icmp   |      0|  0|  13|          16|           6|
    |icmp_ln72_fu_698_p2                |   icmp   |      0|  0|  11|           8|           8|
    |icmp_ln75_fu_769_p2                |   icmp   |      0|  0|  18|          17|           6|
    |icmp_ln86_1_fu_831_p2              |   icmp   |      0|  0|  13|          16|           6|
    |total_1_fu_589_p3                  |  select  |      0|  0|  16|           1|          16|
    |ap_enable_pp1                      |    xor   |      0|  0|   2|           1|           2|
    |ap_enable_pp2                      |    xor   |      0|  0|   2|           1|           2|
    |ap_enable_reg_pp2_iter1            |    xor   |      0|  0|   2|           2|           1|
    |xor_ln39_fu_515_p2                 |    xor   |      0|  0|   5|           4|           5|
    |xor_ln40_fu_562_p2                 |    xor   |      0|  0|   2|           1|           2|
    +-----------------------------------+----------+-------+---+----+------------+------------+
    |Total                              |          |      0|  0| 514|         329|         205|
    +-----------------------------------+----------+-------+---+----+------------+------------+

    * Multiplexer: 
    +----------------------------------+-----+-----------+-----+-----------+
    |               Name               | LUT | Input Size| Bits| Total Bits|
    +----------------------------------+-----+-----------+-----+-----------+
    |ap_NS_fsm                         |  173|         39|    1|         39|
    |ap_enable_reg_pp1_iter2           |    9|          2|    1|          2|
    |ap_enable_reg_pp2_iter1           |   15|          3|    1|          3|
    |ap_phi_mux_h_0_i_i_phi_fu_278_p4  |    9|          2|    9|         18|
    |bottom_data_V_blk_n               |    9|          2|    1|          2|
    |h_0_i_i_reg_274                   |    9|          2|    9|         18|
    |histogram_address0                |   21|          4|    9|         36|
    |histogram_address1                |   21|          4|    9|         36|
    |histogram_d0                      |   15|          3|    8|         24|
    |histogram_d1                      |   15|          3|    8|         24|
    |i1_0_i_reg_320                    |    9|          2|    3|          6|
    |i2_0_i_reg_343                    |    9|          2|    9|         18|
    |i_0_i_reg_263                     |    9|          2|    9|         18|
    |last_max_dist_0_i_reg_331         |    9|          2|   16|         32|
    |last_max_dist_6_i_reg_355         |    9|          2|   16|         32|
    |line_bases_address0               |   27|          5|    3|         15|
    |line_bases_address1               |   27|          5|    3|         15|
    |line_bases_d0                     |   15|          3|   17|         51|
    |line_bases_d1                     |   33|          6|   17|        102|
    |line_counter_3_fu_122             |   15|          3|    8|         24|
    |meceta_counter_1_fu_126           |    9|          2|   16|         32|
    |smoothed_address0                 |   27|          5|    9|         45|
    |total_0_i_reg_308                 |    9|          2|   16|         32|
    |x_0_i_reg_297                     |    9|          2|    5|         10|
    |y_0_i_reg_285                     |    9|          2|    9|         18|
    +----------------------------------+-----+-----------+-----+-----------+
    |Total                             |  521|        109|  212|        652|
    +----------------------------------+-----+-----------+-----+-----------+

    * Register: 
    +----------------------------------------+----+----+-----+-----------+
    |                  Name                  | FF | LUT| Bits| Const Bits|
    +----------------------------------------+----+----+-----+-----------+
    |ap_CS_fsm                               |  38|   0|   38|          0|
    |ap_enable_reg_pp1_iter0                 |   1|   0|    1|          0|
    |ap_enable_reg_pp1_iter1                 |   1|   0|    1|          0|
    |ap_enable_reg_pp1_iter2                 |   1|   0|    1|          0|
    |ap_enable_reg_pp2_iter0                 |   1|   0|    1|          0|
    |ap_enable_reg_pp2_iter1                 |   1|   0|    1|          0|
    |flag_meceta_0_i_fu_118                  |   1|   0|    1|          0|
    |h_0_i_i_reg_274                         |   9|   0|    9|          0|
    |h_reg_879                               |   9|   0|    9|          0|
    |histogram_addr_1_reg_884                |   9|   0|    9|          0|
    |histogram_addr_1_reg_884_pp1_iter1_reg  |   9|   0|    9|          0|
    |i1_0_i_reg_320                          |   3|   0|    3|          0|
    |i2_0_i_reg_343                          |   9|   0|    9|          0|
    |i_0_i_reg_263                           |   9|   0|    9|          0|
    |i_5_reg_1069                            |   9|   0|    9|          0|
    |icmp_ln18_reg_875                       |   1|   0|    1|          0|
    |icmp_ln47_reg_1020                      |   1|   0|    1|          0|
    |icmp_ln895_10_reg_922                   |   1|   0|    1|          0|
    |icmp_ln895_11_reg_926                   |   1|   0|    1|          0|
    |icmp_ln895_12_reg_930                   |   1|   0|    1|          0|
    |icmp_ln895_13_reg_934                   |   1|   0|    1|          0|
    |icmp_ln895_14_reg_938                   |   1|   0|    1|          0|
    |icmp_ln895_15_reg_942                   |   1|   0|    1|          0|
    |icmp_ln895_16_reg_946                   |   1|   0|    1|          0|
    |icmp_ln895_17_reg_950                   |   1|   0|    1|          0|
    |icmp_ln895_18_reg_954                   |   1|   0|    1|          0|
    |icmp_ln895_19_reg_958                   |   1|   0|    1|          0|
    |icmp_ln895_20_reg_962                   |   1|   0|    1|          0|
    |icmp_ln895_21_reg_966                   |   1|   0|    1|          0|
    |icmp_ln895_22_reg_970                   |   1|   0|    1|          0|
    |icmp_ln895_23_reg_974                   |   1|   0|    1|          0|
    |icmp_ln895_24_reg_978                   |   1|   0|    1|          0|
    |icmp_ln895_3_reg_894                    |   1|   0|    1|          0|
    |icmp_ln895_4_reg_898                    |   1|   0|    1|          0|
    |icmp_ln895_5_reg_902                    |   1|   0|    1|          0|
    |icmp_ln895_6_reg_906                    |   1|   0|    1|          0|
    |icmp_ln895_7_reg_910                    |   1|   0|    1|          0|
    |icmp_ln895_8_reg_914                    |   1|   0|    1|          0|
    |icmp_ln895_9_reg_918                    |   1|   0|    1|          0|
    |icmp_ln895_reg_890                      |   1|   0|    1|          0|
    |last_max_dist_0_i_reg_331               |  16|   0|   16|          0|
    |last_max_dist_6_i_reg_355               |  16|   0|   16|          0|
    |line_bases_addr_1_reg_1029              |   3|   0|    3|          0|
    |line_bases_addr_2_reg_1091              |   3|   0|    3|          0|
    |line_bases_load_1_reg_1097              |  17|   0|   17|          0|
    |line_counter_3_fu_122                   |   8|   0|    8|          0|
    |meceta_counter_1_fu_126                 |  16|   0|   16|          0|
    |smoothed_load_reg_1082                  |   8|   0|    8|          0|
    |tmp_reg_1004                            |  10|   0|   10|          0|
    |total_0_i_reg_308                       |  16|   0|   16|          0|
    |trunc_ln61_reg_1103                     |  16|   0|   16|          0|
    |x_0_i_reg_297                           |   5|   0|    5|          0|
    |x_reg_999                               |   5|   0|    5|          0|
    |y_0_i_reg_285                           |   9|   0|    9|          0|
    |y_reg_986                               |   9|   0|    9|          0|
    |zext_ln38_reg_991                       |   9|   0|   10|          1|
    |zext_ln53_reg_1058                      |   9|   0|   16|          7|
    +----------------------------------------+----+----+-----+-----------+
    |Total                                   | 310|   0|  318|          8|
    +----------------------------------------+----+----+-----+-----------+



================================================================
== Interface
================================================================
* Summary: 
+-----------------------+-----+-----+------------+----------------+--------------+
|       RTL Ports       | Dir | Bits|  Protocol  |  Source Object |    C Type    |
+-----------------------+-----+-----+------------+----------------+--------------+
|ap_clk                 |  in |    1| ap_ctrl_hs | get_line_bases | return value |
|ap_rst                 |  in |    1| ap_ctrl_hs | get_line_bases | return value |
|ap_start               |  in |    1| ap_ctrl_hs | get_line_bases | return value |
|ap_done                | out |    1| ap_ctrl_hs | get_line_bases | return value |
|ap_idle                | out |    1| ap_ctrl_hs | get_line_bases | return value |
|ap_ready               | out |    1| ap_ctrl_hs | get_line_bases | return value |
|bottom_data_V_dout     |  in |    8|   ap_fifo  |  bottom_data_V |    pointer   |
|bottom_data_V_empty_n  |  in |    1|   ap_fifo  |  bottom_data_V |    pointer   |
|bottom_data_V_read     | out |    1|   ap_fifo  |  bottom_data_V |    pointer   |
|line_bases_address0    | out |    3|  ap_memory |   line_bases   |     array    |
|line_bases_ce0         | out |    1|  ap_memory |   line_bases   |     array    |
|line_bases_we0         | out |    1|  ap_memory |   line_bases   |     array    |
|line_bases_d0          | out |   17|  ap_memory |   line_bases   |     array    |
|line_bases_q0          |  in |   17|  ap_memory |   line_bases   |     array    |
|line_bases_address1    | out |    3|  ap_memory |   line_bases   |     array    |
|line_bases_ce1         | out |    1|  ap_memory |   line_bases   |     array    |
|line_bases_we1         | out |    1|  ap_memory |   line_bases   |     array    |
|line_bases_d1          | out |   17|  ap_memory |   line_bases   |     array    |
+-----------------------+-----+-----+------------+----------------+--------------+

