

================================================================
== Vivado HLS Report for 'get_vegetation_image'
================================================================
* Date:           Wed Mar 18 11:35:39 2020

* Version:        2019.2.1 (Build 2724168 on Thu Dec 05 05:19:09 MST 2019)
* Project:        WeedD
* Solution:       solution1
* Product family: zynq
* Target device:  xc7z020-clg400-1


================================================================
== Performance Estimates
================================================================
+ Timing: 
    * Summary: 
    +--------+----------+-----------+------------+
    |  Clock |  Target  | Estimated | Uncertainty|
    +--------+----------+-----------+------------+
    |ap_clk  | 50.00 ns | 10.439 ns |   6.25 ns  |
    +--------+----------+-----------+------------+

+ Latency: 
    * Summary: 
    +---------+---------+----------+----------+-----+-----+---------+
    |  Latency (cycles) |  Latency (absolute) |  Interval | Pipeline|
    |   min   |   max   |    min   |    max   | min | max |   Type  |
    +---------+---------+----------+----------+-----+-----+---------+
    |        0|        0|   0 ns   |   0 ns   |    0|    0|   none  |
    +---------+---------+----------+----------+-----+-----+---------+

    + Detail: 
        * Instance: 
        N/A

        * Loop: 
        N/A



================================================================
== Utilization Estimates
================================================================
* Summary: 
+-----------------+---------+-------+--------+-------+-----+
|       Name      | BRAM_18K| DSP48E|   FF   |  LUT  | URAM|
+-----------------+---------+-------+--------+-------+-----+
|DSP              |        -|      -|       -|      -|    -|
|Expression       |        -|      -|       0|    152|    -|
|FIFO             |        -|      -|       -|      -|    -|
|Instance         |        -|      -|       -|      -|    -|
|Memory           |        -|      -|       -|      -|    -|
|Multiplexer      |        -|      -|       -|     63|    -|
|Register         |        -|      -|       2|      -|    -|
+-----------------+---------+-------+--------+-------+-----+
|Total            |        0|      0|       2|    215|    0|
+-----------------+---------+-------+--------+-------+-----+
|Available        |      280|    220|  106400|  53200|    0|
+-----------------+---------+-------+--------+-------+-----+
|Utilization (%)  |        0|      0|   ~0   |   ~0  |    0|
+-----------------+---------+-------+--------+-------+-----+

+ Detail: 
    * Instance: 
    N/A

    * DSP48E: 
    N/A

    * Memory: 
    N/A

    * FIFO: 
    N/A

    * Expression: 
    +---------------------+----------+-------+---+----+------------+------------+
    |    Variable Name    | Operation| DSP48E| FF| LUT| Bitwidth P0| Bitwidth P1|
    +---------------------+----------+-------+---+----+------------+------------+
    |icmp_ln94_fu_71_p2   |   icmp   |      0|  0|  18|          32|           1|
    |icmp_ln95_fu_86_p2   |   icmp   |      0|  0|  18|          32|           1|
    |icmp_ln96_fu_101_p2  |   icmp   |      0|  0|  18|          32|           1|
    |ap_block_state1      |    or    |      0|  0|   2|           1|           1|
    |max_b_out_din        |  select  |      0|  0|  32|           1|           1|
    |max_g_out_din        |  select  |      0|  0|  32|           1|           1|
    |max_r_out_din        |  select  |      0|  0|  32|           1|           1|
    +---------------------+----------+-------+---+----+------------+------------+
    |Total                |          |      0|  0| 152|         100|           7|
    +---------------------+----------+-------+---+----+------------+------------+

    * Multiplexer: 
    +-----------------+----+-----------+-----+-----------+
    |       Name      | LUT| Input Size| Bits| Total Bits|
    +-----------------+----+-----------+-----+-----------+
    |ap_done          |   9|          2|    1|          2|
    |max_b_blk_n      |   9|          2|    1|          2|
    |max_b_out_blk_n  |   9|          2|    1|          2|
    |max_g_blk_n      |   9|          2|    1|          2|
    |max_g_out_blk_n  |   9|          2|    1|          2|
    |max_r_blk_n      |   9|          2|    1|          2|
    |max_r_out_blk_n  |   9|          2|    1|          2|
    +-----------------+----+-----------+-----+-----------+
    |Total            |  63|         14|    7|         14|
    +-----------------+----+-----------+-----+-----------+

    * Register: 
    +-------------+---+----+-----+-----------+
    |     Name    | FF| LUT| Bits| Const Bits|
    +-------------+---+----+-----+-----------+
    |ap_CS_fsm    |  1|   0|    1|          0|
    |ap_done_reg  |  1|   0|    1|          0|
    +-------------+---+----+-----+-----------+
    |Total        |  2|   0|    2|          0|
    +-------------+---+----+-----+-----------+



================================================================
== Interface
================================================================
* Summary: 
+------------------+-----+-----+------------+----------------------+--------------+
|     RTL Ports    | Dir | Bits|  Protocol  |     Source Object    |    C Type    |
+------------------+-----+-----+------------+----------------------+--------------+
|ap_clk            |  in |    1| ap_ctrl_hs | get_vegetation_image | return value |
|ap_rst            |  in |    1| ap_ctrl_hs | get_vegetation_image | return value |
|ap_start          |  in |    1| ap_ctrl_hs | get_vegetation_image | return value |
|ap_done           | out |    1| ap_ctrl_hs | get_vegetation_image | return value |
|ap_continue       |  in |    1| ap_ctrl_hs | get_vegetation_image | return value |
|ap_idle           | out |    1| ap_ctrl_hs | get_vegetation_image | return value |
|ap_ready          | out |    1| ap_ctrl_hs | get_vegetation_image | return value |
|max_r_dout        |  in |   32|   ap_fifo  |         max_r        |    pointer   |
|max_r_empty_n     |  in |    1|   ap_fifo  |         max_r        |    pointer   |
|max_r_read        | out |    1|   ap_fifo  |         max_r        |    pointer   |
|max_g_dout        |  in |   32|   ap_fifo  |         max_g        |    pointer   |
|max_g_empty_n     |  in |    1|   ap_fifo  |         max_g        |    pointer   |
|max_g_read        | out |    1|   ap_fifo  |         max_g        |    pointer   |
|max_b_dout        |  in |   32|   ap_fifo  |         max_b        |    pointer   |
|max_b_empty_n     |  in |    1|   ap_fifo  |         max_b        |    pointer   |
|max_b_read        | out |    1|   ap_fifo  |         max_b        |    pointer   |
|max_r_out_din     | out |   32|   ap_fifo  |       max_r_out      |    pointer   |
|max_r_out_full_n  |  in |    1|   ap_fifo  |       max_r_out      |    pointer   |
|max_r_out_write   | out |    1|   ap_fifo  |       max_r_out      |    pointer   |
|max_g_out_din     | out |   32|   ap_fifo  |       max_g_out      |    pointer   |
|max_g_out_full_n  |  in |    1|   ap_fifo  |       max_g_out      |    pointer   |
|max_g_out_write   | out |    1|   ap_fifo  |       max_g_out      |    pointer   |
|max_b_out_din     | out |   32|   ap_fifo  |       max_b_out      |    pointer   |
|max_b_out_full_n  |  in |    1|   ap_fifo  |       max_b_out      |    pointer   |
|max_b_out_write   | out |    1|   ap_fifo  |       max_b_out      |    pointer   |
+------------------+-----+-----+------------+----------------------+--------------+

