

================================================================
== Vivado HLS Report for 'get_total_vegetation_3'
================================================================
* Date:           Wed Mar 18 11:35:59 2020

* Version:        2019.2.1 (Build 2724168 on Thu Dec 05 05:19:09 MST 2019)
* Project:        WeedD
* Solution:       solution1
* Product family: zynq
* Target device:  xc7z020-clg400-1


================================================================
== Performance Estimates
================================================================
+ Timing: 
    * Summary: 
    +--------+----------+-----------+------------+
    |  Clock |  Target  | Estimated | Uncertainty|
    +--------+----------+-----------+------------+
    |ap_clk  | 50.00 ns | 10.802 ns |   6.25 ns  |
    +--------+----------+-----------+------------+

+ Latency: 
    * Summary: 
    +---------+---------+----------+----------+-------+-------+----------+
    |  Latency (cycles) |  Latency (absolute) |    Interval   | Pipeline |
    |   min   |   max   |    min   |    max   |  min  |  max  |   Type   |
    +---------+---------+----------+----------+-------+-------+----------+
    |    28802|    28802| 1.440 ms | 1.440 ms |  28803|  28803| dataflow |
    +---------+---------+----------+----------+-------+-------+----------+

    + Detail: 
        * Instance: 
        +---------------------------+------------------------+---------+---------+----------+----------+-------+-------+---------+
        |                           |                        |  Latency (cycles) |  Latency (absolute) |    Interval   | Pipeline|
        |          Instance         |         Module         |   min   |   max   |    min   |    max   |  min  |  max  |   Type  |
        +---------------------------+------------------------+---------+---------+----------+----------+-------+-------+---------+
        |get_total_vegetation_1_U0  |get_total_vegetation_1  |    28802|    28802| 1.440 ms | 1.440 ms |  28802|  28802|   none  |
        |get_total_vegetation_U0    |get_total_vegetation    |    28802|    28802| 1.440 ms | 1.440 ms |  28802|  28802|   none  |
        |get_total_vegetation_2_U0  |get_total_vegetation_2  |        0|        0|   0 ns   |   0 ns   |      0|      0|   none  |
        +---------------------------+------------------------+---------+---------+----------+----------+-------+-------+---------+

        * Loop: 
        N/A



================================================================
== Utilization Estimates
================================================================
* Summary: 
+-----------------+---------+-------+--------+-------+-----+
|       Name      | BRAM_18K| DSP48E|   FF   |  LUT  | URAM|
+-----------------+---------+-------+--------+-------+-----+
|DSP              |        -|      -|       -|      -|    -|
|Expression       |        -|      -|       0|     14|    -|
|FIFO             |        0|      -|      10|     72|    -|
|Instance         |        -|      4|     105|    415|    -|
|Memory           |       32|      -|       0|      0|    0|
|Multiplexer      |        -|      -|       -|     18|    -|
|Register         |        -|      -|       2|      -|    -|
+-----------------+---------+-------+--------+-------+-----+
|Total            |       32|      4|     117|    519|    0|
+-----------------+---------+-------+--------+-------+-----+
|Available        |      280|    220|  106400|  53200|    0|
+-----------------+---------+-------+--------+-------+-----+
|Utilization (%)  |       11|      1|   ~0   |   ~0  |    0|
+-----------------+---------+-------+--------+-------+-----+

+ Detail: 
    * Instance: 
    +---------------------------+------------------------+---------+-------+----+-----+-----+
    |          Instance         |         Module         | BRAM_18K| DSP48E| FF | LUT | URAM|
    +---------------------------+------------------------+---------+-------+----+-----+-----+
    |get_total_vegetation_U0    |get_total_vegetation    |        0|      0|  46|  169|    0|
    |get_total_vegetation_1_U0  |get_total_vegetation_1  |        0|      0|  47|  171|    0|
    |get_total_vegetation_2_U0  |get_total_vegetation_2  |        0|      4|  12|   75|    0|
    +---------------------------+------------------------+---------+-------+----+-----+-----+
    |Total                      |                        |        0|      4| 105|  415|    0|
    +---------------------------+------------------------+---------+-------+----+-----+-----+

    * DSP48E: 
    N/A

    * Memory: 
    +-----------------+----------------------+---------+---+----+-----+-------+-----+------+-------------+
    |      Memory     |        Module        | BRAM_18K| FF| LUT| URAM| Words | Bits| Banks| W*Bits*Banks|
    +-----------------+----------------------+---------+---+----+-----+-------+-----+------+-------------+
    |img_in_data_V_U  |get_total_vegetatBew  |       32|  0|   0|    0|  57600|    8|     2|       921600|
    +-----------------+----------------------+---------+---+----+-----+-------+-----+------+-------------+
    |Total            |                      |       32|  0|   0|    0|  57600|    8|     2|       921600|
    +-----------------+----------------------+---------+---+----+-----+-------+-----+------+-------------+

    * FIFO: 
    +----------------------+---------+---+----+-----+------+-----+---------+
    |         Name         | BRAM_18K| FF| LUT| URAM| Depth| Bits| Size:D*B|
    +----------------------+---------+---+----+-----+------+-----+---------+
    |p_Val2_19_loc_chan_U  |        0|  5|   0|    -|     2|   24|       48|
    |p_Val2_loc_channel_U  |        0|  5|   0|    -|     2|   24|       48|
    +----------------------+---------+---+----+-----+------+-----+---------+
    |Total                 |        0| 10|   0|    0|     4|   48|       96|
    +----------------------+---------+---+----+-----+------+-----+---------+

    * Expression: 
    +------------------------------------------+----------+-------+---+----+------------+------------+
    |               Variable Name              | Operation| DSP48E| FF| LUT| Bitwidth P0| Bitwidth P1|
    +------------------------------------------+----------+-------+---+----+------------+------------+
    |ap_channel_done_img_in_data_V             |    and   |      0|  0|   2|           1|           1|
    |ap_channel_done_p_Val2_loc_channel        |    and   |      0|  0|   2|           1|           1|
    |ap_idle                                   |    and   |      0|  0|   2|           1|           1|
    |get_total_vegetation_2_U0_ap_start        |    and   |      0|  0|   2|           1|           1|
    |get_total_vegetation_U0_ap_continue       |    and   |      0|  0|   2|           1|           1|
    |ap_sync_channel_write_img_in_data_V       |    or    |      0|  0|   2|           1|           1|
    |ap_sync_channel_write_p_Val2_loc_channel  |    or    |      0|  0|   2|           1|           1|
    +------------------------------------------+----------+-------+---+----+------------+------------+
    |Total                                     |          |      0|  0|  14|           7|           7|
    +------------------------------------------+----------+-------+---+----+------------+------------+

    * Multiplexer: 
    +----------------------------------------------+----+-----------+-----+-----------+
    |                     Name                     | LUT| Input Size| Bits| Total Bits|
    +----------------------------------------------+----+-----------+-----+-----------+
    |ap_sync_reg_channel_write_img_in_data_V       |   9|          2|    1|          2|
    |ap_sync_reg_channel_write_p_Val2_loc_channel  |   9|          2|    1|          2|
    +----------------------------------------------+----+-----------+-----+-----------+
    |Total                                         |  18|          4|    2|          4|
    +----------------------------------------------+----+-----------+-----+-----------+

    * Register: 
    +----------------------------------------------+---+----+-----+-----------+
    |                     Name                     | FF| LUT| Bits| Const Bits|
    +----------------------------------------------+---+----+-----+-----------+
    |ap_sync_reg_channel_write_img_in_data_V       |  1|   0|    1|          0|
    |ap_sync_reg_channel_write_p_Val2_loc_channel  |  1|   0|    1|          0|
    +----------------------------------------------+---+----+-----+-----------+
    |Total                                         |  2|   0|    2|          0|
    +----------------------------------------------+---+----+-----+-----------+



================================================================
== Interface
================================================================
* Summary: 
+--------------------------+-----+-----+------------+------------------------+--------------+
|         RTL Ports        | Dir | Bits|  Protocol  |      Source Object     |    C Type    |
+--------------------------+-----+-----+------------+------------------------+--------------+
|agg_result_V              | out |   24|   ap_vld   |      agg_result_V      |    pointer   |
|agg_result_V_ap_vld       | out |    1|   ap_vld   |      agg_result_V      |    pointer   |
|img_in_data_V_address0    | out |   16|  ap_memory |      img_in_data_V     |     array    |
|img_in_data_V_ce0         | out |    1|  ap_memory |      img_in_data_V     |     array    |
|img_in_data_V_d0          | out |    8|  ap_memory |      img_in_data_V     |     array    |
|img_in_data_V_q0          |  in |    8|  ap_memory |      img_in_data_V     |     array    |
|img_in_data_V_we0         | out |    1|  ap_memory |      img_in_data_V     |     array    |
|img_in_data_V_address1    | out |   16|  ap_memory |      img_in_data_V     |     array    |
|img_in_data_V_ce1         | out |    1|  ap_memory |      img_in_data_V     |     array    |
|img_in_data_V_d1          | out |    8|  ap_memory |      img_in_data_V     |     array    |
|img_in_data_V_q1          |  in |    8|  ap_memory |      img_in_data_V     |     array    |
|img_in_data_V_we1         | out |    1|  ap_memory |      img_in_data_V     |     array    |
|ap_clk                    |  in |    1| ap_ctrl_hs | get_total_vegetation.3 | return value |
|ap_rst                    |  in |    1| ap_ctrl_hs | get_total_vegetation.3 | return value |
|ap_start                  |  in |    1| ap_ctrl_hs | get_total_vegetation.3 | return value |
|ap_done                   | out |    1| ap_ctrl_hs | get_total_vegetation.3 | return value |
|img_in_data_V_i_address0  |  in |   16| ap_ctrl_hs | get_total_vegetation.3 | return value |
|img_in_data_V_i_ce0       |  in |    1| ap_ctrl_hs | get_total_vegetation.3 | return value |
|img_in_data_V_i_q0        | out |    8| ap_ctrl_hs | get_total_vegetation.3 | return value |
|img_in_data_V_t_address0  |  in |   16| ap_ctrl_hs | get_total_vegetation.3 | return value |
|img_in_data_V_t_ce0       |  in |    1| ap_ctrl_hs | get_total_vegetation.3 | return value |
|img_in_data_V_t_q0        | out |    8| ap_ctrl_hs | get_total_vegetation.3 | return value |
|ap_ready                  | out |    1| ap_ctrl_hs | get_total_vegetation.3 | return value |
|ap_idle                   | out |    1| ap_ctrl_hs | get_total_vegetation.3 | return value |
|ap_continue               |  in |    1| ap_ctrl_hs | get_total_vegetation.3 | return value |
+--------------------------+-----+-----+------------+------------------------+--------------+

