

================================================================
== Vivado HLS Report for 'get_vegetation_image_4'
================================================================
* Date:           Wed Mar 18 11:35:44 2020

* Version:        2019.2.1 (Build 2724168 on Thu Dec 05 05:19:09 MST 2019)
* Project:        WeedD
* Solution:       solution1
* Product family: zynq
* Target device:  xc7z020-clg400-1


================================================================
== Performance Estimates
================================================================
+ Timing: 
    * Summary: 
    +--------+----------+-----------+------------+
    |  Clock |  Target  | Estimated | Uncertainty|
    +--------+----------+-----------+------------+
    |ap_clk  | 50.00 ns | 43.397 ns |   6.25 ns  |
    +--------+----------+-----------+------------+

+ Latency: 
    * Summary: 
    +---------+---------+-----------+-----------+---------+---------+----------+
    |  Latency (cycles) |   Latency (absolute)  |      Interval     | Pipeline |
    |   min   |   max   |    min    |    max    |   min   |   max   |   Type   |
    +---------+---------+-----------+-----------+---------+---------+----------+
    |  2419217|  2419217| 0.121 sec | 0.121 sec |  2419202|  2419202| dataflow |
    +---------+---------+-----------+-----------+---------+---------+----------+

    + Detail: 
        * Instance: 
        +-----------------------------+--------------------------+---------+---------+-----------+-----------+---------+---------+----------+
        |                             |                          |  Latency (cycles) |   Latency (absolute)  |      Interval     | Pipeline |
        |           Instance          |          Module          |   min   |   max   |    min    |    max    |   min   |   max   |   Type   |
        +-----------------------------+--------------------------+---------+---------+-----------+-----------+---------+---------+----------+
        |get_exg_image_U0             |get_exg_image             |  2419201|  2419201| 0.121 sec | 0.121 sec |  2419201|  2419201|   none   |
        |extract_channels_U0          |extract_channels          |    58142|    58142|  2.907 ms |  2.907 ms |    58143|    58143| dataflow |
        |convert_fp_to_8b770_U0       |convert_fp_to_8b770       |    57623|    57623|  2.881 ms |  2.881 ms |    57623|    57623|   none   |
        |get_max_from_channel_U0      |get_max_from_channel      |    58142|    58142|  2.907 ms |  2.907 ms |    58143|    58143| dataflow |
        |duplicateMat635769_U0        |duplicateMat635769        |    43743|    58383|  2.187 ms |  2.919 ms |    43742|    58142| dataflow |
        |duplicateMat_U0              |duplicateMat              |    58144|    58144|  2.907 ms |  2.907 ms |    58142|    58142| dataflow |
        |get_vegetation_image_U0      |get_vegetation_image      |        0|        0|    0 ns   |    0 ns   |        0|        0|   none   |
        |get_vegetation_image_2_U0    |get_vegetation_image_2    |        0|        0|    0 ns   |    0 ns   |        0|        0|   none   |
        |get_vegetation_image_113_U0  |get_vegetation_image_113  |        0|        0|    0 ns   |    0 ns   |        0|        0|   none   |
        |get_vegetation_image_3_U0    |get_vegetation_image_3    |        0|        0|    0 ns   |    0 ns   |        0|        0|   none   |
        +-----------------------------+--------------------------+---------+---------+-----------+-----------+---------+---------+----------+

        * Loop: 
        N/A



================================================================
== Utilization Estimates
================================================================
* Summary: 
+-----------------+---------+-------+--------+-------+-----+
|       Name      | BRAM_18K| DSP48E|   FF   |  LUT  | URAM|
+-----------------+---------+-------+--------+-------+-----+
|DSP              |        -|      -|       -|      -|    -|
|Expression       |        -|      -|       0|     52|    -|
|FIFO             |        0|      -|     110|    770|    -|
|Instance         |        0|      3|    4146|   9384|    -|
|Memory           |        -|      -|       -|      -|    -|
|Multiplexer      |        -|      -|       -|     63|    -|
|Register         |        -|      -|      13|      -|    -|
+-----------------+---------+-------+--------+-------+-----+
|Total            |        0|      3|    4269|  10269|    0|
+-----------------+---------+-------+--------+-------+-----+
|Available        |      280|    220|  106400|  53200|    0|
+-----------------+---------+-------+--------+-------+-----+
|Utilization (%)  |        0|      1|       4|     19|    0|
+-----------------+---------+-------+--------+-------+-----+

+ Detail: 
    * Instance: 
    +-----------------------------+--------------------------+---------+-------+------+------+-----+
    |           Instance          |          Module          | BRAM_18K| DSP48E|  FF  |  LUT | URAM|
    +-----------------------------+--------------------------+---------+-------+------+------+-----+
    |convert_fp_to_8b770_U0       |convert_fp_to_8b770       |        0|      3|   442|   523|    0|
    |duplicateMat_U0              |duplicateMat              |        0|      0|   169|   841|    0|
    |duplicateMat635769_U0        |duplicateMat635769        |        0|      0|   270|   998|    0|
    |extract_channels_U0          |extract_channels          |        0|      0|   129|  1961|    0|
    |get_exg_image_U0             |get_exg_image             |        0|      0|  2750|  3574|    0|
    |get_max_from_channel_U0      |get_max_from_channel      |        0|      0|   330|  1145|    0|
    |get_vegetation_image_U0      |get_vegetation_image      |        0|      0|     2|   215|    0|
    |get_vegetation_image_113_U0  |get_vegetation_image_113  |        0|      0|     2|    29|    0|
    |get_vegetation_image_2_U0    |get_vegetation_image_2    |        0|      0|    26|    69|    0|
    |get_vegetation_image_3_U0    |get_vegetation_image_3    |        0|      0|    26|    29|    0|
    +-----------------------------+--------------------------+---------+-------+------+------+-----+
    |Total                        |                          |        0|      3|  4146|  9384|    0|
    +-----------------------------+--------------------------+---------+-------+------+------+-----+

    * DSP48E: 
    N/A

    * Memory: 
    N/A

    * FIFO: 
    +------------------------+---------+---+----+-----+------+-----+---------+
    |          Name          | BRAM_18K| FF| LUT| URAM| Depth| Bits| Size:D*B|
    +------------------------+---------+---+----+-----+------+-----+---------+
    |b_channel_data_V_U      |        0|  5|   0|    -|     1|    8|        8|
    |extLd_cast_loc_chann_U  |        0|  5|   0|    -|     2|   24|       48|
    |g_channel_data_V_U      |        0|  5|   0|    -|     1|    8|        8|
    |img_in_0_cols_channe_U  |        0|  5|   0|    -|     2|   10|       20|
    |img_in_0_data_V_U       |        0|  5|   0|    -|     1|   24|       24|
    |img_in_0_rows_channe_U  |        0|  5|   0|    -|     2|    9|       18|
    |img_in_1_data_V_U       |        0|  5|   0|    -|     1|   24|       24|
    |img_in_2_data_V_U       |        0|  5|   0|    -|     1|   24|       24|
    |img_in_3_data_V_U       |        0|  5|   0|    -|     1|   24|       24|
    |img_in_cols_c_i_U       |        0|  5|   0|    -|     2|   10|       20|
    |max_b_c16_i_U           |        0|  5|   0|    -|     2|   32|       64|
    |max_b_c_i_U             |        0|  5|   0|    -|     2|   32|       64|
    |max_g_c15_i_U           |        0|  5|   0|    -|     2|   32|       64|
    |max_g_c_i_U             |        0|  5|   0|    -|     2|   32|       64|
    |max_r_c14_i_U           |        0|  5|   0|    -|     2|   32|       64|
    |max_r_c_i_U             |        0|  5|   0|    -|     2|   32|       64|
    |max_value_V_c_i_U       |        0|  5|   0|    -|     2|   29|       58|
    |min_value_V_c17_i_U     |        0|  5|   0|    -|     2|   28|       56|
    |min_value_V_c_i_U       |        0|  5|   0|    -|     3|   28|       84|
    |r_channel_data_V_U      |        0|  5|   0|    -|     1|    8|        8|
    |sub_ln703_cast_loc_c_U  |        0|  5|   0|    -|     2|   24|       48|
    |veg_temp_data_V_U       |        0|  5|   0|    -|     1|   32|       32|
    +------------------------+---------+---+----+-----+------+-----+---------+
    |Total                   |        0|110|   0|    0|    37|  506|      888|
    +------------------------+---------+---+----+-----+------+-----+---------+

    * Expression: 
    +----------------------------------------------+----------+-------+---+----+------------+------------+
    |                 Variable Name                | Operation| DSP48E| FF| LUT| Bitwidth P0| Bitwidth P1|
    +----------------------------------------------+----------+-------+---+----+------------+------------+
    |duplicateMat635769_U0_ap_ready_count          |     +    |      0|  0|  10|           2|           1|
    |get_vegetation_image_113_U0_ap_ready_count    |     +    |      0|  0|  10|           2|           1|
    |ap_channel_done_img_in_0_cols_channe          |    and   |      0|  0|   2|           1|           1|
    |ap_channel_done_img_in_0_rows_channe          |    and   |      0|  0|   2|           1|           1|
    |ap_idle                                       |    and   |      0|  0|   2|           1|           1|
    |ap_sync_ready                                 |    and   |      0|  0|   2|           1|           1|
    |duplicateMat635769_U0_ap_start                |    and   |      0|  0|   2|           1|           1|
    |duplicateMat635769_U0_start_full_n            |    and   |      0|  0|   2|           1|           1|
    |get_vegetation_image_113_U0_ap_continue       |    and   |      0|  0|   2|           1|           1|
    |get_vegetation_image_113_U0_ap_start          |    and   |      0|  0|   2|           1|           1|
    |ap_sync_channel_write_img_in_0_cols_channe    |    or    |      0|  0|   2|           1|           1|
    |ap_sync_channel_write_img_in_0_rows_channe    |    or    |      0|  0|   2|           1|           1|
    |ap_sync_duplicateMat635769_U0_ap_ready        |    or    |      0|  0|   2|           1|           1|
    |ap_sync_get_vegetation_image_113_U0_ap_ready  |    or    |      0|  0|   2|           1|           1|
    |get_exg_image_U0_ap_start                     |    or    |      0|  0|   2|           1|           1|
    |get_max_from_channel_U0_ap_start              |    or    |      0|  0|   2|           1|           1|
    |get_vegetation_image_3_U0_ap_start            |    or    |      0|  0|   2|           1|           1|
    |get_vegetation_image_U0_ap_start              |    or    |      0|  0|   2|           1|           1|
    +----------------------------------------------+----------+-------+---+----+------------+------------+
    |Total                                         |          |      0|  0|  52|          20|          18|
    +----------------------------------------------+----------+-------+---+----+------------+------------+

    * Multiplexer: 
    +--------------------------------------------------+----+-----------+-----+-----------+
    |                       Name                       | LUT| Input Size| Bits| Total Bits|
    +--------------------------------------------------+----+-----------+-----+-----------+
    |ap_sync_reg_channel_write_img_in_0_cols_channe    |   9|          2|    1|          2|
    |ap_sync_reg_channel_write_img_in_0_rows_channe    |   9|          2|    1|          2|
    |ap_sync_reg_duplicateMat635769_U0_ap_ready        |   9|          2|    1|          2|
    |ap_sync_reg_get_vegetation_image_113_U0_ap_ready  |   9|          2|    1|          2|
    |duplicateMat635769_U0_ap_ready_count              |   9|          2|    2|          4|
    |get_vegetation_image_113_U0_ap_ready_count        |   9|          2|    2|          4|
    |real_start                                        |   9|          2|    1|          2|
    +--------------------------------------------------+----+-----------+-----+-----------+
    |Total                                             |  63|         14|    9|         18|
    +--------------------------------------------------+----+-----------+-----+-----------+

    * Register: 
    +--------------------------------------------------+---+----+-----+-----------+
    |                       Name                       | FF| LUT| Bits| Const Bits|
    +--------------------------------------------------+---+----+-----+-----------+
    |ap_sync_reg_channel_write_img_in_0_cols_channe    |  1|   0|    1|          0|
    |ap_sync_reg_channel_write_img_in_0_rows_channe    |  1|   0|    1|          0|
    |ap_sync_reg_duplicateMat635769_U0_ap_ready        |  1|   0|    1|          0|
    |ap_sync_reg_get_exg_image_U0_ap_start             |  1|   0|    1|          0|
    |ap_sync_reg_get_max_from_channel_U0_ap_start      |  1|   0|    1|          0|
    |ap_sync_reg_get_vegetation_image_113_U0_ap_ready  |  1|   0|    1|          0|
    |ap_sync_reg_get_vegetation_image_3_U0_ap_start    |  1|   0|    1|          0|
    |ap_sync_reg_get_vegetation_image_U0_ap_start      |  1|   0|    1|          0|
    |duplicateMat635769_U0_ap_ready_count              |  2|   0|    2|          0|
    |get_vegetation_image_113_U0_ap_ready_count        |  2|   0|    2|          0|
    |start_once_reg                                    |  1|   0|    1|          0|
    +--------------------------------------------------+---+----+-----+-----------+
    |Total                                             | 13|   0|   13|          0|
    +--------------------------------------------------+---+----+-----+-----------+



================================================================
== Interface
================================================================
* Summary: 
+-----------------------+-----+-----+------------+------------------------+--------------+
|       RTL Ports       | Dir | Bits|  Protocol  |      Source Object     |    C Type    |
+-----------------------+-----+-----+------------+------------------------+--------------+
|ap_start               |  in |    1| ap_ctrl_hs | get_vegetation_image.4 | return value |
|start_full_n           |  in |    1| ap_ctrl_hs | get_vegetation_image.4 | return value |
|start_out              | out |    1| ap_ctrl_hs | get_vegetation_image.4 | return value |
|start_write            | out |    1| ap_ctrl_hs | get_vegetation_image.4 | return value |
|ap_clk                 |  in |    1| ap_ctrl_hs | get_vegetation_image.4 | return value |
|ap_rst                 |  in |    1| ap_ctrl_hs | get_vegetation_image.4 | return value |
|ap_done                | out |    1| ap_ctrl_hs | get_vegetation_image.4 | return value |
|ap_ready               | out |    1| ap_ctrl_hs | get_vegetation_image.4 | return value |
|ap_idle                | out |    1| ap_ctrl_hs | get_vegetation_image.4 | return value |
|ap_continue            |  in |    1| ap_ctrl_hs | get_vegetation_image.4 | return value |
|img_in_cols_dout       |  in |   10|   ap_fifo  |       img_in_cols      |    pointer   |
|img_in_cols_empty_n    |  in |    1|   ap_fifo  |       img_in_cols      |    pointer   |
|img_in_cols_read       | out |    1|   ap_fifo  |       img_in_cols      |    pointer   |
|img_in_data_V_dout     |  in |   24|   ap_fifo  |      img_in_data_V     |    pointer   |
|img_in_data_V_empty_n  |  in |    1|   ap_fifo  |      img_in_data_V     |    pointer   |
|img_in_data_V_read     | out |    1|   ap_fifo  |      img_in_data_V     |    pointer   |
|img_out_data_V_din     | out |    8|   ap_fifo  |     img_out_data_V     |    pointer   |
|img_out_data_V_full_n  |  in |    1|   ap_fifo  |     img_out_data_V     |    pointer   |
|img_out_data_V_write   | out |    1|   ap_fifo  |     img_out_data_V     |    pointer   |
+-----------------------+-----+-----+------------+------------------------+--------------+

