

================================================================
== Vivado HLS Report for 'get_centroid_fh_Bloc'
================================================================
* Date:           Wed Mar 18 11:36:12 2020

* Version:        2019.2.1 (Build 2724168 on Thu Dec 05 05:19:09 MST 2019)
* Project:        WeedD
* Solution:       solution1
* Product family: zynq
* Target device:  xc7z020-clg400-1


================================================================
== Performance Estimates
================================================================
+ Timing: 
    * Summary: 
    +--------+----------+----------+------------+
    |  Clock |  Target  | Estimated| Uncertainty|
    +--------+----------+----------+------------+
    |ap_clk  | 50.00 ns | 8.456 ns |   6.25 ns  |
    +--------+----------+----------+------------+

+ Latency: 
    * Summary: 
    +---------+---------+-----------+----------+-----+-----+---------+
    |  Latency (cycles) |  Latency (absolute)  |  Interval | Pipeline|
    |   min   |   max   |    min    |    max   | min | max |   Type  |
    +---------+---------+-----------+----------+-----+-----+---------+
    |        1|       35| 50.000 ns | 1.750 us |    1|   35|   none  |
    +---------+---------+-----------+----------+-----+-----+---------+

    + Detail: 
        * Instance: 
        N/A

        * Loop: 
        N/A



================================================================
== Utilization Estimates
================================================================
* Summary: 
+-----------------+---------+-------+--------+-------+-----+
|       Name      | BRAM_18K| DSP48E|   FF   |  LUT  | URAM|
+-----------------+---------+-------+--------+-------+-----+
|DSP              |        -|      -|       -|      -|    -|
|Expression       |        -|      -|       0|     82|    -|
|FIFO             |        -|      -|       -|      -|    -|
|Instance         |        -|      -|     788|    476|    -|
|Memory           |        -|      -|       -|      -|    -|
|Multiplexer      |        -|      -|       -|    237|    -|
|Register         |        -|      -|     158|      -|    -|
+-----------------+---------+-------+--------+-------+-----+
|Total            |        0|      0|     946|    795|    0|
+-----------------+---------+-------+--------+-------+-----+
|Available        |      280|    220|  106400|  53200|    0|
+-----------------+---------+-------+--------+-------+-----+
|Utilization (%)  |        0|      0|   ~0   |      1|    0|
+-----------------+---------+-------+--------+-------+-----+

+ Detail: 
    * Instance: 
    +---------------------------+----------------------+---------+-------+-----+-----+-----+
    |          Instance         |        Module        | BRAM_18K| DSP48E|  FF | LUT | URAM|
    +---------------------------+----------------------+---------+-------+-----+-----+-----+
    |ip_accel_app_udivHfu_U362  |ip_accel_app_udivHfu  |        0|      0|  394|  238|    0|
    |ip_accel_app_udivIfE_U363  |ip_accel_app_udivIfE  |        0|      0|  394|  238|    0|
    +---------------------------+----------------------+---------+-------+-----+-----+-----+
    |Total                      |                      |        0|      0|  788|  476|    0|
    +---------------------------+----------------------+---------+-------+-----+-----+-----+

    * DSP48E: 
    N/A

    * Memory: 
    N/A

    * FIFO: 
    N/A

    * Expression: 
    +----------------------+----------+-------+---+----+------------+------------+
    |     Variable Name    | Operation| DSP48E| FF| LUT| Bitwidth P0| Bitwidth P1|
    +----------------------+----------+-------+---+----+------------+------------+
    |add_ln160_fu_136_p2   |     +    |      0|  0|  23|          16|          16|
    |add_ln161_fu_145_p2   |     +    |      0|  0|  39|          32|          32|
    |icmp_ln156_fu_109_p2  |   icmp   |      0|  0|  18|          32|           1|
    |ap_block_state1       |    or    |      0|  0|   2|           1|           1|
    +----------------------+----------+-------+---+----+------------+------------+
    |Total                 |          |      0|  0|  82|          81|          50|
    +----------------------+----------+-------+---+----+------------+------------+

    * Multiplexer: 
    +------------------------------------+-----+-----------+-----+-----------+
    |                Name                | LUT | Input Size| Bits| Total Bits|
    +------------------------------------+-----+-----------+-----+-----------+
    |ap_NS_fsm                           |  165|         37|    1|         37|
    |ap_done                             |    9|          2|    1|          2|
    |ap_phi_mux_empty_169_phi_fu_103_p4  |    9|          2|   16|         32|
    |ap_phi_mux_empty_phi_fu_94_p4       |    9|          2|   32|         64|
    |c                                   |    9|          2|   48|         96|
    |empty_169_reg_100                   |    9|          2|   16|         32|
    |empty_reg_91                        |    9|          2|   32|         64|
    |h_offset_blk_n                      |    9|          2|    1|          2|
    |v_offset_blk_n                      |    9|          2|    1|          2|
    +------------------------------------+-----+-----------+-----+-----------+
    |Total                               |  237|         53|  148|        331|
    +------------------------------------+-----+-----------+-----+-----------+

    * Register: 
    +-----------------------+----+----+-----+-----------+
    |          Name         | FF | LUT| Bits| Const Bits|
    +-----------------------+----+----+-----+-----------+
    |ap_CS_fsm              |  36|   0|   36|          0|
    |ap_done_reg            |   1|   0|    1|          0|
    |c_preg                 |  48|   0|   48|          0|
    |empty_169_reg_100      |  16|   0|   16|          0|
    |empty_reg_91           |  32|   0|   32|          0|
    |h_offset_read_reg_191  |  16|   0|   16|          0|
    |icmp_ln156_reg_196     |   1|   0|    1|          0|
    |v_offset_read_reg_186  |   8|   0|    8|          0|
    +-----------------------+----+----+-----+-----------+
    |Total                  | 158|   0|  158|          0|
    +-----------------------+----+----+-----+-----------+



================================================================
== Interface
================================================================
* Summary: 
+------------------+-----+-----+------------+----------------------+--------------+
|     RTL Ports    | Dir | Bits|  Protocol  |     Source Object    |    C Type    |
+------------------+-----+-----+------------+----------------------+--------------+
|ap_clk            |  in |    1| ap_ctrl_hs | get_centroid_fh_Bloc | return value |
|ap_rst            |  in |    1| ap_ctrl_hs | get_centroid_fh_Bloc | return value |
|ap_start          |  in |    1| ap_ctrl_hs | get_centroid_fh_Bloc | return value |
|ap_done           | out |    1| ap_ctrl_hs | get_centroid_fh_Bloc | return value |
|ap_continue       |  in |    1| ap_ctrl_hs | get_centroid_fh_Bloc | return value |
|ap_idle           | out |    1| ap_ctrl_hs | get_centroid_fh_Bloc | return value |
|ap_ready          | out |    1| ap_ctrl_hs | get_centroid_fh_Bloc | return value |
|p_read            |  in |   32|   ap_none  |        p_read        |    scalar    |
|p_read1           |  in |   32|   ap_none  |        p_read1       |    scalar    |
|p_read2           |  in |   16|   ap_none  |        p_read2       |    scalar    |
|v_offset_dout     |  in |    8|   ap_fifo  |       v_offset       |    pointer   |
|v_offset_empty_n  |  in |    1|   ap_fifo  |       v_offset       |    pointer   |
|v_offset_read     | out |    1|   ap_fifo  |       v_offset       |    pointer   |
|h_offset_dout     |  in |   16|   ap_fifo  |       h_offset       |    pointer   |
|h_offset_empty_n  |  in |    1|   ap_fifo  |       h_offset       |    pointer   |
|h_offset_read     | out |    1|   ap_fifo  |       h_offset       |    pointer   |
|c                 | out |   48|   ap_vld   |           c          |    pointer   |
|c_ap_vld          | out |    1|   ap_vld   |           c          |    pointer   |
|p_read3           |  in |   32|   ap_none  |        p_read3       |    scalar    |
|p_read4           |  in |   32|   ap_none  |        p_read4       |    scalar    |
+------------------+-----+-----+------------+----------------------+--------------+

