

================================================================
== Vivado HLS Report for 'is_crop_or_furrow'
================================================================
* Date:           Wed Mar 18 11:36:24 2020

* Version:        2019.2.1 (Build 2724168 on Thu Dec 05 05:19:09 MST 2019)
* Project:        WeedD
* Solution:       solution1
* Product family: zynq
* Target device:  xc7z020-clg400-1


================================================================
== Performance Estimates
================================================================
+ Timing: 
    * Summary: 
    +--------+----------+-----------+------------+
    |  Clock |  Target  | Estimated | Uncertainty|
    +--------+----------+-----------+------------+
    |ap_clk  | 50.00 ns | 15.536 ns |   6.25 ns  |
    +--------+----------+-----------+------------+

+ Latency: 
    * Summary: 
    +---------+---------+----------+----------+-----+-----+---------+
    |  Latency (cycles) |  Latency (absolute) |  Interval | Pipeline|
    |   min   |   max   |    min   |    max   | min | max |   Type  |
    +---------+---------+----------+----------+-----+-----+---------+
    |        4|       36| 0.200 us | 1.800 us |    4|   36|   none  |
    +---------+---------+----------+----------+-----+-----+---------+

    + Detail: 
        * Instance: 
        N/A

        * Loop: 
        +----------------------------+---------+---------+----------+-----------+-----------+-------+----------+
        |                            |  Latency (cycles) | Iteration|  Initiation Interval  |  Trip |          |
        |          Loop Name         |   min   |   max   |  Latency |  achieved |   target  | Count | Pipelined|
        +----------------------------+---------+---------+----------+-----------+-----------+-------+----------+
        |- is_crop_or_furrow_label5  |        3|       34|   3 ~ 5  |          -|          -| 1 ~ 6 |    no    |
        +----------------------------+---------+---------+----------+-----------+-----------+-------+----------+



================================================================
== Utilization Estimates
================================================================
* Summary: 
+-----------------+---------+-------+--------+-------+-----+
|       Name      | BRAM_18K| DSP48E|   FF   |  LUT  | URAM|
+-----------------+---------+-------+--------+-------+-----+
|DSP              |        -|      1|       -|      -|    -|
|Expression       |        -|      -|       0|    413|    -|
|FIFO             |        -|      -|       -|      -|    -|
|Instance         |        -|      -|       -|      -|    -|
|Memory           |        -|      -|       -|      -|    -|
|Multiplexer      |        -|      -|       -|    107|    -|
|Register         |        -|      -|     145|      -|    -|
+-----------------+---------+-------+--------+-------+-----+
|Total            |        0|      1|     145|    520|    0|
+-----------------+---------+-------+--------+-------+-----+
|Available        |      280|    220|  106400|  53200|    0|
+-----------------+---------+-------+--------+-------+-----+
|Utilization (%)  |        0|   ~0  |   ~0   |   ~0  |    0|
+-----------------+---------+-------+--------+-------+-----+

+ Detail: 
    * Instance: 
    N/A

    * DSP48E: 
    +---------------------------+----------------------+-----------+
    |          Instance         |        Module        | Expression|
    +---------------------------+----------------------+-----------+
    |ip_accel_app_mul_Zio_U478  |ip_accel_app_mul_Zio  |  i0 * i1  |
    +---------------------------+----------------------+-----------+

    * Memory: 
    N/A

    * FIFO: 
    N/A

    * Expression: 
    +------------------------+----------+-------+---+----+------------+------------+
    |      Variable Name     | Operation| DSP48E| FF| LUT| Bitwidth P0| Bitwidth P1|
    +------------------------+----------+-------+---+----+------------+------------+
    |i_fu_174_p2             |     +    |      0|  0|  12|           3|           1|
    |most_right_fu_309_p2    |     +    |      0|  0|  39|          32|          32|
    |ret_V_12_fu_285_p2      |     +    |      0|  0|  40|           1|          33|
    |ret_V_13_fu_251_p2      |     +    |      0|  0|  48|          41|          41|
    |most_left_fu_304_p2     |     -    |      0|  0|  39|          32|          32|
    |and_ln402_fu_195_p2     |    and   |      0|  0|   2|           1|           1|
    |ap_condition_134        |    and   |      0|  0|   2|           1|           1|
    |ap_condition_268        |    and   |      0|  0|   2|           1|           1|
    |icmp_ln385_fu_168_p2    |   icmp   |      0|  0|   9|           3|           3|
    |icmp_ln390_1_fu_319_p2  |   icmp   |      0|  0|  18|          32|          32|
    |icmp_ln390_fu_314_p2    |   icmp   |      0|  0|  18|          32|          32|
    |icmp_ln397_fu_338_p2    |   icmp   |      0|  0|  18|          32|          32|
    |icmp_ln398_fu_352_p2    |   icmp   |      0|  0|  18|          32|          32|
    |icmp_ln402_1_fu_190_p2  |   icmp   |      0|  0|  18|          32|          32|
    |icmp_ln402_fu_185_p2    |   icmp   |      0|  0|  18|          32|          32|
    |icmp_ln851_fu_279_p2    |   icmp   |      0|  0|  11|           8|           1|
    |or_ln390_fu_324_p2      |    or    |      0|  0|   2|           1|           1|
    |most_right_3_fu_358_p3  |  select  |      0|  0|  32|           1|          32|
    |select_ln397_fu_344_p3  |  select  |      0|  0|  32|           1|          32|
    |select_ln405_fu_201_p3  |  select  |      0|  0|   2|           1|           2|
    |select_ln851_fu_291_p3  |  select  |      0|  0|  33|           1|          33|
    +------------------------+----------+-------+---+----+------------+------------+
    |Total                   |          |      0|  0| 413|         320|         438|
    +------------------------+----------+-------+---+----+------------+------------+

    * Multiplexer: 
    +----------------------------------------+----+-----------+-----+-----------+
    |                  Name                  | LUT| Input Size| Bits| Total Bits|
    +----------------------------------------+----+-----------+-----+-----------+
    |UnifiedRetVal_reg_131                   |   9|          2|    2|          4|
    |ap_NS_fsm                               |  38|          7|    1|          7|
    |ap_phi_mux_UnifiedRetVal_phi_fu_134_p4  |   9|          2|    2|          4|
    |ap_phi_mux_p_033_0_i_phi_fu_125_p4      |  15|          3|   33|         99|
    |ap_return                               |   9|          2|    2|          4|
    |i_0_reg_111                             |   9|          2|    3|          6|
    |most_right_2_fu_68                      |   9|          2|   32|         64|
    |tmp_most_left_fu_72                     |   9|          2|   32|         64|
    +----------------------------------------+----+-----------+-----+-----------+
    |Total                                   | 107|         22|  107|        252|
    +----------------------------------------+----+-----------+-----+-----------+

    * Register: 
    +-----------------------+----+----+-----+-----------+
    |          Name         | FF | LUT| Bits| Const Bits|
    +-----------------------+----+----+-----+-----------+
    |UnifiedRetVal_reg_131  |   2|   0|    2|          0|
    |ap_CS_fsm              |   6|   0|    6|          0|
    |ap_return_preg         |   2|   0|    2|          0|
    |flag_first_0_fu_76     |   1|   0|    1|          0|
    |i_0_reg_111            |   3|   0|    3|          0|
    |i_reg_437              |   3|   0|    3|          0|
    |icmp_ln385_reg_433     |   1|   0|    1|          0|
    |most_right_2_fu_68     |  32|   0|   32|          0|
    |tmp_most_left_fu_72    |  32|   0|   32|          0|
    |tmp_reg_461            |  32|   0|   32|          0|
    |trunc_ln386_reg_452    |   1|   0|    1|          0|
    |zext_ln1118_reg_414    |  16|   0|   40|         24|
    |zext_ln388_reg_419     |   5|   0|   32|         27|
    |zext_ln390_reg_425     |   9|   0|   32|         23|
    +-----------------------+----+----+-----+-----------+
    |Total                  | 145|   0|  219|         74|
    +-----------------------+----+----+-----+-----------+



================================================================
== Interface
================================================================
* Summary: 
+-----------------+-----+-----+------------+-------------------+--------------+
|    RTL Ports    | Dir | Bits|  Protocol  |   Source Object   |    C Type    |
+-----------------+-----+-----+------------+-------------------+--------------+
|ap_clk           |  in |    1| ap_ctrl_hs | is_crop_or_furrow | return value |
|ap_rst           |  in |    1| ap_ctrl_hs | is_crop_or_furrow | return value |
|ap_start         |  in |    1| ap_ctrl_hs | is_crop_or_furrow | return value |
|ap_done          | out |    1| ap_ctrl_hs | is_crop_or_furrow | return value |
|ap_idle          | out |    1| ap_ctrl_hs | is_crop_or_furrow | return value |
|ap_ready         | out |    1| ap_ctrl_hs | is_crop_or_furrow | return value |
|ap_return        | out |    2| ap_ctrl_hs | is_crop_or_furrow | return value |
|lines_address0   | out |    3|  ap_memory |       lines       |     array    |
|lines_ce0        | out |    1|  ap_memory |       lines       |     array    |
|lines_q0         |  in |   57|  ap_memory |       lines       |     array    |
|px_read          |  in |    9|   ap_none  |      px_read      |    scalar    |
|py_read          |  in |    9|   ap_none  |      py_read      |    scalar    |
|crop_width_read  |  in |    5|   ap_none  |  crop_width_read  |    scalar    |
+-----------------+-----+-----+------------+-------------------+--------------+

