

================================================================
== Vivado HLS Report for 'minMaxLoc436'
================================================================
* Date:           Wed Mar 18 11:35:36 2020

* Version:        2019.2.1 (Build 2724168 on Thu Dec 05 05:19:09 MST 2019)
* Project:        WeedD
* Solution:       solution1
* Product family: zynq
* Target device:  xc7z020-clg400-1


================================================================
== Performance Estimates
================================================================
+ Timing: 
    * Summary: 
    +--------+----------+----------+------------+
    |  Clock |  Target  | Estimated| Uncertainty|
    +--------+----------+----------+------------+
    |ap_clk  | 50.00 ns | 8.609 ns |   6.25 ns  |
    +--------+----------+----------+------------+

+ Latency: 
    * Summary: 
    +---------+---------+----------+----------+-------+-------+---------+
    |  Latency (cycles) |  Latency (absolute) |    Interval   | Pipeline|
    |   min   |   max   |    min   |    max   |  min  |  max  |   Type  |
    +---------+---------+----------+----------+-------+-------+---------+
    |    58142|    58142| 2.907 ms | 2.907 ms |  58142|  58142|   none  |
    +---------+---------+----------+----------+-------+-------+---------+

    + Detail: 
        * Instance: 
        +-----------------------------+-------------------+---------+---------+----------+----------+-------+-------+---------+
        |                             |                   |  Latency (cycles) |  Latency (absolute) |    Interval   | Pipeline|
        |           Instance          |       Module      |   min   |   max   |    min   |    max   |  min  |  max  |   Type  |
        +-----------------------------+-------------------+---------+---------+----------+----------+-------+-------+---------+
        |grp_xFMinMaxLocKernel_fu_16  |xFMinMaxLocKernel  |    58141|    58141| 2.907 ms | 2.907 ms |  58141|  58141|   none  |
        +-----------------------------+-------------------+---------+---------+----------+----------+-------+-------+---------+

        * Loop: 
        N/A



================================================================
== Utilization Estimates
================================================================
* Summary: 
+-----------------+---------+-------+--------+-------+-----+
|       Name      | BRAM_18K| DSP48E|   FF   |  LUT  | URAM|
+-----------------+---------+-------+--------+-------+-----+
|DSP              |        -|      -|       -|      -|    -|
|Expression       |        -|      -|       0|      2|    -|
|FIFO             |        -|      -|       -|      -|    -|
|Instance         |        -|      -|      96|    248|    -|
|Memory           |        -|      -|       -|      -|    -|
|Multiplexer      |        -|      -|       -|     33|    -|
|Register         |        -|      -|       4|      -|    -|
+-----------------+---------+-------+--------+-------+-----+
|Total            |        0|      0|     100|    283|    0|
+-----------------+---------+-------+--------+-------+-----+
|Available        |      280|    220|  106400|  53200|    0|
+-----------------+---------+-------+--------+-------+-----+
|Utilization (%)  |        0|      0|   ~0   |   ~0  |    0|
+-----------------+---------+-------+--------+-------+-----+

+ Detail: 
    * Instance: 
    +-----------------------------+-------------------+---------+-------+----+-----+-----+
    |           Instance          |       Module      | BRAM_18K| DSP48E| FF | LUT | URAM|
    +-----------------------------+-------------------+---------+-------+----+-----+-----+
    |grp_xFMinMaxLocKernel_fu_16  |xFMinMaxLocKernel  |        0|      0|  96|  248|    0|
    +-----------------------------+-------------------+---------+-------+----+-----+-----+
    |Total                        |                   |        0|      0|  96|  248|    0|
    +-----------------------------+-------------------+---------+-------+----+-----+-----+

    * DSP48E: 
    N/A

    * Memory: 
    N/A

    * FIFO: 
    N/A

    * Expression: 
    +-----------------+----------+-------+---+----+------------+------------+
    |  Variable Name  | Operation| DSP48E| FF| LUT| Bitwidth P0| Bitwidth P1|
    +-----------------+----------+-------+---+----+------------+------------+
    |ap_block_state1  |    or    |      0|  0|   2|           1|           1|
    +-----------------+----------+-------+---+----+------------+------------+
    |Total            |          |      0|  0|   2|           1|           1|
    +-----------------+----------+-------+---+----+------------+------------+

    * Multiplexer: 
    +-------------------+----+-----------+-----+-----------+
    |        Name       | LUT| Input Size| Bits| Total Bits|
    +-------------------+----+-----------+-----+-----------+
    |ap_NS_fsm          |  15|          3|    1|          3|
    |ap_done            |   9|          2|    1|          2|
    |p_src_data_V_read  |   9|          2|    1|          2|
    +-------------------+----+-----------+-----+-----------+
    |Total              |  33|          7|    3|          7|
    +-------------------+----+-----------+-----+-----------+

    * Register: 
    +------------------------------------------+---+----+-----+-----------+
    |                   Name                   | FF| LUT| Bits| Const Bits|
    +------------------------------------------+---+----+-----+-----------+
    |ap_CS_fsm                                 |  2|   0|    2|          0|
    |ap_done_reg                               |  1|   0|    1|          0|
    |grp_xFMinMaxLocKernel_fu_16_ap_start_reg  |  1|   0|    1|          0|
    +------------------------------------------+---+----+-----+-----------+
    |Total                                     |  4|   0|    4|          0|
    +------------------------------------------+---+----+-----+-----------+



================================================================
== Interface
================================================================
* Summary: 
+----------------------+-----+-----+------------+--------------+--------------+
|       RTL Ports      | Dir | Bits|  Protocol  | Source Object|    C Type    |
+----------------------+-----+-----+------------+--------------+--------------+
|ap_clk                |  in |    1| ap_ctrl_hs | minMaxLoc436 | return value |
|ap_rst                |  in |    1| ap_ctrl_hs | minMaxLoc436 | return value |
|ap_start              |  in |    1| ap_ctrl_hs | minMaxLoc436 | return value |
|ap_done               | out |    1| ap_ctrl_hs | minMaxLoc436 | return value |
|ap_continue           |  in |    1| ap_ctrl_hs | minMaxLoc436 | return value |
|ap_idle               | out |    1| ap_ctrl_hs | minMaxLoc436 | return value |
|ap_ready              | out |    1| ap_ctrl_hs | minMaxLoc436 | return value |
|ap_return             | out |   32| ap_ctrl_hs | minMaxLoc436 | return value |
|p_src_data_V_dout     |  in |    8|   ap_fifo  | p_src_data_V |    pointer   |
|p_src_data_V_empty_n  |  in |    1|   ap_fifo  | p_src_data_V |    pointer   |
|p_src_data_V_read     | out |    1|   ap_fifo  | p_src_data_V |    pointer   |
+----------------------+-----+-----+------------+--------------+--------------+

