

================================================================
== Vivado HLS Report for 'resizeNNBilinear'
================================================================
* Date:           Wed Mar 18 11:35:21 2020

* Version:        2019.2.1 (Build 2724168 on Thu Dec 05 05:19:09 MST 2019)
* Project:        WeedD
* Solution:       solution1
* Product family: zynq
* Target device:  xc7z020-clg400-1


================================================================
== Performance Estimates
================================================================
+ Timing: 
    * Summary: 
    +--------+----------+-----------+------------+
    |  Clock |  Target  | Estimated | Uncertainty|
    +--------+----------+-----------+------------+
    |ap_clk  | 50.00 ns | 29.771 ns |   6.25 ns  |
    +--------+----------+-----------+------------+

+ Latency: 
    * Summary: 
    +---------+---------+-----------+-----------+--------+--------+---------+
    |  Latency (cycles) |   Latency (absolute)  |     Interval    | Pipeline|
    |   min   |   max   |    min    |    max    |   min  |   max  |   Type  |
    +---------+---------+-----------+-----------+--------+--------+---------+
    |   931453|   931453| 46.573 ms | 46.573 ms |  931453|  931453|   none  |
    +---------+---------+-----------+-----------+--------+--------+---------+

    + Detail: 
        * Instance: 
        +-------------------------+--------------+---------+---------+----------+----------+-----+-----+----------+
        |                         |              |  Latency (cycles) |  Latency (absolute) |  Interval | Pipeline |
        |         Instance        |    Module    |   min   |   max   |    min   |    max   | min | max |   Type   |
        +-------------------------+--------------+---------+---------+----------+----------+-----+-----+----------+
        |grp_xfUDivResize_fu_519  |xfUDivResize  |       44|       44| 2.200 us | 2.200 us |   44|   44|   none   |
        |grp_scaleCompute_fu_544  |scaleCompute  |        0|        0|   0 ns   |   0 ns   |    1|    1| function |
        +-------------------------+--------------+---------+---------+----------+----------+-----+-----+----------+

        * Loop: 
        +-------------+---------+---------+----------+-----------+-----------+------+----------+
        |             |  Latency (cycles) | Iteration|  Initiation Interval  | Trip |          |
        |  Loop Name  |   min   |   max   |  Latency |  achieved |   target  | Count| Pipelined|
        +-------------+---------+---------+----------+-----------+-----------+------+----------+
        |- Loop 1     |     2560|     2560|         2|          1|          1|  2560|    yes   |
        |- Loop 2     |   928800|   928800|      1290|          -|          -|   720|    no    |
        | + Loop 2.1  |     1287|     1287|         9|          1|          1|  1280|    yes   |
        +-------------+---------+---------+----------+-----------+-----------+------+----------+



================================================================
== Utilization Estimates
================================================================
* Summary: 
+-----------------+---------+-------+--------+-------+-----+
|       Name      | BRAM_18K| DSP48E|   FF   |  LUT  | URAM|
+-----------------+---------+-------+--------+-------+-----+
|DSP              |        -|     10|       -|      -|    -|
|Expression       |        -|      -|       0|   1936|    -|
|FIFO             |        -|      -|       -|      -|    -|
|Instance         |        -|      4|     598|    648|    -|
|Memory           |        9|      -|       0|      0|    0|
|Multiplexer      |        -|      -|       -|    530|    -|
|Register         |        0|      -|    1354|    224|    -|
+-----------------+---------+-------+--------+-------+-----+
|Total            |        9|     14|    1952|   3338|    0|
+-----------------+---------+-------+--------+-------+-----+
|Available        |      280|    220|  106400|  53200|    0|
+-----------------+---------+-------+--------+-------+-----+
|Utilization (%)  |        3|      6|       1|      6|    0|
+-----------------+---------+-------+--------+-------+-----+

+ Detail: 
    * Instance: 
    +-------------------------+--------------+---------+-------+-----+-----+-----+
    |         Instance        |    Module    | BRAM_18K| DSP48E|  FF | LUT | URAM|
    +-------------------------+--------------+---------+-------+-----+-----+-----+
    |grp_scaleCompute_fu_544  |scaleCompute  |        0|      4|    0|  146|    0|
    |grp_xfUDivResize_fu_519  |xfUDivResize  |        0|      0|  598|  502|    0|
    +-------------------------+--------------+---------+-------+-----+-----+-----+
    |Total                    |              |        0|      4|  598|  648|    0|
    +-------------------------+--------------+---------+-------+-----+-----+-----+

    * DSP48E: 
    +--------------------------+----------------------+--------------+
    |         Instance         |        Module        |  Expression  |
    +--------------------------+----------------------+--------------+
    |ip_accel_app_mac_jbC_U64  |ip_accel_app_mac_jbC  | i0 + i1 * i2 |
    |ip_accel_app_mac_jbC_U65  |ip_accel_app_mac_jbC  | i0 + i1 * i2 |
    |ip_accel_app_mac_jbC_U66  |ip_accel_app_mac_jbC  | i0 + i1 * i2 |
    |ip_accel_app_mac_kbM_U67  |ip_accel_app_mac_kbM  | i0 + i1 * i2 |
    |ip_accel_app_mac_kbM_U68  |ip_accel_app_mac_kbM  | i0 + i1 * i2 |
    |ip_accel_app_mac_kbM_U69  |ip_accel_app_mac_kbM  | i0 + i1 * i2 |
    |ip_accel_app_mul_hbi_U60  |ip_accel_app_mul_hbi  |    i0 * i1   |
    |ip_accel_app_mul_ibs_U61  |ip_accel_app_mul_ibs  |    i0 * i1   |
    |ip_accel_app_mul_ibs_U62  |ip_accel_app_mul_ibs  |    i0 * i1   |
    |ip_accel_app_mul_ibs_U63  |ip_accel_app_mul_ibs  |    i0 * i1   |
    +--------------------------+----------------------+--------------+

    * Memory: 
    +---------------------+----------------------+---------+---+----+-----+------+-----+------+-------------+
    |        Memory       |        Module        | BRAM_18K| FF| LUT| URAM| Words| Bits| Banks| W*Bits*Banks|
    +---------------------+----------------------+---------+---+----+-----+------+-----+------+-------------+
    |line_buffer_0_0_V_U  |resizeNNBilinear_eOg  |        3|  0|   0|    0|  1280|   24|     1|        30720|
    |line_buffer_1_0_V_U  |resizeNNBilinear_eOg  |        3|  0|   0|    0|  1280|   24|     1|        30720|
    |line_buffer_2_0_V_U  |resizeNNBilinear_eOg  |        3|  0|   0|    0|  1280|   24|     1|        30720|
    +---------------------+----------------------+---------+---+----+-----+------+-----+------+-------------+
    |Total                |                      |        9|  0|   0|    0|  3840|   72|     3|        92160|
    +---------------------+----------------------+---------+---+----+-----+------+-----+------+-------------+

    * FIFO: 
    N/A

    * Expression: 
    +-----------------------------------+----------+-------+---+----+------------+------------+
    |           Variable Name           | Operation| DSP48E| FF| LUT| Bitwidth P0| Bitwidth P1|
    +-----------------------------------+----------+-------+---+----+------------+------------+
    |add_ln1192_2_fu_1632_p2            |     +    |      0|  0|  31|          24|          24|
    |add_ln1192_5_fu_1702_p2            |     +    |      0|  0|  31|          24|          24|
    |add_ln1192_8_fu_1772_p2            |     +    |      0|  0|  31|          24|          24|
    |add_ln1353_10_fu_1550_p2           |     +    |      0|  0|  15|           9|           9|
    |add_ln1353_6_fu_1425_p2            |     +    |      0|  0|  15|           9|           9|
    |add_ln1353_7_fu_1480_p2            |     +    |      0|  0|  15|           9|           9|
    |add_ln1353_8_fu_1489_p2            |     +    |      0|  0|  15|           9|           9|
    |add_ln1353_9_fu_1541_p2            |     +    |      0|  0|  15|           9|           9|
    |add_ln1353_fu_1416_p2              |     +    |      0|  0|  15|           9|           9|
    |add_ln1495_1_fu_1112_p2            |     +    |      0|  0|  49|          33|          42|
    |add_ln1495_fu_844_p2               |     +    |      0|  0|  49|          32|          42|
    |add_ln266_fu_622_p2                |     +    |      0|  0|  17|          13|           1|
    |add_ln304_fu_695_p2                |     +    |      0|  0|  14|          10|           1|
    |add_ln349_fu_1228_p2               |     +    |      0|  0|  25|          18|          18|
    |add_ln409_1_fu_713_p2              |     +    |      0|  0|  39|           3|          32|
    |add_ln409_fu_707_p2                |     +    |      0|  0|  39|           2|          32|
    |add_ln851_1_fu_959_p2              |     +    |      0|  0|  24|           1|          17|
    |add_ln851_2_fu_1160_p2             |     +    |      0|  0|  24|           1|          17|
    |add_ln851_3_fu_1666_p2             |     +    |      0|  0|  15|           1|           8|
    |add_ln851_4_fu_1736_p2             |     +    |      0|  0|  15|           1|           8|
    |add_ln851_5_fu_1806_p2             |     +    |      0|  0|  15|           1|           8|
    |add_ln851_fu_906_p2                |     +    |      0|  0|  24|           1|          17|
    |first_row_index_fu_1935_p2         |     +    |      0|  0|  39|          32|           1|
    |i_fu_628_p2                        |     +    |      0|  0|  10|           1|           2|
    |j_1_fu_882_p2                      |     +    |      0|  0|  13|          11|           1|
    |j_fu_654_p2                        |     +    |      0|  0|  13|          11|           1|
    |output_rows_count_fu_1854_p2       |     +    |      0|  0|  39|          32|           1|
    |read_rows_count_fu_1947_p2         |     +    |      0|  0|  39|          32|           1|
    |ret_V_fu_741_p2                    |     +    |      0|  0|  50|          43|          43|
    |ret_V_9_fu_1031_p2                 |     -    |      0|  0|  31|          24|          24|
    |sub_ln1193_fu_1198_p2              |     -    |      0|  0|  31|          24|          24|
    |sub_ln1354_1_fu_1308_p2            |     -    |      0|  0|  15|           9|           9|
    |sub_ln1354_2_fu_1444_p2            |     -    |      0|  0|  15|           9|           9|
    |sub_ln1354_3_fu_1502_p2            |     -    |      0|  0|  14|          10|          10|
    |sub_ln1354_4_fu_1349_p2            |     -    |      0|  0|  15|           9|           9|
    |sub_ln1354_5_fu_1508_p2            |     -    |      0|  0|  15|           9|           9|
    |sub_ln1354_6_fu_1563_p2            |     -    |      0|  0|  14|          10|          10|
    |sub_ln1354_7_fu_1387_p2            |     -    |      0|  0|  15|           9|           9|
    |sub_ln1354_8_fu_1569_p2            |     -    |      0|  0|  15|           9|           9|
    |sub_ln1354_fu_1438_p2              |     -    |      0|  0|  14|          10|          10|
    |and_ln1494_fu_774_p2               |    and   |      0|  0|   2|           1|           1|
    |and_ln411_1_fu_1003_p2             |    and   |      0|  0|   2|           1|           1|
    |and_ln411_fu_1009_p2               |    and   |      0|  0|   2|           1|           1|
    |and_ln428_1_fu_1899_p2             |    and   |      0|  0|   2|           1|           1|
    |and_ln428_fu_1893_p2               |    and   |      0|  0|   2|           1|           1|
    |and_ln879_fu_1876_p2               |    and   |      0|  0|   2|           1|           1|
    |and_ln891_fu_1965_p2               |    and   |      0|  0|   2|           1|           1|
    |ap_block_pp0_stage0_11001          |    and   |      0|  0|   2|           1|           1|
    |ap_block_state16_pp1_stage0_iter8  |    and   |      0|  0|   2|           1|           1|
    |ap_block_state5_pp0_stage0_iter1   |    and   |      0|  0|   2|           1|           1|
    |ap_block_state9_pp1_stage0_iter1   |    and   |      0|  0|   2|           1|           1|
    |ap_condition_175                   |    and   |      0|  0|   2|           1|           1|
    |ap_condition_181                   |    and   |      0|  0|   2|           1|           1|
    |ap_condition_1915                  |    and   |      0|  0|   2|           1|           1|
    |ap_condition_1924                  |    and   |      0|  0|   2|           1|           1|
    |ap_condition_277                   |    and   |      0|  0|   2|           1|           1|
    |ap_condition_333                   |    and   |      0|  0|   2|           1|           1|
    |ap_condition_344                   |    and   |      0|  0|   2|           1|           1|
    |ap_condition_603                   |    and   |      0|  0|   2|           1|           1|
    |ap_condition_617                   |    and   |      0|  0|   2|           1|           1|
    |ap_condition_651                   |    and   |      0|  0|   2|           1|           1|
    |ap_condition_76                    |    and   |      0|  0|   2|           1|           1|
    |grp_fu_564_p2                      |   icmp   |      0|  0|  13|          11|           9|
    |icmp_ln1494_1_fu_1054_p2           |   icmp   |      0|  0|  24|          42|          33|
    |icmp_ln1494_fu_762_p2              |   icmp   |      0|  0|  24|          42|          32|
    |icmp_ln266_fu_616_p2               |   icmp   |      0|  0|  13|          13|          12|
    |icmp_ln269_fu_610_p2               |   icmp   |      0|  0|  13|          11|          11|
    |icmp_ln304_fu_689_p2               |   icmp   |      0|  0|  13|          10|          10|
    |icmp_ln308_fu_876_p2               |   icmp   |      0|  0|  13|          11|          11|
    |icmp_ln318_fu_725_p2               |   icmp   |      0|  0|  18|          32|          10|
    |icmp_ln322_fu_931_p2               |   icmp   |      0|  0|  18|          32|          32|
    |icmp_ln343_fu_701_p2               |   icmp   |      0|  0|  18|          32|           1|
    |icmp_ln349_fu_1218_p2              |   icmp   |      0|  0|  18|          17|          11|
    |icmp_ln365_fu_719_p2               |   icmp   |      0|  0|  18|          32|           1|
    |icmp_ln409_fu_731_p2               |   icmp   |      0|  0|  18|          32|           8|
    |icmp_ln428_fu_1887_p2              |   icmp   |      0|  0|  18|          32|          10|
    |icmp_ln443_fu_1941_p2              |   icmp   |      0|  0|  18|          32|           2|
    |icmp_ln851_1_fu_1720_p2            |   icmp   |      0|  0|  13|          10|           1|
    |icmp_ln851_2_fu_1790_p2            |   icmp   |      0|  0|  13|          10|           1|
    |icmp_ln851_3_fu_891_p2             |   icmp   |      0|  0|  18|          22|           1|
    |icmp_ln851_4_fu_944_p2             |   icmp   |      0|  0|  18|          22|           1|
    |icmp_ln851_5_fu_1144_p2            |   icmp   |      0|  0|  18|          22|           1|
    |icmp_ln851_fu_1650_p2              |   icmp   |      0|  0|  13|          10|           1|
    |icmp_ln879_14_fu_1871_p2           |   icmp   |      0|  0|  18|          32|          32|
    |icmp_ln879_15_fu_993_p2            |   icmp   |      0|  0|  18|          32|          32|
    |icmp_ln879_16_fu_998_p2            |   icmp   |      0|  0|  18|          32|          32|
    |icmp_ln879_fu_1849_p2              |   icmp   |      0|  0|  18|          32|          32|
    |icmp_ln891_fu_1930_p2              |   icmp   |      0|  0|  18|          32|          32|
    |ap_block_pp1_stage0_01001          |    or    |      0|  0|   2|           1|           1|
    |ap_block_state1                    |    or    |      0|  0|   2|           1|           1|
    |ap_predicate_op400_write_state16   |    or    |      0|  0|   2|           1|           1|
    |or_ln1495_1_fu_1118_p2             |    or    |      0|  0|   2|           1|           1|
    |or_ln1495_fu_850_p2                |    or    |      0|  0|   2|           1|           1|
    |or_ln428_fu_1905_p2                |    or    |      0|  0|   2|           1|           1|
    |or_ln879_fu_1860_p2                |    or    |      0|  0|   2|           1|           1|
    |or_ln891_fu_1979_p2                |    or    |      0|  0|   2|           1|           1|
    |first_row_index_1_fu_1992_p3       |  select  |      0|  0|  32|           1|          32|
    |indexx_0_V_fu_1174_p3              |  select  |      0|  0|  17|           1|          17|
    |nextYScale_V_fu_920_p3             |  select  |      0|  0|  17|           1|          17|
    |output_rows_count_1_fu_1918_p3     |  select  |      0|  0|  32|           1|          32|
    |p_Val2_12_fu_856_p3                |  select  |      0|  0|  42|           1|          42|
    |read_rows_count_2_fu_1953_p3       |  select  |      0|  0|  32|           1|          10|
    |read_rows_count_3_fu_1971_p3       |  select  |      0|  0|  32|           1|          32|
    |select_ln1495_1_fu_804_p3          |  select  |      0|  0|   2|           1|           2|
    |select_ln1495_3_fu_1076_p3         |  select  |      0|  0|   2|           1|           2|
    |select_ln1495_fu_1124_p3           |  select  |      0|  0|  42|           1|          42|
    |select_ln321_1_fu_642_p3           |  select  |      0|  0|   2|           1|           2|
    |select_ln321_fu_634_p3             |  select  |      0|  0|  11|           1|          11|
    |select_ln413_1_fu_1285_p3          |  select  |      0|  0|  24|           1|          24|
    |select_ln413_fu_1397_p3            |  select  |      0|  0|  24|           1|          24|
    |select_ln428_fu_1911_p3            |  select  |      0|  0|  32|           1|          32|
    |select_ln850_3_fu_1750_p3          |  select  |      0|  0|   8|           1|           8|
    |select_ln850_4_fu_1820_p3          |  select  |      0|  0|   8|           1|           8|
    |select_ln850_fu_1680_p3            |  select  |      0|  0|   8|           1|           8|
    |select_ln851_1_fu_965_p3           |  select  |      0|  0|  17|           1|          17|
    |select_ln851_2_fu_1166_p3          |  select  |      0|  0|  17|           1|          17|
    |select_ln851_3_fu_1672_p3          |  select  |      0|  0|   8|           1|           8|
    |select_ln851_4_fu_1742_p3          |  select  |      0|  0|   8|           1|           8|
    |select_ln851_5_fu_1812_p3          |  select  |      0|  0|   8|           1|           8|
    |select_ln851_fu_912_p3             |  select  |      0|  0|  17|           1|          17|
    |select_ln891_fu_1984_p3            |  select  |      0|  0|  32|           1|           1|
    |tmp_V_fu_973_p3                    |  select  |      0|  0|  17|           1|          17|
    |ap_enable_pp0                      |    xor   |      0|  0|   2|           1|           2|
    |ap_enable_pp1                      |    xor   |      0|  0|   2|           1|           2|
    |ap_enable_reg_pp0_iter1            |    xor   |      0|  0|   2|           2|           1|
    |ap_enable_reg_pp1_iter1            |    xor   |      0|  0|   2|           2|           1|
    |xor_ln1495_fu_768_p2               |    xor   |      0|  0|   2|           1|           2|
    |xor_ln428_fu_1882_p2               |    xor   |      0|  0|   2|           1|           2|
    |xor_ln432_fu_1960_p2               |    xor   |      0|  0|   2|           1|           2|
    |xor_ln879_fu_1865_p2               |    xor   |      0|  0|   2|           1|           2|
    +-----------------------------------+----------+-------+---+----+------------+------------+
    |Total                              |          |      0|  0|1936|        1240|        1392|
    +-----------------------------------+----------+-------+---+----+------------+------------+

    * Multiplexer: 
    +--------------------------------------------+----+-----------+-----+-----------+
    |                    Name                    | LUT| Input Size| Bits| Total Bits|
    +--------------------------------------------+----+-----------+-----+-----------+
    |ap_NS_fsm                                   |  44|          9|    1|          9|
    |ap_done                                     |   9|          2|    1|          2|
    |ap_enable_reg_pp0_iter1                     |  15|          3|    1|          3|
    |ap_enable_reg_pp1_iter1                     |   9|          2|    1|          2|
    |ap_enable_reg_pp1_iter8                     |   9|          2|    1|          2|
    |ap_phi_mux_P0Buf_0_V_3_phi_fu_472_p6        |  21|          4|   24|         96|
    |ap_phi_mux_P0Buf_V_0_1_phi_fu_486_p6        |  21|          4|   24|         96|
    |ap_phi_mux_j13_0_phi_fu_445_p4              |   9|          2|   11|         22|
    |ap_phi_mux_read_rows_count_0_phi_fu_376_p4  |   9|          2|    2|          4|
    |ap_phi_reg_pp1_iter1_flag_write_2_reg_453   |   9|          2|    1|          2|
    |ap_phi_reg_pp1_iter2_flag_write_2_reg_453   |  15|          3|    1|          3|
    |ap_phi_reg_pp1_iter4_P0Buf_1_V_3_reg_508    |  21|          4|   24|         96|
    |ap_phi_reg_pp1_iter4_P0Buf_V_1_1_reg_497    |  21|          4|   24|         96|
    |grp_scaleCompute_fu_544_currindex           |  15|          3|   32|         96|
    |grp_scaleCompute_fu_544_inscale_V           |  15|          3|   32|         96|
    |grp_xfUDivResize_fu_519_in_d                |  15|          3|   10|         30|
    |grp_xfUDivResize_fu_519_in_n                |  15|          3|   40|        120|
    |i12_0_reg_430                               |   9|          2|   10|         20|
    |imgInput_data_V_blk_n                       |   9|          2|    1|          2|
    |imgOutput_data_V_blk_n                      |   9|          2|    1|          2|
    |indexstores_reg_418                         |   9|          2|   32|         64|
    |indexy_V_fu_192                             |   9|          2|   17|         34|
    |indvar_flatten_reg_361                      |   9|          2|   13|         26|
    |j13_0_reg_441                               |   9|          2|   11|         22|
    |j_0_reg_383                                 |   9|          2|   11|         22|
    |line_buffer_0_0_V_address0                  |  27|          5|   11|         55|
    |line_buffer_0_0_V_address1                  |  15|          3|   11|         33|
    |line_buffer_0_0_V_d0                        |  15|          3|   24|         72|
    |line_buffer_1_0_V_address0                  |  27|          5|   11|         55|
    |line_buffer_1_0_V_address1                  |  15|          3|   11|         33|
    |line_buffer_1_0_V_d0                        |  15|          3|   24|         72|
    |line_buffer_2_0_V_address0                  |  21|          4|   11|         44|
    |line_buffer_2_0_V_address1                  |  15|          3|   11|         33|
    |nextYScale_V_1_fu_196                       |   9|          2|   17|         34|
    |output_rows_count_0_reg_406                 |   9|          2|   32|         64|
    |read_rows_count_0_reg_372                   |   9|          2|    2|          4|
    |read_rows_count_1_reg_394                   |   9|          2|   32|         64|
    +--------------------------------------------+----+-----------+-----+-----------+
    |Total                                       | 530|        108|  523|       1530|
    +--------------------------------------------+----+-----------+-----+-----------+

    * Register: 
    +-------------------------------------------+----+----+-----+-----------+
    |                    Name                   | FF | LUT| Bits| Const Bits|
    +-------------------------------------------+----+----+-----+-----------+
    |WeightX_0_V_reg_2255                       |  12|   0|   12|          0|
    |WeightX_0_V_reg_2255_pp1_iter3_reg         |  12|   0|   12|          0|
    |WeightY_V_reg_2250                         |  12|   0|   12|          0|
    |add_ln304_reg_2149                         |  10|   0|   10|          0|
    |add_ln409_1_reg_2166                       |  32|   0|   32|          0|
    |add_ln409_reg_2158                         |  32|   0|   32|          0|
    |and_ln411_1_reg_2242                       |   1|   0|    1|          0|
    |and_ln411_reg_2246                         |   1|   0|    1|          0|
    |ap_CS_fsm                                  |   8|   0|    8|          0|
    |ap_done_reg                                |   1|   0|    1|          0|
    |ap_enable_reg_pp0_iter0                    |   1|   0|    1|          0|
    |ap_enable_reg_pp0_iter1                    |   1|   0|    1|          0|
    |ap_enable_reg_pp1_iter0                    |   1|   0|    1|          0|
    |ap_enable_reg_pp1_iter1                    |   1|   0|    1|          0|
    |ap_enable_reg_pp1_iter2                    |   1|   0|    1|          0|
    |ap_enable_reg_pp1_iter3                    |   1|   0|    1|          0|
    |ap_enable_reg_pp1_iter4                    |   1|   0|    1|          0|
    |ap_enable_reg_pp1_iter5                    |   1|   0|    1|          0|
    |ap_enable_reg_pp1_iter6                    |   1|   0|    1|          0|
    |ap_enable_reg_pp1_iter7                    |   1|   0|    1|          0|
    |ap_enable_reg_pp1_iter8                    |   1|   0|    1|          0|
    |ap_phi_reg_pp1_iter1_P0Buf_1_V_3_reg_508   |  24|   0|   24|          0|
    |ap_phi_reg_pp1_iter1_P0Buf_V_1_1_reg_497   |  24|   0|   24|          0|
    |ap_phi_reg_pp1_iter1_flag_write_2_reg_453  |   1|   0|    1|          0|
    |ap_phi_reg_pp1_iter2_P0Buf_1_V_3_reg_508   |  24|   0|   24|          0|
    |ap_phi_reg_pp1_iter2_P0Buf_V_1_1_reg_497   |  24|   0|   24|          0|
    |ap_phi_reg_pp1_iter2_flag_write_2_reg_453  |   1|   0|    1|          0|
    |ap_phi_reg_pp1_iter3_P0Buf_1_V_3_reg_508   |  24|   0|   24|          0|
    |ap_phi_reg_pp1_iter3_P0Buf_V_1_1_reg_497   |  24|   0|   24|          0|
    |ap_phi_reg_pp1_iter4_P0Buf_1_V_3_reg_508   |  24|   0|   24|          0|
    |ap_phi_reg_pp1_iter4_P0Buf_V_1_1_reg_497   |  24|   0|   24|          0|
    |grp_xfUDivResize_fu_519_ap_start_reg       |   1|   0|    1|          0|
    |i12_0_reg_430                              |  10|   0|   10|          0|
    |icmp_ln266_reg_2092                        |   1|   0|    1|          0|
    |icmp_ln308_reg_2218                        |   1|   0|    1|          0|
    |icmp_ln318_reg_2176                        |   1|   0|    1|          0|
    |icmp_ln322_reg_2227                        |   1|   0|    1|          0|
    |icmp_ln343_reg_2154                        |   1|   0|    1|          0|
    |icmp_ln365_reg_2172                        |   1|   0|    1|          0|
    |icmp_ln409_reg_2184                        |   1|   0|    1|          0|
    |icmp_ln879_15_reg_2236                     |   1|   0|    1|          0|
    |indexstores_reg_418                        |  32|   0|   32|          0|
    |indexy_V_fu_192                            |  17|   0|   17|          0|
    |indvar_flatten_reg_361                     |  13|   0|   13|          0|
    |j13_0_reg_441                              |  11|   0|   11|          0|
    |j13_0_reg_441_pp1_iter1_reg                |  11|   0|   11|          0|
    |j_0_reg_383                                |  11|   0|   11|          0|
    |j_1_reg_2222                               |  11|   0|   11|          0|
    |nextYScale_V_1_fu_196                      |  17|   0|   17|          0|
    |output_rows_count_0_reg_406                |  32|   0|   32|          0|
    |p_Result_1_reg_2208                        |   1|   0|    1|          0|
    |p_Result_i_i_i_i23_2_reg_2358              |   8|   0|    8|          0|
    |p_Result_i_i_i_i23_4_reg_2379              |   8|   0|    8|          0|
    |p_Result_s_reg_2197                        |   1|   0|    1|          0|
    |p_Val2_12_reg_2202                         |  42|   0|   42|          0|
    |read_pixel_V_1_fu_188                      |  24|   0|   24|          0|
    |read_rows_count_0_reg_372                  |   2|   0|    2|          0|
    |read_rows_count_1_reg_394                  |  32|   0|   32|          0|
    |reg_576                                    |  32|   0|   32|          0|
    |ret_V_reg_2191                             |  43|   0|   43|          0|
    |rhs_V_reg_2140                             |  25|   0|   43|         18|
    |scalex_V_reg_2082                          |  31|   0|   32|          1|
    |scaley_V_reg_2087                          |  31|   0|   32|          1|
    |select_ln321_1_reg_2106                    |   2|   0|    2|          0|
    |select_ln321_reg_2101                      |  11|   0|   11|          0|
    |sub_ln1354_3_reg_2417                      |  10|   0|   10|          0|
    |sub_ln1354_6_reg_2427                      |  10|   0|   10|          0|
    |sub_ln1354_reg_2400                        |  10|   0|   10|          0|
    |trunc_ln321_reg_2111                       |   1|   0|    1|          0|
    |trunc_ln647_reg_2330                       |   8|   0|    8|          0|
    |trunc_ln700_reg_2213                       |  24|   0|   24|          0|
    |trunc_ln703_reg_2231                       |   2|   0|    2|          0|
    |zext_ln215_17_reg_2341                     |   8|   0|    9|          1|
    |zext_ln215_21_reg_2363                     |   8|   0|    9|          1|
    |zext_ln215_23_reg_2369                     |   8|   0|    9|          1|
    |zext_ln215_27_reg_2384                     |   8|   0|    9|          1|
    |zext_ln215_29_reg_2390                     |   8|   0|    9|          1|
    |zext_ln215_reg_2335                        |   8|   0|    9|          1|
    |and_ln411_1_reg_2242                       |  64|  32|    1|          0|
    |and_ln411_reg_2246                         |  64|  32|    1|          0|
    |icmp_ln308_reg_2218                        |  64|  32|    1|          0|
    |icmp_ln879_15_reg_2236                     |  64|  32|    1|          0|
    |p_Result_i_i_i_i23_2_reg_2358              |  64|  32|    8|          0|
    |p_Result_i_i_i_i23_4_reg_2379              |  64|  32|    8|          0|
    |trunc_ln647_reg_2330                       |  64|  32|    8|          0|
    +-------------------------------------------+----+----+-----+-----------+
    |Total                                      |1354| 224|  960|         26|
    +-------------------------------------------+----+----+-----+-----------+



================================================================
== Interface
================================================================
* Summary: 
+-------------------------+-----+-----+------------+------------------+--------------+
|        RTL Ports        | Dir | Bits|  Protocol  |   Source Object  |    C Type    |
+-------------------------+-----+-----+------------+------------------+--------------+
|ap_clk                   |  in |    1| ap_ctrl_hs | resizeNNBilinear | return value |
|ap_rst                   |  in |    1| ap_ctrl_hs | resizeNNBilinear | return value |
|ap_start                 |  in |    1| ap_ctrl_hs | resizeNNBilinear | return value |
|ap_done                  | out |    1| ap_ctrl_hs | resizeNNBilinear | return value |
|ap_continue              |  in |    1| ap_ctrl_hs | resizeNNBilinear | return value |
|ap_idle                  | out |    1| ap_ctrl_hs | resizeNNBilinear | return value |
|ap_ready                 | out |    1| ap_ctrl_hs | resizeNNBilinear | return value |
|imgInput_data_V_dout     |  in |   24|   ap_fifo  |  imgInput_data_V |    pointer   |
|imgInput_data_V_empty_n  |  in |    1|   ap_fifo  |  imgInput_data_V |    pointer   |
|imgInput_data_V_read     | out |    1|   ap_fifo  |  imgInput_data_V |    pointer   |
|imgOutput_data_V_din     | out |   24|   ap_fifo  | imgOutput_data_V |    pointer   |
|imgOutput_data_V_full_n  |  in |    1|   ap_fifo  | imgOutput_data_V |    pointer   |
|imgOutput_data_V_write   | out |    1|   ap_fifo  | imgOutput_data_V |    pointer   |
+-------------------------+-----+-----+------------+------------------+--------------+

