

================================================================
== Vivado HLS Report for 'segment_image'
================================================================
* Date:           Wed Mar 18 11:35:49 2020

* Version:        2019.2.1 (Build 2724168 on Thu Dec 05 05:19:09 MST 2019)
* Project:        WeedD
* Solution:       solution1
* Product family: zynq
* Target device:  xc7z020-clg400-1


================================================================
== Performance Estimates
================================================================
+ Timing: 
    * Summary: 
    +--------+----------+-----------+------------+
    |  Clock |  Target  | Estimated | Uncertainty|
    +--------+----------+-----------+------------+
    |ap_clk  | 50.00 ns | 37.203 ns |   6.25 ns  |
    +--------+----------+-----------+------------+

+ Latency: 
    * Summary: 
    +---------+---------+----------+----------+--------+--------+---------+
    |  Latency (cycles) |  Latency (absolute) |     Interval    | Pipeline|
    |   min   |   max   |    min   |    max   |   min  |   max  |   Type  |
    +---------+---------+----------+----------+--------+--------+---------+
    |   118530|   118530| 5.926 ms | 5.926 ms |  118530|  118530|   none  |
    +---------+---------+----------+----------+--------+--------+---------+

    + Detail: 
        * Instance: 
        +-------------------------+---------------+---------+---------+----------+----------+-------+-------+---------+
        |                         |               |  Latency (cycles) |  Latency (absolute) |    Interval   | Pipeline|
        |         Instance        |     Module    |   min   |   max   |    min   |    max   |  min  |  max  |   Type  |
        +-------------------------+---------------+---------+---------+----------+----------+-------+-------+---------+
        |grp_OtsuThreshold_fu_22  |OtsuThreshold  |    60386|    60386| 3.019 ms | 3.019 ms |  60386|  60386|   none  |
        |grp_Threshold_fu_30      |Threshold      |    58141|    58141| 2.907 ms | 2.907 ms |  58141|  58141|   none  |
        +-------------------------+---------------+---------+---------+----------+----------+-------+-------+---------+

        * Loop: 
        N/A



================================================================
== Utilization Estimates
================================================================
* Summary: 
+-----------------+---------+-------+--------+-------+-----+
|       Name      | BRAM_18K| DSP48E|   FF   |  LUT  | URAM|
+-----------------+---------+-------+--------+-------+-----+
|DSP              |        -|      -|       -|      -|    -|
|Expression       |        -|      -|       0|      2|    -|
|FIFO             |        -|      -|       -|      -|    -|
|Instance         |       12|     47|    1140|   5850|    0|
|Memory           |        -|      -|       -|      -|    -|
|Multiplexer      |        -|      -|       -|     69|    -|
|Register         |        -|      -|      16|      -|    -|
+-----------------+---------+-------+--------+-------+-----+
|Total            |       12|     47|    1156|   5921|    0|
+-----------------+---------+-------+--------+-------+-----+
|Available        |      280|    220|  106400|  53200|    0|
+-----------------+---------+-------+--------+-------+-----+
|Utilization (%)  |        4|     21|       1|     11|    0|
+-----------------+---------+-------+--------+-------+-----+

+ Detail: 
    * Instance: 
    +-------------------------+---------------+---------+-------+------+------+-----+
    |         Instance        |     Module    | BRAM_18K| DSP48E|  FF  |  LUT | URAM|
    +-------------------------+---------------+---------+-------+------+------+-----+
    |grp_OtsuThreshold_fu_22  |OtsuThreshold  |       12|     47|  1108|  5699|    0|
    |grp_Threshold_fu_30      |Threshold      |        0|      0|    32|   151|    0|
    +-------------------------+---------------+---------+-------+------+------+-----+
    |Total                    |               |       12|     47|  1140|  5850|    0|
    +-------------------------+---------------+---------+-------+------+------+-----+

    * DSP48E: 
    N/A

    * Memory: 
    N/A

    * FIFO: 
    N/A

    * Expression: 
    +-----------------+----------+-------+---+----+------------+------------+
    |  Variable Name  | Operation| DSP48E| FF| LUT| Bitwidth P0| Bitwidth P1|
    +-----------------+----------+-------+---+----+------------+------------+
    |ap_block_state1  |    or    |      0|  0|   2|           1|           1|
    +-----------------+----------+-------+---+----+------------+------------+
    |Total            |          |      0|  0|   2|           1|           1|
    +-----------------+----------+-------+---+----+------------+------------+

    * Multiplexer: 
    +----------------------+----+-----------+-----+-----------+
    |         Name         | LUT| Input Size| Bits| Total Bits|
    +----------------------+----+-----------+-----+-----------+
    |ap_NS_fsm             |  27|          5|    1|          5|
    |ap_done               |   9|          2|    1|          2|
    |img_in_data_V_read    |  15|          3|    1|          3|
    |img_out_data_V_write  |   9|          2|    1|          2|
    |real_start            |   9|          2|    1|          2|
    +----------------------+----+-----------+-----+-----------+
    |Total                 |  69|         14|    5|         14|
    +----------------------+----+-----------+-----+-----------+

    * Register: 
    +--------------------------------------+---+----+-----+-----------+
    |                 Name                 | FF| LUT| Bits| Const Bits|
    +--------------------------------------+---+----+-----+-----------+
    |ap_CS_fsm                             |  4|   0|    4|          0|
    |ap_done_reg                           |  1|   0|    1|          0|
    |grp_OtsuThreshold_fu_22_ap_start_reg  |  1|   0|    1|          0|
    |grp_Threshold_fu_30_ap_start_reg      |  1|   0|    1|          0|
    |otsuValue_reg_39                      |  8|   0|    8|          0|
    |start_once_reg                        |  1|   0|    1|          0|
    +--------------------------------------+---+----+-----+-----------+
    |Total                                 | 16|   0|   16|          0|
    +--------------------------------------+---+----+-----+-----------+



================================================================
== Interface
================================================================
* Summary: 
+-----------------------+-----+-----+------------+----------------+--------------+
|       RTL Ports       | Dir | Bits|  Protocol  |  Source Object |    C Type    |
+-----------------------+-----+-----+------------+----------------+--------------+
|ap_clk                 |  in |    1| ap_ctrl_hs |  segment_image | return value |
|ap_rst                 |  in |    1| ap_ctrl_hs |  segment_image | return value |
|ap_start               |  in |    1| ap_ctrl_hs |  segment_image | return value |
|start_full_n           |  in |    1| ap_ctrl_hs |  segment_image | return value |
|ap_done                | out |    1| ap_ctrl_hs |  segment_image | return value |
|ap_continue            |  in |    1| ap_ctrl_hs |  segment_image | return value |
|ap_idle                | out |    1| ap_ctrl_hs |  segment_image | return value |
|ap_ready               | out |    1| ap_ctrl_hs |  segment_image | return value |
|start_out              | out |    1| ap_ctrl_hs |  segment_image | return value |
|start_write            | out |    1| ap_ctrl_hs |  segment_image | return value |
|img_in_data_V_dout     |  in |    8|   ap_fifo  |  img_in_data_V |    pointer   |
|img_in_data_V_empty_n  |  in |    1|   ap_fifo  |  img_in_data_V |    pointer   |
|img_in_data_V_read     | out |    1|   ap_fifo  |  img_in_data_V |    pointer   |
|img_out_data_V_din     | out |    1|   ap_fifo  | img_out_data_V |    pointer   |
|img_out_data_V_full_n  |  in |    1|   ap_fifo  | img_out_data_V |    pointer   |
|img_out_data_V_write   | out |    1|   ap_fifo  | img_out_data_V |    pointer   |
+-----------------------+-----+-----+------------+----------------+--------------+

