

================================================================
== Vivado HLS Report for 'xFarithm_proc_2811'
================================================================
* Date:           Wed Mar 18 11:36:41 2020

* Version:        2019.2.1 (Build 2724168 on Thu Dec 05 05:19:09 MST 2019)
* Project:        WeedD
* Solution:       solution1
* Product family: zynq
* Target device:  xc7z020-clg400-1


================================================================
== Performance Estimates
================================================================
+ Timing: 
    * Summary: 
    +--------+----------+-----------+------------+
    |  Clock |  Target  | Estimated | Uncertainty|
    +--------+----------+-----------+------------+
    |ap_clk  | 50.00 ns | 10.431 ns |   6.25 ns  |
    +--------+----------+-----------+------------+

+ Latency: 
    * Summary: 
    +---------+---------+-----------+-----------+--------+--------+---------+
    |  Latency (cycles) |   Latency (absolute)  |     Interval    | Pipeline|
    |   min   |   max   |    min    |    max    |   min  |   max  |   Type  |
    +---------+---------+-----------+-----------+--------+--------+---------+
    |   923761|   923761| 46.188 ms | 46.188 ms |  923761|  923761|   none  |
    +---------+---------+-----------+-----------+--------+--------+---------+

    + Detail: 
        * Instance: 
        N/A

        * Loop: 
        +------------+---------+---------+----------+-----------+-----------+------+----------+
        |            |  Latency (cycles) | Iteration|  Initiation Interval  | Trip |          |
        |  Loop Name |   min   |   max   |  Latency |  achieved |   target  | Count| Pipelined|
        +------------+---------+---------+----------+-----------+-----------+------+----------+
        |- rowLoop   |   923760|   923760|      1283|          -|          -|   720|    no    |
        | + colLoop  |     1280|     1280|         2|          1|          1|  1280|    yes   |
        +------------+---------+---------+----------+-----------+-----------+------+----------+



================================================================
== Utilization Estimates
================================================================
* Summary: 
+-----------------+---------+-------+--------+-------+-----+
|       Name      | BRAM_18K| DSP48E|   FF   |  LUT  | URAM|
+-----------------+---------+-------+--------+-------+-----+
|DSP              |        -|      -|       -|      -|    -|
|Expression       |        -|      -|       0|    175|    -|
|FIFO             |        -|      -|       -|      -|    -|
|Instance         |        -|      -|       -|      -|    -|
|Memory           |        -|      -|       -|      -|    -|
|Multiplexer      |        -|      -|       -|     87|    -|
|Register         |        -|      -|      38|      -|    -|
+-----------------+---------+-------+--------+-------+-----+
|Total            |        0|      0|      38|    262|    0|
+-----------------+---------+-------+--------+-------+-----+
|Available        |      280|    220|  106400|  53200|    0|
+-----------------+---------+-------+--------+-------+-----+
|Utilization (%)  |        0|      0|   ~0   |   ~0  |    0|
+-----------------+---------+-------+--------+-------+-----+

+ Detail: 
    * Instance: 
    N/A

    * DSP48E: 
    N/A

    * Memory: 
    N/A

    * FIFO: 
    N/A

    * Expression: 
    +----------------------------------+----------+-------+---+----+------------+------------+
    |           Variable Name          | Operation| DSP48E| FF| LUT| Bitwidth P0| Bitwidth P1|
    +----------------------------------+----------+-------+---+----+------------+------------+
    |add_ln1353_1_fu_207_p2            |     +    |      0|  0|  15|           9|           9|
    |add_ln1353_2_fu_263_p2            |     +    |      0|  0|  15|           9|           9|
    |add_ln1353_fu_151_p2              |     +    |      0|  0|  15|           9|           9|
    |add_ln1597_fu_129_p2              |     +    |      0|  0|  13|          11|           1|
    |add_ln209_1_fu_221_p2             |     +    |      0|  0|  15|           8|           8|
    |add_ln209_2_fu_277_p2             |     +    |      0|  0|  15|           8|           8|
    |add_ln209_fu_165_p2               |     +    |      0|  0|  15|           8|           8|
    |i_V_fu_117_p2                     |     +    |      0|  0|  14|          10|           1|
    |ap_block_pp0_stage0_01001         |    and   |      0|  0|   2|           1|           1|
    |icmp_ln887_fu_111_p2              |   icmp   |      0|  0|  13|          10|          10|
    |icmp_ln98_fu_123_p2               |   icmp   |      0|  0|  13|          11|          11|
    |ap_block_state4_pp0_stage0_iter1  |    or    |      0|  0|   2|           1|           1|
    |select_ln209_1_fu_227_p3          |  select  |      0|  0|   8|           1|           2|
    |select_ln209_2_fu_283_p3          |  select  |      0|  0|   8|           1|           2|
    |select_ln209_fu_171_p3            |  select  |      0|  0|   8|           1|           2|
    |ap_enable_pp0                     |    xor   |      0|  0|   2|           1|           2|
    |ap_enable_reg_pp0_iter1           |    xor   |      0|  0|   2|           2|           1|
    +----------------------------------+----------+-------+---+----+------------+------------+
    |Total                             |          |      0|  0| 175|         101|          85|
    +----------------------------------+----------+-------+---+----+------------+------------+

    * Multiplexer: 
    +-------------------------+----+-----------+-----+-----------+
    |           Name          | LUT| Input Size| Bits| Total Bits|
    +-------------------------+----+-----------+-----+-----------+
    |ap_NS_fsm                |  27|          5|    1|          5|
    |ap_enable_reg_pp0_iter1  |  15|          3|    1|          3|
    |p_dst_data_V_blk_n       |   9|          2|    1|          2|
    |p_src1_data_V_blk_n      |   9|          2|    1|          2|
    |p_src2_data_V_blk_n      |   9|          2|    1|          2|
    |t_V_4_reg_100            |   9|          2|   11|         22|
    |t_V_reg_89               |   9|          2|   10|         20|
    +-------------------------+----+-----------+-----+-----------+
    |Total                    |  87|         18|   26|         56|
    +-------------------------+----+-----------+-----+-----------+

    * Register: 
    +-------------------------+----+----+-----+-----------+
    |           Name          | FF | LUT| Bits| Const Bits|
    +-------------------------+----+----+-----+-----------+
    |ap_CS_fsm                |   4|   0|    4|          0|
    |ap_enable_reg_pp0_iter0  |   1|   0|    1|          0|
    |ap_enable_reg_pp0_iter1  |   1|   0|    1|          0|
    |i_V_reg_306              |  10|   0|   10|          0|
    |icmp_ln98_reg_311        |   1|   0|    1|          0|
    |t_V_4_reg_100            |  11|   0|   11|          0|
    |t_V_reg_89               |  10|   0|   10|          0|
    +-------------------------+----+----+-----+-----------+
    |Total                    |  38|   0|   38|          0|
    +-------------------------+----+----+-----+-----------+



================================================================
== Interface
================================================================
* Summary: 
+-----------------------+-----+-----+------------+--------------------+--------------+
|       RTL Ports       | Dir | Bits|  Protocol  |    Source Object   |    C Type    |
+-----------------------+-----+-----+------------+--------------------+--------------+
|ap_clk                 |  in |    1| ap_ctrl_hs | xFarithm_proc_2811 | return value |
|ap_rst                 |  in |    1| ap_ctrl_hs | xFarithm_proc_2811 | return value |
|ap_start               |  in |    1| ap_ctrl_hs | xFarithm_proc_2811 | return value |
|ap_done                | out |    1| ap_ctrl_hs | xFarithm_proc_2811 | return value |
|ap_idle                | out |    1| ap_ctrl_hs | xFarithm_proc_2811 | return value |
|ap_ready               | out |    1| ap_ctrl_hs | xFarithm_proc_2811 | return value |
|p_src1_data_V_dout     |  in |   24|   ap_fifo  |    p_src1_data_V   |    pointer   |
|p_src1_data_V_empty_n  |  in |    1|   ap_fifo  |    p_src1_data_V   |    pointer   |
|p_src1_data_V_read     | out |    1|   ap_fifo  |    p_src1_data_V   |    pointer   |
|p_src2_data_V_dout     |  in |   24|   ap_fifo  |    p_src2_data_V   |    pointer   |
|p_src2_data_V_empty_n  |  in |    1|   ap_fifo  |    p_src2_data_V   |    pointer   |
|p_src2_data_V_read     | out |    1|   ap_fifo  |    p_src2_data_V   |    pointer   |
|p_dst_data_V_din       | out |   24|   ap_fifo  |    p_dst_data_V    |    pointer   |
|p_dst_data_V_full_n    |  in |    1|   ap_fifo  |    p_dst_data_V    |    pointer   |
|p_dst_data_V_write     | out |    1|   ap_fifo  |    p_dst_data_V    |    pointer   |
+-----------------------+-----+-----+------------+--------------------+--------------+

