

================================================================
== Vivado HLS Report for 'xFDuplicate637'
================================================================
* Date:           Wed Mar 18 11:35:53 2020

* Version:        2019.2.1 (Build 2724168 on Thu Dec 05 05:19:09 MST 2019)
* Project:        WeedD
* Solution:       solution1
* Product family: zynq
* Target device:  xc7z020-clg400-1


================================================================
== Performance Estimates
================================================================
+ Timing: 
    * Summary: 
    +--------+----------+----------+------------+
    |  Clock |  Target  | Estimated| Uncertainty|
    +--------+----------+----------+------------+
    |ap_clk  | 50.00 ns | 7.268 ns |   6.25 ns  |
    +--------+----------+----------+------------+

+ Latency: 
    * Summary: 
    +---------+---------+----------+----------+-------+-------+---------+
    |  Latency (cycles) |  Latency (absolute) |    Interval   | Pipeline|
    |   min   |   max   |    min   |    max   |  min  |  max  |   Type  |
    +---------+---------+----------+----------+-------+-------+---------+
    |    43741|    43741| 2.187 ms | 2.187 ms |  43741|  43741|   none  |
    +---------+---------+----------+----------+-------+-------+---------+

    + Detail: 
        * Instance: 
        N/A

        * Loop: 
        +-------------+---------+---------+----------+-----------+-----------+------+----------+
        |             |  Latency (cycles) | Iteration|  Initiation Interval  | Trip |          |
        |  Loop Name  |   min   |   max   |  Latency |  achieved |   target  | Count| Pipelined|
        +-------------+---------+---------+----------+-----------+-----------+------+----------+
        |- Row_Loop   |    43740|    43740|       243|          -|          -|   180|    no    |
        | + Col_Loop  |      240|      240|         2|          1|          1|   240|    yes   |
        +-------------+---------+---------+----------+-----------+-----------+------+----------+



================================================================
== Utilization Estimates
================================================================
* Summary: 
+-----------------+---------+-------+--------+-------+-----+
|       Name      | BRAM_18K| DSP48E|   FF   |  LUT  | URAM|
+-----------------+---------+-------+--------+-------+-----+
|DSP              |        -|      -|       -|      -|    -|
|Expression       |        -|      -|       0|     72|    -|
|FIFO             |        -|      -|       -|      -|    -|
|Instance         |        -|      -|       -|      -|    -|
|Memory           |        -|      -|       -|      -|    -|
|Multiplexer      |        -|      -|       -|    123|    -|
|Register         |        -|      -|      77|      -|    -|
+-----------------+---------+-------+--------+-------+-----+
|Total            |        0|      0|      77|    195|    0|
+-----------------+---------+-------+--------+-------+-----+
|Available        |      280|    220|  106400|  53200|    0|
+-----------------+---------+-------+--------+-------+-----+
|Utilization (%)  |        0|      0|   ~0   |   ~0  |    0|
+-----------------+---------+-------+--------+-------+-----+

+ Detail: 
    * Instance: 
    N/A

    * DSP48E: 
    N/A

    * Memory: 
    N/A

    * FIFO: 
    N/A

    * Expression: 
    +----------------------------------+----------+-------+---+----+------------+------------+
    |           Variable Name          | Operation| DSP48E| FF| LUT| Bitwidth P0| Bitwidth P1|
    +----------------------------------+----------+-------+---+----+------------+------------+
    |add_ln887_fu_146_p2               |     +    |      0|  0|  19|          14|           1|
    |row_V_fu_135_p2                   |     +    |      0|  0|  17|          13|           1|
    |ap_block_pp0_stage0_01001         |    and   |      0|  0|   2|           1|           1|
    |icmp_ln57_fu_141_p2               |   icmp   |      0|  0|  13|          14|          14|
    |icmp_ln887_fu_130_p2              |   icmp   |      0|  0|  13|          14|          14|
    |ap_block_state1                   |    or    |      0|  0|   2|           1|           1|
    |ap_block_state4_pp0_stage0_iter1  |    or    |      0|  0|   2|           1|           1|
    |ap_enable_pp0                     |    xor   |      0|  0|   2|           1|           2|
    |ap_enable_reg_pp0_iter1           |    xor   |      0|  0|   2|           2|           1|
    +----------------------------------+----------+-------+---+----+------------+------------+
    |Total                             |          |      0|  0|  72|          61|          36|
    +----------------------------------+----------+-------+---+----+------------+------------+

    * Multiplexer: 
    +-------------------------+----+-----------+-----+-----------+
    |           Name          | LUT| Input Size| Bits| Total Bits|
    +-------------------------+----+-----------+-----+-----------+
    |ap_NS_fsm                |  27|          5|    1|          5|
    |ap_done                  |   9|          2|    1|          2|
    |ap_enable_reg_pp0_iter1  |  15|          3|    1|          3|
    |dst1_V_V_blk_n           |   9|          2|    1|          2|
    |dst_V_V_blk_n            |   9|          2|    1|          2|
    |p_src_cols_read_blk_n    |   9|          2|    1|          2|
    |p_src_rows_read_blk_n    |   9|          2|    1|          2|
    |real_start               |   9|          2|    1|          2|
    |src_V_V_blk_n            |   9|          2|    1|          2|
    |t_V_10_reg_96            |   9|          2|   13|         26|
    |t_V_reg_107              |   9|          2|   14|         28|
    +-------------------------+----+-----------+-----+-----------+
    |Total                    | 123|         26|   36|         76|
    +-------------------------+----+-----------+-----+-----------+

    * Register: 
    +-------------------------+----+----+-----+-----------+
    |           Name          | FF | LUT| Bits| Const Bits|
    +-------------------------+----+----+-----+-----------+
    |ap_CS_fsm                |   4|   0|    4|          0|
    |ap_done_reg              |   1|   0|    1|          0|
    |ap_enable_reg_pp0_iter0  |   1|   0|    1|          0|
    |ap_enable_reg_pp0_iter1  |   1|   0|    1|          0|
    |empty_reg_157            |  14|   0|   14|          0|
    |icmp_ln57_reg_171        |   1|   0|    1|          0|
    |row_V_reg_166            |  13|   0|   13|          0|
    |sext_ln104_reg_152       |  14|   0|   14|          0|
    |start_once_reg           |   1|   0|    1|          0|
    |t_V_10_reg_96            |  13|   0|   13|          0|
    |t_V_reg_107              |  14|   0|   14|          0|
    +-------------------------+----+----+-----+-----------+
    |Total                    |  77|   0|   77|          0|
    +-------------------------+----+----+-----+-----------+



================================================================
== Interface
================================================================
* Summary: 
+-------------------------+-----+-----+------------+-----------------+--------------+
|        RTL Ports        | Dir | Bits|  Protocol  |  Source Object  |    C Type    |
+-------------------------+-----+-----+------------+-----------------+--------------+
|ap_clk                   |  in |    1| ap_ctrl_hs |  xFDuplicate637 | return value |
|ap_rst                   |  in |    1| ap_ctrl_hs |  xFDuplicate637 | return value |
|ap_start                 |  in |    1| ap_ctrl_hs |  xFDuplicate637 | return value |
|start_full_n             |  in |    1| ap_ctrl_hs |  xFDuplicate637 | return value |
|ap_done                  | out |    1| ap_ctrl_hs |  xFDuplicate637 | return value |
|ap_continue              |  in |    1| ap_ctrl_hs |  xFDuplicate637 | return value |
|ap_idle                  | out |    1| ap_ctrl_hs |  xFDuplicate637 | return value |
|ap_ready                 | out |    1| ap_ctrl_hs |  xFDuplicate637 | return value |
|start_out                | out |    1| ap_ctrl_hs |  xFDuplicate637 | return value |
|start_write              | out |    1| ap_ctrl_hs |  xFDuplicate637 | return value |
|src_V_V_dout             |  in |    8|   ap_fifo  |     src_V_V     |    pointer   |
|src_V_V_empty_n          |  in |    1|   ap_fifo  |     src_V_V     |    pointer   |
|src_V_V_read             | out |    1|   ap_fifo  |     src_V_V     |    pointer   |
|dst_V_V_din              | out |    8|   ap_fifo  |     dst_V_V     |    pointer   |
|dst_V_V_full_n           |  in |    1|   ap_fifo  |     dst_V_V     |    pointer   |
|dst_V_V_write            | out |    1|   ap_fifo  |     dst_V_V     |    pointer   |
|dst1_V_V_din             | out |    8|   ap_fifo  |     dst1_V_V    |    pointer   |
|dst1_V_V_full_n          |  in |    1|   ap_fifo  |     dst1_V_V    |    pointer   |
|dst1_V_V_write           | out |    1|   ap_fifo  |     dst1_V_V    |    pointer   |
|p_src_rows_read_dout     |  in |    9|   ap_fifo  | p_src_rows_read |    pointer   |
|p_src_rows_read_empty_n  |  in |    1|   ap_fifo  | p_src_rows_read |    pointer   |
|p_src_rows_read_read     | out |    1|   ap_fifo  | p_src_rows_read |    pointer   |
|p_src_cols_read_dout     |  in |   10|   ap_fifo  | p_src_cols_read |    pointer   |
|p_src_cols_read_empty_n  |  in |    1|   ap_fifo  | p_src_cols_read |    pointer   |
|p_src_cols_read_read     | out |    1|   ap_fifo  | p_src_cols_read |    pointer   |
+-------------------------+-----+-----+------------+-----------------+--------------+

