

================================================================
== Vivado HLS Report for 'xferode790'
================================================================
* Date:           Wed Mar 18 11:35:51 2020

* Version:        2019.2.1 (Build 2724168 on Thu Dec 05 05:19:09 MST 2019)
* Project:        WeedD
* Solution:       solution1
* Product family: zynq
* Target device:  xc7z020-clg400-1


================================================================
== Performance Estimates
================================================================
+ Timing: 
    * Summary: 
    +--------+----------+----------+------------+
    |  Clock |  Target  | Estimated| Uncertainty|
    +--------+----------+----------+------------+
    |ap_clk  | 50.00 ns | 9.232 ns |   6.25 ns  |
    +--------+----------+----------+------------+

+ Latency: 
    * Summary: 
    +---------+---------+----------+----------+-------+-------+---------+
    |  Latency (cycles) |  Latency (absolute) |    Interval   | Pipeline|
    |   min   |   max   |    min   |    max   |  min  |  max  |   Type  |
    +---------+---------+----------+----------+-------+-------+---------+
    |    59328|    59328| 2.966 ms | 2.966 ms |  59328|  59328|   none  |
    +---------+---------+----------+----------+-------+-------+---------+

    + Detail: 
        * Instance: 
        +-------------------------------------------------+-------------------+---------+---------+----------+----------+-----+-----+----------+
        |                                                 |                   |  Latency (cycles) |  Latency (absolute) |  Interval | Pipeline |
        |                     Instance                    |       Module      |   min   |   max   |    min   |    max   | min | max |   Type   |
        +-------------------------------------------------+-------------------+---------+---------+----------+----------+-----+-----+----------+
        |src_buf_temp_copy_ex_xfExtractPixels_1_fu_375    |xfExtractPixels_1  |        0|        0|   0 ns   |   0 ns   |    1|    1| function |
        |src_buf_temp_copy_ex_3_xfExtractPixels_1_fu_380  |xfExtractPixels_1  |        0|        0|   0 ns   |   0 ns   |    1|    1| function |
        |src_buf_temp_copy_ex_4_xfExtractPixels_1_fu_385  |xfExtractPixels_1  |        0|        0|   0 ns   |   0 ns   |    1|    1| function |
        +-------------------------------------------------+-------------------+---------+---------+----------+----------+-----+-----+----------+

        * Loop: 
        +-------------+---------+---------+----------+-----------+-----------+------+----------+
        |             |  Latency (cycles) | Iteration|  Initiation Interval  | Trip |          |
        |  Loop Name  |   min   |   max   |  Latency |  achieved |   target  | Count| Pipelined|
        +-------------+---------+---------+----------+-----------+-----------+------+----------+
        |- Loop 1     |        3|        3|         1|          -|          -|     3|    no    |
        |- Loop 2     |      320|      320|         2|          1|          1|   320|    yes   |
        |- Loop 3     |      320|      320|         1|          -|          -|   320|    no    |
        |- Row_Loop   |    58680|    58680|       326|          -|          -|   180|    no    |
        | + Col_Loop  |      323|      323|         4|          1|          1|   321|    yes   |
        +-------------+---------+---------+----------+-----------+-----------+------+----------+



================================================================
== Utilization Estimates
================================================================
* Summary: 
+-----------------+---------+-------+--------+-------+-----+
|       Name      | BRAM_18K| DSP48E|   FF   |  LUT  | URAM|
+-----------------+---------+-------+--------+-------+-----+
|DSP              |        -|      -|       -|      -|    -|
|Expression       |        -|      -|       0|    270|    -|
|FIFO             |        -|      -|       -|      -|    -|
|Instance         |        -|      -|       0|     63|    -|
|Memory           |        3|      -|       0|      0|    0|
|Multiplexer      |        -|      -|       -|    314|    -|
|Register         |        0|      -|     292|     64|    -|
+-----------------+---------+-------+--------+-------+-----+
|Total            |        3|      0|     292|    711|    0|
+-----------------+---------+-------+--------+-------+-----+
|Available        |      280|    220|  106400|  53200|    0|
+-----------------+---------+-------+--------+-------+-----+
|Utilization (%)  |        1|      0|   ~0   |      1|    0|
+-----------------+---------+-------+--------+-------+-----+

+ Detail: 
    * Instance: 
    +-------------------------------------------------+----------------------+---------+-------+---+----+-----+
    |                     Instance                    |        Module        | BRAM_18K| DSP48E| FF| LUT| URAM|
    +-------------------------------------------------+----------------------+---------+-------+---+----+-----+
    |ip_accel_app_mux_yd2_U252                        |ip_accel_app_mux_yd2  |        0|      0|  0|  21|    0|
    |ip_accel_app_mux_yd2_U253                        |ip_accel_app_mux_yd2  |        0|      0|  0|  21|    0|
    |ip_accel_app_mux_yd2_U254                        |ip_accel_app_mux_yd2  |        0|      0|  0|  21|    0|
    |src_buf_temp_copy_ex_xfExtractPixels_1_fu_375    |xfExtractPixels_1     |        0|      0|  0|   0|    0|
    |src_buf_temp_copy_ex_3_xfExtractPixels_1_fu_380  |xfExtractPixels_1     |        0|      0|  0|   0|    0|
    |src_buf_temp_copy_ex_4_xfExtractPixels_1_fu_385  |xfExtractPixels_1     |        0|      0|  0|   0|    0|
    +-------------------------------------------------+----------------------+---------+-------+---+----+-----+
    |Total                                            |                      |        0|      0|  0|  63|    0|
    +-------------------------------------------------+----------------------+---------+-------+---+----+-----+

    * DSP48E: 
    N/A

    * Memory: 
    +-----------+--------------------+---------+---+----+-----+------+-----+------+-------------+
    |   Memory  |       Module       | BRAM_18K| FF| LUT| URAM| Words| Bits| Banks| W*Bits*Banks|
    +-----------+--------------------+---------+---+----+-----+------+-----+------+-------------+
    |buf_0_V_U  |xferode790_buf_0_V  |        1|  0|   0|    0|   320|    1|     1|          320|
    |buf_1_V_U  |xferode790_buf_0_V  |        1|  0|   0|    0|   320|    1|     1|          320|
    |buf_2_V_U  |xferode790_buf_0_V  |        1|  0|   0|    0|   320|    1|     1|          320|
    +-----------+--------------------+---------+---+----+-----+------+-----+------+-------------+
    |Total      |                    |        3|  0|   0|    0|   960|    3|     3|          960|
    +-----------+--------------------+---------+---+----+-----+------+-----+------+-------------+

    * FIFO: 
    N/A

    * Expression: 
    +-------------------------------------------------------------+----------+-------+---+----+------------+------------+
    |                        Variable Name                        | Operation| DSP48E| FF| LUT| Bitwidth P0| Bitwidth P1|
    +-------------------------------------------------------------+----------+-------+---+----+------------+------------+
    |add_ln278_fu_436_p2                                          |     +    |      0|  0|  15|           9|           1|
    |add_ln700_fu_447_p2                                          |     +    |      0|  0|  15|           9|           1|
    |col_V_fu_500_p2                                              |     +    |      0|  0|  15|           9|           1|
    |i_col_V_fu_459_p2                                            |     +    |      0|  0|  15|           9|           1|
    |init_row_ind_fu_405_p2                                       |     +    |      0|  0|  10|           2|           1|
    |row_V_fu_645_p2                                              |     +    |      0|  0|  15|           8|           1|
    |ap_block_pp0_stage0_11001                                    |    and   |      0|  0|   2|           1|           1|
    |ap_block_state11_pp1_stage0_iter3                            |    and   |      0|  0|   2|           1|           1|
    |ap_block_state4_pp0_stage0_iter1                             |    and   |      0|  0|   2|           1|           1|
    |ap_block_state9_pp1_stage0_iter1                             |    and   |      0|  0|   2|           1|           1|
    |ap_condition_596                                             |    and   |      0|  0|   2|           1|           1|
    |ap_predicate_op109_read_state9                               |    and   |      0|  0|   2|           1|           1|
    |icmp_ln259_fu_399_p2                                         |   icmp   |      0|  0|   8|           2|           2|
    |icmp_ln272_fu_430_p2                                         |   icmp   |      0|  0|  13|           9|           9|
    |icmp_ln887_1_fu_470_p2                                       |   icmp   |      0|  0|  11|           8|           8|
    |icmp_ln887_2_fu_476_p2                                       |   icmp   |      0|  0|  11|           8|           8|
    |icmp_ln887_3_fu_494_p2                                       |   icmp   |      0|  0|  13|           9|           9|
    |icmp_ln887_4_fu_506_p2                                       |   icmp   |      0|  0|  13|           9|           9|
    |icmp_ln887_5_fu_616_p2                                       |   icmp   |      0|  0|  11|           8|           8|
    |icmp_ln887_6_fu_630_p2                                       |   icmp   |      0|  0|  11|           8|           8|
    |icmp_ln887_fu_453_p2                                         |   icmp   |      0|  0|  13|           9|           9|
    |icmp_ln891_fu_529_p2                                         |   icmp   |      0|  0|  13|           9|           1|
    |ap_block_pp1_stage0_01001                                    |    or    |      0|  0|   2|           1|           1|
    |p_dst_data_V_din                                             |  select  |      0|  0|   8|           1|           8|
    |select_ln321_1_fu_543_p3                                     |  select  |      0|  0|   2|           1|           2|
    |select_ln321_2_fu_551_p3                                     |  select  |      0|  0|   2|           1|           2|
    |select_ln321_fu_535_p3                                       |  select  |      0|  0|   2|           1|           2|
    |select_ln62_fu_622_p3                                        |  select  |      0|  0|   8|           1|           8|
    |src_buf_temp_copy_ex_3_xfExtractPixels_1_fu_380_val1_V_read  |  select  |      0|  0|   8|           1|           8|
    |src_buf_temp_copy_ex_4_xfExtractPixels_1_fu_385_val1_V_read  |  select  |      0|  0|   8|           1|           8|
    |src_buf_temp_copy_ex_xfExtractPixels_1_fu_375_val1_V_read    |  select  |      0|  0|   8|           1|           8|
    |ap_enable_pp0                                                |    xor   |      0|  0|   2|           1|           2|
    |ap_enable_pp1                                                |    xor   |      0|  0|   2|           1|           2|
    |ap_enable_reg_pp0_iter1                                      |    xor   |      0|  0|   2|           2|           1|
    |ap_enable_reg_pp1_iter1                                      |    xor   |      0|  0|   2|           2|           1|
    +-------------------------------------------------------------+----------+-------+---+----+------------+------------+
    |Total                                                        |          |      0|  0| 270|         146|         136|
    +-------------------------------------------------------------+----------+-------+---+----+------------+------------+

    * Multiplexer: 
    +--------------------------------+----+-----------+-----+-----------+
    |              Name              | LUT| Input Size| Bits| Total Bits|
    +--------------------------------+----+-----------+-----+-----------+
    |ap_NS_fsm                       |  44|          9|    1|          9|
    |ap_enable_reg_pp0_iter1         |  15|          3|    1|          3|
    |ap_enable_reg_pp1_iter1         |   9|          2|    1|          2|
    |ap_enable_reg_pp1_iter3         |   9|          2|    1|          2|
    |ap_phi_mux_t_V_2_phi_fu_367_p4  |   9|          2|    9|         18|
    |buf_0_V_address1                |  21|          4|    9|         36|
    |buf_0_V_d1                      |  15|          3|    1|          3|
    |buf_1_V_address1                |  21|          4|    9|         36|
    |buf_1_V_d1                      |  15|          3|    1|          3|
    |buf_2_V_address1                |  15|          3|    9|         27|
    |buf_2_V_d1                      |  15|          3|    1|          3|
    |index_assign_reg_248            |   9|          2|    9|         18|
    |p_dst_data_V_blk_n              |   9|          2|    1|          2|
    |p_src_data_V_blk_n              |   9|          2|    1|          2|
    |row_ind_0_V_reg_292             |   9|          2|   13|         26|
    |row_ind_1_V_1_reg_282           |   9|          2|   13|         26|
    |src_buf_0_1_0_reg_339           |   9|          2|    8|         16|
    |src_buf_1_1_0_reg_327           |   9|          2|    8|         16|
    |src_buf_2_1_0_reg_351           |   9|          2|    8|         16|
    |t_V_1_0_reg_259                 |   9|          2|    9|         18|
    |t_V_1_reg_315                   |   9|          2|    8|         16|
    |t_V_2_reg_363                   |   9|          2|    9|         18|
    |t_V_reg_271                     |   9|          2|    9|         18|
    |val_assign_reg_237              |   9|          2|    2|          4|
    |zero_ind_V_reg_303              |   9|          2|   13|         26|
    +--------------------------------+----+-----------+-----+-----------+
    |Total                           | 314|         66|  154|        364|
    +--------------------------------+----+-----------+-----+-----------+

    * Register: 
    +-----------------------------+----+----+-----+-----------+
    |             Name            | FF | LUT| Bits| Const Bits|
    +-----------------------------+----+----+-----+-----------+
    |ap_CS_fsm                    |   8|   0|    8|          0|
    |ap_enable_reg_pp0_iter0      |   1|   0|    1|          0|
    |ap_enable_reg_pp0_iter1      |   1|   0|    1|          0|
    |ap_enable_reg_pp1_iter0      |   1|   0|    1|          0|
    |ap_enable_reg_pp1_iter1      |   1|   0|    1|          0|
    |ap_enable_reg_pp1_iter2      |   1|   0|    1|          0|
    |ap_enable_reg_pp1_iter3      |   1|   0|    1|          0|
    |col_V_reg_742                |   9|   0|    9|          0|
    |icmp_ln272_reg_693           |   1|   0|    1|          0|
    |icmp_ln887_2_reg_719         |   1|   0|    1|          0|
    |icmp_ln887_3_reg_738         |   1|   0|    1|          0|
    |icmp_ln887_4_reg_747         |   1|   0|    1|          0|
    |icmp_ln891_reg_769           |   1|   0|    1|          0|
    |index_assign_reg_248         |   9|   0|    9|          0|
    |row_ind_0_V_reg_292          |  13|   0|   13|          0|
    |row_ind_1_V_1_reg_282        |  13|   0|   13|          0|
    |row_ind_2_V_5_fu_94          |   2|   0|   13|         11|
    |row_ind_2_V_5_load_reg_674   |   2|   0|   13|         11|
    |row_ind_2_V_6_fu_98          |   2|   0|   13|         11|
    |row_ind_2_V_6_load_reg_679   |   2|   0|   13|         11|
    |row_ind_2_V_fu_90            |   2|   0|   13|         11|
    |row_ind_2_V_load_reg_669     |   2|   0|   13|         11|
    |src_buf_0_1_0_reg_339        |   8|   0|    8|          0|
    |src_buf_1_1_0_reg_327        |   8|   0|    8|          0|
    |src_buf_2_1_0_reg_351        |   8|   0|    8|          0|
    |t_V_1_0_reg_259              |   9|   0|    9|          0|
    |t_V_1_reg_315                |   8|   0|    8|          0|
    |t_V_2_reg_363                |   9|   0|    9|          0|
    |t_V_2_reg_363_pp1_iter1_reg  |   9|   0|    9|          0|
    |t_V_reg_271                  |   9|   0|    9|          0|
    |trunc_ln321_3_reg_728        |   2|   0|    2|          0|
    |trunc_ln321_4_reg_733        |   2|   0|    2|          0|
    |trunc_ln321_reg_723          |   2|   0|    2|          0|
    |val_assign_reg_237           |   2|   0|    2|          0|
    |zero_ind_V_reg_303           |  13|   0|   13|          0|
    |icmp_ln887_3_reg_738         |  64|  32|    1|          0|
    |icmp_ln887_4_reg_747         |  64|  32|    1|          0|
    +-----------------------------+----+----+-----+-----------+
    |Total                        | 292|  64|  232|         66|
    +-----------------------------+----+----+-----+-----------+



================================================================
== Interface
================================================================
* Summary: 
+----------------------+-----+-----+------------+--------------+--------------+
|       RTL Ports      | Dir | Bits|  Protocol  | Source Object|    C Type    |
+----------------------+-----+-----+------------+--------------+--------------+
|ap_clk                |  in |    1| ap_ctrl_hs |  xferode790  | return value |
|ap_rst                |  in |    1| ap_ctrl_hs |  xferode790  | return value |
|ap_start              |  in |    1| ap_ctrl_hs |  xferode790  | return value |
|ap_done               | out |    1| ap_ctrl_hs |  xferode790  | return value |
|ap_idle               | out |    1| ap_ctrl_hs |  xferode790  | return value |
|ap_ready              | out |    1| ap_ctrl_hs |  xferode790  | return value |
|p_src_data_V_dout     |  in |    1|   ap_fifo  | p_src_data_V |    pointer   |
|p_src_data_V_empty_n  |  in |    1|   ap_fifo  | p_src_data_V |    pointer   |
|p_src_data_V_read     | out |    1|   ap_fifo  | p_src_data_V |    pointer   |
|p_dst_data_V_din      | out |    8|   ap_fifo  | p_dst_data_V |    pointer   |
|p_dst_data_V_full_n   |  in |    1|   ap_fifo  | p_dst_data_V |    pointer   |
|p_dst_data_V_write    | out |    1|   ap_fifo  | p_dst_data_V |    pointer   |
+----------------------+-----+-----+------------+--------------+--------------+

