

================================================================
== Vivado HLS Report for 'xferode793'
================================================================
* Date:           Wed Mar 18 11:36:00 2020

* Version:        2019.2.1 (Build 2724168 on Thu Dec 05 05:19:09 MST 2019)
* Project:        WeedD
* Solution:       solution1
* Product family: zynq
* Target device:  xc7z020-clg400-1


================================================================
== Performance Estimates
================================================================
+ Timing: 
    * Summary: 
    +--------+----------+----------+------------+
    |  Clock |  Target  | Estimated| Uncertainty|
    +--------+----------+----------+------------+
    |ap_clk  | 50.00 ns | 9.232 ns |   6.25 ns  |
    +--------+----------+----------+------------+

+ Latency: 
    * Summary: 
    +---------+---------+----------+----------+-------+-------+---------+
    |  Latency (cycles) |  Latency (absolute) |    Interval   | Pipeline|
    |   min   |   max   |    min   |    max   |  min  |  max  |   Type  |
    +---------+---------+----------+----------+-------+-------+---------+
    |    59328|    59328| 2.966 ms | 2.966 ms |  59328|  59328|   none  |
    +---------+---------+----------+----------+-------+-------+---------+

    + Detail: 
        * Instance: 
        +-------------------------------------------------+-------------------+---------+---------+----------+----------+-----+-----+----------+
        |                                                 |                   |  Latency (cycles) |  Latency (absolute) |  Interval | Pipeline |
        |                     Instance                    |       Module      |   min   |   max   |    min   |    max   | min | max |   Type   |
        +-------------------------------------------------+-------------------+---------+---------+----------+----------+-----+-----+----------+
        |src_buf_temp_copy_ex_xfExtractPixels_1_fu_378    |xfExtractPixels_1  |        0|        0|   0 ns   |   0 ns   |    1|    1| function |
        |src_buf_temp_copy_ex_1_xfExtractPixels_1_fu_383  |xfExtractPixels_1  |        0|        0|   0 ns   |   0 ns   |    1|    1| function |
        |src_buf_temp_copy_ex_2_xfExtractPixels_1_fu_388  |xfExtractPixels_1  |        0|        0|   0 ns   |   0 ns   |    1|    1| function |
        +-------------------------------------------------+-------------------+---------+---------+----------+----------+-----+-----+----------+

        * Loop: 
        +-------------+---------+---------+----------+-----------+-----------+------+----------+
        |             |  Latency (cycles) | Iteration|  Initiation Interval  | Trip |          |
        |  Loop Name  |   min   |   max   |  Latency |  achieved |   target  | Count| Pipelined|
        +-------------+---------+---------+----------+-----------+-----------+------+----------+
        |- Loop 1     |        3|        3|         1|          -|          -|     3|    no    |
        |- Loop 2     |      320|      320|         2|          1|          1|   320|    yes   |
        |- Loop 3     |      320|      320|         1|          -|          -|   320|    no    |
        |- Row_Loop   |    58680|    58680|       326|          -|          -|   180|    no    |
        | + Col_Loop  |      323|      323|         4|          1|          1|   321|    yes   |
        +-------------+---------+---------+----------+-----------+-----------+------+----------+



================================================================
== Utilization Estimates
================================================================
* Summary: 
+-----------------+---------+-------+--------+-------+-----+
|       Name      | BRAM_18K| DSP48E|   FF   |  LUT  | URAM|
+-----------------+---------+-------+--------+-------+-----+
|DSP              |        -|      -|       -|      -|    -|
|Expression       |        -|      -|       0|    280|    -|
|FIFO             |        -|      -|       -|      -|    -|
|Instance         |        -|      -|       0|     63|    -|
|Memory           |        3|      -|       0|      0|    0|
|Multiplexer      |        -|      -|       -|    329|    -|
|Register         |        0|      -|     324|     64|    -|
+-----------------+---------+-------+--------+-------+-----+
|Total            |        3|      0|     324|    736|    0|
+-----------------+---------+-------+--------+-------+-----+
|Available        |      280|    220|  106400|  53200|    0|
+-----------------+---------+-------+--------+-------+-----+
|Utilization (%)  |        1|      0|   ~0   |      1|    0|
+-----------------+---------+-------+--------+-------+-----+

+ Detail: 
    * Instance: 
    +-------------------------------------------------+----------------------+---------+-------+---+----+-----+
    |                     Instance                    |        Module        | BRAM_18K| DSP48E| FF| LUT| URAM|
    +-------------------------------------------------+----------------------+---------+-------+---+----+-----+
    |ip_accel_app_mux_yd2_U298                        |ip_accel_app_mux_yd2  |        0|      0|  0|  21|    0|
    |ip_accel_app_mux_yd2_U299                        |ip_accel_app_mux_yd2  |        0|      0|  0|  21|    0|
    |ip_accel_app_mux_yd2_U300                        |ip_accel_app_mux_yd2  |        0|      0|  0|  21|    0|
    |src_buf_temp_copy_ex_xfExtractPixels_1_fu_378    |xfExtractPixels_1     |        0|      0|  0|   0|    0|
    |src_buf_temp_copy_ex_1_xfExtractPixels_1_fu_383  |xfExtractPixels_1     |        0|      0|  0|   0|    0|
    |src_buf_temp_copy_ex_2_xfExtractPixels_1_fu_388  |xfExtractPixels_1     |        0|      0|  0|   0|    0|
    +-------------------------------------------------+----------------------+---------+-------+---+----+-----+
    |Total                                            |                      |        0|      0|  0|  63|    0|
    +-------------------------------------------------+----------------------+---------+-------+---+----+-----+

    * DSP48E: 
    N/A

    * Memory: 
    +-----------+--------------------+---------+---+----+-----+------+-----+------+-------------+
    |   Memory  |       Module       | BRAM_18K| FF| LUT| URAM| Words| Bits| Banks| W*Bits*Banks|
    +-----------+--------------------+---------+---+----+-----+------+-----+------+-------------+
    |buf_0_V_U  |xferode793_buf_0_V  |        1|  0|   0|    0|   320|    8|     1|         2560|
    |buf_1_V_U  |xferode793_buf_0_V  |        1|  0|   0|    0|   320|    8|     1|         2560|
    |buf_2_V_U  |xferode793_buf_0_V  |        1|  0|   0|    0|   320|    8|     1|         2560|
    +-----------+--------------------+---------+---+----+-----+------+-----+------+-------------+
    |Total      |                    |        3|  0|   0|    0|   960|   24|     3|         7680|
    +-----------+--------------------+---------+---+----+-----+------+-----+------+-------------+

    * FIFO: 
    N/A

    * Expression: 
    +-------------------------------------------------------------+----------+-------+---+----+------------+------------+
    |                        Variable Name                        | Operation| DSP48E| FF| LUT| Bitwidth P0| Bitwidth P1|
    +-------------------------------------------------------------+----------+-------+---+----+------------+------------+
    |add_ln278_fu_439_p2                                          |     +    |      0|  0|  15|           9|           1|
    |col_V_fu_502_p2                                              |     +    |      0|  0|  15|           9|           1|
    |i_col_V_fu_456_p2                                            |     +    |      0|  0|  15|           9|           1|
    |init_row_ind_fu_408_p2                                       |     +    |      0|  0|  10|           2|           1|
    |rd_ind_fu_535_p2                                             |     +    |      0|  0|  39|          32|           1|
    |row_V_fu_645_p2                                              |     +    |      0|  0|  15|           8|           1|
    |ap_block_pp1_stage0_01001                                    |    and   |      0|  0|   2|           1|           1|
    |ap_block_state11_pp1_stage0_iter3                            |    and   |      0|  0|   2|           1|           1|
    |ap_condition_592                                             |    and   |      0|  0|   2|           1|           1|
    |icmp_ln110_fu_496_p2                                         |   icmp   |      0|  0|  13|           9|           9|
    |icmp_ln259_fu_402_p2                                         |   icmp   |      0|  0|   8|           2|           2|
    |icmp_ln272_fu_433_p2                                         |   icmp   |      0|  0|  13|           9|           9|
    |icmp_ln287_fu_450_p2                                         |   icmp   |      0|  0|  13|           9|           9|
    |icmp_ln298_fu_472_p2                                         |   icmp   |      0|  0|  11|           8|           8|
    |icmp_ln887_1_fu_508_p2                                       |   icmp   |      0|  0|  13|           9|           9|
    |icmp_ln887_2_fu_616_p2                                       |   icmp   |      0|  0|  11|           8|           8|
    |icmp_ln887_3_fu_630_p2                                       |   icmp   |      0|  0|  11|           8|           8|
    |icmp_ln887_fu_478_p2                                         |   icmp   |      0|  0|  11|           8|           8|
    |icmp_ln891_fu_553_p2                                         |   icmp   |      0|  0|  13|           9|           1|
    |p_dst_data_V_din                                             |  select  |      0|  0|   8|           1|           8|
    |select_ln62_fu_622_p3                                        |  select  |      0|  0|   8|           1|           8|
    |src_buf_temp_copy_ex_1_xfExtractPixels_1_fu_383_val1_V_read  |  select  |      0|  0|   8|           1|           8|
    |src_buf_temp_copy_ex_2_xfExtractPixels_1_fu_388_val1_V_read  |  select  |      0|  0|   8|           1|           8|
    |src_buf_temp_copy_ex_xfExtractPixels_1_fu_378_val1_V_read    |  select  |      0|  0|   8|           1|           8|
    |ap_enable_pp0                                                |    xor   |      0|  0|   2|           1|           2|
    |ap_enable_pp1                                                |    xor   |      0|  0|   2|           1|           2|
    |ap_enable_reg_pp0_iter1                                      |    xor   |      0|  0|   2|           2|           1|
    |ap_enable_reg_pp1_iter1                                      |    xor   |      0|  0|   2|           2|           1|
    +-------------------------------------------------------------+----------+-------+---+----+------------+------------+
    |Total                                                        |          |      0|  0| 280|         162|         126|
    +-------------------------------------------------------------+----------+-------+---+----+------------+------------+

    * Multiplexer: 
    +----------------------------------+----+-----------+-----+-----------+
    |               Name               | LUT| Input Size| Bits| Total Bits|
    +----------------------------------+----+-----------+-----+-----------+
    |ap_NS_fsm                         |  44|          9|    1|          9|
    |ap_enable_reg_pp0_iter1           |  15|          3|    1|          3|
    |ap_enable_reg_pp1_iter1           |   9|          2|    1|          2|
    |ap_enable_reg_pp1_iter3           |   9|          2|    1|          2|
    |ap_phi_mux_t_V_2_phi_fu_370_p4    |   9|          2|    9|         18|
    |ap_sig_allocacmp_rd_ind_2_load_1  |   9|          2|   32|         64|
    |buf_0_V_address1                  |  21|          4|    9|         36|
    |buf_0_V_d1                        |  15|          3|    8|         24|
    |buf_1_V_address1                  |  21|          4|    9|         36|
    |buf_1_V_d1                        |  15|          3|    8|         24|
    |buf_2_V_address1                  |  15|          3|    9|         27|
    |buf_2_V_d1                        |  15|          3|    8|         24|
    |index_assign_reg_263              |   9|          2|    9|         18|
    |p_dst_data_V_blk_n                |   9|          2|    1|          2|
    |p_src_data_V_address0             |  15|          3|   16|         48|
    |rd_ind_2_fu_110                   |   9|          2|   32|         64|
    |row_ind_0_V_reg_295               |   9|          2|   13|         26|
    |row_ind_1_V_1_reg_285             |   9|          2|   13|         26|
    |src_buf_0_1_0_reg_342             |   9|          2|    8|         16|
    |src_buf_1_1_0_reg_330             |   9|          2|    8|         16|
    |src_buf_2_1_0_reg_354             |   9|          2|    8|         16|
    |t_V_1_reg_318                     |   9|          2|    8|         16|
    |t_V_2_reg_366                     |   9|          2|    9|         18|
    |t_V_reg_274                       |   9|          2|    9|         18|
    |val_assign_reg_252                |   9|          2|    2|          4|
    |zero_ind_V_reg_306                |   9|          2|   13|         26|
    +----------------------------------+----+-----------+-----+-----------+
    |Total                             | 329|         69|  245|        583|
    +----------------------------------+----+-----------+-----+-----------+

    * Register: 
    +-----------------------------+----+----+-----+-----------+
    |             Name            | FF | LUT| Bits| Const Bits|
    +-----------------------------+----+----+-----+-----------+
    |ap_CS_fsm                    |   8|   0|    8|          0|
    |ap_enable_reg_pp0_iter0      |   1|   0|    1|          0|
    |ap_enable_reg_pp0_iter1      |   1|   0|    1|          0|
    |ap_enable_reg_pp1_iter0      |   1|   0|    1|          0|
    |ap_enable_reg_pp1_iter1      |   1|   0|    1|          0|
    |ap_enable_reg_pp1_iter2      |   1|   0|    1|          0|
    |ap_enable_reg_pp1_iter3      |   1|   0|    1|          0|
    |col_V_reg_755                |   9|   0|    9|          0|
    |icmp_ln110_reg_751           |   1|   0|    1|          0|
    |icmp_ln272_reg_693           |   1|   0|    1|          0|
    |icmp_ln887_1_reg_760         |   1|   0|    1|          0|
    |icmp_ln887_reg_732           |   1|   0|    1|          0|
    |icmp_ln891_reg_787           |   1|   0|    1|          0|
    |index_assign_reg_263         |   9|   0|    9|          0|
    |rd_ind_2_fu_110              |  32|   0|   32|          0|
    |row_ind_0_V_reg_295          |  13|   0|   13|          0|
    |row_ind_1_V_1_reg_285        |  13|   0|   13|          0|
    |row_ind_2_V_1_fu_90          |   2|   0|   13|         11|
    |row_ind_2_V_1_load_reg_674   |   2|   0|   13|         11|
    |row_ind_2_V_2_fu_94          |   2|   0|   13|         11|
    |row_ind_2_V_2_load_reg_679   |   2|   0|   13|         11|
    |row_ind_2_V_fu_86            |   2|   0|   13|         11|
    |row_ind_2_V_load_reg_669     |   2|   0|   13|         11|
    |src_buf_0_1_0_reg_342        |   8|   0|    8|          0|
    |src_buf_1_1_0_reg_330        |   8|   0|    8|          0|
    |src_buf_2_1_0_reg_354        |   8|   0|    8|          0|
    |t_V_1_reg_318                |   8|   0|    8|          0|
    |t_V_2_reg_366                |   9|   0|    9|          0|
    |t_V_2_reg_366_pp1_iter1_reg  |   9|   0|    9|          0|
    |t_V_reg_274                  |   9|   0|    9|          0|
    |trunc_ln321_1_reg_741        |   2|   0|    2|          0|
    |trunc_ln321_2_reg_746        |   2|   0|    2|          0|
    |trunc_ln321_reg_736          |   2|   0|    2|          0|
    |val_assign_reg_252           |   2|   0|    2|          0|
    |zero_ind_V_reg_306           |  13|   0|   13|          0|
    |zext_ln544_reg_702           |   9|   0|   64|         55|
    |icmp_ln110_reg_751           |  64|  32|    1|          0|
    |icmp_ln887_1_reg_760         |  64|  32|    1|          0|
    +-----------------------------+----+----+-----+-----------+
    |Total                        | 324|  64|  319|        121|
    +-----------------------------+----+----+-----+-----------+



================================================================
== Interface
================================================================
* Summary: 
+-----------------------+-----+-----+------------+--------------+--------------+
|       RTL Ports       | Dir | Bits|  Protocol  | Source Object|    C Type    |
+-----------------------+-----+-----+------------+--------------+--------------+
|ap_clk                 |  in |    1| ap_ctrl_hs |  xferode793  | return value |
|ap_rst                 |  in |    1| ap_ctrl_hs |  xferode793  | return value |
|ap_start               |  in |    1| ap_ctrl_hs |  xferode793  | return value |
|ap_done                | out |    1| ap_ctrl_hs |  xferode793  | return value |
|ap_idle                | out |    1| ap_ctrl_hs |  xferode793  | return value |
|ap_ready               | out |    1| ap_ctrl_hs |  xferode793  | return value |
|p_src_data_V_address0  | out |   16|  ap_memory | p_src_data_V |     array    |
|p_src_data_V_ce0       | out |    1|  ap_memory | p_src_data_V |     array    |
|p_src_data_V_q0        |  in |    8|  ap_memory | p_src_data_V |     array    |
|p_dst_data_V_din       | out |    8|   ap_fifo  | p_dst_data_V |    pointer   |
|p_dst_data_V_full_n    |  in |    1|   ap_fifo  | p_dst_data_V |    pointer   |
|p_dst_data_V_write     | out |    1|   ap_fifo  | p_dst_data_V |    pointer   |
+-----------------------+-----+-----+------------+--------------+--------------+

