

================================================================
== Vivado HLS Report for 'xfExtractPixels'
================================================================
* Date:           Wed Mar 18 11:36:36 2020

* Version:        2019.2.1 (Build 2724168 on Thu Dec 05 05:19:09 MST 2019)
* Project:        WeedD
* Solution:       solution1
* Product family: zynq
* Target device:  xc7z020-clg400-1


================================================================
== Performance Estimates
================================================================
+ Timing: 
    * Summary: 
    +--------+----------+----------+------------+
    |  Clock |  Target  | Estimated| Uncertainty|
    +--------+----------+----------+------------+
    |ap_clk  | 50.00 ns | 1.958 ns |   6.25 ns  |
    +--------+----------+----------+------------+

+ Latency: 
    * Summary: 
    +---------+---------+----------+----------+-----+-----+----------+
    |  Latency (cycles) |  Latency (absolute) |  Interval | Pipeline |
    |   min   |   max   |    min   |    max   | min | max |   Type   |
    +---------+---------+----------+----------+-----+-----+----------+
    |        0|        0|   0 ns   |   0 ns   |    1|    1| function |
    +---------+---------+----------+----------+-----+-----+----------+

    + Detail: 
        * Instance: 
        N/A

        * Loop: 
        N/A



================================================================
== Utilization Estimates
================================================================
* Summary: 
+-----------------+---------+-------+--------+-------+-----+
|       Name      | BRAM_18K| DSP48E|   FF   |  LUT  | URAM|
+-----------------+---------+-------+--------+-------+-----+
|DSP              |        -|      -|       -|      -|    -|
|Expression       |        -|      -|       0|     96|    -|
|FIFO             |        -|      -|       -|      -|    -|
|Instance         |        -|      -|       0|     84|    -|
|Memory           |        -|      -|       -|      -|    -|
|Multiplexer      |        -|      -|       -|      -|    -|
|Register         |        -|      -|       -|      -|    -|
+-----------------+---------+-------+--------+-------+-----+
|Total            |        0|      0|       0|    180|    0|
+-----------------+---------+-------+--------+-------+-----+
|Available        |      280|    220|  106400|  53200|    0|
+-----------------+---------+-------+--------+-------+-----+
|Utilization (%)  |        0|      0|       0|   ~0  |    0|
+-----------------+---------+-------+--------+-------+-----+

+ Detail: 
    * Instance: 
    +---------------------------+----------------------+---------+-------+---+----+-----+
    |          Instance         |        Module        | BRAM_18K| DSP48E| FF| LUT| URAM|
    +---------------------------+----------------------+---------+-------+---+----+-----+
    |ip_accel_app_mux_bbk_U537  |ip_accel_app_mux_bbk  |        0|      0|  0|  21|    0|
    |ip_accel_app_mux_bbk_U538  |ip_accel_app_mux_bbk  |        0|      0|  0|  21|    0|
    |ip_accel_app_mux_bbk_U539  |ip_accel_app_mux_bbk  |        0|      0|  0|  21|    0|
    |ip_accel_app_mux_bbk_U540  |ip_accel_app_mux_bbk  |        0|      0|  0|  21|    0|
    +---------------------------+----------------------+---------+-------+---+----+-----+
    |Total                      |                      |        0|      0|  0|  84|    0|
    +---------------------------+----------------------+---------+-------+---+----+-----+

    * DSP48E: 
    N/A

    * Memory: 
    N/A

    * FIFO: 
    N/A

    * Expression: 
    +-------------------------+----------+-------+---+----+------------+------------+
    |      Variable Name      | Operation| DSP48E| FF| LUT| Bitwidth P0| Bitwidth P1|
    +-------------------------+----------+-------+---+----+------------+------------+
    |select_ln78_1_fu_128_p3  |  select  |      0|  0|  24|           1|          24|
    |select_ln78_2_fu_136_p3  |  select  |      0|  0|  24|           1|          24|
    |select_ln78_3_fu_144_p3  |  select  |      0|  0|  24|           1|          24|
    |select_ln78_fu_120_p3    |  select  |      0|  0|  24|           1|          24|
    +-------------------------+----------+-------+---+----+------------+------------+
    |Total                    |          |      0|  0|  96|           4|          96|
    +-------------------------+----------+-------+---+----+------------+------------+

    * Multiplexer: 
    N/A

    * Register: 
    N/A



================================================================
== Interface
================================================================
* Summary: 
+------------------+-----+-----+------------+------------------+--------------+
|     RTL Ports    | Dir | Bits|  Protocol  |   Source Object  |    C Type    |
+------------------+-----+-----+------------+------------------+--------------+
|ap_ready          | out |    1| ap_ctrl_hs |  xfExtractPixels | return value |
|ap_return_0       | out |   24| ap_ctrl_hs |  xfExtractPixels | return value |
|ap_return_1       | out |   24| ap_ctrl_hs |  xfExtractPixels | return value |
|ap_return_2       | out |   24| ap_ctrl_hs |  xfExtractPixels | return value |
|ap_return_3       | out |   24| ap_ctrl_hs |  xfExtractPixels | return value |
|tmp_buf_0_V_read  |  in |   24|   ap_none  | tmp_buf_0_V_read |    scalar    |
|tmp_buf_1_V_read  |  in |   24|   ap_none  | tmp_buf_1_V_read |    scalar    |
|tmp_buf_2_V_read  |  in |   24|   ap_none  | tmp_buf_2_V_read |    scalar    |
|tmp_buf_3_V_read  |  in |   24|   ap_none  | tmp_buf_3_V_read |    scalar    |
|val1_V_read       |  in |   24|   ap_none  |    val1_V_read   |    scalar    |
|pos_r             |  in |    1|   ap_none  |       pos_r      |    scalar    |
+------------------+-----+-----+------------+------------------+--------------+

