

================================================================
== Vivado HLS Report for 'xFResizeAreaUpScale_s'
================================================================
* Date:           Wed Mar 18 11:36:38 2020

* Version:        2019.2.1 (Build 2724168 on Thu Dec 05 05:19:09 MST 2019)
* Project:        WeedD
* Solution:       solution1
* Product family: zynq
* Target device:  xc7z020-clg400-1


================================================================
== Performance Estimates
================================================================
+ Timing: 
    * Summary: 
    +--------+----------+-----------+------------+
    |  Clock |  Target  | Estimated | Uncertainty|
    +--------+----------+-----------+------------+
    |ap_clk  | 50.00 ns | 36.846 ns |   6.25 ns  |
    +--------+----------+-----------+------------+

+ Latency: 
    * Summary: 
    +---------+---------+-----------+-----------+--------+--------+---------+
    |  Latency (cycles) |   Latency (absolute)  |     Interval    | Pipeline|
    |   min   |   max   |    min    |    max    |   min  |   max  |   Type  |
    +---------+---------+-----------+-----------+--------+--------+---------+
    |   928049|   928049| 46.402 ms | 46.402 ms |  928049|  928049|   none  |
    +---------+---------+-----------+-----------+--------+--------+---------+

    + Detail: 
        * Instance: 
        +----------------------------------------+---------------------+---------+---------+----------+----------+-----+-----+----------+
        |                                        |                     |  Latency (cycles) |  Latency (absolute) |  Interval | Pipeline |
        |                Instance                |        Module       |   min   |   max   |    min   |    max   | min | max |   Type   |
        +----------------------------------------+---------------------+---------+---------+----------+----------+-----+-----+----------+
        |grp_xFUDivAreaUp_2_fu_984               |xFUDivAreaUp_2       |       49|       49| 2.450 us | 2.450 us |   49|   49|   none   |
        |Pixels_CoreProcessUpArea_2_fu_1024      |CoreProcessUpArea_2  |        0|        0|   0 ns   |   0 ns   |    1|    1| function |
        |Pixels_0_1_CoreProcessUpArea_2_fu_1035  |CoreProcessUpArea_2  |        0|        0|   0 ns   |   0 ns   |    1|    1| function |
        |Pixels_0_2_CoreProcessUpArea_2_fu_1046  |CoreProcessUpArea_2  |        0|        0|   0 ns   |   0 ns   |    1|    1| function |
        |call_ret1_xfExtractPixels_fu_1057       |xfExtractPixels      |        0|        0|   0 ns   |   0 ns   |    1|    1| function |
        |call_ret_xfExtractPixels_fu_1069        |xfExtractPixels      |        0|        0|   0 ns   |   0 ns   |    1|    1| function |
        |call_ret2_xfExtractPixels_fu_1081       |xfExtractPixels      |        0|        0|   0 ns   |   0 ns   |    1|    1| function |
        |call_ret3_xfExtractPixels_fu_1093       |xfExtractPixels      |        0|        0|   0 ns   |   0 ns   |    1|    1| function |
        +----------------------------------------+---------------------+---------+---------+----------+----------+-----+-----+----------+

        * Loop: 
        +----------------+---------+---------+----------+-----------+-----------+------+----------+
        |                |  Latency (cycles) | Iteration|  Initiation Interval  | Trip |          |
        |    Loop Name   |   min   |   max   |  Latency |  achieved |   target  | Count| Pipelined|
        +----------------+---------+---------+----------+-----------+-----------+------+----------+
        |- Hoffset_loop  |     1280|     1280|         1|          1|          1|  1280|    yes   |
        |- Voffset_loop  |      720|      720|         1|          1|          1|   720|    yes   |
        |- Loop 3        |      320|      320|         2|          1|          1|   320|    yes   |
        |- Loop 4        |      320|      320|         2|          1|          1|   320|    yes   |
        |- outerloop     |   925200|   925200|      1285|          -|          -|   720|    no    |
        | + innerloop    |     1281|     1281|         3|          1|          1|  1280|    yes   |
        +----------------+---------+---------+----------+-----------+-----------+------+----------+



================================================================
== Utilization Estimates
================================================================
* Summary: 
+-----------------+---------+-------+--------+-------+-----+
|       Name      | BRAM_18K| DSP48E|   FF   |  LUT  | URAM|
+-----------------+---------+-------+--------+-------+-----+
|DSP              |        -|      -|       -|      -|    -|
|Expression       |        -|      4|       0|   1854|    -|
|FIFO             |        -|      -|       -|      -|    -|
|Instance         |        -|     30|     676|   2275|    -|
|Memory           |       15|      -|       0|      0|    0|
|Multiplexer      |        -|      -|       -|    818|    -|
|Register         |        -|      -|     960|      -|    -|
+-----------------+---------+-------+--------+-------+-----+
|Total            |       15|     34|    1636|   4947|    0|
+-----------------+---------+-------+--------+-------+-----+
|Available        |      280|    220|  106400|  53200|    0|
+-----------------+---------+-------+--------+-------+-----+
|Utilization (%)  |        5|     15|       1|      9|    0|
+-----------------+---------+-------+--------+-------+-----+

+ Detail: 
    * Instance: 
    +----------------------------------------+---------------------+---------+-------+-----+-----+-----+
    |                Instance                |        Module       | BRAM_18K| DSP48E|  FF | LUT | URAM|
    +----------------------------------------+---------------------+---------+-------+-----+-----+-----+
    |Pixels_CoreProcessUpArea_2_fu_1024      |CoreProcessUpArea_2  |        0|     10|    0|  332|    0|
    |Pixels_0_1_CoreProcessUpArea_2_fu_1035  |CoreProcessUpArea_2  |        0|     10|    0|  332|    0|
    |Pixels_0_2_CoreProcessUpArea_2_fu_1046  |CoreProcessUpArea_2  |        0|     10|    0|  332|    0|
    |grp_xFUDivAreaUp_2_fu_984               |xFUDivAreaUp_2       |        0|      0|  676|  559|    0|
    |call_ret1_xfExtractPixels_fu_1057       |xfExtractPixels      |        0|      0|    0|  180|    0|
    |call_ret_xfExtractPixels_fu_1069        |xfExtractPixels      |        0|      0|    0|  180|    0|
    |call_ret2_xfExtractPixels_fu_1081       |xfExtractPixels      |        0|      0|    0|  180|    0|
    |call_ret3_xfExtractPixels_fu_1093       |xfExtractPixels      |        0|      0|    0|  180|    0|
    +----------------------------------------+---------------------+---------+-------+-----+-----+-----+
    |Total                                   |                     |        0|     30|  676| 2275|    0|
    +----------------------------------------+---------------------+---------+-------+-----+-----+-----+

    * DSP48E: 
    N/A

    * Memory: 
    +--------------+----------------------+---------+---+----+-----+------+-----+------+-------------+
    |    Memory    |        Module        | BRAM_18K| FF| LUT| URAM| Words| Bits| Banks| W*Bits*Banks|
    +--------------+----------------------+---------+---+----+-----+------+-----+------+-------------+
    |lbuf_in0_V_U  |xFResizeAreaUpScabck  |        2|  0|   0|    0|   320|   24|     1|         7680|
    |lbuf_in1_V_U  |xFResizeAreaUpScabck  |        2|  0|   0|    0|   320|   24|     1|         7680|
    |lbuf_in2_V_U  |xFResizeAreaUpScabck  |        2|  0|   0|    0|   320|   24|     1|         7680|
    |Hoffset_V_U   |xFResizeAreaUpScabfk  |        2|  0|   0|    0|  1280|   13|     1|        16640|
    |Voffset_V_U   |xFResizeAreaUpScabgk  |        1|  0|   0|    0|   720|   13|     1|         9360|
    |Hweight_U     |xFResizeAreaUpScabhl  |        4|  0|   0|    0|  1280|   32|     1|        40960|
    |Vweight_U     |xFResizeAreaUpScabil  |        2|  0|   0|    0|   721|   32|     1|        23072|
    +--------------+----------------------+---------+---+----+-----+------+-----+------+-------------+
    |Total         |                      |       15|  0|   0|    0|  4961|  162|     7|       113072|
    +--------------+----------------------+---------+---+----+-----+------+-----+------+-------------+

    * FIFO: 
    N/A

    * Expression: 
    +-----------------------------------+----------+-------+---+----+------------+------------+
    |           Variable Name           | Operation| DSP48E| FF| LUT| Bitwidth P0| Bitwidth P1|
    +-----------------------------------+----------+-------+---+----+------------+------------+
    |mul_ln544_1_fu_1354_p2             |     *    |      2|  0|  27|          11|          38|
    |mul_ln544_fu_1245_p2               |     *    |      2|  0|  27|          12|          38|
    |add_ln1353_3_fu_1979_p2            |     +    |      0|  0|  19|          14|           1|
    |add_ln1353_4_fu_1951_p2            |     +    |      0|  0|  19|          14|           1|
    |add_ln1353_5_fu_1916_p2            |     +    |      0|  0|  19|          14|           1|
    |add_ln1353_fu_2007_p2              |     +    |      0|  0|  19|          14|           1|
    |add_ln673_1_fu_1193_p2             |     +    |      0|  0|  50|          43|          43|
    |add_ln673_fu_1198_p2               |     +    |      0|  0|  50|          43|          19|
    |add_ln709_1_fu_1303_p2             |     +    |      0|  0|  49|          42|          42|
    |add_ln709_fu_1308_p2               |     +    |      0|  0|  49|          42|          19|
    |add_ln736_fu_1423_p2               |     +    |      0|  0|  15|           9|           1|
    |add_ln748_fu_2426_p2               |     +    |      0|  0|  27|          20|          11|
    |add_ln910_fu_1893_p2               |     +    |      0|  0|  27|           1|          20|
    |i_V_fu_1871_p2                     |     +    |      0|  0|  13|          11|           1|
    |out_j_V_fu_1521_p2                 |     +    |      0|  0|  23|          16|           1|
    |read_index_fu_1446_p2              |     +    |      0|  0|  24|          17|           1|
    |ret_V_3_fu_1344_p2                 |     +    |      0|  0|  19|          14|           1|
    |ret_V_4_fu_1595_p2                 |     +    |      0|  0|  19|          14|           1|
    |ret_V_6_fu_1463_p2                 |     +    |      0|  0|  14|          10|           1|
    |ret_V_fu_1235_p2                   |     +    |      0|  0|  19|          14|           1|
    |write_index_fu_1793_p2             |     +    |      0|  0|  27|          20|          11|
    |x_V_1_fu_1290_p2                   |     +    |      0|  0|  14|          10|           1|
    |x_V_2_fu_1417_p2                   |     +    |      0|  0|  15|           9|           1|
    |x_V_3_fu_1440_p2                   |     +    |      0|  0|  17|          13|           1|
    |x_V_fu_1180_p2                     |     +    |      0|  0|  13|          11|           1|
    |Xtemp_fu_1254_p2                   |     -    |      0|  0|  66|          59|          59|
    |Ytemp_fu_1363_p2                   |     -    |      0|  0|  66|          59|          59|
    |and_ln813_fu_1888_p2               |    and   |      0|  0|   2|           1|           1|
    |and_ln879_10_fu_1859_p2            |    and   |      0|  0|   2|           1|           1|
    |and_ln879_11_fu_2090_p2            |    and   |      0|  0|   2|           1|           1|
    |and_ln879_1_fu_1660_p2             |    and   |      0|  0|   2|           1|           1|
    |and_ln879_2_fu_1692_p2             |    and   |      0|  0|   2|           1|           1|
    |and_ln879_3_fu_2025_p2             |    and   |      0|  0|   2|           1|           1|
    |and_ln879_4_fu_2029_p2             |    and   |      0|  0|   2|           1|           1|
    |and_ln879_5_fu_2042_p2             |    and   |      0|  0|   2|           1|           1|
    |and_ln879_6_fu_2055_p2             |    and   |      0|  0|   2|           1|           1|
    |and_ln879_7_fu_2059_p2             |    and   |      0|  0|   2|           1|           1|
    |and_ln879_8_fu_2064_p2             |    and   |      0|  0|   2|           1|           1|
    |and_ln879_9_fu_2077_p2             |    and   |      0|  0|   2|           1|           1|
    |and_ln879_fu_1654_p2               |    and   |      0|  0|   2|           1|           1|
    |and_ln887_fu_1788_p2               |    and   |      0|  0|   2|           1|           1|
    |ap_block_pp2_stage0_11001          |    and   |      0|  0|   2|           1|           1|
    |ap_block_pp3_stage0_11001          |    and   |      0|  0|   2|           1|           1|
    |ap_block_state11_pp2_stage0_iter1  |    and   |      0|  0|   2|           1|           1|
    |ap_block_state14_pp3_stage0_iter1  |    and   |      0|  0|   2|           1|           1|
    |ap_block_state19_pp4_stage0_iter1  |    and   |      0|  0|   2|           1|           1|
    |ap_block_state20_pp4_stage0_iter2  |    and   |      0|  0|   2|           1|           1|
    |ap_condition_430                   |    and   |      0|  0|   2|           1|           1|
    |ap_condition_439                   |    and   |      0|  0|   2|           1|           1|
    |ap_condition_446                   |    and   |      0|  0|   2|           1|           1|
    |ap_condition_455                   |    and   |      0|  0|   2|           1|           1|
    |ap_condition_462                   |    and   |      0|  0|   2|           1|           1|
    |ap_condition_471                   |    and   |      0|  0|   2|           1|           1|
    |ap_condition_90                    |    and   |      0|  0|   2|           1|           1|
    |ap_predicate_op305_read_state19    |    and   |      0|  0|   2|           1|           1|
    |sel_tmp80_fu_1678_p2               |    and   |      0|  0|   2|           1|           1|
    |sel_tmp88_fu_1710_p2               |    and   |      0|  0|   2|           1|           1|
    |tmp145_fu_1704_p2                  |    and   |      0|  0|   2|           1|           1|
    |icmp_ln733_fu_1411_p2              |   icmp   |      0|  0|  13|           9|           9|
    |icmp_ln740_fu_1434_p2              |   icmp   |      0|  0|  18|          17|          10|
    |icmp_ln791_fu_1782_p2              |   icmp   |      0|  0|  13|          13|          13|
    |icmp_ln805_fu_1865_p2              |   icmp   |      0|  0|  18|          20|          20|
    |icmp_ln879_10_fu_1811_p2           |   icmp   |      0|  0|   8|           2|           1|
    |icmp_ln879_11_fu_1817_p2           |   icmp   |      0|  0|   8|           2|           1|
    |icmp_ln879_12_fu_1823_p2           |   icmp   |      0|  0|   8|           2|           1|
    |icmp_ln879_13_fu_1829_p2           |   icmp   |      0|  0|   8|           2|           1|
    |icmp_ln879_1_fu_1475_p2            |   icmp   |      0|  0|   8|           2|           1|
    |icmp_ln879_2_fu_1586_p2            |   icmp   |      0|  0|  13|          16|          16|
    |icmp_ln879_3_fu_1605_p2            |   icmp   |      0|  0|  13|          16|          16|
    |icmp_ln879_4_fu_1610_p2            |   icmp   |      0|  0|  13|          16|          16|
    |icmp_ln879_5_fu_1615_p2            |   icmp   |      0|  0|  13|          16|          16|
    |icmp_ln879_6_fu_1620_p2            |   icmp   |      0|  0|  13|          16|          16|
    |icmp_ln879_7_fu_1625_p2            |   icmp   |      0|  0|  13|          16|          16|
    |icmp_ln879_8_fu_1799_p2            |   icmp   |      0|  0|   8|           2|           1|
    |icmp_ln879_9_fu_1805_p2            |   icmp   |      0|  0|   8|           2|           1|
    |icmp_ln879_fu_1469_p2              |   icmp   |      0|  0|   9|           2|           3|
    |icmp_ln887_10_fu_1457_p2           |   icmp   |      0|  0|  13|          10|          10|
    |icmp_ln887_11_fu_1565_p2           |   icmp   |      0|  0|  13|          10|          10|
    |icmp_ln887_12_fu_1576_p2           |   icmp   |      0|  0|  13|          16|           8|
    |icmp_ln887_13_fu_1899_p2           |   icmp   |      0|  0|  13|          13|           9|
    |icmp_ln887_14_fu_1882_p2           |   icmp   |      0|  0|  13|          11|           9|
    |icmp_ln887_15_fu_1922_p2           |   icmp   |      0|  0|  13|          14|           9|
    |icmp_ln887_16_fu_2013_p2           |   icmp   |      0|  0|  13|          14|           9|
    |icmp_ln887_17_fu_1985_p2           |   icmp   |      0|  0|  13|          14|           9|
    |icmp_ln887_18_fu_1957_p2           |   icmp   |      0|  0|  13|          14|           9|
    |icmp_ln887_7_fu_1284_p2            |   icmp   |      0|  0|  13|          10|          10|
    |icmp_ln887_8_fu_1377_p2            |   icmp   |      0|  0|  13|          10|           8|
    |icmp_ln887_9_fu_1396_p2            |   icmp   |      0|  0|  13|          13|           8|
    |icmp_ln887_fu_1174_p2              |   icmp   |      0|  0|  13|          11|          11|
    |ap_block_pp4_stage0_01001          |    or    |      0|  0|   2|           1|           1|
    |ap_condition_348                   |    or    |      0|  0|   2|           1|           1|
    |ap_condition_367                   |    or    |      0|  0|   2|           1|           1|
    |ap_condition_374                   |    or    |      0|  0|   2|           1|           1|
    |ap_condition_381                   |    or    |      0|  0|   2|           1|           1|
    |ap_condition_388                   |    or    |      0|  0|   2|           1|           1|
    |ap_condition_394                   |    or    |      0|  0|   2|           1|           1|
    |ap_condition_400                   |    or    |      0|  0|   2|           1|           1|
    |ap_condition_407                   |    or    |      0|  0|   2|           1|           1|
    |ap_condition_414                   |    or    |      0|  0|   2|           1|           1|
    |ap_condition_421                   |    or    |      0|  0|   2|           1|           1|
    |empty_93_fu_1720_p2                |    or    |      0|  0|   2|           1|           1|
    |or_ln879_fu_1666_p2                |    or    |      0|  0|   2|           1|           1|
    |D0_0_V_3_fu_2034_p3                |  select  |      0|  0|  24|           1|          24|
    |D0_0_V_4_fu_2047_p3                |  select  |      0|  0|  24|           1|          24|
    |D0_0_V_5_fu_2069_p3                |  select  |      0|  0|  24|           1|          24|
    |D0_0_V_6_fu_2082_p3                |  select  |      0|  0|  24|           1|          24|
    |D0_0_V_7_fu_2095_p3                |  select  |      0|  0|  24|           1|          24|
    |D0_0_V_8_fu_2103_p3                |  select  |      0|  0|  24|           1|          24|
    |D1_0_V_1_fu_2149_p3                |  select  |      0|  0|  24|           1|          24|
    |D1_0_V_2_fu_1114_p3                |  select  |      0|  0|  24|           1|          24|
    |D1_0_V_3_fu_1123_p3                |  select  |      0|  0|  24|           1|          24|
    |D1_0_V_fu_1150_p3                  |  select  |      0|  0|  24|           1|          24|
    |Voffset_V_d0                       |  select  |      0|  0|  13|           1|           8|
    |lind1_V_2_fu_1489_p3               |  select  |      0|  0|  16|           1|          16|
    |lind1_V_3_fu_1497_p3               |  select  |      0|  0|  16|           1|          16|
    |lind1_V_4_fu_1505_p3               |  select  |      0|  0|  16|           1|          16|
    |lind1_V_5_fu_1527_p3               |  select  |      0|  0|  16|           1|          16|
    |lind1_V_6_fu_1535_p3               |  select  |      0|  0|  16|           1|          16|
    |lind1_V_fu_1481_p3                 |  select  |      0|  0|  16|           1|          16|
    |out_j_V_1_fu_1551_p3               |  select  |      0|  0|  16|           1|          16|
    |p_01010_3_fu_1750_p3               |  select  |      0|  0|   2|           1|           2|
    |p_0887_3_fu_1726_p3                |  select  |      0|  0|   2|           1|           2|
    |p_0893_3_fu_1774_p3                |  select  |      0|  0|   2|           1|           2|
    |sel_tmp106_fu_1734_p3              |  select  |      0|  0|   2|           1|           2|
    |sel_tmp108_fu_1742_p3              |  select  |      0|  0|   3|           1|           3|
    |sel_tmp131_fu_1758_p3              |  select  |      0|  0|   2|           1|           2|
    |sel_tmp133_fu_1766_p3              |  select  |      0|  0|   3|           1|           1|
    |sel_tmp81_fu_1684_p3               |  select  |      0|  0|   2|           1|           2|
    |select_ln714_fu_1387_p3            |  select  |      0|  0|  32|           1|          32|
    |select_ln782_1_fu_1638_p3          |  select  |      0|  0|   2|           1|           1|
    |select_ln782_2_fu_1646_p3          |  select  |      0|  0|   2|           1|           1|
    |select_ln782_fu_1630_p3            |  select  |      0|  0|   3|           1|           3|
    |select_ln879_1_fu_2125_p3          |  select  |      0|  0|  24|           1|          24|
    |select_ln879_2_fu_2133_p3          |  select  |      0|  0|  24|           1|          24|
    |select_ln879_3_fu_2141_p3          |  select  |      0|  0|  24|           1|          24|
    |select_ln879_fu_2117_p3            |  select  |      0|  0|  24|           1|          24|
    |select_ln887_6_fu_1141_p3          |  select  |      0|  0|  24|           1|          24|
    |select_ln887_8_fu_1105_p3          |  select  |      0|  0|  24|           1|          24|
    |select_ln887_fu_1132_p3            |  select  |      0|  0|  24|           1|          24|
    |t_V_7_fu_1513_p3                   |  select  |      0|  0|  16|           1|          16|
    |t_V_9_fu_1543_p3                   |  select  |      0|  0|  16|           1|          16|
    |ap_enable_pp2                      |    xor   |      0|  0|   2|           1|           2|
    |ap_enable_pp3                      |    xor   |      0|  0|   2|           1|           2|
    |ap_enable_pp4                      |    xor   |      0|  0|   2|           1|           2|
    |ap_enable_reg_pp2_iter1            |    xor   |      0|  0|   2|           2|           1|
    |ap_enable_reg_pp3_iter1            |    xor   |      0|  0|   2|           2|           1|
    |ap_enable_reg_pp4_iter1            |    xor   |      0|  0|   2|           2|           1|
    |xor_ln879_1_fu_1698_p2             |    xor   |      0|  0|   2|           2|           1|
    |xor_ln879_2_fu_1835_p2             |    xor   |      0|  0|   2|           1|           2|
    |xor_ln879_3_fu_1841_p2             |    xor   |      0|  0|   2|           1|           2|
    |xor_ln879_4_fu_1847_p2             |    xor   |      0|  0|   2|           1|           2|
    |xor_ln879_5_fu_1853_p2             |    xor   |      0|  0|   2|           1|           2|
    |xor_ln879_fu_1672_p2               |    xor   |      0|  0|   2|           1|           2|
    +-----------------------------------+----------+-------+---+----+------------+------------+
    |Total                              |          |      4|  0|1854|         986|        1329|
    +-----------------------------------+----------+-------+---+----+------------+------------+

    * Multiplexer: 
    +------------------------------------+----+-----------+-----+-----------+
    |                Name                | LUT| Input Size| Bits| Total Bits|
    +------------------------------------+----+-----------+-----+-----------+
    |Hoffset_V_address0                  |  15|          3|   11|         33|
    |Hweight_address0                    |  21|          4|   11|         44|
    |Hweight_d0                          |  15|          3|   32|         96|
    |Voffset_V_address0                  |  15|          3|   10|         30|
    |Vweight_address0                    |  21|          4|   10|         40|
    |Vweight_d0                          |  15|          3|   32|         96|
    |ap_NS_fsm                           |  89|         18|    1|         18|
    |ap_enable_reg_pp2_iter1             |  15|          3|    1|          3|
    |ap_enable_reg_pp3_iter1             |  15|          3|    1|          3|
    |ap_enable_reg_pp4_iter1             |   9|          2|    1|          2|
    |ap_enable_reg_pp4_iter2             |   9|          2|    1|          2|
    |ap_phi_mux_D0_V_0_5_phi_fu_956_p26  |  27|          5|   24|        120|
    |ap_phi_mux_D0_V_1_2_phi_fu_912_p26  |  27|          5|   24|        120|
    |ap_phi_mux_D1_V_0_1_phi_fu_881_p26  |  27|          5|   24|        120|
    |ap_phi_mux_D1_V_1_0_phi_fu_837_p26  |  27|          5|   24|        120|
    |ap_phi_mux_t_V_5_phi_fu_645_p4      |   9|          2|    9|         18|
    |ap_phi_mux_t_V_6_phi_fu_668_p4      |   9|          2|   13|         26|
    |grp_xFUDivAreaUp_2_fu_984_in_d      |  27|          5|   12|         60|
    |grp_xFUDivAreaUp_2_fu_984_in_n      |  27|          5|   45|        225|
    |index_assign_2_reg_676              |   9|          2|   17|         34|
    |index_assign_3_reg_824              |   9|          2|   20|         40|
    |index_assign_reg_653                |   9|          2|    9|         18|
    |indvars_iv_reg_687                  |   9|          2|   20|         40|
    |lbuf_in0_V_address0                 |  33|          6|    9|         54|
    |lbuf_in0_V_address1                 |  33|          6|    9|         54|
    |lbuf_in1_V_address0                 |  33|          6|    9|         54|
    |lbuf_in1_V_address1                 |  33|          6|    9|         54|
    |lbuf_in2_V_address0                 |  27|          5|    9|         45|
    |lbuf_in2_V_address1                 |  33|          6|    9|         54|
    |lind1_V_7_reg_779                   |   9|          2|   16|         32|
    |p_01010_0_reg_722                   |   9|          2|    2|          4|
    |p_0821_0_reg_746                    |   9|          2|   16|         32|
    |p_0823_0_reg_757                    |   9|          2|   16|         32|
    |p_0831_0_reg_768                    |   9|          2|   16|         32|
    |p_0887_0_reg_710                    |   9|          2|    2|          4|
    |p_0893_0_reg_734                    |   9|          2|    2|          4|
    |phi_mul474_reg_630                  |   9|          2|   42|         84|
    |phi_mul_reg_608                     |   9|          2|   43|         86|
    |r_V_reg_813                         |   9|          2|   11|         22|
    |read_flag_0_reg_802                 |   9|          2|    1|          2|
    |resize_out_data_V_blk_n             |   9|          2|    1|          2|
    |stream_in_data_V_blk_n              |   9|          2|    1|          2|
    |t_V_10_reg_699                      |   9|          2|   10|         20|
    |t_V_4_reg_619                       |   9|          2|   10|         20|
    |t_V_5_reg_641                       |   9|          2|    9|         18|
    |t_V_6_reg_664                       |   9|          2|   13|         26|
    |t_V_reg_597                         |   9|          2|   11|         22|
    |write_index_0_reg_790               |   9|          2|   20|         40|
    +------------------------------------+----+-----------+-----+-----------+
    |Total                               | 818|        163|  648|       2107|
    +------------------------------------+----+-----------+-----+-----------+

    * Register: 
    +----------------------------------------+----+----+-----+-----------+
    |                  Name                  | FF | LUT| Bits| Const Bits|
    +----------------------------------------+----+----+-----+-----------+
    |Yweight_reg_2629                        |  32|   0|   32|          0|
    |and_ln813_reg_2731                      |   1|   0|    1|          0|
    |and_ln813_reg_2731_pp4_iter1_reg        |   1|   0|    1|          0|
    |and_ln879_10_reg_2704                   |   1|   0|    1|          0|
    |and_ln887_reg_2651                      |   1|   0|    1|          0|
    |ap_CS_fsm                               |  17|   0|   17|          0|
    |ap_enable_reg_pp2_iter0                 |   1|   0|    1|          0|
    |ap_enable_reg_pp2_iter1                 |   1|   0|    1|          0|
    |ap_enable_reg_pp3_iter0                 |   1|   0|    1|          0|
    |ap_enable_reg_pp3_iter1                 |   1|   0|    1|          0|
    |ap_enable_reg_pp4_iter0                 |   1|   0|    1|          0|
    |ap_enable_reg_pp4_iter1                 |   1|   0|    1|          0|
    |ap_enable_reg_pp4_iter2                 |   1|   0|    1|          0|
    |grp_xFUDivAreaUp_2_fu_984_ap_start_reg  |   1|   0|    1|          0|
    |icmp_ln733_reg_2494                     |   1|   0|    1|          0|
    |icmp_ln740_reg_2508                     |   1|   0|    1|          0|
    |icmp_ln805_reg_2709                     |   1|   0|    1|          0|
    |icmp_ln805_reg_2709_pp4_iter1_reg       |   1|   0|    1|          0|
    |icmp_ln879_10_reg_2669                  |   1|   0|    1|          0|
    |icmp_ln879_11_reg_2674                  |   1|   0|    1|          0|
    |icmp_ln879_12_reg_2679                  |   1|   0|    1|          0|
    |icmp_ln879_13_reg_2684                  |   1|   0|    1|          0|
    |icmp_ln879_8_reg_2661                   |   1|   0|    1|          0|
    |icmp_ln879_9_reg_2665                   |   1|   0|    1|          0|
    |icmp_ln887_11_reg_2614                  |   1|   0|    1|          0|
    |icmp_ln887_12_reg_2624                  |   1|   0|    1|          0|
    |icmp_ln887_13_reg_2740                  |   1|   0|    1|          0|
    |icmp_ln887_15_reg_2769                  |   1|   0|    1|          0|
    |icmp_ln887_16_reg_2876                  |   1|   0|    1|          0|
    |icmp_ln887_17_reg_2852                  |   1|   0|    1|          0|
    |icmp_ln887_18_reg_2828                  |   1|   0|    1|          0|
    |index_assign_2_reg_676                  |  17|   0|   17|          0|
    |index_assign_3_reg_824                  |  20|   0|   20|          0|
    |index_assign_reg_653                    |   9|   0|    9|          0|
    |indvars_iv_reg_687                      |  20|   0|   20|          0|
    |lind1_V_5_reg_2578                      |  16|   0|   16|          0|
    |lind1_V_6_reg_2585                      |  16|   0|   16|          0|
    |lind1_V_7_reg_779                       |  16|   0|   16|          0|
    |line0_0_V_2_fu_216                      |  24|   0|   24|          0|
    |line0_1_V_2_fu_220                      |  24|   0|   24|          0|
    |line0_2_V_2_fu_224                      |  24|   0|   24|          0|
    |line0_3_V_2_fu_228                      |  24|   0|   24|          0|
    |line1_0_V_2_fu_232                      |  24|   0|   24|          0|
    |line1_1_V_2_fu_236                      |  24|   0|   24|          0|
    |line1_2_V_2_fu_240                      |  24|   0|   24|          0|
    |line1_3_V_2_fu_244                      |  24|   0|   24|          0|
    |out_j_V_1_reg_2599                      |  16|   0|   16|          0|
    |p_01010_0_reg_722                       |   2|   0|    2|          0|
    |p_01010_3_reg_2641                      |   2|   0|    2|          0|
    |p_0821_0_reg_746                        |  16|   0|   16|          0|
    |p_0823_0_reg_757                        |  16|   0|   16|          0|
    |p_0831_0_reg_768                        |  16|   0|   16|          0|
    |p_0887_0_reg_710                        |   2|   0|    2|          0|
    |p_0887_3_reg_2636                       |   2|   0|    2|          0|
    |p_0893_0_reg_734                        |   2|   0|    2|          0|
    |p_0893_3_reg_2646                       |   2|   0|    2|          0|
    |phi_mul474_reg_630                      |  42|   0|   42|          0|
    |phi_mul_reg_608                         |  43|   0|   43|          0|
    |r_V_reg_813                             |  11|   0|   11|          0|
    |read_flag_0_reg_802                     |   1|   0|    1|          0|
    |reg_1159                                |  38|   0|   38|          0|
    |ret_V_6_reg_2573                        |  10|   0|   10|          0|
    |t_V_10_reg_699                          |  10|   0|   10|          0|
    |t_V_4_reg_619                           |  10|   0|   10|          0|
    |t_V_5_reg_641                           |   9|   0|    9|          0|
    |t_V_6_reg_664                           |  13|   0|   13|          0|
    |t_V_9_reg_2592                          |  16|   0|   16|          0|
    |t_V_reg_597                             |  11|   0|   11|          0|
    |tmp_s_reg_2437                          |  38|   0|   38|          0|
    |trunc_ln669_reg_2432                    |  32|   0|   32|          0|
    |write_index_0_reg_790                   |  20|   0|   20|          0|
    |write_index_reg_2656                    |  20|   0|   20|          0|
    |x_V_2_reg_2498                          |   9|   0|    9|          0|
    |x_V_3_reg_2512                          |  13|   0|   13|          0|
    |xor_ln879_2_reg_2689                    |   1|   0|    1|          0|
    |xor_ln879_3_reg_2694                    |   1|   0|    1|          0|
    |xor_ln879_4_reg_2699                    |   1|   0|    1|          0|
    |zext_ln1597_1_reg_2473                  |  38|   0|   58|         20|
    |zext_ln1597_reg_2468                    |  32|   0|   42|         10|
    |zext_ln544_11_reg_2718                  |  11|   0|   64|         53|
    |zext_ln669_1_reg_2447                   |  38|   0|   58|         20|
    |zext_ln669_reg_2442                     |  32|   0|   43|         11|
    +----------------------------------------+----+----+-----+-----------+
    |Total                                   | 960|   0| 1074|        114|
    +----------------------------------------+----+----+-----+-----------+



================================================================
== Interface
================================================================
* Summary: 
+--------------------------+-----+-----+------------+----------------------+--------------+
|         RTL Ports        | Dir | Bits|  Protocol  |     Source Object    |    C Type    |
+--------------------------+-----+-----+------------+----------------------+--------------+
|ap_clk                    |  in |    1| ap_ctrl_hs | xFResizeAreaUpScale_ | return value |
|ap_rst                    |  in |    1| ap_ctrl_hs | xFResizeAreaUpScale_ | return value |
|ap_start                  |  in |    1| ap_ctrl_hs | xFResizeAreaUpScale_ | return value |
|ap_done                   | out |    1| ap_ctrl_hs | xFResizeAreaUpScale_ | return value |
|ap_idle                   | out |    1| ap_ctrl_hs | xFResizeAreaUpScale_ | return value |
|ap_ready                  | out |    1| ap_ctrl_hs | xFResizeAreaUpScale_ | return value |
|stream_in_data_V_dout     |  in |   24|   ap_fifo  |   stream_in_data_V   |    pointer   |
|stream_in_data_V_empty_n  |  in |    1|   ap_fifo  |   stream_in_data_V   |    pointer   |
|stream_in_data_V_read     | out |    1|   ap_fifo  |   stream_in_data_V   |    pointer   |
|resize_out_data_V_din     | out |   24|   ap_fifo  |   resize_out_data_V  |    pointer   |
|resize_out_data_V_full_n  |  in |    1|   ap_fifo  |   resize_out_data_V  |    pointer   |
|resize_out_data_V_write   | out |    1|   ap_fifo  |   resize_out_data_V  |    pointer   |
+--------------------------+-----+-----+------------+----------------------+--------------+

