

================================================================
== Vivado HLS Report for 'zero_0_180_320_1_s'
================================================================
* Date:           Wed Mar 18 11:36:30 2020

* Version:        2019.2.1 (Build 2724168 on Thu Dec 05 05:19:09 MST 2019)
* Project:        WeedD
* Solution:       solution1
* Product family: zynq
* Target device:  xc7z020-clg400-1


================================================================
== Performance Estimates
================================================================
+ Timing: 
    * Summary: 
    +--------+----------+----------+------------+
    |  Clock |  Target  | Estimated| Uncertainty|
    +--------+----------+----------+------------+
    |ap_clk  | 50.00 ns | 3.634 ns |   6.25 ns  |
    +--------+----------+----------+------------+

+ Latency: 
    * Summary: 
    +---------+---------+----------+----------+-------+-------+---------+
    |  Latency (cycles) |  Latency (absolute) |    Interval   | Pipeline|
    |   min   |   max   |    min   |    max   |  min  |  max  |   Type  |
    +---------+---------+----------+----------+-------+-------+---------+
    |    58141|    58141| 2.907 ms | 2.907 ms |  58141|  58141|   none  |
    +---------+---------+----------+----------+-------+-------+---------+

    + Detail: 
        * Instance: 
        N/A

        * Loop: 
        +------------+---------+---------+----------+-----------+-----------+------+----------+
        |            |  Latency (cycles) | Iteration|  Initiation Interval  | Trip |          |
        |  Loop Name |   min   |   max   |  Latency |  achieved |   target  | Count| Pipelined|
        +------------+---------+---------+----------+-----------+-----------+------+----------+
        |- rowLoop   |    58140|    58140|       323|          -|          -|   180|    no    |
        | + colLoop  |      320|      320|         2|          1|          1|   320|    yes   |
        +------------+---------+---------+----------+-----------+-----------+------+----------+



================================================================
== Utilization Estimates
================================================================
* Summary: 
+-----------------+---------+-------+--------+-------+-----+
|       Name      | BRAM_18K| DSP48E|   FF   |  LUT  | URAM|
+-----------------+---------+-------+--------+-------+-----+
|DSP              |        -|      -|       -|      -|    -|
|Expression       |        -|      -|       0|     64|    -|
|FIFO             |        -|      -|       -|      -|    -|
|Instance         |        -|      -|       -|      -|    -|
|Memory           |        -|      -|       -|      -|    -|
|Multiplexer      |        -|      -|       -|     87|    -|
|Register         |        -|      -|      34|      -|    -|
+-----------------+---------+-------+--------+-------+-----+
|Total            |        0|      0|      34|    151|    0|
+-----------------+---------+-------+--------+-------+-----+
|Available        |      280|    220|  106400|  53200|    0|
+-----------------+---------+-------+--------+-------+-----+
|Utilization (%)  |        0|      0|   ~0   |   ~0  |    0|
+-----------------+---------+-------+--------+-------+-----+

+ Detail: 
    * Instance: 
    N/A

    * DSP48E: 
    N/A

    * Memory: 
    N/A

    * FIFO: 
    N/A

    * Expression: 
    +----------------------------------+----------+-------+---+----+------------+------------+
    |           Variable Name          | Operation| DSP48E| FF| LUT| Bitwidth P0| Bitwidth P1|
    +----------------------------------+----------+-------+---+----+------------+------------+
    |add_ln887_fu_98_p2                |     +    |      0|  0|  15|           9|           1|
    |i_V_fu_86_p2                      |     +    |      0|  0|  15|           8|           1|
    |ap_block_pp0_stage0_01001         |    and   |      0|  0|   2|           1|           1|
    |ap_block_state4_pp0_stage0_iter1  |    and   |      0|  0|   2|           1|           1|
    |icmp_ln722_fu_92_p2               |   icmp   |      0|  0|  13|           9|           9|
    |icmp_ln887_fu_80_p2               |   icmp   |      0|  0|  11|           8|           8|
    |ap_block_state1                   |    or    |      0|  0|   2|           1|           1|
    |ap_enable_pp0                     |    xor   |      0|  0|   2|           1|           2|
    |ap_enable_reg_pp0_iter1           |    xor   |      0|  0|   2|           2|           1|
    +----------------------------------+----------+-------+---+----+------------+------------+
    |Total                             |          |      0|  0|  64|          40|          25|
    +----------------------------------+----------+-------+---+----+------------+------------+

    * Multiplexer: 
    +-------------------------+----+-----------+-----+-----------+
    |           Name          | LUT| Input Size| Bits| Total Bits|
    +-------------------------+----+-----------+-----+-----------+
    |ap_NS_fsm                |  27|          5|    1|          5|
    |ap_done                  |   9|          2|    1|          2|
    |ap_enable_reg_pp0_iter1  |  15|          3|    1|          3|
    |p_src1_data_V_blk_n      |   9|          2|    1|          2|
    |real_start               |   9|          2|    1|          2|
    |t_V_1_reg_58             |   9|          2|    8|         16|
    |t_V_reg_69               |   9|          2|    9|         18|
    +-------------------------+----+-----------+-----+-----------+
    |Total                    |  87|         18|   22|         48|
    +-------------------------+----+-----------+-----+-----------+

    * Register: 
    +-------------------------+---+----+-----+-----------+
    |           Name          | FF| LUT| Bits| Const Bits|
    +-------------------------+---+----+-----+-----------+
    |ap_CS_fsm                |  4|   0|    4|          0|
    |ap_done_reg              |  1|   0|    1|          0|
    |ap_enable_reg_pp0_iter0  |  1|   0|    1|          0|
    |ap_enable_reg_pp0_iter1  |  1|   0|    1|          0|
    |i_V_reg_108              |  8|   0|    8|          0|
    |icmp_ln722_reg_113       |  1|   0|    1|          0|
    |start_once_reg           |  1|   0|    1|          0|
    |t_V_1_reg_58             |  8|   0|    8|          0|
    |t_V_reg_69               |  9|   0|    9|          0|
    +-------------------------+---+----+-----+-----------+
    |Total                    | 34|   0|   34|          0|
    +-------------------------+---+----+-----+-----------+



================================================================
== Interface
================================================================
* Summary: 
+----------------------+-----+-----+------------+----------------------+--------------+
|       RTL Ports      | Dir | Bits|  Protocol  |     Source Object    |    C Type    |
+----------------------+-----+-----+------------+----------------------+--------------+
|ap_clk                |  in |    1| ap_ctrl_hs | zero<0, 180, 320, 1> | return value |
|ap_rst                |  in |    1| ap_ctrl_hs | zero<0, 180, 320, 1> | return value |
|ap_start              |  in |    1| ap_ctrl_hs | zero<0, 180, 320, 1> | return value |
|start_full_n          |  in |    1| ap_ctrl_hs | zero<0, 180, 320, 1> | return value |
|ap_done               | out |    1| ap_ctrl_hs | zero<0, 180, 320, 1> | return value |
|ap_continue           |  in |    1| ap_ctrl_hs | zero<0, 180, 320, 1> | return value |
|ap_idle               | out |    1| ap_ctrl_hs | zero<0, 180, 320, 1> | return value |
|ap_ready              | out |    1| ap_ctrl_hs | zero<0, 180, 320, 1> | return value |
|start_out             | out |    1| ap_ctrl_hs | zero<0, 180, 320, 1> | return value |
|start_write           | out |    1| ap_ctrl_hs | zero<0, 180, 320, 1> | return value |
|p_src1_data_V_din     | out |    8|   ap_fifo  |     p_src1_data_V    |    pointer   |
|p_src1_data_V_full_n  |  in |    1|   ap_fifo  |     p_src1_data_V    |    pointer   |
|p_src1_data_V_write   | out |    1|   ap_fifo  |     p_src1_data_V    |    pointer   |
+----------------------+-----+-----+------------+----------------------+--------------+

