INFO: [HLS 200-10] Running 'D:/Xilinx/Vivado/2019.2/bin/unwrapped/win64.o/vivado_hls.exe'
INFO: [HLS 200-10] For user 'josen' on host 'laptop-oeohuq1p' (Windows NT_amd64 version 6.2) on Wed Mar 18 11:40:07 -0300 2020
INFO: [HLS 200-10] In directory 'D:/GitHub/Weed_Detection/WD_HLS'
Sourcing Tcl script 'D:/GitHub/Weed_Detection/WD_HLS/WeedD/solution1/export.tcl'
INFO: [HLS 200-10] Opening project 'D:/GitHub/Weed_Detection/WD_HLS/WeedD'.
INFO: [HLS 200-10] Opening solution 'D:/GitHub/Weed_Detection/WD_HLS/WeedD/solution1'.
INFO: [SYN 201-201] Setting up clock 'default' with a period of 50ns.
INFO: [SYN 201-201] Setting up clock 'default' with an uncertainty of 6.25ns.
INFO: [HLS 200-10] Setting target device to 'xc7z020-clg400-1'
INFO: [HLS 200-435] Setting 'config_sdx -target' configuration: config_export -vivado_optimization_level=2
INFO: [HLS 200-435] Setting 'config_export -vivado_optimization_level' configuration: config_export -vivado_phys_opt=place
INFO: [HLS 200-435] Setting 'config_sdx -target' configuration: config_schedule -enable_dsp_full_reg=0
INFO: [HLS 200-435] Setting 'config_sdx -target' configuration: set_clock_uncertainty default
INFO: [HLS 200-435] Setting 'config_export -vivado_optimization_level' configuration: config_export -vivado_phys_opt=all
WARNING: [IMPL 213-205] Ignored option '-use_netlist' which is only valid for 'pcore'.
INFO: [IMPL 213-8] Exporting RTL as a Vivado IP.
INFO: [HLS 200-741] Implementing PIPO get_total_vegetatBew_memcore using a single memory for all blocks
WARNING: [RTMG 210-274] Memory 'get_total_vegetatBew_memcore' is read-only, switch it to a ROM.
INFO: [RTMG 210-279] Implementing memory 'get_total_vegetatBew_memcore_rom' using block ROMs.
INFO: [HLS 200-741] Implementing PIPO get_total_vegetatBew_memcore using a single memory for all blocks
WARNING: [RTMG 210-274] Memory 'get_total_vegetatBew_memcore' is read-only, switch it to a ROM.

****** Vivado v2019.2.1 (64-bit)
  **** SW Build 2729669 on Thu Dec  5 04:49:17 MST 2019
  **** IP Build 2729494 on Thu Dec  5 07:38:25 MST 2019
    ** Copyright 1986-2019 Xilinx, Inc. All Rights Reserved.

source run_ippack.tcl -notrace
INFO: [IP_Flow 19-234] Refreshing IP repositories
INFO: [IP_Flow 19-1704] No user IP repositories specified
INFO: [IP_Flow 19-2313] Loaded Vivado IP repository 'D:/Xilinx/Vivado/2019.2/data/ip'.
INFO: [Common 17-206] Exiting Vivado at Wed Mar 18 11:40:33 2020...
INFO: [IMPL 213-8] Starting RTL evaluation using Vivado ...
INFO: [HLS 200-741] Implementing PIPO get_total_vegetatBew_memcore using a single memory for all blocks
WARNING: [RTMG 210-274] Memory 'get_total_vegetatBew_memcore' is read-only, switch it to a ROM.
INFO: [RTMG 210-279] Implementing memory 'get_total_vegetatBew_memcore_rom' using block ROMs.

D:\GitHub\Weed_Detection\WD_HLS\WeedD\solution1\impl\vhdl>D:/Xilinx/Vivado/2019.2/bin/vivado  -notrace -mode batch -source run_vivadosyn.tcl   || exit $? 

****** Vivado v2019.2.1 (64-bit)
  **** SW Build 2729669 on Thu Dec  5 04:49:17 MST 2019
  **** IP Build 2729494 on Thu Dec  5 07:38:25 MST 2019
    ** Copyright 1986-2019 Xilinx, Inc. All Rights Reserved.

source run_vivadosyn.tcl -notrace
INFO: [IP_Flow 19-234] Refreshing IP repositories
INFO: [IP_Flow 19-1700] Loaded user IP repository 'd:/GitHub/Weed_Detection/WD_HLS/WeedD/solution1/impl/ip'.
INFO: [IP_Flow 19-2313] Loaded Vivado IP repository 'D:/Xilinx/Vivado/2019.2/data/ip'.
Wrote  : <D:\GitHub\Weed_Detection\WD_HLS\WeedD\solution1\impl\vhdl\project.srcs\sources_1\bd\bd_0\bd_0.bd> 
Wrote  : <D:\GitHub\Weed_Detection\WD_HLS\WeedD\solution1\impl\vhdl\project.srcs\sources_1\bd\bd_0\bd_0.bd> 
VHDL Output written to : D:/GitHub/Weed_Detection/WD_HLS/WeedD/solution1/impl/vhdl/project.srcs/sources_1/bd/bd_0/synth/bd_0.vhd
VHDL Output written to : D:/GitHub/Weed_Detection/WD_HLS/WeedD/solution1/impl/vhdl/project.srcs/sources_1/bd/bd_0/sim/bd_0.vhd
VHDL Output written to : D:/GitHub/Weed_Detection/WD_HLS/WeedD/solution1/impl/vhdl/project.srcs/sources_1/bd/bd_0/hdl/bd_0_wrapper.vhd
Using BD top: bd_0_wrapper
INFO: [BD 41-1662] The design 'bd_0.bd' is already validated. Therefore parameter propagation will not be re-run.
VHDL Output written to : D:/GitHub/Weed_Detection/WD_HLS/WeedD/solution1/impl/vhdl/project.srcs/sources_1/bd/bd_0/synth/bd_0.vhd
VHDL Output written to : D:/GitHub/Weed_Detection/WD_HLS/WeedD/solution1/impl/vhdl/project.srcs/sources_1/bd/bd_0/sim/bd_0.vhd
VHDL Output written to : D:/GitHub/Weed_Detection/WD_HLS/WeedD/solution1/impl/vhdl/project.srcs/sources_1/bd/bd_0/hdl/bd_0_wrapper.vhd
INFO: [BD 41-1029] Generation completed for the IP Integrator block hls_inst .
Exporting to file D:/GitHub/Weed_Detection/WD_HLS/WeedD/solution1/impl/vhdl/project.srcs/sources_1/bd/bd_0/hw_handoff/bd_0.hwh
Generated Block Design Tcl file D:/GitHub/Weed_Detection/WD_HLS/WeedD/solution1/impl/vhdl/project.srcs/sources_1/bd/bd_0/hw_handoff/bd_0_bd.tcl
Generated Hardware Definition File D:/GitHub/Weed_Detection/WD_HLS/WeedD/solution1/impl/vhdl/project.srcs/sources_1/bd/bd_0/synth/bd_0.hwdef
[Wed Mar 18 11:40:51 2020] Launched bd_0_hls_inst_0_synth_1...
Run output will be captured here: D:/GitHub/Weed_Detection/WD_HLS/WeedD/solution1/impl/vhdl/project.runs/bd_0_hls_inst_0_synth_1/runme.log
[Wed Mar 18 11:40:51 2020] Launched synth_1...
Run output will be captured here: D:/GitHub/Weed_Detection/WD_HLS/WeedD/solution1/impl/vhdl/project.runs/synth_1/runme.log
[Wed Mar 18 11:40:51 2020] Waiting for synth_1 to finish...

*** Running vivado
    with args -log bd_0_wrapper.vds -m64 -product Vivado -mode batch -messageDb vivado.pb -notrace -source bd_0_wrapper.tcl


****** Vivado v2019.2.1 (64-bit)
  **** SW Build 2729669 on Thu Dec  5 04:49:17 MST 2019
  **** IP Build 2729494 on Thu Dec  5 07:38:25 MST 2019
    ** Copyright 1986-2019 Xilinx, Inc. All Rights Reserved.

source bd_0_wrapper.tcl -notrace
INFO: [IP_Flow 19-234] Refreshing IP repositories
INFO: [IP_Flow 19-1700] Loaded user IP repository 'd:/GitHub/Weed_Detection/WD_HLS/WeedD/solution1/impl/ip'.
INFO: [IP_Flow 19-2313] Loaded Vivado IP repository 'D:/Xilinx/Vivado/2019.2/data/ip'.
Command: synth_design -top bd_0_wrapper -part xc7z020clg400-1 -mode out_of_context
Starting synth_design
Attempting to get a license for feature 'Synthesis' and/or device 'xc7z020'
INFO: [Common 17-349] Got license for feature 'Synthesis' and/or device 'xc7z020'
INFO: [Device 21-403] Loading part xc7z020clg400-1
INFO: Launching helper process for spawning children vivado processes
INFO: Helper process launched with PID 1124 
---------------------------------------------------------------------------------
Starting RTL Elaboration : Time (s): cpu = 00:00:05 ; elapsed = 00:00:05 . Memory (MB): peak = 872.805 ; gain = 236.746
---------------------------------------------------------------------------------
INFO: [Synth 8-638] synthesizing module 'bd_0_wrapper' [D:/GitHub/Weed_Detection/WD_HLS/WeedD/solution1/impl/vhdl/project.srcs/sources_1/bd/bd_0/hdl/bd_0_wrapper.vhd:39]
INFO: [Synth 8-3491] module 'bd_0' declared at 'D:/GitHub/Weed_Detection/WD_HLS/WeedD/solution1/impl/vhdl/project.srcs/sources_1/bd/bd_0/synth/bd_0.vhd:14' bound to instance 'bd_0_i' of component 'bd_0' [D:/GitHub/Weed_Detection/WD_HLS/WeedD/solution1/impl/vhdl/project.srcs/sources_1/bd/bd_0/hdl/bd_0_wrapper.vhd:65]
INFO: [Synth 8-638] synthesizing module 'bd_0' [D:/GitHub/Weed_Detection/WD_HLS/WeedD/solution1/impl/vhdl/project.srcs/sources_1/bd/bd_0/synth/bd_0.vhd:43]
INFO: [Synth 8-3491] module 'bd_0_hls_inst_0' declared at 'D:/GitHub/Weed_Detection/WD_HLS/WeedD/solution1/impl/vhdl/project.runs/synth_1/.Xil/Vivado-11096-LAPTOP-OEOHUQ1P/realtime/bd_0_hls_inst_0_stub.vhdl:5' bound to instance 'hls_inst' of component 'bd_0_hls_inst_0' [D:/GitHub/Weed_Detection/WD_HLS/WeedD/solution1/impl/vhdl/project.srcs/sources_1/bd/bd_0/synth/bd_0.vhd:135]
INFO: [Synth 8-638] synthesizing module 'bd_0_hls_inst_0' [D:/GitHub/Weed_Detection/WD_HLS/WeedD/solution1/impl/vhdl/project.runs/synth_1/.Xil/Vivado-11096-LAPTOP-OEOHUQ1P/realtime/bd_0_hls_inst_0_stub.vhdl:31]
INFO: [Synth 8-256] done synthesizing module 'bd_0' (1#1) [D:/GitHub/Weed_Detection/WD_HLS/WeedD/solution1/impl/vhdl/project.srcs/sources_1/bd/bd_0/synth/bd_0.vhd:43]
INFO: [Synth 8-256] done synthesizing module 'bd_0_wrapper' (2#1) [D:/GitHub/Weed_Detection/WD_HLS/WeedD/solution1/impl/vhdl/project.srcs/sources_1/bd/bd_0/hdl/bd_0_wrapper.vhd:39]
---------------------------------------------------------------------------------
Finished RTL Elaboration : Time (s): cpu = 00:00:06 ; elapsed = 00:00:06 . Memory (MB): peak = 948.453 ; gain = 312.395
---------------------------------------------------------------------------------

Report Check Netlist: 
+------+------------------+-------+---------+-------+------------------+
|      |Item              |Errors |Warnings |Status |Description       |
+------+------------------+-------+---------+-------+------------------+
|1     |multi_driven_nets |      0|        0|Passed |Multi driven nets |
+------+------------------+-------+---------+-------+------------------+
---------------------------------------------------------------------------------
Start Handling Custom Attributes
---------------------------------------------------------------------------------
---------------------------------------------------------------------------------
Finished Handling Custom Attributes : Time (s): cpu = 00:00:06 ; elapsed = 00:00:06 . Memory (MB): peak = 948.453 ; gain = 312.395
---------------------------------------------------------------------------------
---------------------------------------------------------------------------------
Finished RTL Optimization Phase 1 : Time (s): cpu = 00:00:06 ; elapsed = 00:00:06 . Memory (MB): peak = 948.453 ; gain = 312.395
---------------------------------------------------------------------------------
Netlist sorting complete. Time (s): cpu = 00:00:00 ; elapsed = 00:00:00.001 . Memory (MB): peak = 948.453 ; gain = 0.000
INFO: [Project 1-570] Preparing netlist for logic optimization

Processing XDC Constraints
Initializing timing engine
Parsing XDC File [d:/GitHub/Weed_Detection/WD_HLS/WeedD/solution1/impl/vhdl/project.srcs/sources_1/bd/bd_0/ip/bd_0_hls_inst_0/bd_0_hls_inst_0/bd_0_hls_inst_0_in_context.xdc] for cell 'bd_0_i/hls_inst'
Finished Parsing XDC File [d:/GitHub/Weed_Detection/WD_HLS/WeedD/solution1/impl/vhdl/project.srcs/sources_1/bd/bd_0/ip/bd_0_hls_inst_0/bd_0_hls_inst_0/bd_0_hls_inst_0_in_context.xdc] for cell 'bd_0_i/hls_inst'
Parsing XDC File [D:/GitHub/Weed_Detection/WD_HLS/WeedD/solution1/impl/vhdl/ip_accel_app.xdc]
Finished Parsing XDC File [D:/GitHub/Weed_Detection/WD_HLS/WeedD/solution1/impl/vhdl/ip_accel_app.xdc]
Parsing XDC File [D:/GitHub/Weed_Detection/WD_HLS/WeedD/solution1/impl/vhdl/project.runs/synth_1/dont_touch.xdc]
Finished Parsing XDC File [D:/GitHub/Weed_Detection/WD_HLS/WeedD/solution1/impl/vhdl/project.runs/synth_1/dont_touch.xdc]
Completed Processing XDC Constraints

Netlist sorting complete. Time (s): cpu = 00:00:00 ; elapsed = 00:00:00 . Memory (MB): peak = 953.492 ; gain = 0.000
INFO: [Project 1-111] Unisim Transformation Summary:
No Unisim elements were transformed.

Constraint Validation Runtime : Time (s): cpu = 00:00:00 ; elapsed = 00:00:00.029 . Memory (MB): peak = 963.887 ; gain = 10.395
---------------------------------------------------------------------------------
Finished Constraint Validation : Time (s): cpu = 00:00:12 ; elapsed = 00:00:12 . Memory (MB): peak = 963.887 ; gain = 327.828
---------------------------------------------------------------------------------
---------------------------------------------------------------------------------
Start Loading Part and Timing Information
---------------------------------------------------------------------------------
Loading part: xc7z020clg400-1
---------------------------------------------------------------------------------
Finished Loading Part and Timing Information : Time (s): cpu = 00:00:12 ; elapsed = 00:00:12 . Memory (MB): peak = 963.887 ; gain = 327.828
---------------------------------------------------------------------------------
---------------------------------------------------------------------------------
Start Applying 'set_property' XDC Constraints
---------------------------------------------------------------------------------
Applied set_property DONT_TOUCH = true for bd_0_i. (constraint file  auto generated constraint, line ).
Applied set_property DONT_TOUCH = true for bd_0_i/hls_inst. (constraint file  auto generated constraint, line ).
---------------------------------------------------------------------------------
Finished applying 'set_property' XDC Constraints : Time (s): cpu = 00:00:12 ; elapsed = 00:00:12 . Memory (MB): peak = 963.887 ; gain = 327.828
---------------------------------------------------------------------------------
---------------------------------------------------------------------------------
Finished RTL Optimization Phase 2 : Time (s): cpu = 00:00:12 ; elapsed = 00:00:12 . Memory (MB): peak = 963.887 ; gain = 327.828
---------------------------------------------------------------------------------

Report RTL Partitions: 
+-+--------------+------------+----------+
| |RTL Partition |Replication |Instances |
+-+--------------+------------+----------+
+-+--------------+------------+----------+
---------------------------------------------------------------------------------
Start RTL Component Statistics 
---------------------------------------------------------------------------------
Detailed RTL Component Info : 
---------------------------------------------------------------------------------
Finished RTL Component Statistics 
---------------------------------------------------------------------------------
---------------------------------------------------------------------------------
Start RTL Hierarchical Component Statistics 
---------------------------------------------------------------------------------
Hierarchical RTL Component report 
---------------------------------------------------------------------------------
Finished RTL Hierarchical Component Statistics
---------------------------------------------------------------------------------
---------------------------------------------------------------------------------
Start Part Resource Summary
---------------------------------------------------------------------------------
Part Resources:
DSPs: 220 (col length:60)
BRAMs: 280 (col length: RAMB18 60 RAMB36 30)
---------------------------------------------------------------------------------
Finished Part Resource Summary
---------------------------------------------------------------------------------
---------------------------------------------------------------------------------
Start Cross Boundary and Area Optimization
---------------------------------------------------------------------------------
Warning: Parallel synthesis criteria is not met 
---------------------------------------------------------------------------------
Finished Cross Boundary and Area Optimization : Time (s): cpu = 00:00:13 ; elapsed = 00:00:14 . Memory (MB): peak = 963.887 ; gain = 327.828
---------------------------------------------------------------------------------

Report RTL Partitions: 
+-+--------------+------------+----------+
| |RTL Partition |Replication |Instances |
+-+--------------+------------+----------+
+-+--------------+------------+----------+
---------------------------------------------------------------------------------
Start Applying XDC Timing Constraints
---------------------------------------------------------------------------------
---------------------------------------------------------------------------------
Finished Applying XDC Timing Constraints : Time (s): cpu = 00:00:20 ; elapsed = 00:00:21 . Memory (MB): peak = 1005.180 ; gain = 369.121
---------------------------------------------------------------------------------
---------------------------------------------------------------------------------
Start Timing Optimization
---------------------------------------------------------------------------------
---------------------------------------------------------------------------------
Finished Timing Optimization : Time (s): cpu = 00:00:20 ; elapsed = 00:00:21 . Memory (MB): peak = 1005.180 ; gain = 369.121
---------------------------------------------------------------------------------

Report RTL Partitions: 
+-+--------------+------------+----------+
| |RTL Partition |Replication |Instances |
+-+--------------+------------+----------+
+-+--------------+------------+----------+
---------------------------------------------------------------------------------
Start Technology Mapping
---------------------------------------------------------------------------------
---------------------------------------------------------------------------------
Finished Technology Mapping : Time (s): cpu = 00:00:20 ; elapsed = 00:00:21 . Memory (MB): peak = 1014.707 ; gain = 378.648
---------------------------------------------------------------------------------

Report RTL Partitions: 
+-+--------------+------------+----------+
| |RTL Partition |Replication |Instances |
+-+--------------+------------+----------+
+-+--------------+------------+----------+
---------------------------------------------------------------------------------
Start IO Insertion
---------------------------------------------------------------------------------
---------------------------------------------------------------------------------
Start Flattening Before IO Insertion
---------------------------------------------------------------------------------
---------------------------------------------------------------------------------
Finished Flattening Before IO Insertion
---------------------------------------------------------------------------------
---------------------------------------------------------------------------------
Start Final Netlist Cleanup
---------------------------------------------------------------------------------
---------------------------------------------------------------------------------
Finished Final Netlist Cleanup
---------------------------------------------------------------------------------
---------------------------------------------------------------------------------
Finished IO Insertion : Time (s): cpu = 00:00:24 ; elapsed = 00:00:24 . Memory (MB): peak = 1030.566 ; gain = 394.508
---------------------------------------------------------------------------------
---------------------------------------------------------------------------------
Start Renaming Generated Instances
---------------------------------------------------------------------------------
---------------------------------------------------------------------------------
Finished Renaming Generated Instances : Time (s): cpu = 00:00:24 ; elapsed = 00:00:24 . Memory (MB): peak = 1030.566 ; gain = 394.508
---------------------------------------------------------------------------------

Report RTL Partitions: 
+-+--------------+------------+----------+
| |RTL Partition |Replication |Instances |
+-+--------------+------------+----------+
+-+--------------+------------+----------+

Report Check Netlist: 
+------+------------------+-------+---------+-------+------------------+
|      |Item              |Errors |Warnings |Status |Description       |
+------+------------------+-------+---------+-------+------------------+
|1     |multi_driven_nets |      0|        0|Passed |Multi driven nets |
+------+------------------+-------+---------+-------+------------------+
---------------------------------------------------------------------------------
Start Rebuilding User Hierarchy
---------------------------------------------------------------------------------
---------------------------------------------------------------------------------
Finished Rebuilding User Hierarchy : Time (s): cpu = 00:00:24 ; elapsed = 00:00:24 . Memory (MB): peak = 1030.566 ; gain = 394.508
---------------------------------------------------------------------------------
---------------------------------------------------------------------------------
Start Renaming Generated Ports
---------------------------------------------------------------------------------
---------------------------------------------------------------------------------
Finished Renaming Generated Ports : Time (s): cpu = 00:00:24 ; elapsed = 00:00:24 . Memory (MB): peak = 1030.566 ; gain = 394.508
---------------------------------------------------------------------------------
---------------------------------------------------------------------------------
Start Handling Custom Attributes
---------------------------------------------------------------------------------
---------------------------------------------------------------------------------
Finished Handling Custom Attributes : Time (s): cpu = 00:00:24 ; elapsed = 00:00:24 . Memory (MB): peak = 1030.566 ; gain = 394.508
---------------------------------------------------------------------------------
---------------------------------------------------------------------------------
Start Renaming Generated Nets
---------------------------------------------------------------------------------
---------------------------------------------------------------------------------
Finished Renaming Generated Nets : Time (s): cpu = 00:00:24 ; elapsed = 00:00:24 . Memory (MB): peak = 1030.566 ; gain = 394.508
---------------------------------------------------------------------------------
---------------------------------------------------------------------------------
Start Writing Synthesis Report
---------------------------------------------------------------------------------

Report BlackBoxes: 
+------+----------------+----------+
|      |BlackBox name   |Instances |
+------+----------------+----------+
|1     |bd_0_hls_inst_0 |         1|
+------+----------------+----------+

Report Cell Usage: 
+------+-----------------------+------+
|      |Cell                   |Count |
+------+-----------------------+------+
|1     |bd_0_hls_inst_0_bbox_0 |     1|
+------+-----------------------+------+

Report Instance Areas: 
+------+---------+-------+------+
|      |Instance |Module |Cells |
+------+---------+-------+------+
|1     |top      |       |    46|
|2     |  bd_0_i |bd_0   |    46|
+------+---------+-------+------+
---------------------------------------------------------------------------------
Finished Writing Synthesis Report : Time (s): cpu = 00:00:24 ; elapsed = 00:00:24 . Memory (MB): peak = 1030.566 ; gain = 394.508
---------------------------------------------------------------------------------
Synthesis finished with 0 errors, 0 critical warnings and 0 warnings.
Synthesis Optimization Runtime : Time (s): cpu = 00:00:16 ; elapsed = 00:00:23 . Memory (MB): peak = 1030.566 ; gain = 379.074
Synthesis Optimization Complete : Time (s): cpu = 00:00:24 ; elapsed = 00:00:25 . Memory (MB): peak = 1030.566 ; gain = 394.508
INFO: [Project 1-571] Translating synthesized netlist
Netlist sorting complete. Time (s): cpu = 00:00:00 ; elapsed = 00:00:00.002 . Memory (MB): peak = 1030.566 ; gain = 0.000
INFO: [Project 1-570] Preparing netlist for logic optimization
INFO: [Opt 31-138] Pushed 0 inverter(s) to 0 load pin(s).
Netlist sorting complete. Time (s): cpu = 00:00:00 ; elapsed = 00:00:00 . Memory (MB): peak = 1044.676 ; gain = 0.000
INFO: [Project 1-111] Unisim Transformation Summary:
No Unisim elements were transformed.

INFO: [Common 17-83] Releasing license: Synthesis
19 Infos, 0 Warnings, 0 Critical Warnings and 0 Errors encountered.
synth_design completed successfully
synth_design: Time (s): cpu = 00:00:29 ; elapsed = 00:00:31 . Memory (MB): peak = 1044.676 ; gain = 712.504
Netlist sorting complete. Time (s): cpu = 00:00:00 ; elapsed = 00:00:00 . Memory (MB): peak = 1044.676 ; gain = 0.000
WARNING: [Constraints 18-5210] No constraints selected for write.
Resolution: This message can indicate that there are no constraints for the design, or it can indicate that the used_in flags are set such that the constraints are ignored. This later case is used when running synth_design to not write synthesis constraints to the resulting checkpoint. Instead, project constraints are read when the synthesized design is opened.
INFO: [Common 17-1381] The checkpoint 'D:/GitHub/Weed_Detection/WD_HLS/WeedD/solution1/impl/vhdl/project.runs/synth_1/bd_0_wrapper.dcp' has been generated.
INFO: [runtcl-4] Executing : report_utilization -file bd_0_wrapper_utilization_synth.rpt -pb bd_0_wrapper_utilization_synth.pb
INFO: [Common 17-206] Exiting Vivado at Wed Mar 18 11:47:26 2020...
[Wed Mar 18 11:47:31 2020] synth_1 finished
wait_on_run: Time (s): cpu = 00:00:00 ; elapsed = 00:06:41 . Memory (MB): peak = 500.766 ; gain = 0.000
Design is defaulting to impl run constrset: constrs_1
Design is defaulting to synth run part: xc7z020clg400-1
INFO: [Device 21-403] Loading part xc7z020clg400-1
INFO: [Project 1-454] Reading design checkpoint 'd:/GitHub/Weed_Detection/WD_HLS/WeedD/solution1/impl/vhdl/project.srcs/sources_1/bd/bd_0/ip/bd_0_hls_inst_0/bd_0_hls_inst_0.dcp' for cell 'bd_0_i/hls_inst'
Netlist sorting complete. Time (s): cpu = 00:00:01 ; elapsed = 00:00:00.580 . Memory (MB): peak = 736.188 ; gain = 0.000
INFO: [Netlist 29-17] Analyzing 2111 Unisim elements for replacement
INFO: [Netlist 29-28] Unisim Transformation completed in 0 CPU seconds
INFO: [Project 1-479] Netlist was created with Vivado 2019.2.1
INFO: [Project 1-570] Preparing netlist for logic optimization
Parsing XDC File [D:/GitHub/Weed_Detection/WD_HLS/WeedD/solution1/impl/vhdl/ip_accel_app.xdc]
Finished Parsing XDC File [D:/GitHub/Weed_Detection/WD_HLS/WeedD/solution1/impl/vhdl/ip_accel_app.xdc]
INFO: [Opt 31-138] Pushed 0 inverter(s) to 0 load pin(s).
Netlist sorting complete. Time (s): cpu = 00:00:00 ; elapsed = 00:00:00.011 . Memory (MB): peak = 876.359 ; gain = 0.000
INFO: [Project 1-111] Unisim Transformation Summary:
  A total of 201 instances were transformed.
  RAM16X1S => RAM32X1S (RAMS32): 201 instances

open_run: Time (s): cpu = 00:00:12 ; elapsed = 00:00:13 . Memory (MB): peak = 876.359 ; gain = 375.594
Running report: report_utilization -file ./report/ip_accel_app_utilization_synth.rpt
Contents of report file './report/ip_accel_app_utilization_synth.rpt' is as follows:
Copyright 1986-2019 Xilinx, Inc. All Rights Reserved.
--------------------------------------------------------------------------------------
| Tool Version : Vivado v.2019.2.1 (win64) Build 2729669 Thu Dec  5 04:49:17 MST 2019
| Date         : Wed Mar 18 11:47:45 2020
| Host         : LAPTOP-OEOHUQ1P running 64-bit major release  (build 9200)
| Command      : report_utilization -file ./report/ip_accel_app_utilization_synth.rpt
| Design       : bd_0_wrapper
| Device       : 7z020clg400-1
| Design State : Synthesized
--------------------------------------------------------------------------------------

Utilization Design Information

Table of Contents
-----------------
1. Slice Logic
1.1 Summary of Registers by Type
2. Memory
3. DSP
4. IO and GT Specific
5. Clocking
6. Specific Feature
7. Primitives
8. Black Boxes
9. Instantiated Netlists

1. Slice Logic
--------------

+----------------------------+-------+-------+-----------+-------+
|          Site Type         |  Used | Fixed | Available | Util% |
+----------------------------+-------+-------+-----------+-------+
| Slice LUTs*                | 13788 |     0 |     53200 | 25.92 |
|   LUT as Logic             | 13468 |     0 |     53200 | 25.32 |
|   LUT as Memory            |   320 |     0 |     17400 |  1.84 |
|     LUT as Distributed RAM |   201 |     0 |           |       |
|     LUT as Shift Register  |   119 |     0 |           |       |
| Slice Registers            | 13595 |     0 |    106400 | 12.78 |
|   Register as Flip Flop    | 13595 |     0 |    106400 | 12.78 |
|   Register as Latch        |     0 |     0 |    106400 |  0.00 |
| F7 Muxes                   |     6 |     0 |     26600 |  0.02 |
| F8 Muxes                   |     0 |     0 |     13300 |  0.00 |
+----------------------------+-------+-------+-----------+-------+
* Warning! The Final LUT count, after physical optimizations and full implementation, is typically lower. Run opt_design after synthesis, if not already completed, for a more realistic count.


1.1 Summary of Registers by Type
--------------------------------

+-------+--------------+-------------+--------------+
| Total | Clock Enable | Synchronous | Asynchronous |
+-------+--------------+-------------+--------------+
| 0     |            _ |           - |            - |
| 0     |            _ |           - |          Set |
| 0     |            _ |           - |        Reset |
| 0     |            _ |         Set |            - |
| 0     |            _ |       Reset |            - |
| 0     |          Yes |           - |            - |
| 0     |          Yes |           - |          Set |
| 0     |          Yes |           - |        Reset |
| 583   |          Yes |         Set |            - |
| 13012 |          Yes |       Reset |            - |
+-------+--------------+-------------+--------------+


2. Memory
---------

+-------------------+------+-------+-----------+-------+
|     Site Type     | Used | Fixed | Available | Util% |
+-------------------+------+-------+-----------+-------+
| Block RAM Tile    |   16 |     0 |       140 | 11.43 |
|   RAMB36/FIFO*    |    9 |     0 |       140 |  6.43 |
|     RAMB36E1 only |    9 |       |           |       |
|   RAMB18          |   14 |     0 |       280 |  5.00 |
|     RAMB18E1 only |   14 |       |           |       |
+-------------------+------+-------+-----------+-------+
* Note: Each Block RAM Tile only has one FIFO logic available and therefore can accommodate only one FIFO36E1 or one FIFO18E1. However, if a FIFO18E1 occupies a Block RAM Tile, that tile can still accommodate a RAMB18E1


3. DSP
------

+----------------+------+-------+-----------+-------+
|    Site Type   | Used | Fixed | Available | Util% |
+----------------+------+-------+-----------+-------+
| DSPs           |   99 |     0 |       220 | 45.00 |
|   DSP48E1 only |   99 |       |           |       |
+----------------+------+-------+-----------+-------+


4. IO and GT Specific
---------------------

+-----------------------------+------+-------+-----------+-------+
|          Site Type          | Used | Fixed | Available | Util% |
+-----------------------------+------+-------+-----------+-------+
| Bonded IOB                  |    0 |     0 |       125 |  0.00 |
| Bonded IPADs                |    0 |     0 |         2 |  0.00 |
| Bonded IOPADs               |    0 |     0 |       130 |  0.00 |
| PHY_CONTROL                 |    0 |     0 |         4 |  0.00 |
| PHASER_REF                  |    0 |     0 |         4 |  0.00 |
| OUT_FIFO                    |    0 |     0 |        16 |  0.00 |
| IN_FIFO                     |    0 |     0 |        16 |  0.00 |
| IDELAYCTRL                  |    0 |     0 |         4 |  0.00 |
| IBUFDS                      |    0 |     0 |       121 |  0.00 |
| PHASER_OUT/PHASER_OUT_PHY   |    0 |     0 |        16 |  0.00 |
| PHASER_IN/PHASER_IN_PHY     |    0 |     0 |        16 |  0.00 |
| IDELAYE2/IDELAYE2_FINEDELAY |    0 |     0 |       200 |  0.00 |
| ILOGIC                      |    0 |     0 |       125 |  0.00 |
| OLOGIC                      |    0 |     0 |       125 |  0.00 |
+-----------------------------+------+-------+-----------+-------+


5. Clocking
-----------

+------------+------+-------+-----------+-------+
|  Site Type | Used | Fixed | Available | Util% |
+------------+------+-------+-----------+-------+
| BUFGCTRL   |    0 |     0 |        32 |  0.00 |
| BUFIO      |    0 |     0 |        16 |  0.00 |
| MMCME2_ADV |    0 |     0 |         4 |  0.00 |
| PLLE2_ADV  |    0 |     0 |         4 |  0.00 |
| BUFMRCE    |    0 |     0 |         8 |  0.00 |
| BUFHCE     |    0 |     0 |        72 |  0.00 |
| BUFR       |    0 |     0 |        16 |  0.00 |
+------------+------+-------+-----------+-------+


6. Specific Feature
-------------------

+-------------+------+-------+-----------+-------+
|  Site Type  | Used | Fixed | Available | Util% |
+-------------+------+-------+-----------+-------+
| BSCANE2     |    0 |     0 |         4 |  0.00 |
| CAPTUREE2   |    0 |     0 |         1 |  0.00 |
| DNA_PORT    |    0 |     0 |         1 |  0.00 |
| EFUSE_USR   |    0 |     0 |         1 |  0.00 |
| FRAME_ECCE2 |    0 |     0 |         1 |  0.00 |
| ICAPE2      |    0 |     0 |         2 |  0.00 |
| STARTUPE2   |    0 |     0 |         1 |  0.00 |
| XADC        |    0 |     0 |         1 |  0.00 |
+-------------+------+-------+-----------+-------+


7. Primitives
-------------

+----------+-------+---------------------+
| Ref Name |  Used | Functional Category |
+----------+-------+---------------------+
| FDRE     | 13012 |        Flop & Latch |
| LUT2     |  4361 |                 LUT |
| LUT3     |  3252 |                 LUT |
| LUT4     |  3235 |                 LUT |
| LUT6     |  2852 |                 LUT |
| CARRY4   |  1782 |          CarryLogic |
| LUT5     |  1694 |                 LUT |
| LUT1     |  1149 |                 LUT |
| FDSE     |   583 |        Flop & Latch |
| RAMS32   |   201 |  Distributed Memory |
| SRL16E   |   102 |  Distributed Memory |
| DSP48E1  |    99 |    Block Arithmetic |
| SRLC32E  |    17 |  Distributed Memory |
| RAMB18E1 |    14 |        Block Memory |
| RAMB36E1 |     9 |        Block Memory |
| MUXF7    |     6 |               MuxFx |
+----------+-------+---------------------+


8. Black Boxes
--------------

+----------+------+
| Ref Name | Used |
+----------+------+


9. Instantiated Netlists
------------------------

+-----------------+------+
|     Ref Name    | Used |
+-----------------+------+
| bd_0_hls_inst_0 |    1 |
+-----------------+------+



Running report: report_timing_summary -file ./report/ip_accel_app_timing_synth.rpt
INFO: [Timing 38-35] Done setting XDC timing constraints.
INFO: [Timing 38-91] UpdateTimingParams: Speed grade: -1, Delay Type: min_max.
INFO: [Timing 38-191] Multithreading enabled for timing update using a maximum of 2 CPUs
WARNING: [Timing 38-242] The property HD.CLK_SRC of clock port "ap_clk" is not set. In out-of-context mode, this prevents timing estimation for clock delay/skew
Resolution: Set the HD.CLK_SRC property of the out-of-context port to the location of the clock buffer instance in the top-level design
report_timing_summary: Time (s): cpu = 00:00:19 ; elapsed = 00:00:15 . Memory (MB): peak = 1506.141 ; gain = 629.781
Contents of report file './report/ip_accel_app_timing_synth.rpt' is as follows:
Copyright 1986-2019 Xilinx, Inc. All Rights Reserved.
--------------------------------------------------------------------------------------
| Tool Version : Vivado v.2019.2.1 (win64) Build 2729669 Thu Dec  5 04:49:17 MST 2019
| Date         : Wed Mar 18 11:48:00 2020
| Host         : LAPTOP-OEOHUQ1P running 64-bit major release  (build 9200)
| Command      : report_timing_summary -file ./report/ip_accel_app_timing_synth.rpt
| Design       : bd_0_wrapper
| Device       : 7z020-clg400
| Speed File   : -1  PRODUCTION 1.12 2019-11-22
--------------------------------------------------------------------------------------

Timing Summary Report

------------------------------------------------------------------------------------------------
| Timer Settings
| --------------
------------------------------------------------------------------------------------------------

  Enable Multi Corner Analysis               :  Yes
  Enable Pessimism Removal                   :  Yes
  Pessimism Removal Resolution               :  Nearest Common Node
  Enable Input Delay Default Clock           :  No
  Enable Preset / Clear Arcs                 :  No
  Disable Flight Delays                      :  No
  Ignore I/O Paths                           :  No
  Timing Early Launch at Borrowing Latches   :  No
  Borrow Time for Max Delay Exceptions       :  Yes
  Merge Timing Exceptions                    :  Yes

  Corner  Analyze    Analyze    
  Name    Max Paths  Min Paths  
  ------  ---------  ---------  
  Slow    Yes        Yes        
  Fast    Yes        Yes        



check_timing report

Table of Contents
-----------------
1. checking no_clock
2. checking constant_clock
3. checking pulse_width_clock
4. checking unconstrained_internal_endpoints
5. checking no_input_delay
6. checking no_output_delay
7. checking multiple_clock
8. checking generated_clocks
9. checking loops
10. checking partial_input_delay
11. checking partial_output_delay
12. checking latch_loops

1. checking no_clock
--------------------
 There are 0 register/latch pins with no clock.


2. checking constant_clock
--------------------------
 There are 0 register/latch pins with constant_clock.


3. checking pulse_width_clock
-----------------------------
 There are 0 register/latch pins which need pulse_width check


4. checking unconstrained_internal_endpoints
--------------------------------------------
 There are 0 pins that are not constrained for maximum delay.

 There are 0 pins that are not constrained for maximum delay due to constant clock.


5. checking no_input_delay
--------------------------
 There are 29 input ports with no input delay specified. (HIGH)

 There are 0 input ports with no input delay but user has a false path constraint.


6. checking no_output_delay
---------------------------
 There are 40 ports with no output delay specified. (HIGH)

 There are 0 ports with no output delay but user has a false path constraint

 There are 0 ports with no output delay but with a timing clock defined on it or propagating through it


7. checking multiple_clock
--------------------------
 There are 0 register/latch pins with multiple clocks.


8. checking generated_clocks
----------------------------
 There are 0 generated clocks that are not connected to a clock source.


9. checking loops
-----------------
 There are 0 combinational loops in the design.


10. checking partial_input_delay
--------------------------------
 There are 0 input ports with partial input delay specified.


11. checking partial_output_delay
---------------------------------
 There are 0 ports with partial output delay specified.


12. checking latch_loops
------------------------
 There are 0 combinational latch loops in the design through latch input



------------------------------------------------------------------------------------------------
| Design Timing Summary
| ---------------------
------------------------------------------------------------------------------------------------

    WNS(ns)      TNS(ns)  TNS Failing Endpoints  TNS Total Endpoints      WHS(ns)      THS(ns)  THS Failing Endpoints  THS Total Endpoints     WPWS(ns)     TPWS(ns)  TPWS Failing Endpoints  TPWS Total Endpoints  
    -------      -------  ---------------------  -------------------      -------      -------  ---------------------  -------------------     --------     --------  ----------------------  --------------------  
     23.392        0.000                      0                30080        0.193        0.000                      0                30080       23.750        0.000                       0                 13970  


All user specified timing constraints are met.


------------------------------------------------------------------------------------------------
| Clock Summary
| -------------
------------------------------------------------------------------------------------------------

Clock   Waveform(ns)       Period(ns)      Frequency(MHz)
-----   ------------       ----------      --------------
ap_clk  {0.000 25.000}     50.000          20.000          


------------------------------------------------------------------------------------------------
| Intra Clock Table
| -----------------
------------------------------------------------------------------------------------------------

Clock             WNS(ns)      TNS(ns)  TNS Failing Endpoints  TNS Total Endpoints      WHS(ns)      THS(ns)  THS Failing Endpoints  THS Total Endpoints     WPWS(ns)     TPWS(ns)  TPWS Failing Endpoints  TPWS Total Endpoints  
-----             -------      -------  ---------------------  -------------------      -------      -------  ---------------------  -------------------     --------     --------  ----------------------  --------------------  
ap_clk             23.392        0.000                      0                30080        0.193        0.000                      0                30080       23.750        0.000                       0                 13970  


------------------------------------------------------------------------------------------------
| Inter Clock Table
| -----------------
------------------------------------------------------------------------------------------------

From Clock    To Clock          WNS(ns)      TNS(ns)  TNS Failing Endpoints  TNS Total Endpoints      WHS(ns)      THS(ns)  THS Failing Endpoints  THS Total Endpoints  
----------    --------          -------      -------  ---------------------  -------------------      -------      -------  ---------------------  -------------------  


------------------------------------------------------------------------------------------------
| Other Path Groups Table
| -----------------------
------------------------------------------------------------------------------------------------

Path Group    From Clock    To Clock          WNS(ns)      TNS(ns)  TNS Failing Endpoints  TNS Total Endpoints      WHS(ns)      THS(ns)  THS Failing Endpoints  THS Total Endpoints  
----------    ----------    --------          -------      -------  ---------------------  -------------------      -------      -------  ---------------------  -------------------  


------------------------------------------------------------------------------------------------
| Timing Details
| --------------
------------------------------------------------------------------------------------------------


---------------------------------------------------------------------------------------------------
From Clock:  ap_clk
  To Clock:  ap_clk

Setup :            0  Failing Endpoints,  Worst Slack       23.392ns,  Total Violation        0.000ns
Hold  :            0  Failing Endpoints,  Worst Slack        0.193ns,  Total Violation        0.000ns
PW    :            0  Failing Endpoints,  Worst Slack       23.750ns,  Total Violation        0.000ns
---------------------------------------------------------------------------------------------------


Max Delay Paths
--------------------------------------------------------------------------------------
Slack (MET) :             23.392ns  (required time - arrival time)
  Source:                 bd_0_i/hls_inst/U0/weed_detection_U0/segment_image_U0/grp_OtsuThreshold_fu_22/hist_U/xFHistogramKerneludo_ram_U/ram_reg/CLKARDCLK
                            (rising edge-triggered cell RAMB18E1 clocked by ap_clk  {rise@0.000ns fall@25.000ns period=50.000ns})
  Destination:            bd_0_i/hls_inst/U0/weed_detection_U0/segment_image_U0/grp_OtsuThreshold_fu_22/grp_xfOtsuKernel_fu_28/HistArray_V_U/xfOtsuKernel_HistxdS_ram_U/ram_reg/DIBDI[13]
                            (rising edge-triggered cell RAMB18E1 clocked by ap_clk  {rise@0.000ns fall@25.000ns period=50.000ns})
  Path Group:             ap_clk
  Path Type:              Setup (Max at Slow Process Corner)
  Requirement:            50.000ns  (ap_clk rise@50.000ns - ap_clk rise@0.000ns)
  Data Path Delay:        26.283ns  (logic 18.117ns (68.932%)  route 8.166ns (31.068%))
  Logic Levels:           28  (CARRY4=14 DSP48E1=4 LUT2=1 LUT3=3 LUT4=1 LUT5=2 LUT6=3)
  Clock Path Skew:        -0.049ns (DCD - SCD + CPR)
    Destination Clock Delay (DCD):    0.924ns = ( 50.924 - 50.000 ) 
    Source Clock Delay      (SCD):    0.973ns
    Clock Pessimism Removal (CPR):    0.000ns
  Clock Uncertainty:      0.035ns  ((TSJ^2 + TIJ^2)^1/2 + DJ) / 2 + PE
    Total System Jitter     (TSJ):    0.071ns
    Total Input Jitter      (TIJ):    0.000ns
    Discrete Jitter          (DJ):    0.000ns
    Phase Error              (PE):    0.000ns

    Location             Delay type                Incr(ns)  Path(ns)    Netlist Resource(s)
  -------------------------------------------------------------------    -------------------
                         (clock ap_clk rise edge)     0.000     0.000 r  
                                                      0.000     0.000 r  ap_clk (IN)
                         net (fo=14027, unset)        0.973     0.973    bd_0_i/hls_inst/U0/weed_detection_U0/segment_image_U0/grp_OtsuThreshold_fu_22/hist_U/xFHistogramKerneludo_ram_U/ap_clk
                         RAMB18E1                                     r  bd_0_i/hls_inst/U0/weed_detection_U0/segment_image_U0/grp_OtsuThreshold_fu_22/hist_U/xFHistogramKerneludo_ram_U/ram_reg/CLKARDCLK
  -------------------------------------------------------------------    -------------------
                         RAMB18E1 (Prop_ramb18e1_CLKARDCLK_DOPADOP[0])
                                                      2.454     3.427 r  bd_0_i/hls_inst/U0/weed_detection_U0/segment_image_U0/grp_OtsuThreshold_fu_22/hist_U/xFHistogramKerneludo_ram_U/ram_reg/DOPADOP[0]
                         net (fo=2, unplaced)         0.800     4.227    bd_0_i/hls_inst/U0/weed_detection_U0/segment_image_U0/grp_OtsuThreshold_fu_22/grp_xfOtsuKernel_fu_28/hist_q0[16]
                         DSP48E1 (Prop_dsp48e1_B[16]_PCOUT[47])
                                                      3.851     8.078 r  bd_0_i/hls_inst/U0/weed_detection_U0/segment_image_U0/grp_OtsuThreshold_fu_22/grp_xfOtsuKernel_fu_28/ret_V_fu_626_p2__1/PCOUT[47]
                         net (fo=1, unplaced)         0.055     8.133    bd_0_i/hls_inst/U0/weed_detection_U0/segment_image_U0/grp_OtsuThreshold_fu_22/grp_xfOtsuKernel_fu_28/ret_V_fu_626_p2__1_n_112
                         DSP48E1 (Prop_dsp48e1_PCIN[47]_P[0])
                                                      1.518     9.651 r  bd_0_i/hls_inst/U0/weed_detection_U0/segment_image_U0/grp_OtsuThreshold_fu_22/grp_xfOtsuKernel_fu_28/ret_V_fu_626_p2__2/P[0]
                         net (fo=2, unplaced)         0.800    10.450    bd_0_i/hls_inst/U0/weed_detection_U0/segment_image_U0/grp_OtsuThreshold_fu_22/grp_xfOtsuKernel_fu_28/p_1_in[17]
                         LUT2 (Prop_lut2_I0_O)        0.124    10.574 r  bd_0_i/hls_inst/U0/weed_detection_U0/segment_image_U0/grp_OtsuThreshold_fu_22/grp_xfOtsuKernel_fu_28/ret_V_1_fu_664_p2_i_180/O
                         net (fo=1, unplaced)         0.000    10.574    bd_0_i/hls_inst/U0/weed_detection_U0/segment_image_U0/grp_OtsuThreshold_fu_22/grp_xfOtsuKernel_fu_28/ret_V_1_fu_664_p2_i_180_n_6
                         CARRY4 (Prop_carry4_S[1]_CO[3])
                                                      0.533    11.107 r  bd_0_i/hls_inst/U0/weed_detection_U0/segment_image_U0/grp_OtsuThreshold_fu_22/grp_xfOtsuKernel_fu_28/ret_V_1_fu_664_p2_i_124/CO[3]
                         net (fo=1, unplaced)         0.009    11.116    bd_0_i/hls_inst/U0/weed_detection_U0/segment_image_U0/grp_OtsuThreshold_fu_22/grp_xfOtsuKernel_fu_28/ret_V_1_fu_664_p2_i_124_n_6
                         CARRY4 (Prop_carry4_CI_CO[3])
                                                      0.117    11.233 r  bd_0_i/hls_inst/U0/weed_detection_U0/segment_image_U0/grp_OtsuThreshold_fu_22/grp_xfOtsuKernel_fu_28/ret_V_1_fu_664_p2_i_126/CO[3]
                         net (fo=1, unplaced)         0.000    11.233    bd_0_i/hls_inst/U0/weed_detection_U0/segment_image_U0/grp_OtsuThreshold_fu_22/grp_xfOtsuKernel_fu_28/ret_V_1_fu_664_p2_i_126_n_6
                         CARRY4 (Prop_carry4_CI_CO[3])
                                                      0.117    11.350 r  bd_0_i/hls_inst/U0/weed_detection_U0/segment_image_U0/grp_OtsuThreshold_fu_22/grp_xfOtsuKernel_fu_28/ret_V_1_fu_664_p2_i_129/CO[3]
                         net (fo=1, unplaced)         0.000    11.350    bd_0_i/hls_inst/U0/weed_detection_U0/segment_image_U0/grp_OtsuThreshold_fu_22/grp_xfOtsuKernel_fu_28/ret_V_1_fu_664_p2_i_129_n_6
                         CARRY4 (Prop_carry4_CI_CO[3])
                                                      0.117    11.467 r  bd_0_i/hls_inst/U0/weed_detection_U0/segment_image_U0/grp_OtsuThreshold_fu_22/grp_xfOtsuKernel_fu_28/ret_V_1_fu_664_p2__1_i_74/CO[3]
                         net (fo=1, unplaced)         0.000    11.467    bd_0_i/hls_inst/U0/weed_detection_U0/segment_image_U0/grp_OtsuThreshold_fu_22/grp_xfOtsuKernel_fu_28/ret_V_1_fu_664_p2__1_i_74_n_6
                         CARRY4 (Prop_carry4_CI_CO[3])
                                                      0.117    11.584 r  bd_0_i/hls_inst/U0/weed_detection_U0/segment_image_U0/grp_OtsuThreshold_fu_22/grp_xfOtsuKernel_fu_28/ret_V_1_fu_664_p2_i_147/CO[3]
                         net (fo=1, unplaced)         0.000    11.584    bd_0_i/hls_inst/U0/weed_detection_U0/segment_image_U0/grp_OtsuThreshold_fu_22/grp_xfOtsuKernel_fu_28/ret_V_1_fu_664_p2_i_147_n_6
                         CARRY4 (Prop_carry4_CI_CO[3])
                                                      0.117    11.701 r  bd_0_i/hls_inst/U0/weed_detection_U0/segment_image_U0/grp_OtsuThreshold_fu_22/grp_xfOtsuKernel_fu_28/ret_V_1_fu_664_p2_i_141/CO[3]
                         net (fo=1, unplaced)         0.000    11.701    bd_0_i/hls_inst/U0/weed_detection_U0/segment_image_U0/grp_OtsuThreshold_fu_22/grp_xfOtsuKernel_fu_28/ret_V_1_fu_664_p2_i_141_n_6
                         CARRY4 (Prop_carry4_CI_CO[3])
                                                      0.117    11.818 r  bd_0_i/hls_inst/U0/weed_detection_U0/segment_image_U0/grp_OtsuThreshold_fu_22/grp_xfOtsuKernel_fu_28/ret_V_1_fu_664_p2_i_117/CO[3]
                         net (fo=1, unplaced)         0.000    11.818    bd_0_i/hls_inst/U0/weed_detection_U0/segment_image_U0/grp_OtsuThreshold_fu_22/grp_xfOtsuKernel_fu_28/ret_V_1_fu_664_p2_i_117_n_6
                         CARRY4 (Prop_carry4_CI_CO[3])
                                                      0.117    11.935 r  bd_0_i/hls_inst/U0/weed_detection_U0/segment_image_U0/grp_OtsuThreshold_fu_22/grp_xfOtsuKernel_fu_28/ret_V_1_fu_664_p2_i_119/CO[3]
                         net (fo=1, unplaced)         0.000    11.935    bd_0_i/hls_inst/U0/weed_detection_U0/segment_image_U0/grp_OtsuThreshold_fu_22/grp_xfOtsuKernel_fu_28/ret_V_1_fu_664_p2_i_119_n_6
                         CARRY4 (Prop_carry4_CI_CO[3])
                                                      0.117    12.052 r  bd_0_i/hls_inst/U0/weed_detection_U0/segment_image_U0/grp_OtsuThreshold_fu_22/grp_xfOtsuKernel_fu_28/ret_V_1_fu_664_p2_i_116/CO[3]
                         net (fo=1, unplaced)         0.000    12.052    bd_0_i/hls_inst/U0/weed_detection_U0/segment_image_U0/grp_OtsuThreshold_fu_22/grp_xfOtsuKernel_fu_28/ret_V_1_fu_664_p2_i_116_n_6
                         CARRY4 (Prop_carry4_CI_CO[3])
                                                      0.117    12.169 r  bd_0_i/hls_inst/U0/weed_detection_U0/segment_image_U0/grp_OtsuThreshold_fu_22/grp_xfOtsuKernel_fu_28/ret_V_1_fu_664_p2_i_142/CO[3]
                         net (fo=1, unplaced)         0.000    12.169    bd_0_i/hls_inst/U0/weed_detection_U0/segment_image_U0/grp_OtsuThreshold_fu_22/grp_xfOtsuKernel_fu_28/ret_V_1_fu_664_p2_i_142_n_6
                         CARRY4 (Prop_carry4_CI_CO[3])
                                                      0.117    12.286 r  bd_0_i/hls_inst/U0/weed_detection_U0/segment_image_U0/grp_OtsuThreshold_fu_22/grp_xfOtsuKernel_fu_28/ret_V_1_fu_664_p2_i_118/CO[3]
                         net (fo=1, unplaced)         0.000    12.286    bd_0_i/hls_inst/U0/weed_detection_U0/segment_image_U0/grp_OtsuThreshold_fu_22/grp_xfOtsuKernel_fu_28/ret_V_1_fu_664_p2_i_118_n_6
                         CARRY4 (Prop_carry4_CI_O[3])
                                                      0.331    12.617 r  bd_0_i/hls_inst/U0/weed_detection_U0/segment_image_U0/grp_OtsuThreshold_fu_22/grp_xfOtsuKernel_fu_28/ret_V_1_fu_664_p2_i_120/O[3]
                         net (fo=4, unplaced)         0.642    13.259    bd_0_i/hls_inst/U0/weed_detection_U0/segment_image_U0/grp_OtsuThreshold_fu_22/grp_xfOtsuKernel_fu_28/ret_V_1_fu_664_p2_i_120_n_10
                         LUT6 (Prop_lut6_I3_O)        0.307    13.566 r  bd_0_i/hls_inst/U0/weed_detection_U0/segment_image_U0/grp_OtsuThreshold_fu_22/grp_xfOtsuKernel_fu_28/ret_V_1_fu_664_p2__0_i_104/O
                         net (fo=3, unplaced)         0.467    14.033    bd_0_i/hls_inst/U0/weed_detection_U0/segment_image_U0/grp_OtsuThreshold_fu_22/grp_xfOtsuKernel_fu_28/ret_V_1_fu_664_p2__0_i_104_n_6
                         LUT3 (Prop_lut3_I0_O)        0.124    14.157 r  bd_0_i/hls_inst/U0/weed_detection_U0/segment_image_U0/grp_OtsuThreshold_fu_22/grp_xfOtsuKernel_fu_28/ret_V_1_fu_664_p2__0_i_86/O
                         net (fo=3, unplaced)         0.467    14.624    bd_0_i/hls_inst/U0/weed_detection_U0/segment_image_U0/grp_OtsuThreshold_fu_22/grp_xfOtsuKernel_fu_28/ret_V_1_fu_664_p2__0_i_86_n_6
                         LUT5 (Prop_lut5_I4_O)        0.124    14.748 r  bd_0_i/hls_inst/U0/weed_detection_U0/segment_image_U0/grp_OtsuThreshold_fu_22/grp_xfOtsuKernel_fu_28/ret_V_1_fu_664_p2__0_i_100/O
                         net (fo=2, unplaced)         0.460    15.208    bd_0_i/hls_inst/U0/weed_detection_U0/segment_image_U0/grp_OtsuThreshold_fu_22/grp_xfOtsuKernel_fu_28/ret_V_1_fu_664_p2__0_i_100_n_6
                         LUT5 (Prop_lut5_I4_O)        0.124    15.332 r  bd_0_i/hls_inst/U0/weed_detection_U0/segment_image_U0/grp_OtsuThreshold_fu_22/grp_xfOtsuKernel_fu_28/ret_V_1_fu_664_p2__0_i_97/O
                         net (fo=2, unplaced)         0.460    15.792    bd_0_i/hls_inst/U0/weed_detection_U0/segment_image_U0/grp_OtsuThreshold_fu_22/grp_xfOtsuKernel_fu_28/ret_V_1_fu_664_p2__0_i_97_n_6
                         LUT6 (Prop_lut6_I5_O)        0.124    15.916 r  bd_0_i/hls_inst/U0/weed_detection_U0/segment_image_U0/grp_OtsuThreshold_fu_22/grp_xfOtsuKernel_fu_28/ret_V_1_fu_664_p2__0_i_56/O
                         net (fo=1, unplaced)         0.449    16.365    bd_0_i/hls_inst/U0/weed_detection_U0/segment_image_U0/grp_OtsuThreshold_fu_22/grp_xfOtsuKernel_fu_28/ret_V_1_fu_664_p2__0_i_56_n_6
                         LUT6 (Prop_lut6_I5_O)        0.124    16.489 r  bd_0_i/hls_inst/U0/weed_detection_U0/segment_image_U0/grp_OtsuThreshold_fu_22/grp_xfOtsuKernel_fu_28/ret_V_1_fu_664_p2__0_i_14/O
                         net (fo=2, unplaced)         0.800    17.289    bd_0_i/hls_inst/U0/weed_detection_U0/segment_image_U0/grp_OtsuThreshold_fu_22/grp_xfOtsuKernel_fu_28/ret_V_1_fu_664_p1[3]
                         DSP48E1 (Prop_dsp48e1_A[3]_PCOUT[47])
                                                      4.036    21.325 r  bd_0_i/hls_inst/U0/weed_detection_U0/segment_image_U0/grp_OtsuThreshold_fu_22/grp_xfOtsuKernel_fu_28/ret_V_1_fu_664_p2__0/PCOUT[47]
                         net (fo=1, unplaced)         0.055    21.380    bd_0_i/hls_inst/U0/weed_detection_U0/segment_image_U0/grp_OtsuThreshold_fu_22/grp_xfOtsuKernel_fu_28/ret_V_1_fu_664_p2__0_n_112
                         DSP48E1 (Prop_dsp48e1_PCIN[47]_P[1])
                                                      1.518    22.898 r  bd_0_i/hls_inst/U0/weed_detection_U0/segment_image_U0/grp_OtsuThreshold_fu_22/grp_xfOtsuKernel_fu_28/ret_V_1_fu_664_p2__1/P[1]
                         net (fo=3, unplaced)         0.800    23.698    bd_0_i/hls_inst/U0/weed_detection_U0/segment_image_U0/grp_OtsuThreshold_fu_22/grp_xfOtsuKernel_fu_28/ret_V_1_fu_664_p2__1_n_110
                         LUT3 (Prop_lut3_I1_O)        0.149    23.847 r  bd_0_i/hls_inst/U0/weed_detection_U0/segment_image_U0/grp_OtsuThreshold_fu_22/grp_xfOtsuKernel_fu_28/ram_reg_i_84__0/O
                         net (fo=2, unplaced)         0.485    24.332    bd_0_i/hls_inst/U0/weed_detection_U0/segment_image_U0/grp_OtsuThreshold_fu_22/grp_xfOtsuKernel_fu_28/ram_reg_i_84__0_n_6
                         LUT4 (Prop_lut4_I3_O)        0.355    24.687 r  bd_0_i/hls_inst/U0/weed_detection_U0/segment_image_U0/grp_OtsuThreshold_fu_22/grp_xfOtsuKernel_fu_28/ram_reg_i_88__0/O
                         net (fo=1, unplaced)         0.000    24.687    bd_0_i/hls_inst/U0/weed_detection_U0/segment_image_U0/grp_OtsuThreshold_fu_22/grp_xfOtsuKernel_fu_28/ram_reg_i_88__0_n_6
                         CARRY4 (Prop_carry4_S[0]_CO[3])
                                                      0.513    25.200 r  bd_0_i/hls_inst/U0/weed_detection_U0/segment_image_U0/grp_OtsuThreshold_fu_22/grp_xfOtsuKernel_fu_28/ram_reg_i_58__1/CO[3]
                         net (fo=1, unplaced)         0.000    25.200    bd_0_i/hls_inst/U0/weed_detection_U0/segment_image_U0/grp_OtsuThreshold_fu_22/grp_xfOtsuKernel_fu_28/ram_reg_i_58__1_n_6
                         CARRY4 (Prop_carry4_CI_O[3])
                                                      0.331    25.531 r  bd_0_i/hls_inst/U0/weed_detection_U0/segment_image_U0/grp_OtsuThreshold_fu_22/grp_xfOtsuKernel_fu_28/ram_reg_i_57__2/O[3]
                         net (fo=1, unplaced)         0.618    26.149    bd_0_i/hls_inst/U0/weed_detection_U0/segment_image_U0/grp_OtsuThreshold_fu_22/grp_xfOtsuKernel_fu_28/HistArray_V_U/xfOtsuKernel_HistxdS_ram_U/ram_reg_16[3]
                         LUT3 (Prop_lut3_I2_O)        0.307    26.456 r  bd_0_i/hls_inst/U0/weed_detection_U0/segment_image_U0/grp_OtsuThreshold_fu_22/grp_xfOtsuKernel_fu_28/HistArray_V_U/xfOtsuKernel_HistxdS_ram_U/ram_reg_i_27__4/O
                         net (fo=1, unplaced)         0.800    27.256    bd_0_i/hls_inst/U0/weed_detection_U0/segment_image_U0/grp_OtsuThreshold_fu_22/grp_xfOtsuKernel_fu_28/HistArray_V_U/xfOtsuKernel_HistxdS_ram_U/d0[31]
                         RAMB18E1                                     r  bd_0_i/hls_inst/U0/weed_detection_U0/segment_image_U0/grp_OtsuThreshold_fu_22/grp_xfOtsuKernel_fu_28/HistArray_V_U/xfOtsuKernel_HistxdS_ram_U/ram_reg/DIBDI[13]
  -------------------------------------------------------------------    -------------------

                         (clock ap_clk rise edge)    50.000    50.000 r  
                                                      0.000    50.000 r  ap_clk (IN)
                         net (fo=14027, unset)        0.924    50.924    bd_0_i/hls_inst/U0/weed_detection_U0/segment_image_U0/grp_OtsuThreshold_fu_22/grp_xfOtsuKernel_fu_28/HistArray_V_U/xfOtsuKernel_HistxdS_ram_U/ap_clk
                         RAMB18E1                                     r  bd_0_i/hls_inst/U0/weed_detection_U0/segment_image_U0/grp_OtsuThreshold_fu_22/grp_xfOtsuKernel_fu_28/HistArray_V_U/xfOtsuKernel_HistxdS_ram_U/ram_reg/CLKBWRCLK
                         clock pessimism              0.000    50.924    
                         clock uncertainty           -0.035    50.889    
                         RAMB18E1 (Setup_ramb18e1_CLKBWRCLK_DIBDI[13])
                                                     -0.241    50.648    bd_0_i/hls_inst/U0/weed_detection_U0/segment_image_U0/grp_OtsuThreshold_fu_22/grp_xfOtsuKernel_fu_28/HistArray_V_U/xfOtsuKernel_HistxdS_ram_U/ram_reg
  -------------------------------------------------------------------
                         required time                         50.648    
                         arrival time                         -27.256    
  -------------------------------------------------------------------
                         slack                                 23.392    





Min Delay Paths
--------------------------------------------------------------------------------------
Slack (MET) :             0.193ns  (arrival time - required time)
  Source:                 bd_0_i/hls_inst/U0/weed_detection_U0/get_crop_lines_U0/grp_extr_half_1_cent_fu_48/grp_extract_third_and_fo_1_fu_189/ip_accel_app_sdivNgs_U402/ip_accel_app_sdivNgs_div_U/ip_accel_app_sdivNgs_div_u_0/r_stage_reg[32]_srl32___weed_detection_U0_get_crop_lines_U0_grp_extr_half_1_cent_fu_48_grp_extract_third_and_fo_1_fu_189_ip_accel_app_sdivNgs_U402_ip_accel_app_sdivNgs_div_U_ip_accel_app_sdivNgs_div_u_0_r_stage_reg_r_30/CLK
                            (rising edge-triggered cell SRLC32E clocked by ap_clk  {rise@0.000ns fall@25.000ns period=50.000ns})
  Destination:            bd_0_i/hls_inst/U0/weed_detection_U0/get_crop_lines_U0/grp_extr_half_1_cent_fu_48/grp_extract_third_and_fo_1_fu_189/ip_accel_app_sdivNgs_U402/ip_accel_app_sdivNgs_div_U/ip_accel_app_sdivNgs_div_u_0/r_stage_reg[62]_srl30___weed_detection_U0_get_crop_lines_U0_grp_extr_half_1_cent_fu_48_grp_extract_third_and_fo_1_fu_189_ip_accel_app_sdivNgs_U402_ip_accel_app_sdivNgs_div_U_ip_accel_app_sdivNgs_div_u_0_r_stage_reg_r_60/D
                            (rising edge-triggered cell SRLC32E clocked by ap_clk  {rise@0.000ns fall@25.000ns period=50.000ns})
  Path Group:             ap_clk
  Path Type:              Hold (Min at Fast Process Corner)
  Requirement:            0.000ns  (ap_clk rise@0.000ns - ap_clk rise@0.000ns)
  Data Path Delay:        0.332ns  (logic 0.332ns (100.000%)  route 0.000ns (0.000%))
  Logic Levels:           0  
  Clock Path Skew:        0.022ns (DCD - SCD - CPR)
    Destination Clock Delay (DCD):    0.432ns
    Source Clock Delay      (SCD):    0.410ns
    Clock Pessimism Removal (CPR):    -0.000ns

    Location             Delay type                Incr(ns)  Path(ns)    Netlist Resource(s)
  -------------------------------------------------------------------    -------------------
                         (clock ap_clk rise edge)     0.000     0.000 r  
                                                      0.000     0.000 r  ap_clk (IN)
                         net (fo=14027, unset)        0.410     0.410    bd_0_i/hls_inst/U0/weed_detection_U0/get_crop_lines_U0/grp_extr_half_1_cent_fu_48/grp_extract_third_and_fo_1_fu_189/ip_accel_app_sdivNgs_U402/ip_accel_app_sdivNgs_div_U/ip_accel_app_sdivNgs_div_u_0/ap_clk
                         SRLC32E                                      r  bd_0_i/hls_inst/U0/weed_detection_U0/get_crop_lines_U0/grp_extr_half_1_cent_fu_48/grp_extract_third_and_fo_1_fu_189/ip_accel_app_sdivNgs_U402/ip_accel_app_sdivNgs_div_U/ip_accel_app_sdivNgs_div_u_0/r_stage_reg[32]_srl32___weed_detection_U0_get_crop_lines_U0_grp_extr_half_1_cent_fu_48_grp_extract_third_and_fo_1_fu_189_ip_accel_app_sdivNgs_U402_ip_accel_app_sdivNgs_div_U_ip_accel_app_sdivNgs_div_u_0_r_stage_reg_r_30/CLK
  -------------------------------------------------------------------    -------------------
                         SRLC32E (Prop_srlc32e_CLK_Q31)
                                                      0.332     0.742 r  bd_0_i/hls_inst/U0/weed_detection_U0/get_crop_lines_U0/grp_extr_half_1_cent_fu_48/grp_extract_third_and_fo_1_fu_189/ip_accel_app_sdivNgs_U402/ip_accel_app_sdivNgs_div_U/ip_accel_app_sdivNgs_div_u_0/r_stage_reg[32]_srl32___weed_detection_U0_get_crop_lines_U0_grp_extr_half_1_cent_fu_48_grp_extract_third_and_fo_1_fu_189_ip_accel_app_sdivNgs_U402_ip_accel_app_sdivNgs_div_U_ip_accel_app_sdivNgs_div_u_0_r_stage_reg_r_30/Q31
                         net (fo=1, unplaced)         0.000     0.742    bd_0_i/hls_inst/U0/weed_detection_U0/get_crop_lines_U0/grp_extr_half_1_cent_fu_48/grp_extract_third_and_fo_1_fu_189/ip_accel_app_sdivNgs_U402/ip_accel_app_sdivNgs_div_U/ip_accel_app_sdivNgs_div_u_0/r_stage_reg[32]_srl32___weed_detection_U0_get_crop_lines_U0_grp_extr_half_1_cent_fu_48_grp_extract_third_and_fo_1_fu_189_ip_accel_app_sdivNgs_U402_ip_accel_app_sdivNgs_div_U_ip_accel_app_sdivNgs_div_u_0_r_stage_reg_r_30_n_7
                         SRLC32E                                      r  bd_0_i/hls_inst/U0/weed_detection_U0/get_crop_lines_U0/grp_extr_half_1_cent_fu_48/grp_extract_third_and_fo_1_fu_189/ip_accel_app_sdivNgs_U402/ip_accel_app_sdivNgs_div_U/ip_accel_app_sdivNgs_div_u_0/r_stage_reg[62]_srl30___weed_detection_U0_get_crop_lines_U0_grp_extr_half_1_cent_fu_48_grp_extract_third_and_fo_1_fu_189_ip_accel_app_sdivNgs_U402_ip_accel_app_sdivNgs_div_U_ip_accel_app_sdivNgs_div_u_0_r_stage_reg_r_60/D
  -------------------------------------------------------------------    -------------------

                         (clock ap_clk rise edge)     0.000     0.000 r  
                                                      0.000     0.000 r  ap_clk (IN)
                         net (fo=14027, unset)        0.432     0.432    bd_0_i/hls_inst/U0/weed_detection_U0/get_crop_lines_U0/grp_extr_half_1_cent_fu_48/grp_extract_third_and_fo_1_fu_189/ip_accel_app_sdivNgs_U402/ip_accel_app_sdivNgs_div_U/ip_accel_app_sdivNgs_div_u_0/ap_clk
                         SRLC32E                                      r  bd_0_i/hls_inst/U0/weed_detection_U0/get_crop_lines_U0/grp_extr_half_1_cent_fu_48/grp_extract_third_and_fo_1_fu_189/ip_accel_app_sdivNgs_U402/ip_accel_app_sdivNgs_div_U/ip_accel_app_sdivNgs_div_u_0/r_stage_reg[62]_srl30___weed_detection_U0_get_crop_lines_U0_grp_extr_half_1_cent_fu_48_grp_extract_third_and_fo_1_fu_189_ip_accel_app_sdivNgs_U402_ip_accel_app_sdivNgs_div_U_ip_accel_app_sdivNgs_div_u_0_r_stage_reg_r_60/CLK
                         clock pessimism              0.000     0.432    
                         SRLC32E (Hold_srlc32e_CLK_D)
                                                      0.117     0.549    bd_0_i/hls_inst/U0/weed_detection_U0/get_crop_lines_U0/grp_extr_half_1_cent_fu_48/grp_extract_third_and_fo_1_fu_189/ip_accel_app_sdivNgs_U402/ip_accel_app_sdivNgs_div_U/ip_accel_app_sdivNgs_div_u_0/r_stage_reg[62]_srl30___weed_detection_U0_get_crop_lines_U0_grp_extr_half_1_cent_fu_48_grp_extract_third_and_fo_1_fu_189_ip_accel_app_sdivNgs_U402_ip_accel_app_sdivNgs_div_U_ip_accel_app_sdivNgs_div_u_0_r_stage_reg_r_60
  -------------------------------------------------------------------
                         required time                         -0.549    
                         arrival time                           0.742    
  -------------------------------------------------------------------
                         slack                                  0.193    





Pulse Width Checks
--------------------------------------------------------------------------------------
Clock Name:         ap_clk
Waveform(ns):       { 0.000 25.000 }
Period(ns):         50.000
Sources:            { ap_clk }

Check Type        Corner  Lib Pin             Reference Pin  Required(ns)  Actual(ns)  Slack(ns)  Location  Pin
Min Period        n/a     RAMB18E1/CLKARDCLK  n/a            2.944         50.000      47.056               bd_0_i/hls_inst/U0/weed_detection_U0/resize_2_U0/grp_xFResizeAreaUpScale_s_fu_18/Voffset_V_U/xFResizeAreaUpScabgk_ram_U/ram_reg/CLKARDCLK
Low Pulse Width   Slow    RAMS32/CLK          n/a            1.250         25.000      23.750               bd_0_i/hls_inst/U0/weed_detection_U0/get_crop_lines_U0/lines_U/get_crop_lines_li2iS_ram_U/ram_reg_0_7_0_0/SP/CLK
High Pulse Width  Slow    RAMS32/CLK          n/a            1.250         25.000      23.750               bd_0_i/hls_inst/U0/weed_detection_U0/get_crop_lines_U0/lines_U/get_crop_lines_li2iS_ram_U/ram_reg_0_7_0_0/SP/CLK




HLS EXTRACTION: calculating BRAM count: (14 bram18) + 2 * (9 bram36)
HLS EXTRACTION: synth area_totals:  0 53200 106400 220 280 0 0
HLS EXTRACTION: synth area_current: 0 13788 13595 99 32 0 119 0 0 0
HLS EXTRACTION: generated D:/GitHub/Weed_Detection/WD_HLS/WeedD/solution1/impl/report/vhdl/ip_accel_app_export.xml


Implementation tool: Xilinx Vivado v.2019.2.1
Project:             WeedD
Solution:            solution1
Device target:       xc7z020-clg400-1
Report date:         Wed Mar 18 11:48:00 -0300 2020

#=== Post-Synthesis Resource usage ===
SLICE:            0
LUT:          13788
FF:           13595
DSP:             99
BRAM:            32
SRL:            119
#=== Final timing ===
CP required:    50.000
CP achieved post-synthesis:    26.608
Timing met

HLS EXTRACTION: generated D:/GitHub/Weed_Detection/WD_HLS/WeedD/solution1/impl/report/vhdl/ip_accel_app_export.rpt
INFO: [Common 17-206] Exiting Vivado at Wed Mar 18 11:48:00 2020...
